2024-07-20 14:16:52 [1;31;49m运镖模式已关闭。[0;39;49m
2024-07-20 14:16:52 [1;31;49m小键盘走路已关闭。[0;39;49m
2024-07-20 14:16:52 [1;31;49m屏幕虚拟键盘走路已关闭。[0;39;49m
2024-07-20 14:17:27 [1;31;49m运镖模式已关闭。[0;39;49m
2024-07-20 14:17:27 [1;31;49m小键盘走路已关闭。[0;39;49m
2024-07-20 14:17:27 [1;31;49m屏幕虚拟键盘走路已关闭。[0;39;49m
2024-07-20 14:43:47 [1;31;49m运镖模式已关闭。[0;39;49m
2024-07-20 14:43:47 [1;31;49m小键盘走路已关闭。[0;39;49m
2024-07-20 14:43:47 [1;31;49m屏幕虚拟键盘走路已关闭。[0;39;49m
2024-07-20 14:46:31 [1;31;49m发现 BUG，遇到了遗失先导 GMCP.Move 事件的行走反馈。[0;39;49m
2024-07-20 14:46:35 [1;31;49m发现 BUG，遇到了遗失先导 GMCP.Move 事件的行走反馈。[0;39;49m
2024-07-20 14:46:39 [1;31;49m发现 BUG，遇到了遗失先导 GMCP.Move 事件的行走反馈。[0;39;49m
2024-07-20 14:50:51 [1;31;49m运镖模式已关闭。[0;39;49m
2024-07-20 14:50:51 [1;31;49m小键盘走路已关闭。[0;39;49m
2024-07-20 14:50:51 [1;31;49m屏幕虚拟键盘走路已关闭。[0;39;49m
2024-07-20 14:54:36 [1;31;49m运镖模式已关闭。[0;39;49m
2024-07-20 14:54:36 [1;31;49m小键盘走路已关闭。[0;39;49m
2024-07-20 14:54:36 [1;31;49m屏幕虚拟键盘走路已关闭。[0;39;49m
2024-07-20 14:55:53 [1;31;49m运镖模式已关闭。[0;39;49m
2024-07-20 14:55:53 [1;31;49m小键盘走路已关闭。[0;39;49m
2024-07-20 14:55:53 [1;31;49m屏幕虚拟键盘走路已关闭。[0;39;49m
2024-07-20 14:58:37 [1;31;49m发现 BUG，遇到了遗失先导 GMCP.Move 事件的行走反馈。[0;39;49m
2024-07-20 14:58:42 [1;31;49m发现 BUG，遇到了遗失先导 GMCP.Move 事件的行走反馈。[0;39;49m
2024-07-20 14:58:43 [1;31;49m发现 BUG，遇到了遗失先导 GMCP.Move 事件的行走反馈。[0;39;49m
2024-07-20 14:58:49 [1;31;49m发现 BUG，遇到了遗失先导 GMCP.Move 事件的行走反馈。[0;39;49m
2024-07-20 16:01:50 [1;31;49m运镖模式已关闭。[0;39;49m
2024-07-20 16:01:50 [1;31;49m小键盘走路已关闭。[0;39;49m
2024-07-20 16:01:50 [1;31;49m屏幕虚拟键盘走路已关闭。[0;39;49m
2024-07-20 16:20:20 [1;31;49m运镖模式已关闭。[0;39;49m
2024-07-20 16:20:20 [1;31;49m小键盘走路已关闭。[0;39;49m
2024-07-20 16:20:20 [1;31;49m屏幕虚拟键盘走路已关闭。[0;39;49m
2024-07-20 16:52:26 [1;31;49m运镖模式已关闭。[0;39;49m
2024-07-20 16:52:26 [1;31;49m小键盘走路已关闭。[0;39;49m
2024-07-20 16:52:26 [1;31;49m屏幕虚拟键盘走路已关闭。[0;39;49m
2024-07-20 16:56:56 [1;31;49m运镖模式已关闭。[0;39;49m
2024-07-20 16:56:56 [1;31;49m小键盘走路已关闭。[0;39;49m
2024-07-20 16:56:56 [1;31;49m屏幕虚拟键盘走路已关闭。[0;39;49m
2024-07-20 17:29:07 [1;31;49m运镖模式已关闭。[0;39;49m
2024-07-20 17:29:07 [1;31;49m小键盘走路已关闭。[0;39;49m
2024-07-20 17:29:07 [1;31;49m屏幕虚拟键盘走路已关闭。[0;39;49m
2024-07-22 10:16:57 [1;31;49m运镖模式已关闭。[0;39;49m
2024-07-22 10:16:57 [1;31;49m小键盘走路已关闭。[0;39;49m
2024-07-22 10:16:57 [1;31;49m屏幕虚拟键盘走路已关闭。[0;39;49m
2024-07-22 10:41:06 [1;31;49m运镖模式已关闭。[0;39;49m
2024-07-22 10:41:06 [1;31;49m小键盘走路已关闭。[0;39;49m
2024-07-22 10:41:06 [1;31;49m屏幕虚拟键盘走路已关闭。[0;39;49m
2024-07-22 11:24:39 [1;31;49m运镖模式已关闭。[0;39;49m
2024-07-22 11:24:39 [1;31;49m小键盘走路已关闭。[0;39;49m
2024-07-22 11:24:39 [1;31;49m屏幕虚拟键盘走路已关闭。[0;39;49m
2024-07-22 13:34:47 [1;31;49m运镖模式已关闭。[0;39;49m
2024-07-22 13:34:47 [1;31;49m小键盘走路已关闭。[0;39;49m
2024-07-22 13:34:47 [1;31;49m屏幕虚拟键盘走路已关闭。[0;39;49m
2024-07-22 13:40:54 [1;31;49m发现 BUG，遇到了遗失先导 GMCP.Move 事件的行走反馈。[0;39;49m
2024-07-22 13:56:35 [1;31;49m运镖模式已关闭。[0;39;49m
2024-07-22 13:56:35 [1;31;49m小键盘走路已关闭。[0;39;49m
2024-07-22 13:56:35 [1;31;49m屏幕虚拟键盘走路已关闭。[0;39;49m
2024-07-22 15:31:30 [1;31;49m运镖模式已关闭。[0;39;49m
2024-07-22 15:31:30 [1;31;49m小键盘走路已关闭。[0;39;49m
2024-07-22 15:31:30 [1;31;49m屏幕虚拟键盘走路已关闭。[0;39;49m
2024-07-22 15:52:27 [1;31;49m运镖模式已关闭。[0;39;49m
2024-07-22 15:52:27 [1;31;49m小键盘走路已关闭。[0;39;49m
2024-07-22 15:52:27 [1;31;49m屏幕虚拟键盘走路已关闭。[0;39;49m
2024-07-22 16:01:13 [1;31;49m运镖模式已关闭。[0;39;49m
2024-07-22 16:01:13 [1;31;49m小键盘走路已关闭。[0;39;49m
2024-07-22 16:01:13 [1;31;49m屏幕虚拟键盘走路已关闭。[0;39;49m
2024-07-22 17:25:13 [1;31;49m运镖模式已关闭。[0;39;49m
2024-07-22 17:25:13 [1;31;49m小键盘走路已关闭。[0;39;49m
2024-07-22 17:25:13 [1;31;49m屏幕虚拟键盘走路已关闭。[0;39;49m
2024-07-22 17:31:45 [1;31;49m发现 BUG，遇到了遗失先导 GMCP.Move 事件的行走反馈。[0;39;49m
2024-07-22 17:31:50 [1;31;49m发现 BUG，遇到了遗失先导 GMCP.Move 事件的行走反馈。[0;39;49m
2024-07-22 17:31:51 [1;31;49m发现 BUG，遇到了遗失先导 GMCP.Move 事件的行走反馈。[0;39;49m
2024-07-22 17:31:57 [1;31;49m发现 BUG，遇到了遗失先导 GMCP.Move 事件的行走反馈。[0;39;49m
2024-07-22 17:34:39 [1;31;49m运镖模式已关闭。[0;39;49m
2024-07-22 17:34:39 [1;31;49m小键盘走路已关闭。[0;39;49m
2024-07-22 17:34:39 [1;31;49m屏幕虚拟键盘走路已关闭。[0;39;49m
2024-07-23 11:41:43 [1;31;49m运镖模式已关闭。[0;39;49m
2024-07-23 11:41:43 [1;31;49m小键盘走路已关闭。[0;39;49m
2024-07-23 11:41:43 [1;31;49m屏幕虚拟键盘走路已关闭。[0;39;49m
2024-07-23 11:42:28 [1;31;49m模块 AutoPeiYao 加载失败。[0;39;49m
2024-07-23 11:42:37 [1;31;49m模块 AutoPeiYao 加载失败。[0;39;49m
2024-07-23 11:42:43 [1;31;49m模块 AutoPeiYao 加载失败。[0;39;49m
2024-07-23 11:43:48 [1;31;49m模块 AutoPeiYao 加载失败。[0;39;49m
2024-07-23 11:44:06 [1;31;49m模块 AutoPeiYao 加载失败。[0;39;49m
2024-07-23 11:44:08 [1;31;49m模块 AutoPeiYao 加载失败。[0;39;49m
2024-07-23 11:44:45 [1;31;49m模块 AutoPeiYao 加载失败。[0;39;49m
2024-07-23 11:44:46 [1;31;49m模块 AutoPeiYao 加载失败。[0;39;49m
2024-07-23 11:48:36 [1;31;49m运镖模式已关闭。[0;39;49m
2024-07-23 11:48:36 [1;31;49m小键盘走路已关闭。[0;39;49m
2024-07-23 11:48:36 [1;31;49m屏幕虚拟键盘走路已关闭。[0;39;49m
2024-07-23 11:53:35 [1;31;49m运镖模式已关闭。[0;39;49m
2024-07-23 11:53:35 [1;31;49m小键盘走路已关闭。[0;39;49m
2024-07-23 11:53:35 [1;31;49m屏幕虚拟键盘走路已关闭。[0;39;49m
2024-07-23 11:53:43 [1;31;49m模块 AutoPeiYao 加载失败。[0;39;49m
2024-07-23 13:18:35 [1;31;49m运镖模式已关闭。[0;39;49m
2024-07-23 13:18:35 [1;31;49m小键盘走路已关闭。[0;39;49m
2024-07-23 13:18:35 [1;31;49m屏幕虚拟键盘走路已关闭。[0;39;49m
2024-07-23 13:19:43 [1;31;49m运镖模式已关闭。[0;39;49m
2024-07-23 13:19:43 [1;31;49m小键盘走路已关闭。[0;39;49m
2024-07-23 13:19:43 [1;31;49m屏幕虚拟键盘走路已关闭。[0;39;49m
2024-07-23 13:22:29 [1;31;49m运镖模式已关闭。[0;39;49m
2024-07-23 13:22:29 [1;31;49m小键盘走路已关闭。[0;39;49m
2024-07-23 13:22:29 [1;31;49m屏幕虚拟键盘走路已关闭。[0;39;49m
2024-07-23 13:22:36 [1;31;49m模块 AutoPeiYao 加载失败。[0;39;49m
2024-07-23 13:24:55 [1;31;49m运镖模式已关闭。[0;39;49m
2024-07-23 13:24:55 [1;31;49m小键盘走路已关闭。[0;39;49m
2024-07-23 13:24:55 [1;31;49m屏幕虚拟键盘走路已关闭。[0;39;49m
2024-07-23 16:19:56 [1;31;49m运镖模式已关闭。[0;39;49m
2024-07-23 16:19:56 [1;31;49m小键盘走路已关闭。[0;39;49m
2024-07-23 16:19:56 [1;31;49m屏幕虚拟键盘走路已关闭。[0;39;49m
2024-07-24 09:35:58 [1;31;49m运镖模式已关闭。[0;39;49m
2024-07-24 09:35:58 [1;31;49m小键盘走路已关闭。[0;39;49m
2024-07-24 09:35:58 [1;31;49m屏幕虚拟键盘走路已关闭。[0;39;49m
2024-07-24 13:43:01 [1;31;49m模块 SortCut 加载失败。[0;39;49m
2024-07-24 13:43:56 [1;31;49m模块 SortCut 加载失败。[0;39;49m
2024-07-24 13:53:32 [1;31;49m运镖模式已关闭。[0;39;49m
2024-07-24 13:53:32 [1;31;49m小键盘走路已关闭。[0;39;49m
2024-07-24 13:53:32 [1;31;49m屏幕虚拟键盘走路已关闭。[0;39;49m
2024-07-24 14:22:10 [1;31;49m运镖模式已关闭。[0;39;49m
2024-07-24 14:22:10 [1;31;49m小键盘走路已关闭。[0;39;49m
2024-07-24 14:22:10 [1;31;49m屏幕虚拟键盘走路已关闭。[0;39;49m
2024-07-24 16:21:29 [1;31;49m运镖模式已关闭。[0;39;49m
2024-07-24 16:21:29 [1;31;49m小键盘走路已关闭。[0;39;49m
2024-07-24 16:21:29 [1;31;49m屏幕虚拟键盘走路已关闭。[0;39;49m
2024-07-24 16:25:13 [1;31;49m运镖模式已关闭。[0;39;49m
2024-07-24 16:25:13 [1;31;49m小键盘走路已关闭。[0;39;49m
2024-07-24 16:25:13 [1;31;49m屏幕虚拟键盘走路已关闭。[0;39;49m
2024-07-24 16:44:32 [1;31;49m运镖模式已关闭。[0;39;49m
2024-07-24 16:44:32 [1;31;49m小键盘走路已关闭。[0;39;49m
2024-07-24 16:44:32 [1;31;49m屏幕虚拟键盘走路已关闭。[0;39;49m
2024-07-24 17:05:22 [1;31;49m运镖模式已关闭。[0;39;49m
2024-07-24 17:05:22 [1;31;49m小键盘走路已关闭。[0;39;49m
2024-07-24 17:05:22 [1;31;49m屏幕虚拟键盘走路已关闭。[0;39;49m
2024-07-24 17:09:29 [1;31;49m运镖模式已关闭。[0;39;49m
2024-07-24 17:09:29 [1;31;49m小键盘走路已关闭。[0;39;49m
2024-07-24 17:09:29 [1;31;49m屏幕虚拟键盘走路已关闭。[0;39;49m
2024-07-24 17:18:48 [1;31;49m运镖模式已关闭。[0;39;49m
2024-07-24 17:18:48 [1;31;49m小键盘走路已关闭。[0;39;49m
2024-07-24 17:18:48 [1;31;49m屏幕虚拟键盘走路已关闭。[0;39;49m
2024-07-24 17:21:12 [1;31;49m发现 BUG，遇到了遗失先导 GMCP.Move 事件的行走反馈。[0;39;49m
2024-07-24 17:22:35 [1;31;49m运镖模式已关闭。[0;39;49m
2024-07-24 17:22:35 [1;31;49m小键盘走路已关闭。[0;39;49m
2024-07-24 17:22:35 [1;31;49m屏幕虚拟键盘走路已关闭。[0;39;49m
2024-07-24 17:30:23 [1;31;49m运镖模式已关闭。[0;39;49m
2024-07-24 17:30:23 [1;31;49m小键盘走路已关闭。[0;39;49m
2024-07-24 17:30:23 [1;31;49m屏幕虚拟键盘走路已关闭。[0;39;49m
2024-07-24 17:33:25 [1;31;49m运镖模式已关闭。[0;39;49m
2024-07-24 17:33:25 [1;31;49m小键盘走路已关闭。[0;39;49m
2024-07-24 17:33:25 [1;31;49m屏幕虚拟键盘走路已关闭。[0;39;49m
