2024-07-20 17:48:55 [0;32m[2;37;0m[1;36m你的「基本剑法」进步了！[0m 当前进度: 6 / 16[0;39;49m
2024-07-24 10:49:07 [0m[1;36m你的「基本拳法[1;36m」进步了！[0m 当前进度: 13 / 26[0;39;49m
2024-07-24 10:49:07 [0;1;36m[2;37;0m[1;36m你的「基本拳法[1;36m」进步了！[0m 当前进度: 13 / 26[0;39;49m
2024-07-24 13:04:45 [0m[1;36m你的「基本拳法[1;36m」进步了！[0m 当前进度: 15 / 26[0;39;49m
2024-07-24 13:04:45 [0;1;36m[2;37;0m[1;36m你的「基本拳法[1;36m」进步了！[0m 当前进度: 15 / 26[0;39;49m
2024-07-24 13:04:45 [0;1;36m[2;37;0m[1;36m你的「基本拳法[1;36m」进步了！[0m 当前进度: 15 / 26[0;39;49m
2024-07-24 13:04:45 [0;1;36m[2;37;0m[1;36m你的「基本拳法[1;36m」进步了！[0m 当前进度: 15 / 26[0;39;49m
2024-07-24 13:04:51 [0m[1;36m你的「基本拳法[1;36m」进步了！[0m 当前进度: 19 / 26[0;39;49m
2024-07-24 13:09:39 [0m[1;36m你的「基本内功[1;36m」进步了！[0m 当前进度: 9 / 44[0;39;49m
2024-07-24 13:09:39 [0;1;36m[2;37;0m[1;36m你的「基本内功[1;36m」进步了！[0m 当前进度: 9 / 44[0;39;49m
2024-07-24 13:09:39 [0;1;36m[2;37;0m[1;36m你的「基本内功[1;36m」进步了！[0m 当前进度: 9 / 44[0;39;49m
2024-07-24 13:09:39 [0;1;36m[2;37;0m[1;36m你的「基本内功[1;36m」进步了！[0m 当前进度: 9 / 44[0;39;49m
2024-07-24 13:09:39 [0;1;36m[2;37;0m[1;36m你的「基本内功[1;36m」进步了！[0m 当前进度: 9 / 44[0;39;49m
2024-07-24 13:09:39 [0;1;36m[2;37;0m[1;36m你的「基本内功[1;36m」进步了！[0m 当前进度: 9 / 44[0;39;49m
2024-07-24 13:09:39 [0;1;36m[2;37;0m[1;36m你的「基本内功[1;36m」进步了！[0m 当前进度: 9 / 44[0;39;49m
2024-07-24 13:09:39 [0;1;36m[2;37;0m[1;36m你的「基本内功[1;36m」进步了！[0m 当前进度: 9 / 44[0;39;49m
2024-07-24 13:09:39 [0;1;36m[2;37;0m[1;36m你的「基本内功[1;36m」进步了！[0m 当前进度: 9 / 44[0;39;49m
2024-07-24 13:09:39 [0;1;36m[2;37;0m[1;36m你的「基本内功[1;36m」进步了！[0m 当前进度: 9 / 44[0;39;49m
2024-07-24 13:10:09 [0m[1;36m你的「基本内功[1;36m」进步了！[0m 当前进度: 19 / 44[0;39;49m
2024-07-24 13:10:20 [0m[1;36m你的「基本内功[1;36m」进步了！[0m 当前进度: 20 / 44[0;39;49m
2024-07-24 13:11:29 [0m[1;36m你的「基本内功[1;36m」进步了！[0m 当前进度: 21 / 44[0;39;49m
2024-07-24 13:11:32 [0m[1;36m你的「基本内功[1;36m」进步了！[0m 当前进度: 22 / 44[0;39;49m
2024-07-24 13:12:14 [0m[1;36m你的「基本内功[1;36m」进步了！[0m 当前进度: 23 / 44[0;39;49m
2024-07-24 13:17:56 [0m[1;36m你的「雪山内功[1;36m」进步了！[0m 当前进度: 9 / 44[0;39;49m
2024-07-24 13:17:56 [0;1;36m[2;37;0m[1;36m你的「雪山内功[1;36m」进步了！[0m 当前进度: 9 / 44[0;39;49m
2024-07-24 13:17:56 [0;1;36m[2;37;0m[1;36m你的「雪山内功[1;36m」进步了！[0m 当前进度: 9 / 44[0;39;49m
2024-07-24 13:17:56 [0;1;36m[2;37;0m[1;36m你的「雪山内功[1;36m」进步了！[0m 当前进度: 9 / 44[0;39;49m
2024-07-24 13:17:56 [0;1;36m[2;37;0m[1;36m你的「雪山内功[1;36m」进步了！[0m 当前进度: 9 / 44[0;39;49m
2024-07-24 13:17:56 [0;1;36m[2;37;0m[1;36m你的「雪山内功[1;36m」进步了！[0m 当前进度: 9 / 44[0;39;49m
2024-07-24 13:17:56 [0;1;36m[2;37;0m[1;36m你的「雪山内功[1;36m」进步了！[0m 当前进度: 9 / 44[0;39;49m
2024-07-24 13:17:56 [0;1;36m[2;37;0m[1;36m你的「雪山内功[1;36m」进步了！[0m 当前进度: 9 / 44[0;39;49m
2024-07-24 13:17:56 [0;1;36m[2;37;0m[1;36m你的「雪山内功[1;36m」进步了！[0m 当前进度: 9 / 44[0;39;49m
2024-07-24 13:18:16 [0m[1;36m你的「雪山内功[1;36m」进步了！[0m 当前进度: 18 / 44[0;39;49m
2024-07-24 13:18:16 [0;1;36m[2;37;0m[1;36m你的「雪山内功[1;36m」进步了！[0m 当前进度: 18 / 44[0;39;49m
2024-07-24 13:18:42 [0m[1;36m你的「雪山内功[1;36m」进步了！[0m 当前进度: 20 / 44[0;39;49m
2024-07-24 13:18:48 [0m[1;36m你的「雪山内功[1;36m」进步了！[0m 当前进度: 21 / 44[0;39;49m
2024-07-24 13:20:29 [1;33;49m[22;39;49m 的内力提升！当前进度: 0[0;39;49m
2024-07-24 13:20:44 [1;33;49m[22;39;49m 的内力提升！当前进度: 2 / 320[0;39;49m
2024-07-24 13:20:56 [1;33;49m[22;39;49m 的内力提升！当前进度: 3 / 320[0;39;49m
2024-07-24 13:21:16 [1;33;49m[22;39;49m 的内力提升！当前进度: 4 / 320[0;39;49m
2024-07-24 13:25:15 [0m[1;36m你的「基本拳法[1;36m」进步了！[0m 当前进度: 20 / 44[0;39;49m
2024-07-24 13:25:19 [0m[1;36m你的「基本拳法[1;36m」进步了！[0m 当前进度: 21 / 44[0;39;49m
2024-07-24 13:26:26 [0m[1;36m你的「基本拳法[1;36m」进步了！[0m 当前进度: 22 / 44[0;39;49m
2024-07-24 13:27:31 [0m[1;36m你的「基本拳法[1;36m」进步了！[0m 当前进度: 23 / 44[0;39;49m
2024-07-24 13:40:51 [0m[1;36m你的「基本内功[1;36m」进步了！[0m 当前进度: 24 / 44[0;39;49m
2024-07-24 13:47:29 [0m[1;36m你的「雪山内功[1;36m」进步了！[0m 当前进度: 22 / 44[0;39;49m
2024-07-24 13:47:39 [1;33;49m[22;39;49m 的内力提升！当前进度: 5[0;39;49m
2024-07-24 13:53:56 [1;33;49m雪山内功[22;39;49m 的内力提升！当前进度: 6[0;39;49m
2024-07-24 13:58:59 [1;33;49m雪山内功[22;39;49m 的内力提升！当前进度: 7 / 340[0;39;49m
2024-07-24 14:01:27 [0m[1;36m你的「基本内功[1;36m」进步了！[0m 当前进度: 25 / 44[0;39;49m
2024-07-24 14:01:55 [1;33;49m雪山内功[22;39;49m 的内力提升！当前进度: 8 / 340[0;39;49m
2024-07-24 14:05:34 [1;33;49m雪山内功[22;39;49m 的内力提升！当前进度: 9 / 340[0;39;49m
2024-07-24 14:08:18 [1;33;49m雪山内功[22;39;49m 的内力提升！当前进度: 11 / 340[0;39;49m
2024-07-24 14:10:01 [1;33;49m雪山内功[22;39;49m 的内力提升！当前进度: 13 / 340[0;39;49m
2024-07-24 14:14:51 [1;33;49m雪山内功[22;39;49m 的内力提升！当前进度: 14 / 340[0;39;49m
2024-07-24 14:15:42 [0m[1;36m你的「基本内功[1;36m」进步了！[0m 当前进度: 26 / 44[0;39;49m
2024-07-24 14:16:07 [1;33;49m雪山内功[22;39;49m 的内力提升！当前进度: 16 / 340[0;39;49m
2024-07-24 14:17:11 [1;33;49m雪山内功[22;39;49m 的内力提升！当前进度: 17 / 340[0;39;49m
2024-07-24 14:18:16 [1;33;49m雪山内功[22;39;49m 的内力提升！当前进度: 18 / 340[0;39;49m
2024-07-24 14:19:45 [1;33;49m雪山内功[22;39;49m 的内力提升！当前进度: 19 / 340[0;39;49m
2024-07-24 14:19:45 [0m[1;36m你的「基本内功[1;36m」进步了！[0m 当前进度: 27 / 44[0;39;49m
2024-07-24 16:19:45 [0m[1;36m你的「基本掌法[1;36m」进步了！[0m 当前进度: 9 / 50[0;39;49m
2024-07-24 16:19:45 [0;1;36m[2;37;0m[1;36m你的「基本掌法[1;36m」进步了！[0m 当前进度: 9 / 50[0;39;49m
2024-07-24 16:19:45 [0;1;36m[2;37;0m[1;36m你的「基本掌法[1;36m」进步了！[0m 当前进度: 9 / 50[0;39;49m
2024-07-24 16:19:45 [0;1;36m[2;37;0m[1;36m你的「基本掌法[1;36m」进步了！[0m 当前进度: 9 / 50[0;39;49m
2024-07-24 16:19:45 [0;1;36m[2;37;0m[1;36m你的「基本掌法[1;36m」进步了！[0m 当前进度: 9 / 50[0;39;49m
2024-07-24 16:19:45 [0;1;36m[2;37;0m[1;36m你的「基本掌法[1;36m」进步了！[0m 当前进度: 9 / 50[0;39;49m
2024-07-24 16:19:45 [0;1;36m[2;37;0m[1;36m你的「基本掌法[1;36m」进步了！[0m 当前进度: 9 / 50[0;39;49m
2024-07-24 16:19:45 [0;1;36m[2;37;0m[1;36m你的「基本掌法[1;36m」进步了！[0m 当前进度: 9 / 50[0;39;49m
2024-07-24 16:19:45 [0;1;36m[2;37;0m[1;36m你的「基本掌法[1;36m」进步了！[0m 当前进度: 9 / 50[0;39;49m
2024-07-24 16:19:45 [0;1;36m[2;37;0m[1;36m你的「基本掌法[1;36m」进步了！[0m 当前进度: 9 / 50[0;39;49m
2024-07-24 16:19:45 [0;1;36m[2;37;0m[1;36m你的「基本掌法[1;36m」进步了！[0m 当前进度: 9 / 50[0;39;49m
2024-07-24 16:19:45 [0;1;36m[2;37;0m[1;36m你的「基本掌法[1;36m」进步了！[0m 当前进度: 9 / 50[0;39;49m
2024-07-24 16:19:45 [0;1;36m[2;37;0m[1;36m你的「基本掌法[1;36m」进步了！[0m 当前进度: 9 / 50[0;39;49m
2024-07-24 16:19:45 [0;1;36m[2;37;0m[1;36m你的「基本掌法[1;36m」进步了！[0m 当前进度: 9 / 50[0;39;49m
2024-07-24 16:19:45 [0;1;36m[2;37;0m[1;36m你的「基本掌法[1;36m」进步了！[0m 当前进度: 9 / 50[0;39;49m
2024-07-24 16:19:45 [0;1;36m[2;37;0m[1;36m你的「基本掌法[1;36m」进步了！[0m 当前进度: 9 / 50[0;39;49m
2024-07-24 16:21:12 [0m[1;36m你的「基本掌法[1;36m」进步了！[0m 当前进度: 25 / 50[0;39;49m
2024-07-24 16:23:28 [1;33;49m雪山内功[22;39;49m 的内力提升！当前进度: 20[0;39;49m
2024-07-24 16:25:48 [1;33;49m雪山内功[22;39;49m 的内力提升！当前进度: 21[0;39;49m
2024-07-24 16:26:55 [1;33;49m雪山内功[22;39;49m 的内力提升！当前进度: 22 / 350[0;39;49m
2024-07-24 16:27:37 [0m[1;36m你的「基本掌法[1;36m」进步了！[0m 当前进度: 26 / 50[0;39;49m
2024-07-24 16:28:24 [1;33;49m雪山内功[22;39;49m 的内力提升！当前进度: 23 / 350[0;39;49m
2024-07-24 16:29:37 [1;33;49m雪山内功[22;39;49m 的内力提升！当前进度: 25 / 350[0;39;49m
2024-07-24 16:30:26 [1;33;49m雪山内功[22;39;49m 的内力提升！当前进度: 26 / 350[0;39;49m
2024-07-24 16:31:18 [1;33;49m雪山内功[22;39;49m 的内力提升！当前进度: 27 / 350[0;39;49m
2024-07-24 16:32:19 [1;33;49m雪山内功[22;39;49m 的内力提升！当前进度: 30 / 350[0;39;49m
2024-07-24 16:34:29 [1;33;49m雪山内功[22;39;49m 的内力提升！当前进度: 31 / 350[0;39;49m
2024-07-24 16:35:21 [1;33;49m雪山内功[22;39;49m 的内力提升！当前进度: 32 / 350[0;39;49m
2024-07-24 16:36:57 [1;33;49m雪山内功[22;39;49m 的内力提升！当前进度: 35 / 350[0;39;49m
2024-07-24 16:39:44 [1;33;49m雪山内功[22;39;49m 的内力提升！当前进度: 36 / 350[0;39;49m
2024-07-24 16:40:53 [1;33;49m雪山内功[22;39;49m 的内力提升！当前进度: 37 / 350[0;39;49m
2024-07-24 16:45:20 [1;33;49m雪山内功[22;39;49m 的内力提升！当前进度: 38[0;39;49m
2024-07-24 16:45:51 [1;33;49m雪山内功[22;39;49m 的内力提升！当前进度: 39[0;39;49m
2024-07-24 16:46:28 [1;33;49m雪山内功[22;39;49m 的内力提升！当前进度: 42[0;39;49m
2024-07-24 16:47:08 [1;33;49m雪山内功[22;39;49m 的内力提升！当前进度: 43[0;39;49m
2024-07-24 16:50:27 [1;33;49m雪山内功[22;39;49m 的内力提升！当前进度: 44 / 350[0;39;49m
2024-07-24 16:50:54 [1;33;49m雪山内功[22;39;49m 的内力提升！当前进度: 46 / 350[0;39;49m
2024-07-24 16:58:55 [1;33;49m雪山内功[22;39;49m 的内力提升！当前进度: 47 / 350[0;39;49m
2024-07-24 16:59:19 [1;33;49m雪山内功[22;39;49m 的内力提升！当前进度: 48 / 350[0;39;49m
2024-07-24 17:01:15 [1;33;49m雪山内功[22;39;49m 的内力提升！当前进度: 49 / 350[0;39;49m
2024-07-24 17:05:54 [1;33;49m雪山内功[22;39;49m 的内力提升！当前进度: 50[0;39;49m
2024-07-24 17:06:42 [1;33;49m雪山内功[22;39;49m 的内力提升！当前进度: 52 / 350[0;39;49m
2024-07-24 17:08:44 [1;33;49m雪山内功[22;39;49m 的内力提升！当前进度: 53 / 350[0;39;49m
2024-07-24 17:12:47 [1;33;49m雪山内功[22;39;49m 的内力提升！当前进度: 54[0;39;49m
2024-07-24 17:14:51 [1;33;49m雪山内功[22;39;49m 的内力提升！当前进度: 55 / 350[0;39;49m
2024-07-24 17:16:45 [1;33;49m雪山内功[22;39;49m 的内力提升！当前进度: 56 / 350[0;39;49m
2024-07-24 17:21:09 [1;33;49m雪山内功[22;39;49m 的内力提升！当前进度: 58[0;39;49m
2024-07-24 17:21:49 [1;33;49m雪山内功[22;39;49m 的内力提升！当前进度: 59 / 350[0;39;49m
2024-07-24 17:23:45 [1;33;49m雪山内功[22;39;49m 的内力提升！当前进度: 60[0;39;49m
2024-07-24 17:23:46 [0m[1;36m你的「基本掌法[1;36m」进步了！[0m 当前进度: 27 / 50[0;39;49m
2024-07-24 17:24:14 [1;33;49m雪山内功[22;39;49m 的内力提升！当前进度: 61 / 350[0;39;49m
2024-07-24 17:24:59 [1;33;49m雪山内功[22;39;49m 的内力提升！当前进度: 62 / 350[0;39;49m
2024-07-24 17:26:07 [1;33;49m雪山内功[22;39;49m 的内力提升！当前进度: 63 / 350[0;39;49m
2024-07-24 17:26:56 [1;33;49m雪山内功[22;39;49m 的内力提升！当前进度: 64 / 350[0;39;49m
2024-07-24 17:26:57 [0m[1;36m你的「基本掌法[1;36m」进步了！[0m 当前进度: 28 / 50[0;39;49m
2024-07-24 17:27:24 [1;33;49m雪山内功[22;39;49m 的内力提升！当前进度: 65 / 350[0;39;49m
2024-07-24 17:28:21 [1;33;49m雪山内功[22;39;49m 的内力提升！当前进度: 66 / 350[0;39;49m
2024-07-24 17:31:17 [1;33;49m雪山内功[22;39;49m 的内力提升！当前进度: 69[0;39;49m
2024-07-24 17:31:48 [1;33;49m雪山内功[22;39;49m 的内力提升！当前进度: 70 / 350[0;39;49m
2024-07-24 17:32:08 [0m[1;36m你的「雪山内功[1;36m」进步了！[0m 当前进度: 23 / 50[0;39;49m
2024-07-24 17:32:19 [1;33;49m雪山内功[22;39;49m 的内力提升！当前进度: 72 / 360[0;39;49m
2024-07-24 17:32:21 [0m[1;36m你的「基本掌法[1;36m」进步了！[0m 当前进度: 29 / 50[0;39;49m
2024-07-24 17:33:03 [1;33;49m雪山内功[22;39;49m 的内力提升！当前进度: 73 / 360[0;39;49m
