2024-07-20 14:16:52 å¸è½½ loginã€‚[0;39;49m
2024-07-20 14:16:52 æ¨¡å— lib/event å·²è½½å…¥ã€‚[0;39;49m
2024-07-20 14:16:52 æ¨¡å— lib/event å·²è½½å…¥ã€‚[0;39;49m
2024-07-20 14:16:52 æ¨¡å— lib/event å·²è½½å…¥ã€‚[0;39;49m
2024-07-20 14:16:52 æ¨¡å— lib/event å·²è½½å…¥ã€‚[0;39;49m
2024-07-20 14:16:52 æ¨¡å— lib/event å·²è½½å…¥ã€‚[0;39;49m
2024-07-20 14:16:52 æ¨¡å— lib/speedo å·²è½½å…¥ã€‚[0;39;49m
2024-07-20 14:16:52 æ¨¡å— lib/event å·²è½½å…¥ã€‚[0;39;49m
2024-07-20 14:16:52 æ¨¡å— lib/event å·²è½½å…¥ã€‚[0;39;49m
2024-07-20 14:16:52 æ¨¡å— lib/sync å·²è½½å…¥ã€‚[0;39;49m
2024-07-20 14:16:52 æ¨¡å— basic/title å·²è½½å…¥ã€‚[0;39;49m
2024-07-20 14:16:52 æ¨¡å— lib/event å·²è½½å…¥ã€‚[0;39;49m
2024-07-20 14:16:52 æ¨¡å— lib/event å·²è½½å…¥ã€‚[0;39;49m
2024-07-20 14:16:52 æ¨¡å— lib/sync å·²è½½å…¥ã€‚[0;39;49m
2024-07-20 14:16:52 æ¨¡å— lib/telnet å·²è½½å…¥ã€‚[0;39;49m
2024-07-20 14:16:52 æ¨¡å— lib/option å·²è½½å…¥ã€‚[0;39;49m
2024-07-20 14:16:52 æ¨¡å— lib/event å·²è½½å…¥ã€‚[0;39;49m
2024-07-20 14:16:52 æ¨¡å— lib/gmcp å·²è½½å…¥ã€‚[0;39;49m
2024-07-20 14:17:27 å¸è½½ loginã€‚[0;39;49m
2024-07-20 14:17:27 æ¨¡å— lib/event å·²è½½å…¥ã€‚[0;39;49m
2024-07-20 14:17:27 æ¨¡å— lib/event å·²è½½å…¥ã€‚[0;39;49m
2024-07-20 14:17:27 æ¨¡å— lib/event å·²è½½å…¥ã€‚[0;39;49m
2024-07-20 14:17:27 æ¨¡å— lib/event å·²è½½å…¥ã€‚[0;39;49m
2024-07-20 14:17:27 æ¨¡å— lib/event å·²è½½å…¥ã€‚[0;39;49m
2024-07-20 14:17:27 æ¨¡å— lib/speedo å·²è½½å…¥ã€‚[0;39;49m
2024-07-20 14:17:27 æ¨¡å— lib/event å·²è½½å…¥ã€‚[0;39;49m
2024-07-20 14:17:27 æ¨¡å— lib/event å·²è½½å…¥ã€‚[0;39;49m
2024-07-20 14:17:27 æ¨¡å— lib/sync å·²è½½å…¥ã€‚[0;39;49m
2024-07-20 14:17:27 æ¨¡å— basic/title å·²è½½å…¥ã€‚[0;39;49m
2024-07-20 14:17:27 æ¨¡å— lib/event å·²è½½å…¥ã€‚[0;39;49m
2024-07-20 14:17:27 æ¨¡å— lib/event å·²è½½å…¥ã€‚[0;39;49m
2024-07-20 14:17:27 æ¨¡å— lib/sync å·²è½½å…¥ã€‚[0;39;49m
2024-07-20 14:17:28 æ¨¡å— lib/telnet å·²è½½å…¥ã€‚[0;39;49m
2024-07-20 14:17:28 æ¨¡å— lib/option å·²è½½å…¥ã€‚[0;39;49m
2024-07-20 14:17:28 æ¨¡å— lib/event å·²è½½å…¥ã€‚[0;39;49m
2024-07-20 14:17:28 æ¨¡å— lib/gmcp å·²è½½å…¥ã€‚[0;39;49m
2024-07-20 14:43:44 æ¨¡å— lib/ui/keyboard å·²è½½å…¥ã€‚[0;39;49m
2024-07-20 14:43:44 æ¨¡å— lib/storage å·²è½½å…¥ã€‚[0;39;49m
2024-07-20 14:43:44 æ¨¡å— lib/storage å·²è½½å…¥ã€‚[0;39;49m
2024-07-20 14:43:44 æ¨¡å— lib/option å·²è½½å…¥ã€‚[0;39;49m
2024-07-20 14:43:44 æ¨¡å— lib/option å·²è½½å…¥ã€‚[0;39;49m
2024-07-20 14:43:47 æ¨¡å— lib/telnet å·²è½½å…¥ã€‚[0;39;49m
2024-07-20 14:43:47 å¸è½½ loginã€‚[0;39;49m
2024-07-20 14:43:47 æ¨¡å— lib/event å·²è½½å…¥ã€‚[0;39;49m
2024-07-20 14:43:47 æ¨¡å— lib/event å·²è½½å…¥ã€‚[0;39;49m
2024-07-20 14:43:47 æ¨¡å— lib/event å·²è½½å…¥ã€‚[0;39;49m
2024-07-20 14:43:47 æ¨¡å— lib/event å·²è½½å…¥ã€‚[0;39;49m
2024-07-20 14:43:47 æ¨¡å— lib/event å·²è½½å…¥ã€‚[0;39;49m
2024-07-20 14:43:47 æ¨¡å— lib/speedo å·²è½½å…¥ã€‚[0;39;49m
2024-07-20 14:43:47 æ¨¡å— lib/event å·²è½½å…¥ã€‚[0;39;49m
2024-07-20 14:43:47 æ¨¡å— lib/event å·²è½½å…¥ã€‚[0;39;49m
2024-07-20 14:43:47 æ¨¡å— lib/sync å·²è½½å…¥ã€‚[0;39;49m
2024-07-20 14:43:47 æ¨¡å— basic/title å·²è½½å…¥ã€‚[0;39;49m
2024-07-20 14:43:47 æ¨¡å— lib/event å·²è½½å…¥ã€‚[0;39;49m
2024-07-20 14:43:47 æ¨¡å— lib/event å·²è½½å…¥ã€‚[0;39;49m
2024-07-20 14:43:47 æ¨¡å— lib/sync å·²è½½å…¥ã€‚[0;39;49m
2024-07-20 14:43:48 æ¨¡å— lib/telnet å·²è½½å…¥ã€‚[0;39;49m
2024-07-20 14:43:48 æ¨¡å— lib/option å·²è½½å…¥ã€‚[0;39;49m
2024-07-20 14:43:48 æ¨¡å— lib/event å·²è½½å…¥ã€‚[0;39;49m
2024-07-20 14:43:48 æ¨¡å— lib/gmcp å·²è½½å…¥ã€‚[0;39;49m
2024-07-20 14:50:51 å¸è½½ loginã€‚[0;39;49m
2024-07-20 14:50:51 æ¨¡å— lib/event å·²è½½å…¥ã€‚[0;39;49m
2024-07-20 14:50:51 æ¨¡å— lib/event å·²è½½å…¥ã€‚[0;39;49m
2024-07-20 14:50:51 æ¨¡å— lib/event å·²è½½å…¥ã€‚[0;39;49m
2024-07-20 14:50:51 æ¨¡å— lib/event å·²è½½å…¥ã€‚[0;39;49m
2024-07-20 14:50:51 æ¨¡å— lib/event å·²è½½å…¥ã€‚[0;39;49m
2024-07-20 14:50:51 æ¨¡å— lib/speedo å·²è½½å…¥ã€‚[0;39;49m
2024-07-20 14:50:51 æ¨¡å— lib/event å·²è½½å…¥ã€‚[0;39;49m
2024-07-20 14:50:51 æ¨¡å— lib/event å·²è½½å…¥ã€‚[0;39;49m
2024-07-20 14:50:51 æ¨¡å— lib/sync å·²è½½å…¥ã€‚[0;39;49m
2024-07-20 14:50:51 æ¨¡å— basic/title å·²è½½å…¥ã€‚[0;39;49m
2024-07-20 14:50:51 æ¨¡å— lib/event å·²è½½å…¥ã€‚[0;39;49m
2024-07-20 14:50:51 æ¨¡å— lib/event å·²è½½å…¥ã€‚[0;39;49m
2024-07-20 14:50:51 æ¨¡å— lib/sync å·²è½½å…¥ã€‚[0;39;49m
2024-07-20 14:50:51 æ¨¡å— lib/telnet å·²è½½å…¥ã€‚[0;39;49m
2024-07-20 14:50:51 æ¨¡å— lib/option å·²è½½å…¥ã€‚[0;39;49m
2024-07-20 14:50:51 æ¨¡å— lib/event å·²è½½å…¥ã€‚[0;39;49m
2024-07-20 14:50:51 æ¨¡å— lib/gmcp å·²è½½å…¥ã€‚[0;39;49m
2024-07-20 14:54:36 å¸è½½ loginã€‚[0;39;49m
2024-07-20 14:54:36 æ¨¡å— lib/event å·²è½½å…¥ã€‚[0;39;49m
2024-07-20 14:54:36 æ¨¡å— lib/event å·²è½½å…¥ã€‚[0;39;49m
2024-07-20 14:54:36 æ¨¡å— lib/event å·²è½½å…¥ã€‚[0;39;49m
2024-07-20 14:54:36 æ¨¡å— lib/event å·²è½½å…¥ã€‚[0;39;49m
2024-07-20 14:54:36 æ¨¡å— lib/event å·²è½½å…¥ã€‚[0;39;49m
2024-07-20 14:54:36 æ¨¡å— lib/speedo å·²è½½å…¥ã€‚[0;39;49m
2024-07-20 14:54:36 æ¨¡å— lib/event å·²è½½å…¥ã€‚[0;39;49m
2024-07-20 14:54:36 æ¨¡å— lib/event å·²è½½å…¥ã€‚[0;39;49m
2024-07-20 14:54:36 æ¨¡å— lib/sync å·²è½½å…¥ã€‚[0;39;49m
2024-07-20 14:54:36 æ¨¡å— basic/title å·²è½½å…¥ã€‚[0;39;49m
2024-07-20 14:54:36 æ¨¡å— lib/event å·²è½½å…¥ã€‚[0;39;49m
2024-07-20 14:54:36 æ¨¡å— lib/event å·²è½½å…¥ã€‚[0;39;49m
2024-07-20 14:54:36 æ¨¡å— lib/sync å·²è½½å…¥ã€‚[0;39;49m
2024-07-20 14:54:36 æ¨¡å— lib/telnet å·²è½½å…¥ã€‚[0;39;49m
2024-07-20 14:54:36 æ¨¡å— lib/option å·²è½½å…¥ã€‚[0;39;49m
2024-07-20 14:54:36 æ¨¡å— lib/event å·²è½½å…¥ã€‚[0;39;49m
2024-07-20 14:54:36 æ¨¡å— lib/gmcp å·²è½½å…¥ã€‚[0;39;49m
2024-07-20 14:55:53 å¸è½½ loginã€‚[0;39;49m
2024-07-20 14:55:53 æ¨¡å— lib/event å·²è½½å…¥ã€‚[0;39;49m
2024-07-20 14:55:53 æ¨¡å— lib/event å·²è½½å…¥ã€‚[0;39;49m
2024-07-20 14:55:53 æ¨¡å— lib/event å·²è½½å…¥ã€‚[0;39;49m
2024-07-20 14:55:53 æ¨¡å— lib/event å·²è½½å…¥ã€‚[0;39;49m
2024-07-20 14:55:53 æ¨¡å— lib/event å·²è½½å…¥ã€‚[0;39;49m
2024-07-20 14:55:53 æ¨¡å— lib/speedo å·²è½½å…¥ã€‚[0;39;49m
2024-07-20 14:55:53 æ¨¡å— lib/event å·²è½½å…¥ã€‚[0;39;49m
2024-07-20 14:55:53 æ¨¡å— lib/event å·²è½½å…¥ã€‚[0;39;49m
2024-07-20 14:55:53 æ¨¡å— lib/sync å·²è½½å…¥ã€‚[0;39;49m
2024-07-20 14:55:53 æ¨¡å— basic/title å·²è½½å…¥ã€‚[0;39;49m
2024-07-20 14:55:53 æ¨¡å— lib/event å·²è½½å…¥ã€‚[0;39;49m
2024-07-20 14:55:53 æ¨¡å— lib/event å·²è½½å…¥ã€‚[0;39;49m
2024-07-20 14:55:53 æ¨¡å— lib/sync å·²è½½å…¥ã€‚[0;39;49m
2024-07-20 14:55:53 æ¨¡å— lib/telnet å·²è½½å…¥ã€‚[0;39;49m
2024-07-20 14:55:53 æ¨¡å— lib/option å·²è½½å…¥ã€‚[0;39;49m
2024-07-20 14:55:53 æ¨¡å— lib/event å·²è½½å…¥ã€‚[0;39;49m
2024-07-20 14:55:53 æ¨¡å— lib/gmcp å·²è½½å…¥ã€‚[0;39;49m
2024-07-20 16:01:50 å¸è½½ loginã€‚[0;39;49m
2024-07-20 16:01:50 æ¨¡å— lib/event å·²è½½å…¥ã€‚[0;39;49m
2024-07-20 16:01:50 æ¨¡å— lib/event å·²è½½å…¥ã€‚[0;39;49m
2024-07-20 16:01:50 æ¨¡å— lib/event å·²è½½å…¥ã€‚[0;39;49m
2024-07-20 16:01:50 æ¨¡å— lib/event å·²è½½å…¥ã€‚[0;39;49m
2024-07-20 16:01:50 æ¨¡å— lib/event å·²è½½å…¥ã€‚[0;39;49m
2024-07-20 16:01:50 æ¨¡å— lib/speedo å·²è½½å…¥ã€‚[0;39;49m
2024-07-20 16:01:50 æ¨¡å— lib/event å·²è½½å…¥ã€‚[0;39;49m
2024-07-20 16:01:50 æ¨¡å— lib/event å·²è½½å…¥ã€‚[0;39;49m
2024-07-20 16:01:50 æ¨¡å— lib/sync å·²è½½å…¥ã€‚[0;39;49m
2024-07-20 16:01:50 æ¨¡å— basic/title å·²è½½å…¥ã€‚[0;39;49m
2024-07-20 16:01:50 æ¨¡å— lib/event å·²è½½å…¥ã€‚[0;39;49m
2024-07-20 16:01:50 æ¨¡å— lib/event å·²è½½å…¥ã€‚[0;39;49m
2024-07-20 16:01:50 æ¨¡å— lib/sync å·²è½½å…¥ã€‚[0;39;49m
2024-07-20 16:01:50 æ¨¡å— lib/telnet å·²è½½å…¥ã€‚[0;39;49m
2024-07-20 16:01:50 æ¨¡å— lib/option å·²è½½å…¥ã€‚[0;39;49m
2024-07-20 16:01:50 æ¨¡å— lib/event å·²è½½å…¥ã€‚[0;39;49m
2024-07-20 16:01:50 æ¨¡å— lib/gmcp å·²è½½å…¥ã€‚[0;39;49m
2024-07-20 16:20:17 æ¨¡å— lib/ui/keyboard å·²è½½å…¥ã€‚[0;39;49m
2024-07-20 16:20:17 æ¨¡å— lib/storage å·²è½½å…¥ã€‚[0;39;49m
2024-07-20 16:20:17 æ¨¡å— lib/storage å·²è½½å…¥ã€‚[0;39;49m
2024-07-20 16:20:17 æ¨¡å— lib/option å·²è½½å…¥ã€‚[0;39;49m
2024-07-20 16:20:17 æ¨¡å— lib/option å·²è½½å…¥ã€‚[0;39;49m
2024-07-20 16:20:20 æ¨¡å— lib/telnet å·²è½½å…¥ã€‚[0;39;49m
2024-07-20 16:20:20 å¸è½½ loginã€‚[0;39;49m
2024-07-20 16:20:20 æ¨¡å— lib/event å·²è½½å…¥ã€‚[0;39;49m
2024-07-20 16:20:20 æ¨¡å— lib/event å·²è½½å…¥ã€‚[0;39;49m
2024-07-20 16:20:20 æ¨¡å— lib/event å·²è½½å…¥ã€‚[0;39;49m
2024-07-20 16:20:20 æ¨¡å— lib/event å·²è½½å…¥ã€‚[0;39;49m
2024-07-20 16:20:20 æ¨¡å— lib/event å·²è½½å…¥ã€‚[0;39;49m
2024-07-20 16:20:20 æ¨¡å— lib/speedo å·²è½½å…¥ã€‚[0;39;49m
2024-07-20 16:20:20 æ¨¡å— lib/event å·²è½½å…¥ã€‚[0;39;49m
2024-07-20 16:20:20 æ¨¡å— lib/event å·²è½½å…¥ã€‚[0;39;49m
2024-07-20 16:20:20 æ¨¡å— lib/sync å·²è½½å…¥ã€‚[0;39;49m
2024-07-20 16:20:20 æ¨¡å— basic/title å·²è½½å…¥ã€‚[0;39;49m
2024-07-20 16:20:20 æ¨¡å— lib/event å·²è½½å…¥ã€‚[0;39;49m
2024-07-20 16:20:20 æ¨¡å— lib/event å·²è½½å…¥ã€‚[0;39;49m
2024-07-20 16:20:20 æ¨¡å— lib/sync å·²è½½å…¥ã€‚[0;39;49m
2024-07-20 16:20:22 æ¨¡å— lib/telnet å·²è½½å…¥ã€‚[0;39;49m
2024-07-20 16:20:22 æ¨¡å— lib/option å·²è½½å…¥ã€‚[0;39;49m
2024-07-20 16:20:22 æ¨¡å— lib/event å·²è½½å…¥ã€‚[0;39;49m
2024-07-20 16:20:22 æ¨¡å— lib/gmcp å·²è½½å…¥ã€‚[0;39;49m
2024-07-20 16:52:24 æ¨¡å— lib/ui/keyboard å·²è½½å…¥ã€‚[0;39;49m
2024-07-20 16:52:24 æ¨¡å— lib/storage å·²è½½å…¥ã€‚[0;39;49m
2024-07-20 16:52:24 æ¨¡å— lib/storage å·²è½½å…¥ã€‚[0;39;49m
2024-07-20 16:52:24 æ¨¡å— lib/option å·²è½½å…¥ã€‚[0;39;49m
2024-07-20 16:52:24 æ¨¡å— lib/option å·²è½½å…¥ã€‚[0;39;49m
2024-07-20 16:52:26 æ¨¡å— lib/telnet å·²è½½å…¥ã€‚[0;39;49m
2024-07-20 16:52:26 å¸è½½ loginã€‚[0;39;49m
2024-07-20 16:52:26 æ¨¡å— lib/event å·²è½½å…¥ã€‚[0;39;49m
2024-07-20 16:52:26 æ¨¡å— lib/event å·²è½½å…¥ã€‚[0;39;49m
2024-07-20 16:52:26 æ¨¡å— lib/event å·²è½½å…¥ã€‚[0;39;49m
2024-07-20 16:52:26 æ¨¡å— lib/event å·²è½½å…¥ã€‚[0;39;49m
2024-07-20 16:52:26 æ¨¡å— lib/event å·²è½½å…¥ã€‚[0;39;49m
2024-07-20 16:52:26 æ¨¡å— lib/speedo å·²è½½å…¥ã€‚[0;39;49m
2024-07-20 16:52:26 æ¨¡å— lib/event å·²è½½å…¥ã€‚[0;39;49m
2024-07-20 16:52:26 æ¨¡å— lib/event å·²è½½å…¥ã€‚[0;39;49m
2024-07-20 16:52:26 æ¨¡å— lib/sync å·²è½½å…¥ã€‚[0;39;49m
2024-07-20 16:52:26 æ¨¡å— basic/title å·²è½½å…¥ã€‚[0;39;49m
2024-07-20 16:52:26 æ¨¡å— lib/event å·²è½½å…¥ã€‚[0;39;49m
2024-07-20 16:52:26 æ¨¡å— lib/event å·²è½½å…¥ã€‚[0;39;49m
2024-07-20 16:52:26 æ¨¡å— lib/sync å·²è½½å…¥ã€‚[0;39;49m
2024-07-20 16:52:27 æ¨¡å— lib/telnet å·²è½½å…¥ã€‚[0;39;49m
2024-07-20 16:52:27 æ¨¡å— lib/option å·²è½½å…¥ã€‚[0;39;49m
2024-07-20 16:52:27 æ¨¡å— lib/event å·²è½½å…¥ã€‚[0;39;49m
2024-07-20 16:52:27 æ¨¡å— lib/gmcp å·²è½½å…¥ã€‚[0;39;49m
2024-07-20 16:56:53 æ¨¡å— lib/ui/keyboard å·²è½½å…¥ã€‚[0;39;49m
2024-07-20 16:56:53 æ¨¡å— lib/storage å·²è½½å…¥ã€‚[0;39;49m
2024-07-20 16:56:53 æ¨¡å— lib/storage å·²è½½å…¥ã€‚[0;39;49m
2024-07-20 16:56:53 æ¨¡å— lib/option å·²è½½å…¥ã€‚[0;39;49m
2024-07-20 16:56:53 æ¨¡å— lib/option å·²è½½å…¥ã€‚[0;39;49m
2024-07-20 16:56:56 æ¨¡å— lib/telnet å·²è½½å…¥ã€‚[0;39;49m
2024-07-20 16:56:56 å¸è½½ loginã€‚[0;39;49m
2024-07-20 16:56:56 æ¨¡å— lib/event å·²è½½å…¥ã€‚[0;39;49m
2024-07-20 16:56:56 æ¨¡å— lib/event å·²è½½å…¥ã€‚[0;39;49m
2024-07-20 16:56:56 æ¨¡å— lib/event å·²è½½å…¥ã€‚[0;39;49m
2024-07-20 16:56:56 æ¨¡å— lib/event å·²è½½å…¥ã€‚[0;39;49m
2024-07-20 16:56:56 æ¨¡å— lib/event å·²è½½å…¥ã€‚[0;39;49m
2024-07-20 16:56:56 æ¨¡å— lib/speedo å·²è½½å…¥ã€‚[0;39;49m
2024-07-20 16:56:56 æ¨¡å— lib/event å·²è½½å…¥ã€‚[0;39;49m
2024-07-20 16:56:56 æ¨¡å— lib/event å·²è½½å…¥ã€‚[0;39;49m
2024-07-20 16:56:56 æ¨¡å— lib/sync å·²è½½å…¥ã€‚[0;39;49m
2024-07-20 16:56:56 æ¨¡å— basic/title å·²è½½å…¥ã€‚[0;39;49m
2024-07-20 16:56:56 æ¨¡å— lib/event å·²è½½å…¥ã€‚[0;39;49m
2024-07-20 16:56:56 æ¨¡å— lib/event å·²è½½å…¥ã€‚[0;39;49m
2024-07-20 16:56:56 æ¨¡å— lib/sync å·²è½½å…¥ã€‚[0;39;49m
2024-07-20 16:56:57 æ¨¡å— lib/telnet å·²è½½å…¥ã€‚[0;39;49m
2024-07-20 16:56:57 æ¨¡å— lib/option å·²è½½å…¥ã€‚[0;39;49m
2024-07-20 16:56:57 æ¨¡å— lib/event å·²è½½å…¥ã€‚[0;39;49m
2024-07-20 16:56:57 æ¨¡å— lib/gmcp å·²è½½å…¥ã€‚[0;39;49m
2024-07-20 17:29:04 æ¨¡å— lib/ui/keyboard å·²è½½å…¥ã€‚[0;39;49m
2024-07-20 17:29:04 æ¨¡å— lib/storage å·²è½½å…¥ã€‚[0;39;49m
2024-07-20 17:29:04 æ¨¡å— lib/storage å·²è½½å…¥ã€‚[0;39;49m
2024-07-20 17:29:04 æ¨¡å— lib/option å·²è½½å…¥ã€‚[0;39;49m
2024-07-20 17:29:04 æ¨¡å— lib/option å·²è½½å…¥ã€‚[0;39;49m
2024-07-20 17:29:07 æ¨¡å— lib/telnet å·²è½½å…¥ã€‚[0;39;49m
2024-07-20 17:29:07 å¸è½½ loginã€‚[0;39;49m
2024-07-20 17:29:07 æ¨¡å— lib/event å·²è½½å…¥ã€‚[0;39;49m
2024-07-20 17:29:07 æ¨¡å— lib/event å·²è½½å…¥ã€‚[0;39;49m
2024-07-20 17:29:07 æ¨¡å— lib/event å·²è½½å…¥ã€‚[0;39;49m
2024-07-20 17:29:07 æ¨¡å— lib/event å·²è½½å…¥ã€‚[0;39;49m
2024-07-20 17:29:07 æ¨¡å— lib/event å·²è½½å…¥ã€‚[0;39;49m
2024-07-20 17:29:07 æ¨¡å— lib/speedo å·²è½½å…¥ã€‚[0;39;49m
2024-07-20 17:29:07 æ¨¡å— lib/event å·²è½½å…¥ã€‚[0;39;49m
2024-07-20 17:29:07 æ¨¡å— lib/event å·²è½½å…¥ã€‚[0;39;49m
2024-07-20 17:29:07 æ¨¡å— lib/sync å·²è½½å…¥ã€‚[0;39;49m
2024-07-20 17:29:07 æ¨¡å— basic/title å·²è½½å…¥ã€‚[0;39;49m
2024-07-20 17:29:07 æ¨¡å— lib/event å·²è½½å…¥ã€‚[0;39;49m
2024-07-20 17:29:07 æ¨¡å— lib/event å·²è½½å…¥ã€‚[0;39;49m
2024-07-20 17:29:07 æ¨¡å— lib/sync å·²è½½å…¥ã€‚[0;39;49m
2024-07-20 17:29:08 æ¨¡å— lib/telnet å·²è½½å…¥ã€‚[0;39;49m
2024-07-20 17:29:08 æ¨¡å— lib/option å·²è½½å…¥ã€‚[0;39;49m
2024-07-20 17:29:08 æ¨¡å— lib/event å·²è½½å…¥ã€‚[0;39;49m
2024-07-20 17:29:08 æ¨¡å— lib/gmcp å·²è½½å…¥ã€‚[0;39;49m
2024-07-22 10:16:54 æ¨¡å— lib/ui/keyboard å·²è½½å…¥ã€‚[0;39;49m
2024-07-22 10:16:54 æ¨¡å— lib/storage å·²è½½å…¥ã€‚[0;39;49m
2024-07-22 10:16:54 æ¨¡å— lib/storage å·²è½½å…¥ã€‚[0;39;49m
2024-07-22 10:16:54 æ¨¡å— lib/option å·²è½½å…¥ã€‚[0;39;49m
2024-07-22 10:16:54 æ¨¡å— lib/option å·²è½½å…¥ã€‚[0;39;49m
2024-07-22 10:16:57 æ¨¡å— lib/telnet å·²è½½å…¥ã€‚[0;39;49m
2024-07-22 10:16:57 å¸è½½ loginã€‚[0;39;49m
2024-07-22 10:16:57 æ¨¡å— lib/event å·²è½½å…¥ã€‚[0;39;49m
2024-07-22 10:16:57 æ¨¡å— lib/event å·²è½½å…¥ã€‚[0;39;49m
2024-07-22 10:16:57 æ¨¡å— lib/event å·²è½½å…¥ã€‚[0;39;49m
2024-07-22 10:16:57 æ¨¡å— lib/event å·²è½½å…¥ã€‚[0;39;49m
2024-07-22 10:16:57 æ¨¡å— lib/event å·²è½½å…¥ã€‚[0;39;49m
2024-07-22 10:16:57 æ¨¡å— lib/speedo å·²è½½å…¥ã€‚[0;39;49m
2024-07-22 10:16:57 æ¨¡å— lib/event å·²è½½å…¥ã€‚[0;39;49m
2024-07-22 10:16:57 æ¨¡å— lib/event å·²è½½å…¥ã€‚[0;39;49m
2024-07-22 10:16:57 æ¨¡å— lib/sync å·²è½½å…¥ã€‚[0;39;49m
2024-07-22 10:16:57 æ¨¡å— basic/title å·²è½½å…¥ã€‚[0;39;49m
2024-07-22 10:16:57 æ¨¡å— lib/event å·²è½½å…¥ã€‚[0;39;49m
2024-07-22 10:16:57 æ¨¡å— lib/event å·²è½½å…¥ã€‚[0;39;49m
2024-07-22 10:16:57 æ¨¡å— lib/sync å·²è½½å…¥ã€‚[0;39;49m
2024-07-22 10:16:57 æ¨¡å— lib/telnet å·²è½½å…¥ã€‚[0;39;49m
2024-07-22 10:16:57 æ¨¡å— lib/option å·²è½½å…¥ã€‚[0;39;49m
2024-07-22 10:16:57 æ¨¡å— lib/event å·²è½½å…¥ã€‚[0;39;49m
2024-07-22 10:16:57 æ¨¡å— lib/gmcp å·²è½½å…¥ã€‚[0;39;49m
2024-07-22 10:41:04 æ¨¡å— lib/ui/keyboard å·²è½½å…¥ã€‚[0;39;49m
2024-07-22 10:41:04 æ¨¡å— lib/storage å·²è½½å…¥ã€‚[0;39;49m
2024-07-22 10:41:04 æ¨¡å— lib/storage å·²è½½å…¥ã€‚[0;39;49m
2024-07-22 10:41:04 æ¨¡å— lib/option å·²è½½å…¥ã€‚[0;39;49m
2024-07-22 10:41:04 æ¨¡å— lib/option å·²è½½å…¥ã€‚[0;39;49m
2024-07-22 10:41:06 æ¨¡å— lib/telnet å·²è½½å…¥ã€‚[0;39;49m
2024-07-22 10:41:06 å¸è½½ loginã€‚[0;39;49m
2024-07-22 10:41:06 æ¨¡å— lib/event å·²è½½å…¥ã€‚[0;39;49m
2024-07-22 10:41:06 æ¨¡å— lib/event å·²è½½å…¥ã€‚[0;39;49m
2024-07-22 10:41:06 æ¨¡å— lib/event å·²è½½å…¥ã€‚[0;39;49m
2024-07-22 10:41:06 æ¨¡å— lib/event å·²è½½å…¥ã€‚[0;39;49m
2024-07-22 10:41:06 æ¨¡å— lib/event å·²è½½å…¥ã€‚[0;39;49m
2024-07-22 10:41:06 æ¨¡å— lib/speedo å·²è½½å…¥ã€‚[0;39;49m
2024-07-22 10:41:06 æ¨¡å— lib/event å·²è½½å…¥ã€‚[0;39;49m
2024-07-22 10:41:06 æ¨¡å— lib/event å·²è½½å…¥ã€‚[0;39;49m
2024-07-22 10:41:06 æ¨¡å— lib/sync å·²è½½å…¥ã€‚[0;39;49m
2024-07-22 10:41:06 æ¨¡å— basic/title å·²è½½å…¥ã€‚[0;39;49m
2024-07-22 10:41:06 æ¨¡å— lib/event å·²è½½å…¥ã€‚[0;39;49m
2024-07-22 10:41:06 æ¨¡å— lib/event å·²è½½å…¥ã€‚[0;39;49m
2024-07-22 10:41:06 æ¨¡å— lib/sync å·²è½½å…¥ã€‚[0;39;49m
2024-07-22 10:41:07 æ¨¡å— lib/telnet å·²è½½å…¥ã€‚[0;39;49m
2024-07-22 10:41:07 æ¨¡å— lib/option å·²è½½å…¥ã€‚[0;39;49m
2024-07-22 10:41:07 æ¨¡å— lib/event å·²è½½å…¥ã€‚[0;39;49m
2024-07-22 10:41:07 æ¨¡å— lib/gmcp å·²è½½å…¥ã€‚[0;39;49m
2024-07-22 11:24:36 æ¨¡å— lib/ui/keyboard å·²è½½å…¥ã€‚[0;39;49m
2024-07-22 11:24:36 æ¨¡å— lib/storage å·²è½½å…¥ã€‚[0;39;49m
2024-07-22 11:24:36 æ¨¡å— lib/storage å·²è½½å…¥ã€‚[0;39;49m
2024-07-22 11:24:36 æ¨¡å— lib/option å·²è½½å…¥ã€‚[0;39;49m
2024-07-22 11:24:36 æ¨¡å— lib/option å·²è½½å…¥ã€‚[0;39;49m
2024-07-22 11:24:39 æ¨¡å— lib/telnet å·²è½½å…¥ã€‚[0;39;49m
2024-07-22 11:24:39 å¸è½½ loginã€‚[0;39;49m
2024-07-22 11:24:39 æ¨¡å— lib/event å·²è½½å…¥ã€‚[0;39;49m
2024-07-22 11:24:39 æ¨¡å— lib/event å·²è½½å…¥ã€‚[0;39;49m
2024-07-22 11:24:39 æ¨¡å— lib/event å·²è½½å…¥ã€‚[0;39;49m
2024-07-22 11:24:39 æ¨¡å— lib/event å·²è½½å…¥ã€‚[0;39;49m
2024-07-22 11:24:39 æ¨¡å— lib/event å·²è½½å…¥ã€‚[0;39;49m
2024-07-22 11:24:39 æ¨¡å— lib/speedo å·²è½½å…¥ã€‚[0;39;49m
2024-07-22 11:24:39 æ¨¡å— lib/event å·²è½½å…¥ã€‚[0;39;49m
2024-07-22 11:24:39 æ¨¡å— lib/event å·²è½½å…¥ã€‚[0;39;49m
2024-07-22 11:24:39 æ¨¡å— lib/sync å·²è½½å…¥ã€‚[0;39;49m
2024-07-22 11:24:39 æ¨¡å— basic/title å·²è½½å…¥ã€‚[0;39;49m
2024-07-22 11:24:39 æ¨¡å— lib/event å·²è½½å…¥ã€‚[0;39;49m
2024-07-22 11:24:39 æ¨¡å— lib/event å·²è½½å…¥ã€‚[0;39;49m
2024-07-22 11:24:39 æ¨¡å— lib/sync å·²è½½å…¥ã€‚[0;39;49m
2024-07-22 11:24:39 æ¨¡å— lib/telnet å·²è½½å…¥ã€‚[0;39;49m
2024-07-22 11:24:39 æ¨¡å— lib/option å·²è½½å…¥ã€‚[0;39;49m
2024-07-22 11:24:39 æ¨¡å— lib/event å·²è½½å…¥ã€‚[0;39;49m
2024-07-22 11:24:39 æ¨¡å— lib/gmcp å·²è½½å…¥ã€‚[0;39;49m
2024-07-22 13:34:45 æ¨¡å— lib/ui/keyboard å·²è½½å…¥ã€‚[0;39;49m
2024-07-22 13:34:45 æ¨¡å— lib/storage å·²è½½å…¥ã€‚[0;39;49m
2024-07-22 13:34:45 æ¨¡å— lib/storage å·²è½½å…¥ã€‚[0;39;49m
2024-07-22 13:34:45 æ¨¡å— lib/option å·²è½½å…¥ã€‚[0;39;49m
2024-07-22 13:34:45 æ¨¡å— lib/option å·²è½½å…¥ã€‚[0;39;49m
2024-07-22 13:34:47 æ¨¡å— lib/telnet å·²è½½å…¥ã€‚[0;39;49m
2024-07-22 13:34:47 å¸è½½ loginã€‚[0;39;49m
2024-07-22 13:34:47 æ¨¡å— lib/event å·²è½½å…¥ã€‚[0;39;49m
2024-07-22 13:34:47 æ¨¡å— lib/event å·²è½½å…¥ã€‚[0;39;49m
2024-07-22 13:34:47 æ¨¡å— lib/event å·²è½½å…¥ã€‚[0;39;49m
2024-07-22 13:34:47 æ¨¡å— lib/event å·²è½½å…¥ã€‚[0;39;49m
2024-07-22 13:34:47 æ¨¡å— lib/event å·²è½½å…¥ã€‚[0;39;49m
2024-07-22 13:34:47 æ¨¡å— lib/speedo å·²è½½å…¥ã€‚[0;39;49m
2024-07-22 13:34:47 æ¨¡å— lib/event å·²è½½å…¥ã€‚[0;39;49m
2024-07-22 13:34:47 æ¨¡å— lib/event å·²è½½å…¥ã€‚[0;39;49m
2024-07-22 13:34:47 æ¨¡å— lib/sync å·²è½½å…¥ã€‚[0;39;49m
2024-07-22 13:34:47 æ¨¡å— basic/title å·²è½½å…¥ã€‚[0;39;49m
2024-07-22 13:34:47 æ¨¡å— lib/event å·²è½½å…¥ã€‚[0;39;49m
2024-07-22 13:34:47 æ¨¡å— lib/event å·²è½½å…¥ã€‚[0;39;49m
2024-07-22 13:34:47 æ¨¡å— lib/sync å·²è½½å…¥ã€‚[0;39;49m
2024-07-22 13:34:47 æ¨¡å— lib/telnet å·²è½½å…¥ã€‚[0;39;49m
2024-07-22 13:34:47 æ¨¡å— lib/option å·²è½½å…¥ã€‚[0;39;49m
2024-07-22 13:34:47 æ¨¡å— lib/event å·²è½½å…¥ã€‚[0;39;49m
2024-07-22 13:34:47 æ¨¡å— lib/gmcp å·²è½½å…¥ã€‚[0;39;49m
2024-07-22 13:56:35 å¸è½½ loginã€‚[0;39;49m
2024-07-22 13:56:35 æ¨¡å— lib/event å·²è½½å…¥ã€‚[0;39;49m
2024-07-22 13:56:35 æ¨¡å— lib/event å·²è½½å…¥ã€‚[0;39;49m
2024-07-22 13:56:35 æ¨¡å— lib/event å·²è½½å…¥ã€‚[0;39;49m
2024-07-22 13:56:35 æ¨¡å— lib/event å·²è½½å…¥ã€‚[0;39;49m
2024-07-22 13:56:35 æ¨¡å— lib/event å·²è½½å…¥ã€‚[0;39;49m
2024-07-22 13:56:35 æ¨¡å— lib/speedo å·²è½½å…¥ã€‚[0;39;49m
2024-07-22 13:56:35 æ¨¡å— lib/event å·²è½½å…¥ã€‚[0;39;49m
2024-07-22 13:56:35 æ¨¡å— lib/event å·²è½½å…¥ã€‚[0;39;49m
2024-07-22 13:56:35 æ¨¡å— lib/sync å·²è½½å…¥ã€‚[0;39;49m
2024-07-22 13:56:35 æ¨¡å— basic/title å·²è½½å…¥ã€‚[0;39;49m
2024-07-22 13:56:35 æ¨¡å— lib/event å·²è½½å…¥ã€‚[0;39;49m
2024-07-22 13:56:35 æ¨¡å— lib/event å·²è½½å…¥ã€‚[0;39;49m
2024-07-22 13:56:35 æ¨¡å— lib/sync å·²è½½å…¥ã€‚[0;39;49m
2024-07-22 13:56:36 æ¨¡å— lib/telnet å·²è½½å…¥ã€‚[0;39;49m
2024-07-22 13:56:36 æ¨¡å— lib/option å·²è½½å…¥ã€‚[0;39;49m
2024-07-22 13:56:36 æ¨¡å— lib/event å·²è½½å…¥ã€‚[0;39;49m
2024-07-22 13:56:36 æ¨¡å— lib/gmcp å·²è½½å…¥ã€‚[0;39;49m
2024-07-22 15:31:27 æ¨¡å— lib/ui/keyboard å·²è½½å…¥ã€‚[0;39;49m
2024-07-22 15:31:27 æ¨¡å— lib/storage å·²è½½å…¥ã€‚[0;39;49m
2024-07-22 15:31:27 æ¨¡å— lib/storage å·²è½½å…¥ã€‚[0;39;49m
2024-07-22 15:31:27 æ¨¡å— lib/option å·²è½½å…¥ã€‚[0;39;49m
2024-07-22 15:31:27 æ¨¡å— lib/option å·²è½½å…¥ã€‚[0;39;49m
2024-07-22 15:31:30 æ¨¡å— lib/telnet å·²è½½å…¥ã€‚[0;39;49m
2024-07-22 15:31:30 å¸è½½ loginã€‚[0;39;49m
2024-07-22 15:31:30 æ¨¡å— lib/event å·²è½½å…¥ã€‚[0;39;49m
2024-07-22 15:31:30 æ¨¡å— lib/event å·²è½½å…¥ã€‚[0;39;49m
2024-07-22 15:31:30 æ¨¡å— lib/event å·²è½½å…¥ã€‚[0;39;49m
2024-07-22 15:31:30 æ¨¡å— lib/event å·²è½½å…¥ã€‚[0;39;49m
2024-07-22 15:31:30 æ¨¡å— lib/event å·²è½½å…¥ã€‚[0;39;49m
2024-07-22 15:31:30 æ¨¡å— lib/speedo å·²è½½å…¥ã€‚[0;39;49m
2024-07-22 15:31:30 æ¨¡å— lib/event å·²è½½å…¥ã€‚[0;39;49m
2024-07-22 15:31:30 æ¨¡å— lib/event å·²è½½å…¥ã€‚[0;39;49m
2024-07-22 15:31:30 æ¨¡å— lib/sync å·²è½½å…¥ã€‚[0;39;49m
2024-07-22 15:31:30 æ¨¡å— basic/title å·²è½½å…¥ã€‚[0;39;49m
2024-07-22 15:31:30 æ¨¡å— lib/event å·²è½½å…¥ã€‚[0;39;49m
2024-07-22 15:31:30 æ¨¡å— lib/event å·²è½½å…¥ã€‚[0;39;49m
2024-07-22 15:31:30 æ¨¡å— lib/sync å·²è½½å…¥ã€‚[0;39;49m
2024-07-22 15:31:31 æ¨¡å— lib/telnet å·²è½½å…¥ã€‚[0;39;49m
2024-07-22 15:31:31 æ¨¡å— lib/option å·²è½½å…¥ã€‚[0;39;49m
2024-07-22 15:31:31 æ¨¡å— lib/event å·²è½½å…¥ã€‚[0;39;49m
2024-07-22 15:31:31 æ¨¡å— lib/gmcp å·²è½½å…¥ã€‚[0;39;49m
2024-07-22 15:40:22 æ¨¡å— lib/ui/keyboard å·²è½½å…¥ã€‚[0;39;49m
2024-07-22 15:40:22 æ¨¡å— lib/storage å·²è½½å…¥ã€‚[0;39;49m
2024-07-22 15:40:22 æ¨¡å— lib/storage å·²è½½å…¥ã€‚[0;39;49m
2024-07-22 15:40:22 æ¨¡å— lib/option å·²è½½å…¥ã€‚[0;39;49m
2024-07-22 15:40:22 æ¨¡å— lib/option å·²è½½å…¥ã€‚[0;39;49m
2024-07-22 15:52:25 æ¨¡å— lib/ui/keyboard å·²è½½å…¥ã€‚[0;39;49m
2024-07-22 15:52:25 æ¨¡å— lib/storage å·²è½½å…¥ã€‚[0;39;49m
2024-07-22 15:52:25 æ¨¡å— lib/storage å·²è½½å…¥ã€‚[0;39;49m
2024-07-22 15:52:25 æ¨¡å— lib/option å·²è½½å…¥ã€‚[0;39;49m
2024-07-22 15:52:25 æ¨¡å— lib/option å·²è½½å…¥ã€‚[0;39;49m
2024-07-22 15:52:27 æ¨¡å— lib/telnet å·²è½½å…¥ã€‚[0;39;49m
2024-07-22 15:52:27 å¸è½½ loginã€‚[0;39;49m
2024-07-22 15:52:27 æ¨¡å— lib/event å·²è½½å…¥ã€‚[0;39;49m
2024-07-22 15:52:27 æ¨¡å— lib/event å·²è½½å…¥ã€‚[0;39;49m
2024-07-22 15:52:27 æ¨¡å— lib/event å·²è½½å…¥ã€‚[0;39;49m
2024-07-22 15:52:27 æ¨¡å— lib/event å·²è½½å…¥ã€‚[0;39;49m
2024-07-22 15:52:27 æ¨¡å— lib/event å·²è½½å…¥ã€‚[0;39;49m
2024-07-22 15:52:27 æ¨¡å— lib/speedo å·²è½½å…¥ã€‚[0;39;49m
2024-07-22 15:52:27 æ¨¡å— lib/event å·²è½½å…¥ã€‚[0;39;49m
2024-07-22 15:52:27 æ¨¡å— lib/event å·²è½½å…¥ã€‚[0;39;49m
2024-07-22 15:52:27 æ¨¡å— lib/sync å·²è½½å…¥ã€‚[0;39;49m
2024-07-22 15:52:27 æ¨¡å— basic/title å·²è½½å…¥ã€‚[0;39;49m
2024-07-22 15:52:27 æ¨¡å— lib/event å·²è½½å…¥ã€‚[0;39;49m
2024-07-22 15:52:27 æ¨¡å— lib/event å·²è½½å…¥ã€‚[0;39;49m
2024-07-22 15:52:27 æ¨¡å— lib/sync å·²è½½å…¥ã€‚[0;39;49m
2024-07-22 15:52:29 æ¨¡å— lib/telnet å·²è½½å…¥ã€‚[0;39;49m
2024-07-22 15:52:29 æ¨¡å— lib/option å·²è½½å…¥ã€‚[0;39;49m
2024-07-22 15:52:29 æ¨¡å— lib/event å·²è½½å…¥ã€‚[0;39;49m
2024-07-22 15:52:29 æ¨¡å— lib/gmcp å·²è½½å…¥ã€‚[0;39;49m
2024-07-22 16:01:10 æ¨¡å— lib/ui/keyboard å·²è½½å…¥ã€‚[0;39;49m
2024-07-22 16:01:10 æ¨¡å— lib/storage å·²è½½å…¥ã€‚[0;39;49m
2024-07-22 16:01:10 æ¨¡å— lib/storage å·²è½½å…¥ã€‚[0;39;49m
2024-07-22 16:01:10 æ¨¡å— lib/option å·²è½½å…¥ã€‚[0;39;49m
2024-07-22 16:01:10 æ¨¡å— lib/option å·²è½½å…¥ã€‚[0;39;49m
2024-07-22 16:01:13 æ¨¡å— lib/telnet å·²è½½å…¥ã€‚[0;39;49m
2024-07-22 16:01:13 å¸è½½ loginã€‚[0;39;49m
2024-07-22 16:01:13 æ¨¡å— lib/event å·²è½½å…¥ã€‚[0;39;49m
2024-07-22 16:01:13 æ¨¡å— lib/event å·²è½½å…¥ã€‚[0;39;49m
2024-07-22 16:01:13 æ¨¡å— lib/event å·²è½½å…¥ã€‚[0;39;49m
2024-07-22 16:01:13 æ¨¡å— lib/event å·²è½½å…¥ã€‚[0;39;49m
2024-07-22 16:01:13 æ¨¡å— lib/event å·²è½½å…¥ã€‚[0;39;49m
2024-07-22 16:01:13 æ¨¡å— lib/speedo å·²è½½å…¥ã€‚[0;39;49m
2024-07-22 16:01:13 æ¨¡å— lib/event å·²è½½å…¥ã€‚[0;39;49m
2024-07-22 16:01:13 æ¨¡å— lib/event å·²è½½å…¥ã€‚[0;39;49m
2024-07-22 16:01:13 æ¨¡å— lib/sync å·²è½½å…¥ã€‚[0;39;49m
2024-07-22 16:01:13 æ¨¡å— basic/title å·²è½½å…¥ã€‚[0;39;49m
2024-07-22 16:01:13 æ¨¡å— lib/event å·²è½½å…¥ã€‚[0;39;49m
2024-07-22 16:01:13 æ¨¡å— lib/event å·²è½½å…¥ã€‚[0;39;49m
2024-07-22 16:01:13 æ¨¡å— lib/sync å·²è½½å…¥ã€‚[0;39;49m
2024-07-22 16:01:14 æ¨¡å— lib/telnet å·²è½½å…¥ã€‚[0;39;49m
2024-07-22 16:01:14 æ¨¡å— lib/option å·²è½½å…¥ã€‚[0;39;49m
2024-07-22 16:01:14 æ¨¡å— lib/event å·²è½½å…¥ã€‚[0;39;49m
2024-07-22 16:01:14 æ¨¡å— lib/gmcp å·²è½½å…¥ã€‚[0;39;49m
2024-07-22 16:58:41 [1;32;49mæ¨¡å— EXAMPLE å·²ç»ç¦ç”¨ã€‚[22;39;49m[0;39;49m
2024-07-22 17:21:54 æ¨¡å— lib/ui/keyboard å·²è½½å…¥ã€‚[0;39;49m
2024-07-22 17:21:54 æ¨¡å— lib/storage å·²è½½å…¥ã€‚[0;39;49m
2024-07-22 17:21:54 æ¨¡å— lib/storage å·²è½½å…¥ã€‚[0;39;49m
2024-07-22 17:21:54 æ¨¡å— lib/option å·²è½½å…¥ã€‚[0;39;49m
2024-07-22 17:21:54 æ¨¡å— lib/option å·²è½½å…¥ã€‚[0;39;49m
2024-07-22 17:24:09 æ¨¡å— lib/ui/keyboard å·²è½½å…¥ã€‚[0;39;49m
2024-07-22 17:24:09 æ¨¡å— lib/storage å·²è½½å…¥ã€‚[0;39;49m
2024-07-22 17:24:09 æ¨¡å— lib/storage å·²è½½å…¥ã€‚[0;39;49m
2024-07-22 17:24:09 æ¨¡å— lib/option å·²è½½å…¥ã€‚[0;39;49m
2024-07-22 17:24:09 æ¨¡å— lib/option å·²è½½å…¥ã€‚[0;39;49m
2024-07-22 17:25:13 æ¨¡å— lib/telnet å·²è½½å…¥ã€‚[0;39;49m
2024-07-22 17:25:13 å¸è½½ loginã€‚[0;39;49m
2024-07-22 17:25:13 æ¨¡å— lib/event å·²è½½å…¥ã€‚[0;39;49m
2024-07-22 17:25:13 æ¨¡å— lib/event å·²è½½å…¥ã€‚[0;39;49m
2024-07-22 17:25:13 æ¨¡å— lib/event å·²è½½å…¥ã€‚[0;39;49m
2024-07-22 17:25:13 æ¨¡å— lib/event å·²è½½å…¥ã€‚[0;39;49m
2024-07-22 17:25:13 æ¨¡å— lib/event å·²è½½å…¥ã€‚[0;39;49m
2024-07-22 17:25:13 æ¨¡å— lib/speedo å·²è½½å…¥ã€‚[0;39;49m
2024-07-22 17:25:13 æ¨¡å— lib/event å·²è½½å…¥ã€‚[0;39;49m
2024-07-22 17:25:13 æ¨¡å— lib/event å·²è½½å…¥ã€‚[0;39;49m
2024-07-22 17:25:13 æ¨¡å— lib/sync å·²è½½å…¥ã€‚[0;39;49m
2024-07-22 17:25:13 æ¨¡å— basic/title å·²è½½å…¥ã€‚[0;39;49m
2024-07-22 17:25:13 æ¨¡å— lib/event å·²è½½å…¥ã€‚[0;39;49m
2024-07-22 17:25:13 æ¨¡å— lib/event å·²è½½å…¥ã€‚[0;39;49m
2024-07-22 17:25:13 æ¨¡å— lib/sync å·²è½½å…¥ã€‚[0;39;49m
2024-07-22 17:25:13 æ¨¡å— lib/telnet å·²è½½å…¥ã€‚[0;39;49m
2024-07-22 17:25:13 æ¨¡å— lib/option å·²è½½å…¥ã€‚[0;39;49m
2024-07-22 17:25:13 æ¨¡å— lib/event å·²è½½å…¥ã€‚[0;39;49m
2024-07-22 17:25:13 æ¨¡å— lib/gmcp å·²è½½å…¥ã€‚[0;39;49m
2024-07-22 17:33:36 æ¨¡å— lib/ui/keyboard å·²è½½å…¥ã€‚[0;39;49m
2024-07-22 17:33:36 æ¨¡å— lib/storage å·²è½½å…¥ã€‚[0;39;49m
2024-07-22 17:33:36 æ¨¡å— lib/storage å·²è½½å…¥ã€‚[0;39;49m
2024-07-22 17:33:36 æ¨¡å— lib/option å·²è½½å…¥ã€‚[0;39;49m
2024-07-22 17:33:36 æ¨¡å— lib/option å·²è½½å…¥ã€‚[0;39;49m
2024-07-22 17:34:36 æ¨¡å— lib/ui/keyboard å·²è½½å…¥ã€‚[0;39;49m
2024-07-22 17:34:36 æ¨¡å— lib/storage å·²è½½å…¥ã€‚[0;39;49m
2024-07-22 17:34:36 æ¨¡å— lib/storage å·²è½½å…¥ã€‚[0;39;49m
2024-07-22 17:34:36 æ¨¡å— lib/option å·²è½½å…¥ã€‚[0;39;49m
2024-07-22 17:34:36 æ¨¡å— lib/option å·²è½½å…¥ã€‚[0;39;49m
2024-07-22 17:34:39 æ¨¡å— lib/telnet å·²è½½å…¥ã€‚[0;39;49m
2024-07-22 17:34:39 å¸è½½ loginã€‚[0;39;49m
2024-07-22 17:34:39 æ¨¡å— lib/event å·²è½½å…¥ã€‚[0;39;49m
2024-07-22 17:34:39 æ¨¡å— lib/event å·²è½½å…¥ã€‚[0;39;49m
2024-07-22 17:34:39 æ¨¡å— lib/event å·²è½½å…¥ã€‚[0;39;49m
2024-07-22 17:34:39 æ¨¡å— lib/event å·²è½½å…¥ã€‚[0;39;49m
2024-07-22 17:34:39 æ¨¡å— lib/event å·²è½½å…¥ã€‚[0;39;49m
2024-07-22 17:34:39 æ¨¡å— lib/speedo å·²è½½å…¥ã€‚[0;39;49m
2024-07-22 17:34:39 æ¨¡å— lib/event å·²è½½å…¥ã€‚[0;39;49m
2024-07-22 17:34:39 æ¨¡å— lib/event å·²è½½å…¥ã€‚[0;39;49m
2024-07-22 17:34:39 æ¨¡å— lib/sync å·²è½½å…¥ã€‚[0;39;49m
2024-07-22 17:34:39 æ¨¡å— basic/title å·²è½½å…¥ã€‚[0;39;49m
2024-07-22 17:34:39 æ¨¡å— lib/event å·²è½½å…¥ã€‚[0;39;49m
2024-07-22 17:34:39 æ¨¡å— lib/event å·²è½½å…¥ã€‚[0;39;49m
2024-07-22 17:34:39 æ¨¡å— lib/sync å·²è½½å…¥ã€‚[0;39;49m
2024-07-22 17:34:40 æ¨¡å— lib/telnet å·²è½½å…¥ã€‚[0;39;49m
2024-07-22 17:34:40 æ¨¡å— lib/option å·²è½½å…¥ã€‚[0;39;49m
2024-07-22 17:34:40 æ¨¡å— lib/event å·²è½½å…¥ã€‚[0;39;49m
2024-07-22 17:34:40 æ¨¡å— lib/gmcp å·²è½½å…¥ã€‚[0;39;49m
2024-07-23 11:41:28 æ¨¡å— lib/ui/keyboard å·²è½½å…¥ã€‚[0;39;49m
2024-07-23 11:41:28 æ¨¡å— lib/storage å·²è½½å…¥ã€‚[0;39;49m
2024-07-23 11:41:28 æ¨¡å— lib/storage å·²è½½å…¥ã€‚[0;39;49m
2024-07-23 11:41:28 æ¨¡å— lib/option å·²è½½å…¥ã€‚[0;39;49m
2024-07-23 11:41:28 æ¨¡å— lib/option å·²è½½å…¥ã€‚[0;39;49m
2024-07-23 11:41:43 æ¨¡å— lib/telnet å·²è½½å…¥ã€‚[0;39;49m
2024-07-23 11:41:43 å¸è½½ loginã€‚[0;39;49m
2024-07-23 11:41:43 æ¨¡å— lib/event å·²è½½å…¥ã€‚[0;39;49m
2024-07-23 11:41:43 æ¨¡å— lib/event å·²è½½å…¥ã€‚[0;39;49m
2024-07-23 11:41:43 æ¨¡å— lib/event å·²è½½å…¥ã€‚[0;39;49m
2024-07-23 11:41:43 æ¨¡å— lib/event å·²è½½å…¥ã€‚[0;39;49m
2024-07-23 11:41:43 æ¨¡å— lib/event å·²è½½å…¥ã€‚[0;39;49m
2024-07-23 11:41:43 æ¨¡å— lib/speedo å·²è½½å…¥ã€‚[0;39;49m
2024-07-23 11:41:43 æ¨¡å— lib/event å·²è½½å…¥ã€‚[0;39;49m
2024-07-23 11:41:43 æ¨¡å— lib/event å·²è½½å…¥ã€‚[0;39;49m
2024-07-23 11:41:43 æ¨¡å— lib/sync å·²è½½å…¥ã€‚[0;39;49m
2024-07-23 11:41:43 æ¨¡å— basic/title å·²è½½å…¥ã€‚[0;39;49m
2024-07-23 11:41:43 æ¨¡å— lib/event å·²è½½å…¥ã€‚[0;39;49m
2024-07-23 11:41:43 æ¨¡å— lib/event å·²è½½å…¥ã€‚[0;39;49m
2024-07-23 11:41:43 æ¨¡å— lib/sync å·²è½½å…¥ã€‚[0;39;49m
2024-07-23 11:41:43 æ¨¡å— lib/telnet å·²è½½å…¥ã€‚[0;39;49m
2024-07-23 11:41:43 æ¨¡å— lib/option å·²è½½å…¥ã€‚[0;39;49m
2024-07-23 11:41:43 æ¨¡å— lib/event å·²è½½å…¥ã€‚[0;39;49m
2024-07-23 11:41:43 æ¨¡å— lib/gmcp å·²è½½å…¥ã€‚[0;39;49m
2024-07-23 11:48:33 æ¨¡å— lib/ui/keyboard å·²è½½å…¥ã€‚[0;39;49m
2024-07-23 11:48:33 æ¨¡å— lib/storage å·²è½½å…¥ã€‚[0;39;49m
2024-07-23 11:48:33 æ¨¡å— lib/storage å·²è½½å…¥ã€‚[0;39;49m
2024-07-23 11:48:33 æ¨¡å— lib/option å·²è½½å…¥ã€‚[0;39;49m
2024-07-23 11:48:33 æ¨¡å— lib/option å·²è½½å…¥ã€‚[0;39;49m
2024-07-23 11:48:36 æ¨¡å— lib/telnet å·²è½½å…¥ã€‚[0;39;49m
2024-07-23 11:48:36 å¸è½½ loginã€‚[0;39;49m
2024-07-23 11:48:36 æ¨¡å— lib/event å·²è½½å…¥ã€‚[0;39;49m
2024-07-23 11:48:36 æ¨¡å— lib/event å·²è½½å…¥ã€‚[0;39;49m
2024-07-23 11:48:36 æ¨¡å— lib/event å·²è½½å…¥ã€‚[0;39;49m
2024-07-23 11:48:36 æ¨¡å— lib/event å·²è½½å…¥ã€‚[0;39;49m
2024-07-23 11:48:36 æ¨¡å— lib/event å·²è½½å…¥ã€‚[0;39;49m
2024-07-23 11:48:36 æ¨¡å— lib/speedo å·²è½½å…¥ã€‚[0;39;49m
2024-07-23 11:48:36 æ¨¡å— lib/event å·²è½½å…¥ã€‚[0;39;49m
2024-07-23 11:48:36 æ¨¡å— lib/event å·²è½½å…¥ã€‚[0;39;49m
2024-07-23 11:48:36 æ¨¡å— lib/sync å·²è½½å…¥ã€‚[0;39;49m
2024-07-23 11:48:36 æ¨¡å— basic/title å·²è½½å…¥ã€‚[0;39;49m
2024-07-23 11:48:36 æ¨¡å— lib/event å·²è½½å…¥ã€‚[0;39;49m
2024-07-23 11:48:36 æ¨¡å— lib/event å·²è½½å…¥ã€‚[0;39;49m
2024-07-23 11:48:36 æ¨¡å— lib/sync å·²è½½å…¥ã€‚[0;39;49m
2024-07-23 11:48:37 æ¨¡å— lib/telnet å·²è½½å…¥ã€‚[0;39;49m
2024-07-23 11:48:37 æ¨¡å— lib/option å·²è½½å…¥ã€‚[0;39;49m
2024-07-23 11:48:37 æ¨¡å— lib/event å·²è½½å…¥ã€‚[0;39;49m
2024-07-23 11:48:37 æ¨¡å— lib/gmcp å·²è½½å…¥ã€‚[0;39;49m
2024-07-23 11:49:10 [1;32;49mæ¨¡å— EXAMPLE å·²ç»ç¦ç”¨ã€‚[22;39;49m[0;39;49m
2024-07-23 11:49:24 [1;32;49mæ¨¡å— EXAMPLE å·²ç»å¯ç”¨ã€‚[22;39;49m[0;39;49m
2024-07-23 11:49:24 è§¦å‘1æˆåŠŸã€‚[0;39;49m
2024-07-23 11:49:24 è§¦å‘2æˆåŠŸã€‚[0;39;49m
2024-07-23 11:49:34 è§¦å‘1æˆåŠŸã€‚[0;39;49m
2024-07-23 11:49:34 è§¦å‘2æˆåŠŸã€‚[0;39;49m
2024-07-23 11:49:44 è§¦å‘1æˆåŠŸã€‚[0;39;49m
2024-07-23 11:49:44 è§¦å‘2æˆåŠŸã€‚[0;39;49m
2024-07-23 11:49:47 [1;36;49mç”±äº[1;33;49mäººä¸ºæ“ä½œ[1;36;49mï¼ŒEXAMPLE æ¨¡å—åœæ­¢è¿è¡Œã€‚[22;39;49m[0;39;49m
2024-07-23 11:49:47 [1;32;49mæ¨¡å— EXAMPLE å·²ç»ç¦ç”¨ã€‚[22;39;49m[0;39;49m
2024-07-23 11:53:33 æ¨¡å— lib/ui/keyboard å·²è½½å…¥ã€‚[0;39;49m
2024-07-23 11:53:33 æ¨¡å— lib/storage å·²è½½å…¥ã€‚[0;39;49m
2024-07-23 11:53:33 æ¨¡å— lib/storage å·²è½½å…¥ã€‚[0;39;49m
2024-07-23 11:53:33 æ¨¡å— lib/option å·²è½½å…¥ã€‚[0;39;49m
2024-07-23 11:53:33 æ¨¡å— lib/option å·²è½½å…¥ã€‚[0;39;49m
2024-07-23 11:53:35 æ¨¡å— lib/telnet å·²è½½å…¥ã€‚[0;39;49m
2024-07-23 11:53:35 å¸è½½ loginã€‚[0;39;49m
2024-07-23 11:53:35 æ¨¡å— lib/event å·²è½½å…¥ã€‚[0;39;49m
2024-07-23 11:53:35 æ¨¡å— lib/event å·²è½½å…¥ã€‚[0;39;49m
2024-07-23 11:53:35 æ¨¡å— lib/event å·²è½½å…¥ã€‚[0;39;49m
2024-07-23 11:53:35 æ¨¡å— lib/event å·²è½½å…¥ã€‚[0;39;49m
2024-07-23 11:53:35 æ¨¡å— lib/event å·²è½½å…¥ã€‚[0;39;49m
2024-07-23 11:53:35 æ¨¡å— lib/speedo å·²è½½å…¥ã€‚[0;39;49m
2024-07-23 11:53:35 æ¨¡å— lib/event å·²è½½å…¥ã€‚[0;39;49m
2024-07-23 11:53:35 æ¨¡å— lib/event å·²è½½å…¥ã€‚[0;39;49m
2024-07-23 11:53:35 æ¨¡å— lib/sync å·²è½½å…¥ã€‚[0;39;49m
2024-07-23 11:53:35 æ¨¡å— basic/title å·²è½½å…¥ã€‚[0;39;49m
2024-07-23 11:53:35 æ¨¡å— lib/event å·²è½½å…¥ã€‚[0;39;49m
2024-07-23 11:53:35 æ¨¡å— lib/event å·²è½½å…¥ã€‚[0;39;49m
2024-07-23 11:53:35 æ¨¡å— lib/sync å·²è½½å…¥ã€‚[0;39;49m
2024-07-23 11:53:36 æ¨¡å— lib/telnet å·²è½½å…¥ã€‚[0;39;49m
2024-07-23 11:53:36 æ¨¡å— lib/option å·²è½½å…¥ã€‚[0;39;49m
2024-07-23 11:53:36 æ¨¡å— lib/event å·²è½½å…¥ã€‚[0;39;49m
2024-07-23 11:53:36 æ¨¡å— lib/gmcp å·²è½½å…¥ã€‚[0;39;49m
2024-07-23 13:14:45 æ¨¡å— /bot/AutoPeiYao å·²è½½å…¥ã€‚[0;39;49m
2024-07-23 13:18:24 æ¨¡å— /bot/AutoPeiYao å·²è½½å…¥ã€‚[0;39;49m
2024-07-23 13:18:33 æ¨¡å— lib/ui/keyboard å·²è½½å…¥ã€‚[0;39;49m
2024-07-23 13:18:33 æ¨¡å— lib/storage å·²è½½å…¥ã€‚[0;39;49m
2024-07-23 13:18:33 æ¨¡å— lib/storage å·²è½½å…¥ã€‚[0;39;49m
2024-07-23 13:18:33 æ¨¡å— lib/option å·²è½½å…¥ã€‚[0;39;49m
2024-07-23 13:18:33 æ¨¡å— lib/option å·²è½½å…¥ã€‚[0;39;49m
2024-07-23 13:18:35 æ¨¡å— lib/telnet å·²è½½å…¥ã€‚[0;39;49m
2024-07-23 13:18:35 å¸è½½ loginã€‚[0;39;49m
2024-07-23 13:18:35 æ¨¡å— lib/event å·²è½½å…¥ã€‚[0;39;49m
2024-07-23 13:18:35 æ¨¡å— lib/event å·²è½½å…¥ã€‚[0;39;49m
2024-07-23 13:18:35 æ¨¡å— lib/event å·²è½½å…¥ã€‚[0;39;49m
2024-07-23 13:18:35 æ¨¡å— lib/event å·²è½½å…¥ã€‚[0;39;49m
2024-07-23 13:18:35 æ¨¡å— lib/event å·²è½½å…¥ã€‚[0;39;49m
2024-07-23 13:18:35 æ¨¡å— lib/speedo å·²è½½å…¥ã€‚[0;39;49m
2024-07-23 13:18:35 æ¨¡å— lib/event å·²è½½å…¥ã€‚[0;39;49m
2024-07-23 13:18:35 æ¨¡å— lib/event å·²è½½å…¥ã€‚[0;39;49m
2024-07-23 13:18:35 æ¨¡å— lib/sync å·²è½½å…¥ã€‚[0;39;49m
2024-07-23 13:18:35 æ¨¡å— basic/title å·²è½½å…¥ã€‚[0;39;49m
2024-07-23 13:18:35 æ¨¡å— lib/event å·²è½½å…¥ã€‚[0;39;49m
2024-07-23 13:18:35 æ¨¡å— lib/event å·²è½½å…¥ã€‚[0;39;49m
2024-07-23 13:18:35 æ¨¡å— lib/sync å·²è½½å…¥ã€‚[0;39;49m
2024-07-23 13:18:37 æ¨¡å— lib/telnet å·²è½½å…¥ã€‚[0;39;49m
2024-07-23 13:18:37 æ¨¡å— lib/option å·²è½½å…¥ã€‚[0;39;49m
2024-07-23 13:18:37 æ¨¡å— lib/event å·²è½½å…¥ã€‚[0;39;49m
2024-07-23 13:18:37 æ¨¡å— lib/gmcp å·²è½½å…¥ã€‚[0;39;49m
2024-07-23 13:19:33 æ¨¡å— /bot/AutoPeiYao å·²è½½å…¥ã€‚[0;39;49m
2024-07-23 13:19:40 æ¨¡å— lib/ui/keyboard å·²è½½å…¥ã€‚[0;39;49m
2024-07-23 13:19:40 æ¨¡å— lib/storage å·²è½½å…¥ã€‚[0;39;49m
2024-07-23 13:19:40 æ¨¡å— lib/storage å·²è½½å…¥ã€‚[0;39;49m
2024-07-23 13:19:40 æ¨¡å— lib/option å·²è½½å…¥ã€‚[0;39;49m
2024-07-23 13:19:40 æ¨¡å— lib/option å·²è½½å…¥ã€‚[0;39;49m
2024-07-23 13:19:43 æ¨¡å— lib/telnet å·²è½½å…¥ã€‚[0;39;49m
2024-07-23 13:19:43 å¸è½½ loginã€‚[0;39;49m
2024-07-23 13:19:43 æ¨¡å— lib/event å·²è½½å…¥ã€‚[0;39;49m
2024-07-23 13:19:43 æ¨¡å— lib/event å·²è½½å…¥ã€‚[0;39;49m
2024-07-23 13:19:43 æ¨¡å— lib/event å·²è½½å…¥ã€‚[0;39;49m
2024-07-23 13:19:43 æ¨¡å— lib/event å·²è½½å…¥ã€‚[0;39;49m
2024-07-23 13:19:43 æ¨¡å— lib/event å·²è½½å…¥ã€‚[0;39;49m
2024-07-23 13:19:43 æ¨¡å— lib/speedo å·²è½½å…¥ã€‚[0;39;49m
2024-07-23 13:19:43 æ¨¡å— lib/event å·²è½½å…¥ã€‚[0;39;49m
2024-07-23 13:19:43 æ¨¡å— lib/event å·²è½½å…¥ã€‚[0;39;49m
2024-07-23 13:19:43 æ¨¡å— lib/sync å·²è½½å…¥ã€‚[0;39;49m
2024-07-23 13:19:43 æ¨¡å— basic/title å·²è½½å…¥ã€‚[0;39;49m
2024-07-23 13:19:43 æ¨¡å— lib/event å·²è½½å…¥ã€‚[0;39;49m
2024-07-23 13:19:43 æ¨¡å— lib/event å·²è½½å…¥ã€‚[0;39;49m
2024-07-23 13:19:43 æ¨¡å— lib/sync å·²è½½å…¥ã€‚[0;39;49m
2024-07-23 13:19:44 æ¨¡å— lib/telnet å·²è½½å…¥ã€‚[0;39;49m
2024-07-23 13:19:44 æ¨¡å— lib/option å·²è½½å…¥ã€‚[0;39;49m
2024-07-23 13:19:44 æ¨¡å— lib/event å·²è½½å…¥ã€‚[0;39;49m
2024-07-23 13:19:44 æ¨¡å— lib/gmcp å·²è½½å…¥ã€‚[0;39;49m
2024-07-23 13:22:27 æ¨¡å— lib/ui/keyboard å·²è½½å…¥ã€‚[0;39;49m
2024-07-23 13:22:27 æ¨¡å— lib/storage å·²è½½å…¥ã€‚[0;39;49m
2024-07-23 13:22:27 æ¨¡å— lib/storage å·²è½½å…¥ã€‚[0;39;49m
2024-07-23 13:22:27 æ¨¡å— lib/option å·²è½½å…¥ã€‚[0;39;49m
2024-07-23 13:22:27 æ¨¡å— lib/option å·²è½½å…¥ã€‚[0;39;49m
2024-07-23 13:22:29 æ¨¡å— lib/telnet å·²è½½å…¥ã€‚[0;39;49m
2024-07-23 13:22:29 å¸è½½ loginã€‚[0;39;49m
2024-07-23 13:22:29 æ¨¡å— lib/event å·²è½½å…¥ã€‚[0;39;49m
2024-07-23 13:22:29 æ¨¡å— lib/event å·²è½½å…¥ã€‚[0;39;49m
2024-07-23 13:22:29 æ¨¡å— lib/event å·²è½½å…¥ã€‚[0;39;49m
2024-07-23 13:22:29 æ¨¡å— lib/event å·²è½½å…¥ã€‚[0;39;49m
2024-07-23 13:22:29 æ¨¡å— lib/event å·²è½½å…¥ã€‚[0;39;49m
2024-07-23 13:22:29 æ¨¡å— lib/speedo å·²è½½å…¥ã€‚[0;39;49m
2024-07-23 13:22:29 æ¨¡å— lib/event å·²è½½å…¥ã€‚[0;39;49m
2024-07-23 13:22:29 æ¨¡å— lib/event å·²è½½å…¥ã€‚[0;39;49m
2024-07-23 13:22:29 æ¨¡å— lib/sync å·²è½½å…¥ã€‚[0;39;49m
2024-07-23 13:22:29 æ¨¡å— basic/title å·²è½½å…¥ã€‚[0;39;49m
2024-07-23 13:22:29 æ¨¡å— lib/event å·²è½½å…¥ã€‚[0;39;49m
2024-07-23 13:22:29 æ¨¡å— lib/event å·²è½½å…¥ã€‚[0;39;49m
2024-07-23 13:22:29 æ¨¡å— lib/sync å·²è½½å…¥ã€‚[0;39;49m
2024-07-23 13:22:31 æ¨¡å— lib/telnet å·²è½½å…¥ã€‚[0;39;49m
2024-07-23 13:22:31 æ¨¡å— lib/option å·²è½½å…¥ã€‚[0;39;49m
2024-07-23 13:22:31 æ¨¡å— lib/event å·²è½½å…¥ã€‚[0;39;49m
2024-07-23 13:22:31 æ¨¡å— lib/gmcp å·²è½½å…¥ã€‚[0;39;49m
2024-07-23 13:23:48 æ¨¡å— /bot/AutoPeiYao å·²è½½å…¥ã€‚[0;39;49m
2024-07-23 13:24:52 æ¨¡å— lib/ui/keyboard å·²è½½å…¥ã€‚[0;39;49m
2024-07-23 13:24:52 æ¨¡å— lib/storage å·²è½½å…¥ã€‚[0;39;49m
2024-07-23 13:24:52 æ¨¡å— lib/storage å·²è½½å…¥ã€‚[0;39;49m
2024-07-23 13:24:52 æ¨¡å— lib/option å·²è½½å…¥ã€‚[0;39;49m
2024-07-23 13:24:52 æ¨¡å— lib/option å·²è½½å…¥ã€‚[0;39;49m
2024-07-23 13:24:55 æ¨¡å— lib/telnet å·²è½½å…¥ã€‚[0;39;49m
2024-07-23 13:24:55 å¸è½½ loginã€‚[0;39;49m
2024-07-23 13:24:55 æ¨¡å— lib/event å·²è½½å…¥ã€‚[0;39;49m
2024-07-23 13:24:55 æ¨¡å— lib/event å·²è½½å…¥ã€‚[0;39;49m
2024-07-23 13:24:55 æ¨¡å— lib/event å·²è½½å…¥ã€‚[0;39;49m
2024-07-23 13:24:55 æ¨¡å— lib/event å·²è½½å…¥ã€‚[0;39;49m
2024-07-23 13:24:55 æ¨¡å— lib/event å·²è½½å…¥ã€‚[0;39;49m
2024-07-23 13:24:55 æ¨¡å— lib/speedo å·²è½½å…¥ã€‚[0;39;49m
2024-07-23 13:24:55 æ¨¡å— lib/event å·²è½½å…¥ã€‚[0;39;49m
2024-07-23 13:24:55 æ¨¡å— lib/event å·²è½½å…¥ã€‚[0;39;49m
2024-07-23 13:24:55 æ¨¡å— lib/sync å·²è½½å…¥ã€‚[0;39;49m
2024-07-23 13:24:55 æ¨¡å— basic/title å·²è½½å…¥ã€‚[0;39;49m
2024-07-23 13:24:55 æ¨¡å— lib/event å·²è½½å…¥ã€‚[0;39;49m
2024-07-23 13:24:55 æ¨¡å— lib/event å·²è½½å…¥ã€‚[0;39;49m
2024-07-23 13:24:55 æ¨¡å— lib/sync å·²è½½å…¥ã€‚[0;39;49m
2024-07-23 13:24:56 æ¨¡å— lib/telnet å·²è½½å…¥ã€‚[0;39;49m
2024-07-23 13:24:56 æ¨¡å— lib/option å·²è½½å…¥ã€‚[0;39;49m
2024-07-23 13:24:56 æ¨¡å— lib/event å·²è½½å…¥ã€‚[0;39;49m
2024-07-23 13:24:56 æ¨¡å— lib/gmcp å·²è½½å…¥ã€‚[0;39;49m
2024-07-23 13:33:13 å¸è½½ /bot/AutoPeiYaoã€‚[0;39;49m
2024-07-23 16:19:51 æ¨¡å— lib/ui/keyboard å·²è½½å…¥ã€‚[0;39;49m
2024-07-23 16:19:51 æ¨¡å— lib/storage å·²è½½å…¥ã€‚[0;39;49m
2024-07-23 16:19:51 æ¨¡å— lib/storage å·²è½½å…¥ã€‚[0;39;49m
2024-07-23 16:19:51 æ¨¡å— lib/option å·²è½½å…¥ã€‚[0;39;49m
2024-07-23 16:19:51 æ¨¡å— lib/option å·²è½½å…¥ã€‚[0;39;49m
2024-07-23 16:19:56 æ¨¡å— lib/telnet å·²è½½å…¥ã€‚[0;39;49m
2024-07-23 16:19:56 å¸è½½ loginã€‚[0;39;49m
2024-07-23 16:19:56 æ¨¡å— lib/event å·²è½½å…¥ã€‚[0;39;49m
2024-07-23 16:19:56 æ¨¡å— lib/event å·²è½½å…¥ã€‚[0;39;49m
2024-07-23 16:19:56 æ¨¡å— lib/event å·²è½½å…¥ã€‚[0;39;49m
2024-07-23 16:19:56 æ¨¡å— lib/event å·²è½½å…¥ã€‚[0;39;49m
2024-07-23 16:19:56 æ¨¡å— lib/event å·²è½½å…¥ã€‚[0;39;49m
2024-07-23 16:19:56 æ¨¡å— lib/speedo å·²è½½å…¥ã€‚[0;39;49m
2024-07-23 16:19:56 æ¨¡å— lib/event å·²è½½å…¥ã€‚[0;39;49m
2024-07-23 16:19:56 æ¨¡å— lib/event å·²è½½å…¥ã€‚[0;39;49m
2024-07-23 16:19:56 æ¨¡å— lib/sync å·²è½½å…¥ã€‚[0;39;49m
2024-07-23 16:19:56 æ¨¡å— basic/title å·²è½½å…¥ã€‚[0;39;49m
2024-07-23 16:19:56 æ¨¡å— lib/event å·²è½½å…¥ã€‚[0;39;49m
2024-07-23 16:19:56 æ¨¡å— lib/event å·²è½½å…¥ã€‚[0;39;49m
2024-07-23 16:19:56 æ¨¡å— lib/sync å·²è½½å…¥ã€‚[0;39;49m
2024-07-23 16:19:57 æ¨¡å— lib/telnet å·²è½½å…¥ã€‚[0;39;49m
2024-07-23 16:19:57 æ¨¡å— lib/option å·²è½½å…¥ã€‚[0;39;49m
2024-07-23 16:19:57 æ¨¡å— lib/event å·²è½½å…¥ã€‚[0;39;49m
2024-07-23 16:19:57 æ¨¡å— lib/gmcp å·²è½½å…¥ã€‚[0;39;49m
2024-07-24 09:35:55 æ¨¡å— lib/ui/keyboard å·²è½½å…¥ã€‚[0;39;49m
2024-07-24 09:35:55 æ¨¡å— lib/storage å·²è½½å…¥ã€‚[0;39;49m
2024-07-24 09:35:55 æ¨¡å— lib/storage å·²è½½å…¥ã€‚[0;39;49m
2024-07-24 09:35:55 æ¨¡å— lib/option å·²è½½å…¥ã€‚[0;39;49m
2024-07-24 09:35:55 æ¨¡å— lib/option å·²è½½å…¥ã€‚[0;39;49m
2024-07-24 09:35:58 æ¨¡å— lib/telnet å·²è½½å…¥ã€‚[0;39;49m
2024-07-24 09:35:58 å¸è½½ loginã€‚[0;39;49m
2024-07-24 09:35:58 æ¨¡å— lib/event å·²è½½å…¥ã€‚[0;39;49m
2024-07-24 09:35:58 æ¨¡å— lib/event å·²è½½å…¥ã€‚[0;39;49m
2024-07-24 09:35:58 æ¨¡å— lib/event å·²è½½å…¥ã€‚[0;39;49m
2024-07-24 09:35:58 æ¨¡å— lib/event å·²è½½å…¥ã€‚[0;39;49m
2024-07-24 09:35:58 æ¨¡å— lib/event å·²è½½å…¥ã€‚[0;39;49m
2024-07-24 09:35:58 æ¨¡å— lib/speedo å·²è½½å…¥ã€‚[0;39;49m
2024-07-24 09:35:58 æ¨¡å— lib/event å·²è½½å…¥ã€‚[0;39;49m
2024-07-24 09:35:58 æ¨¡å— lib/event å·²è½½å…¥ã€‚[0;39;49m
2024-07-24 09:35:58 æ¨¡å— lib/sync å·²è½½å…¥ã€‚[0;39;49m
2024-07-24 09:35:58 æ¨¡å— basic/title å·²è½½å…¥ã€‚[0;39;49m
2024-07-24 09:35:58 æ¨¡å— lib/event å·²è½½å…¥ã€‚[0;39;49m
2024-07-24 09:35:58 æ¨¡å— lib/event å·²è½½å…¥ã€‚[0;39;49m
2024-07-24 09:35:58 æ¨¡å— lib/sync å·²è½½å…¥ã€‚[0;39;49m
2024-07-24 09:35:59 æ¨¡å— lib/telnet å·²è½½å…¥ã€‚[0;39;49m
2024-07-24 09:35:59 æ¨¡å— lib/option å·²è½½å…¥ã€‚[0;39;49m
2024-07-24 09:35:59 æ¨¡å— lib/event å·²è½½å…¥ã€‚[0;39;49m
2024-07-24 09:35:59 æ¨¡å— lib/gmcp å·²è½½å…¥ã€‚[0;39;49m
2024-07-24 11:26:47 å¸è½½ /bot/AutoBangMangã€‚[0;39;49m
2024-07-24 11:36:28 å¸è½½ /bot/AutoBangMangã€‚[0;39;49m
2024-07-24 11:36:39 å¸è½½ /bot/AutoBangMangã€‚[0;39;49m
2024-07-24 11:38:15 å¸è½½ /bot/AutoBangMangã€‚[0;39;49m
2024-07-24 11:42:12 å¸è½½ /bot/AutoBangMangã€‚[0;39;49m
2024-07-24 13:02:37 å¸è½½ /bot/AutoBangMangã€‚[0;39;49m
2024-07-24 13:09:19 å¸è½½ ShortCutã€‚[0;39;49m
2024-07-24 13:11:18 å¸è½½ ShortCutã€‚[0;39;49m
2024-07-24 13:43:01 å¸è½½ SortCutã€‚[0;39;49m
2024-07-24 13:43:56 å¸è½½ SortCutã€‚[0;39;49m
2024-07-24 13:44:01 å¸è½½ ShortCutã€‚[0;39;49m
2024-07-24 13:48:07 å¸è½½ ShortCutã€‚[0;39;49m
2024-07-24 13:53:30 æ¨¡å— lib/ui/keyboard å·²è½½å…¥ã€‚[0;39;49m
2024-07-24 13:53:30 æ¨¡å— lib/storage å·²è½½å…¥ã€‚[0;39;49m
2024-07-24 13:53:30 æ¨¡å— lib/storage å·²è½½å…¥ã€‚[0;39;49m
2024-07-24 13:53:30 æ¨¡å— lib/option å·²è½½å…¥ã€‚[0;39;49m
2024-07-24 13:53:30 æ¨¡å— lib/option å·²è½½å…¥ã€‚[0;39;49m
2024-07-24 13:53:32 æ¨¡å— lib/telnet å·²è½½å…¥ã€‚[0;39;49m
2024-07-24 13:53:32 å¸è½½ loginã€‚[0;39;49m
2024-07-24 13:53:32 æ¨¡å— lib/event å·²è½½å…¥ã€‚[0;39;49m
2024-07-24 13:53:32 æ¨¡å— lib/event å·²è½½å…¥ã€‚[0;39;49m
2024-07-24 13:53:32 æ¨¡å— lib/event å·²è½½å…¥ã€‚[0;39;49m
2024-07-24 13:53:32 æ¨¡å— lib/event å·²è½½å…¥ã€‚[0;39;49m
2024-07-24 13:53:32 æ¨¡å— lib/event å·²è½½å…¥ã€‚[0;39;49m
2024-07-24 13:53:32 æ¨¡å— lib/speedo å·²è½½å…¥ã€‚[0;39;49m
2024-07-24 13:53:32 æ¨¡å— lib/event å·²è½½å…¥ã€‚[0;39;49m
2024-07-24 13:53:32 æ¨¡å— lib/event å·²è½½å…¥ã€‚[0;39;49m
2024-07-24 13:53:32 æ¨¡å— lib/sync å·²è½½å…¥ã€‚[0;39;49m
2024-07-24 13:53:32 æ¨¡å— basic/title å·²è½½å…¥ã€‚[0;39;49m
2024-07-24 13:53:32 æ¨¡å— lib/event å·²è½½å…¥ã€‚[0;39;49m
2024-07-24 13:53:32 æ¨¡å— lib/event å·²è½½å…¥ã€‚[0;39;49m
2024-07-24 13:53:33 æ¨¡å— lib/telnet å·²è½½å…¥ã€‚[0;39;49m
2024-07-24 13:53:33 æ¨¡å— lib/option å·²è½½å…¥ã€‚[0;39;49m
2024-07-24 13:53:33 æ¨¡å— lib/event å·²è½½å…¥ã€‚[0;39;49m
2024-07-24 13:53:33 æ¨¡å— lib/gmcp å·²è½½å…¥ã€‚[0;39;49m
2024-07-24 13:59:39 å¸è½½ /bot/AutoDaZuoAndXueã€‚[0;39;49m
2024-07-24 14:02:20 å¸è½½ AutoDaZuoAndXueã€‚[0;39;49m
2024-07-24 14:04:00 æ¨¡å— /bot/AutoDaZuoAndXue å·²è½½å…¥ã€‚[0;39;49m
2024-07-24 14:05:01 å¸è½½ /bot/AutoDaZuoAndXueã€‚[0;39;49m
2024-07-24 14:07:30 å¸è½½ /bot/AutoDaZuoAndXueã€‚[0;39;49m
2024-07-24 14:10:59 å¸è½½ /bot/AutoDaZuoAndXueã€‚[0;39;49m
2024-07-24 14:11:49 å¸è½½ /bot/AutoDaZuoAndXueã€‚[0;39;49m
2024-07-24 14:12:58 å¸è½½ /bot/AutoDaZuoAndXueã€‚[0;39;49m
2024-07-24 14:13:16 å¸è½½ /bot/AutoDaZuoAndXueã€‚[0;39;49m
2024-07-24 14:14:04 å¸è½½ /bot/AutoDaZuoAndXueã€‚[0;39;49m
2024-07-24 14:15:15 å¸è½½ /bot/AutoDaZuoAndXueã€‚[0;39;49m
2024-07-24 14:16:36 å¸è½½ /bot/AutoDaZuoAndXueã€‚[0;39;49m
2024-07-24 14:19:14 å¸è½½ /bot/AutoDaZuoAndXueã€‚[0;39;49m
2024-07-24 14:21:23 å¸è½½ /bot/AutoDaZuoAndXueã€‚[0;39;49m
2024-07-24 14:22:08 æ¨¡å— lib/ui/keyboard å·²è½½å…¥ã€‚[0;39;49m
2024-07-24 14:22:08 æ¨¡å— lib/storage å·²è½½å…¥ã€‚[0;39;49m
2024-07-24 14:22:08 æ¨¡å— lib/storage å·²è½½å…¥ã€‚[0;39;49m
2024-07-24 14:22:08 æ¨¡å— lib/option å·²è½½å…¥ã€‚[0;39;49m
2024-07-24 14:22:08 æ¨¡å— lib/option å·²è½½å…¥ã€‚[0;39;49m
2024-07-24 14:22:10 æ¨¡å— lib/telnet å·²è½½å…¥ã€‚[0;39;49m
2024-07-24 14:22:10 å¸è½½ loginã€‚[0;39;49m
2024-07-24 14:22:10 æ¨¡å— lib/event å·²è½½å…¥ã€‚[0;39;49m
2024-07-24 14:22:10 æ¨¡å— lib/event å·²è½½å…¥ã€‚[0;39;49m
2024-07-24 14:22:10 æ¨¡å— lib/event å·²è½½å…¥ã€‚[0;39;49m
2024-07-24 14:22:10 æ¨¡å— lib/event å·²è½½å…¥ã€‚[0;39;49m
2024-07-24 14:22:10 æ¨¡å— lib/event å·²è½½å…¥ã€‚[0;39;49m
2024-07-24 14:22:10 æ¨¡å— lib/speedo å·²è½½å…¥ã€‚[0;39;49m
2024-07-24 14:22:10 æ¨¡å— lib/event å·²è½½å…¥ã€‚[0;39;49m
2024-07-24 14:22:10 æ¨¡å— lib/event å·²è½½å…¥ã€‚[0;39;49m
2024-07-24 14:22:10 æ¨¡å— lib/sync å·²è½½å…¥ã€‚[0;39;49m
2024-07-24 14:22:10 æ¨¡å— basic/title å·²è½½å…¥ã€‚[0;39;49m
2024-07-24 14:22:10 æ¨¡å— lib/event å·²è½½å…¥ã€‚[0;39;49m
2024-07-24 14:22:10 æ¨¡å— lib/event å·²è½½å…¥ã€‚[0;39;49m
2024-07-24 14:22:12 æ¨¡å— lib/telnet å·²è½½å…¥ã€‚[0;39;49m
2024-07-24 14:22:12 æ¨¡å— lib/option å·²è½½å…¥ã€‚[0;39;49m
2024-07-24 14:22:12 æ¨¡å— lib/event å·²è½½å…¥ã€‚[0;39;49m
2024-07-24 14:22:12 æ¨¡å— lib/gmcp å·²è½½å…¥ã€‚[0;39;49m
2024-07-24 14:43:44 å¸è½½ /bot/AutoBangMangã€‚[0;39;49m
2024-07-24 16:19:38 å¸è½½ ShortCutã€‚[0;39;49m
2024-07-24 16:21:26 æ¨¡å— lib/ui/keyboard å·²è½½å…¥ã€‚[0;39;49m
2024-07-24 16:21:26 æ¨¡å— lib/storage å·²è½½å…¥ã€‚[0;39;49m
2024-07-24 16:21:26 æ¨¡å— lib/storage å·²è½½å…¥ã€‚[0;39;49m
2024-07-24 16:21:26 æ¨¡å— lib/option å·²è½½å…¥ã€‚[0;39;49m
2024-07-24 16:21:26 æ¨¡å— lib/option å·²è½½å…¥ã€‚[0;39;49m
2024-07-24 16:21:29 æ¨¡å— lib/telnet å·²è½½å…¥ã€‚[0;39;49m
2024-07-24 16:21:29 å¸è½½ loginã€‚[0;39;49m
2024-07-24 16:21:29 æ¨¡å— lib/event å·²è½½å…¥ã€‚[0;39;49m
2024-07-24 16:21:29 æ¨¡å— lib/event å·²è½½å…¥ã€‚[0;39;49m
2024-07-24 16:21:29 æ¨¡å— lib/event å·²è½½å…¥ã€‚[0;39;49m
2024-07-24 16:21:29 æ¨¡å— lib/event å·²è½½å…¥ã€‚[0;39;49m
2024-07-24 16:21:29 æ¨¡å— lib/event å·²è½½å…¥ã€‚[0;39;49m
2024-07-24 16:21:29 æ¨¡å— lib/speedo å·²è½½å…¥ã€‚[0;39;49m
2024-07-24 16:21:29 æ¨¡å— lib/event å·²è½½å…¥ã€‚[0;39;49m
2024-07-24 16:21:29 æ¨¡å— lib/event å·²è½½å…¥ã€‚[0;39;49m
2024-07-24 16:21:29 æ¨¡å— lib/sync å·²è½½å…¥ã€‚[0;39;49m
2024-07-24 16:21:29 æ¨¡å— basic/title å·²è½½å…¥ã€‚[0;39;49m
2024-07-24 16:21:29 æ¨¡å— lib/event å·²è½½å…¥ã€‚[0;39;49m
2024-07-24 16:21:29 æ¨¡å— lib/event å·²è½½å…¥ã€‚[0;39;49m
2024-07-24 16:21:30 æ¨¡å— lib/telnet å·²è½½å…¥ã€‚[0;39;49m
2024-07-24 16:21:30 æ¨¡å— lib/option å·²è½½å…¥ã€‚[0;39;49m
2024-07-24 16:21:30 æ¨¡å— lib/event å·²è½½å…¥ã€‚[0;39;49m
2024-07-24 16:21:30 æ¨¡å— lib/gmcp å·²è½½å…¥ã€‚[0;39;49m
2024-07-24 16:23:04 å¸è½½ ShortCutã€‚[0;39;49m
2024-07-24 16:25:11 æ¨¡å— lib/ui/keyboard å·²è½½å…¥ã€‚[0;39;49m
2024-07-24 16:25:11 æ¨¡å— lib/storage å·²è½½å…¥ã€‚[0;39;49m
2024-07-24 16:25:11 æ¨¡å— lib/storage å·²è½½å…¥ã€‚[0;39;49m
2024-07-24 16:25:11 æ¨¡å— lib/option å·²è½½å…¥ã€‚[0;39;49m
2024-07-24 16:25:11 æ¨¡å— lib/option å·²è½½å…¥ã€‚[0;39;49m
2024-07-24 16:25:13 æ¨¡å— lib/telnet å·²è½½å…¥ã€‚[0;39;49m
2024-07-24 16:25:13 å¸è½½ loginã€‚[0;39;49m
2024-07-24 16:25:13 æ¨¡å— lib/event å·²è½½å…¥ã€‚[0;39;49m
2024-07-24 16:25:13 æ¨¡å— lib/event å·²è½½å…¥ã€‚[0;39;49m
2024-07-24 16:25:13 æ¨¡å— lib/event å·²è½½å…¥ã€‚[0;39;49m
2024-07-24 16:25:13 æ¨¡å— lib/event å·²è½½å…¥ã€‚[0;39;49m
2024-07-24 16:25:13 æ¨¡å— lib/event å·²è½½å…¥ã€‚[0;39;49m
2024-07-24 16:25:13 æ¨¡å— lib/speedo å·²è½½å…¥ã€‚[0;39;49m
2024-07-24 16:25:13 æ¨¡å— lib/event å·²è½½å…¥ã€‚[0;39;49m
2024-07-24 16:25:13 æ¨¡å— lib/event å·²è½½å…¥ã€‚[0;39;49m
2024-07-24 16:25:13 æ¨¡å— lib/sync å·²è½½å…¥ã€‚[0;39;49m
2024-07-24 16:25:13 æ¨¡å— basic/title å·²è½½å…¥ã€‚[0;39;49m
2024-07-24 16:25:13 æ¨¡å— lib/event å·²è½½å…¥ã€‚[0;39;49m
2024-07-24 16:25:13 æ¨¡å— lib/event å·²è½½å…¥ã€‚[0;39;49m
2024-07-24 16:25:15 æ¨¡å— lib/telnet å·²è½½å…¥ã€‚[0;39;49m
2024-07-24 16:25:15 æ¨¡å— lib/option å·²è½½å…¥ã€‚[0;39;49m
2024-07-24 16:25:15 æ¨¡å— lib/event å·²è½½å…¥ã€‚[0;39;49m
2024-07-24 16:25:15 æ¨¡å— lib/gmcp å·²è½½å…¥ã€‚[0;39;49m
2024-07-24 16:44:30 æ¨¡å— lib/ui/keyboard å·²è½½å…¥ã€‚[0;39;49m
2024-07-24 16:44:30 æ¨¡å— lib/storage å·²è½½å…¥ã€‚[0;39;49m
2024-07-24 16:44:30 æ¨¡å— lib/storage å·²è½½å…¥ã€‚[0;39;49m
2024-07-24 16:44:30 æ¨¡å— lib/option å·²è½½å…¥ã€‚[0;39;49m
2024-07-24 16:44:30 æ¨¡å— lib/option å·²è½½å…¥ã€‚[0;39;49m
2024-07-24 16:44:32 æ¨¡å— lib/telnet å·²è½½å…¥ã€‚[0;39;49m
2024-07-24 16:44:32 å¸è½½ loginã€‚[0;39;49m
2024-07-24 16:44:32 æ¨¡å— lib/event å·²è½½å…¥ã€‚[0;39;49m
2024-07-24 16:44:32 æ¨¡å— lib/event å·²è½½å…¥ã€‚[0;39;49m
2024-07-24 16:44:32 æ¨¡å— lib/event å·²è½½å…¥ã€‚[0;39;49m
2024-07-24 16:44:32 æ¨¡å— lib/event å·²è½½å…¥ã€‚[0;39;49m
2024-07-24 16:44:32 æ¨¡å— lib/event å·²è½½å…¥ã€‚[0;39;49m
2024-07-24 16:44:32 æ¨¡å— lib/speedo å·²è½½å…¥ã€‚[0;39;49m
2024-07-24 16:44:32 æ¨¡å— lib/event å·²è½½å…¥ã€‚[0;39;49m
2024-07-24 16:44:32 æ¨¡å— lib/event å·²è½½å…¥ã€‚[0;39;49m
2024-07-24 16:44:32 æ¨¡å— lib/sync å·²è½½å…¥ã€‚[0;39;49m
2024-07-24 16:44:32 æ¨¡å— basic/title å·²è½½å…¥ã€‚[0;39;49m
2024-07-24 16:44:32 æ¨¡å— lib/event å·²è½½å…¥ã€‚[0;39;49m
2024-07-24 16:44:32 æ¨¡å— lib/event å·²è½½å…¥ã€‚[0;39;49m
2024-07-24 16:44:32 æ¨¡å— lib/telnet å·²è½½å…¥ã€‚[0;39;49m
2024-07-24 16:44:32 æ¨¡å— lib/option å·²è½½å…¥ã€‚[0;39;49m
2024-07-24 16:44:32 æ¨¡å— lib/event å·²è½½å…¥ã€‚[0;39;49m
2024-07-24 16:44:32 æ¨¡å— lib/gmcp å·²è½½å…¥ã€‚[0;39;49m
2024-07-24 17:05:19 æ¨¡å— lib/ui/keyboard å·²è½½å…¥ã€‚[0;39;49m
2024-07-24 17:05:19 æ¨¡å— lib/storage å·²è½½å…¥ã€‚[0;39;49m
2024-07-24 17:05:19 æ¨¡å— lib/storage å·²è½½å…¥ã€‚[0;39;49m
2024-07-24 17:05:19 æ¨¡å— lib/option å·²è½½å…¥ã€‚[0;39;49m
2024-07-24 17:05:19 æ¨¡å— lib/option å·²è½½å…¥ã€‚[0;39;49m
2024-07-24 17:05:22 æ¨¡å— lib/telnet å·²è½½å…¥ã€‚[0;39;49m
2024-07-24 17:05:22 å¸è½½ loginã€‚[0;39;49m
2024-07-24 17:05:22 æ¨¡å— lib/event å·²è½½å…¥ã€‚[0;39;49m
2024-07-24 17:05:22 æ¨¡å— lib/event å·²è½½å…¥ã€‚[0;39;49m
2024-07-24 17:05:22 æ¨¡å— lib/event å·²è½½å…¥ã€‚[0;39;49m
2024-07-24 17:05:22 æ¨¡å— lib/event å·²è½½å…¥ã€‚[0;39;49m
2024-07-24 17:05:22 æ¨¡å— lib/event å·²è½½å…¥ã€‚[0;39;49m
2024-07-24 17:05:22 æ¨¡å— lib/speedo å·²è½½å…¥ã€‚[0;39;49m
2024-07-24 17:05:22 æ¨¡å— lib/event å·²è½½å…¥ã€‚[0;39;49m
2024-07-24 17:05:22 æ¨¡å— lib/event å·²è½½å…¥ã€‚[0;39;49m
2024-07-24 17:05:22 æ¨¡å— lib/sync å·²è½½å…¥ã€‚[0;39;49m
2024-07-24 17:05:22 æ¨¡å— basic/title å·²è½½å…¥ã€‚[0;39;49m
2024-07-24 17:05:22 æ¨¡å— lib/event å·²è½½å…¥ã€‚[0;39;49m
2024-07-24 17:05:22 æ¨¡å— lib/event å·²è½½å…¥ã€‚[0;39;49m
2024-07-24 17:05:22 æ¨¡å— lib/telnet å·²è½½å…¥ã€‚[0;39;49m
2024-07-24 17:05:22 æ¨¡å— lib/option å·²è½½å…¥ã€‚[0;39;49m
2024-07-24 17:05:22 æ¨¡å— lib/event å·²è½½å…¥ã€‚[0;39;49m
2024-07-24 17:05:22 æ¨¡å— lib/gmcp å·²è½½å…¥ã€‚[0;39;49m
2024-07-24 17:09:26 æ¨¡å— lib/ui/keyboard å·²è½½å…¥ã€‚[0;39;49m
2024-07-24 17:09:26 æ¨¡å— lib/storage å·²è½½å…¥ã€‚[0;39;49m
2024-07-24 17:09:26 æ¨¡å— lib/storage å·²è½½å…¥ã€‚[0;39;49m
2024-07-24 17:09:26 æ¨¡å— lib/option å·²è½½å…¥ã€‚[0;39;49m
2024-07-24 17:09:26 æ¨¡å— lib/option å·²è½½å…¥ã€‚[0;39;49m
2024-07-24 17:09:29 æ¨¡å— lib/telnet å·²è½½å…¥ã€‚[0;39;49m
2024-07-24 17:09:29 å¸è½½ loginã€‚[0;39;49m
2024-07-24 17:09:29 æ¨¡å— lib/event å·²è½½å…¥ã€‚[0;39;49m
2024-07-24 17:09:29 æ¨¡å— lib/event å·²è½½å…¥ã€‚[0;39;49m
2024-07-24 17:09:29 æ¨¡å— lib/event å·²è½½å…¥ã€‚[0;39;49m
2024-07-24 17:09:29 æ¨¡å— lib/event å·²è½½å…¥ã€‚[0;39;49m
2024-07-24 17:09:29 æ¨¡å— lib/event å·²è½½å…¥ã€‚[0;39;49m
2024-07-24 17:09:29 æ¨¡å— lib/speedo å·²è½½å…¥ã€‚[0;39;49m
2024-07-24 17:09:29 æ¨¡å— lib/event å·²è½½å…¥ã€‚[0;39;49m
2024-07-24 17:09:29 æ¨¡å— lib/event å·²è½½å…¥ã€‚[0;39;49m
2024-07-24 17:09:29 æ¨¡å— lib/sync å·²è½½å…¥ã€‚[0;39;49m
2024-07-24 17:09:29 æ¨¡å— basic/title å·²è½½å…¥ã€‚[0;39;49m
2024-07-24 17:09:29 æ¨¡å— lib/event å·²è½½å…¥ã€‚[0;39;49m
2024-07-24 17:09:29 æ¨¡å— lib/event å·²è½½å…¥ã€‚[0;39;49m
2024-07-24 17:09:29 æ¨¡å— lib/telnet å·²è½½å…¥ã€‚[0;39;49m
2024-07-24 17:09:29 æ¨¡å— lib/option å·²è½½å…¥ã€‚[0;39;49m
2024-07-24 17:09:29 æ¨¡å— lib/event å·²è½½å…¥ã€‚[0;39;49m
2024-07-24 17:09:29 æ¨¡å— lib/gmcp å·²è½½å…¥ã€‚[0;39;49m
2024-07-24 17:13:56 å¸è½½ ShortCutã€‚[0;39;49m
2024-07-24 17:18:46 æ¨¡å— lib/ui/keyboard å·²è½½å…¥ã€‚[0;39;49m
2024-07-24 17:18:46 æ¨¡å— lib/storage å·²è½½å…¥ã€‚[0;39;49m
2024-07-24 17:18:46 æ¨¡å— lib/storage å·²è½½å…¥ã€‚[0;39;49m
2024-07-24 17:18:46 æ¨¡å— lib/option å·²è½½å…¥ã€‚[0;39;49m
2024-07-24 17:18:46 æ¨¡å— lib/option å·²è½½å…¥ã€‚[0;39;49m
2024-07-24 17:18:48 æ¨¡å— lib/telnet å·²è½½å…¥ã€‚[0;39;49m
2024-07-24 17:18:48 å¸è½½ loginã€‚[0;39;49m
2024-07-24 17:18:48 æ¨¡å— lib/event å·²è½½å…¥ã€‚[0;39;49m
2024-07-24 17:18:48 æ¨¡å— lib/event å·²è½½å…¥ã€‚[0;39;49m
2024-07-24 17:18:48 æ¨¡å— lib/event å·²è½½å…¥ã€‚[0;39;49m
2024-07-24 17:18:48 æ¨¡å— lib/event å·²è½½å…¥ã€‚[0;39;49m
2024-07-24 17:18:48 æ¨¡å— lib/event å·²è½½å…¥ã€‚[0;39;49m
2024-07-24 17:18:48 æ¨¡å— lib/speedo å·²è½½å…¥ã€‚[0;39;49m
2024-07-24 17:18:48 æ¨¡å— lib/event å·²è½½å…¥ã€‚[0;39;49m
2024-07-24 17:18:48 æ¨¡å— lib/event å·²è½½å…¥ã€‚[0;39;49m
2024-07-24 17:18:48 æ¨¡å— lib/sync å·²è½½å…¥ã€‚[0;39;49m
2024-07-24 17:18:48 æ¨¡å— basic/title å·²è½½å…¥ã€‚[0;39;49m
2024-07-24 17:18:48 æ¨¡å— lib/event å·²è½½å…¥ã€‚[0;39;49m
2024-07-24 17:18:48 æ¨¡å— lib/event å·²è½½å…¥ã€‚[0;39;49m
2024-07-24 17:18:49 æ¨¡å— lib/telnet å·²è½½å…¥ã€‚[0;39;49m
2024-07-24 17:18:49 æ¨¡å— lib/option å·²è½½å…¥ã€‚[0;39;49m
2024-07-24 17:18:49 æ¨¡å— lib/event å·²è½½å…¥ã€‚[0;39;49m
2024-07-24 17:18:49 æ¨¡å— lib/gmcp å·²è½½å…¥ã€‚[0;39;49m
2024-07-24 17:22:32 æ¨¡å— lib/ui/keyboard å·²è½½å…¥ã€‚[0;39;49m
2024-07-24 17:22:32 æ¨¡å— lib/storage å·²è½½å…¥ã€‚[0;39;49m
2024-07-24 17:22:32 æ¨¡å— lib/storage å·²è½½å…¥ã€‚[0;39;49m
2024-07-24 17:22:32 æ¨¡å— lib/option å·²è½½å…¥ã€‚[0;39;49m
2024-07-24 17:22:32 æ¨¡å— lib/option å·²è½½å…¥ã€‚[0;39;49m
2024-07-24 17:22:35 æ¨¡å— lib/telnet å·²è½½å…¥ã€‚[0;39;49m
2024-07-24 17:22:35 å¸è½½ loginã€‚[0;39;49m
2024-07-24 17:22:35 æ¨¡å— lib/event å·²è½½å…¥ã€‚[0;39;49m
2024-07-24 17:22:35 æ¨¡å— lib/event å·²è½½å…¥ã€‚[0;39;49m
2024-07-24 17:22:35 æ¨¡å— lib/event å·²è½½å…¥ã€‚[0;39;49m
2024-07-24 17:22:35 æ¨¡å— lib/event å·²è½½å…¥ã€‚[0;39;49m
2024-07-24 17:22:35 æ¨¡å— lib/event å·²è½½å…¥ã€‚[0;39;49m
2024-07-24 17:22:35 æ¨¡å— lib/speedo å·²è½½å…¥ã€‚[0;39;49m
2024-07-24 17:22:35 æ¨¡å— lib/event å·²è½½å…¥ã€‚[0;39;49m
2024-07-24 17:22:35 æ¨¡å— lib/event å·²è½½å…¥ã€‚[0;39;49m
2024-07-24 17:22:35 æ¨¡å— lib/sync å·²è½½å…¥ã€‚[0;39;49m
2024-07-24 17:22:35 æ¨¡å— basic/title å·²è½½å…¥ã€‚[0;39;49m
2024-07-24 17:22:35 æ¨¡å— lib/event å·²è½½å…¥ã€‚[0;39;49m
2024-07-24 17:22:35 æ¨¡å— lib/event å·²è½½å…¥ã€‚[0;39;49m
2024-07-24 17:22:36 æ¨¡å— lib/telnet å·²è½½å…¥ã€‚[0;39;49m
2024-07-24 17:22:36 æ¨¡å— lib/option å·²è½½å…¥ã€‚[0;39;49m
2024-07-24 17:22:36 æ¨¡å— lib/event å·²è½½å…¥ã€‚[0;39;49m
2024-07-24 17:22:36 æ¨¡å— lib/gmcp å·²è½½å…¥ã€‚[0;39;49m
2024-07-24 17:30:21 æ¨¡å— lib/ui/keyboard å·²è½½å…¥ã€‚[0;39;49m
2024-07-24 17:30:21 æ¨¡å— lib/storage å·²è½½å…¥ã€‚[0;39;49m
2024-07-24 17:30:21 æ¨¡å— lib/storage å·²è½½å…¥ã€‚[0;39;49m
2024-07-24 17:30:21 æ¨¡å— lib/option å·²è½½å…¥ã€‚[0;39;49m
2024-07-24 17:30:21 æ¨¡å— lib/option å·²è½½å…¥ã€‚[0;39;49m
2024-07-24 17:30:23 æ¨¡å— lib/telnet å·²è½½å…¥ã€‚[0;39;49m
2024-07-24 17:30:23 å¸è½½ loginã€‚[0;39;49m
2024-07-24 17:30:23 æ¨¡å— lib/event å·²è½½å…¥ã€‚[0;39;49m
2024-07-24 17:30:23 æ¨¡å— lib/event å·²è½½å…¥ã€‚[0;39;49m
2024-07-24 17:30:23 æ¨¡å— lib/event å·²è½½å…¥ã€‚[0;39;49m
2024-07-24 17:30:23 æ¨¡å— lib/event å·²è½½å…¥ã€‚[0;39;49m
2024-07-24 17:30:23 æ¨¡å— lib/event å·²è½½å…¥ã€‚[0;39;49m
2024-07-24 17:30:23 æ¨¡å— lib/speedo å·²è½½å…¥ã€‚[0;39;49m
2024-07-24 17:30:23 æ¨¡å— lib/event å·²è½½å…¥ã€‚[0;39;49m
2024-07-24 17:30:23 æ¨¡å— lib/event å·²è½½å…¥ã€‚[0;39;49m
2024-07-24 17:30:23 æ¨¡å— lib/sync å·²è½½å…¥ã€‚[0;39;49m
2024-07-24 17:30:23 æ¨¡å— basic/title å·²è½½å…¥ã€‚[0;39;49m
2024-07-24 17:30:23 æ¨¡å— lib/event å·²è½½å…¥ã€‚[0;39;49m
2024-07-24 17:30:23 æ¨¡å— lib/event å·²è½½å…¥ã€‚[0;39;49m
2024-07-24 17:30:24 æ¨¡å— lib/telnet å·²è½½å…¥ã€‚[0;39;49m
2024-07-24 17:30:24 æ¨¡å— lib/option å·²è½½å…¥ã€‚[0;39;49m
2024-07-24 17:30:24 æ¨¡å— lib/event å·²è½½å…¥ã€‚[0;39;49m
2024-07-24 17:30:24 æ¨¡å— lib/gmcp å·²è½½å…¥ã€‚[0;39;49m
2024-07-24 17:33:23 æ¨¡å— lib/ui/keyboard å·²è½½å…¥ã€‚[0;39;49m
2024-07-24 17:33:23 æ¨¡å— lib/storage å·²è½½å…¥ã€‚[0;39;49m
2024-07-24 17:33:23 æ¨¡å— lib/storage å·²è½½å…¥ã€‚[0;39;49m
2024-07-24 17:33:23 æ¨¡å— lib/option å·²è½½å…¥ã€‚[0;39;49m
2024-07-24 17:33:23 æ¨¡å— lib/option å·²è½½å…¥ã€‚[0;39;49m
2024-07-24 17:33:25 æ¨¡å— lib/telnet å·²è½½å…¥ã€‚[0;39;49m
2024-07-24 17:33:25 å¸è½½ loginã€‚[0;39;49m
2024-07-24 17:33:25 æ¨¡å— lib/event å·²è½½å…¥ã€‚[0;39;49m
2024-07-24 17:33:25 æ¨¡å— lib/event å·²è½½å…¥ã€‚[0;39;49m
2024-07-24 17:33:25 æ¨¡å— lib/event å·²è½½å…¥ã€‚[0;39;49m
2024-07-24 17:33:25 æ¨¡å— lib/event å·²è½½å…¥ã€‚[0;39;49m
2024-07-24 17:33:25 æ¨¡å— lib/event å·²è½½å…¥ã€‚[0;39;49m
2024-07-24 17:33:25 æ¨¡å— lib/speedo å·²è½½å…¥ã€‚[0;39;49m
2024-07-24 17:33:25 æ¨¡å— lib/event å·²è½½å…¥ã€‚[0;39;49m
2024-07-24 17:33:25 æ¨¡å— lib/event å·²è½½å…¥ã€‚[0;39;49m
2024-07-24 17:33:25 æ¨¡å— lib/sync å·²è½½å…¥ã€‚[0;39;49m
2024-07-24 17:33:25 æ¨¡å— basic/title å·²è½½å…¥ã€‚[0;39;49m
2024-07-24 17:33:25 æ¨¡å— lib/event å·²è½½å…¥ã€‚[0;39;49m
2024-07-24 17:33:25 æ¨¡å— lib/event å·²è½½å…¥ã€‚[0;39;49m
2024-07-24 17:33:26 æ¨¡å— lib/telnet å·²è½½å…¥ã€‚[0;39;49m
2024-07-24 17:33:26 æ¨¡å— lib/option å·²è½½å…¥ã€‚[0;39;49m
2024-07-24 17:33:26 æ¨¡å— lib/event å·²è½½å…¥ã€‚[0;39;49m
2024-07-24 17:33:26 æ¨¡å— lib/gmcp å·²è½½å…¥ã€‚[0;39;49m
