2024-07-20 14:59:45 [0m[1;37m【江湖】以下是最近一小时之内死于非命的江湖儿女。[2;37;0m[0m[0;39;49m
2024-07-20 14:59:45 [0m [42m[30m   ▃▆▃   [2;37;0m[42m[31m[31m ▂▃▅▃▂ [2;37;0m[2;37;0m[42m[37m[37m ▂▃▅▃▂ [2;37;0m[2;37;0m[42m[30m   ▃▆▃   [2;37;0m[42m[31m[31m ▂▃▅▃▂ [2;37;0m[2;37;0m[42m[30m   ▃▆▃   [2;37;0m[42m[30m    ▂▂    [2;37;0m[0m[0;39;49m
2024-07-20 14:59:45 [0m [42m[34m   [2;37;0m[47m[30m▌[47m[1;30mo o [2;37;0m[42m[33m   [2;37;0m[42m[34m   [2;37;0m[43m[1;34m o  o [2;37;0m[42m[1;31m   [2;37;0m[42m[34m   [2;37;0m[43m[1;34m -  - [2;37;0m[42m   [2;37;0m[42m[34m   [2;37;0m[43m[30m▌[43m[1;34mo ·[2;37;0m[42m[33m   [2;37;0m[42m[34m   [2;37;0m[44m[1;34m o  o [2;37;0m[42m[1;31m   [2;37;0m[42m[34m   [2;37;0m[47m[30m▌[47m[1;30m⌒⌒[2;37;0m[42m[33m   [2;37;0m[42m[34m   [2;37;0m[43m[1;34m ⊙ ⊙[2;37;0m[42m   [2;37;0m[0m[0;39;49m
2024-07-20 14:59:45 [0m [42m   [41m[47m[30m▌ [2;37;0m[47m[31mo[2;37;0m[32m[47m▂[2;37;0m[42m   [2;37;0m[2;37;0m[42m[33m   [32m[47m[32m▂[2;37;0m[47m  [32m[47m[32m▂[2;37;0m[2;37;0m[42m   [2;37;0m[2;37;0m[42m[33m   [32m[43m▂[31m﹀[2;37;0m[32m[43m▂[2;37;0m[42m   [2;37;0m[2;37;0m[42m   [41m[43m[30m▌ [2;37;0m[43m[31m^[2;37;0m[32m[43m▂[2;37;0m[42m   [2;37;0m[2;37;0m[42m[34m   [32m[47m[32m▂[2;37;0m[47m  [32m[47m[32m▂[2;37;0m[2;37;0m[42m   [2;37;0m[2;37;0m[42m   [41m[46m[30m▌[2;37;0m[46m  [32m[46m[32m▂[2;37;0m[2;37;0m[42m   [2;37;0m[2;37;0m[42m[33m   [32m[43m▂[31m〇[2;37;0m[32m[43m▂[2;37;0m[42m   [2;37;0m[2;37;0m[0m[0;39;49m
2024-07-20 14:59:45 [0m [42;1m[1;30m 今晚打老虎 [2;37;0m[42;1m[1;30m   华英雄   [2;37;0m[42;1m[1;30m   李二狗   [2;37;0m[42;1m[1;30m    落栗    [2;37;0m[42;1m[1;30m    风影    [2;37;0m[42;1m[1;30m   一寸灰   [2;37;0m[42;1m[1;30m    神龙    [2;37;0m[0m[0;39;49m
2024-07-20 15:08:04 [0m[1;32m【交易】拍卖行[1;32m: 慕容小寒[2;37;0m[1;32m(gljx)拍得了[1;37m刑天之刀[2;37;0m[1;32m。[2;37;0m [0m[0;39;49m
2024-07-22 10:59:05 [0m[1;37m【江湖】以下是最近一小时之内死于非命的江湖儿女。[2;37;0m[0m[0;39;49m
2024-07-22 10:59:05 [0m [42m[36m[36m ▂▃▅▃▂ [2;37;0m[2;37;0m[42m[30m    ▂▂    [2;37;0m[42m[30m    ▂▂    [2;37;0m[42m[36m[36m ▂▃▅▃▂ [2;37;0m[2;37;0m[0m[0;39;49m
2024-07-22 10:59:05 [0m [42m[34m   [2;37;0m[43m[1;34m ⊙ ⊙[2;37;0m[42m[36m   [2;37;0m[42m[34m   [2;37;0m[43m[1;34m  ∞  [2;37;0m[42m   [2;37;0m[42m[34m   [2;37;0m[43m[1;34m  ∞  [2;37;0m[42m   [2;37;0m[42m[34m   [2;37;0m[43m[1;34m ⊙ ⊙[2;37;0m[42m[36m   [2;37;0m[0m[0;39;49m
2024-07-22 10:59:05 [0m [42m[33m   [32m[46m[32m▂[2;37;0m[46m  [32m[46m[32m▂[2;37;0m[2;37;0m[42m   [2;37;0m[2;37;0m[42m[33m   [32m[43m▂[31m﹀[2;37;0m[32m[43m▂[2;37;0m[42m   [2;37;0m[2;37;0m[42m[33m   [32m[43m▂[31m﹀[2;37;0m[32m[43m▂[2;37;0m[42m   [2;37;0m[2;37;0m[42m[33m   [32m[46m[32m▂[2;37;0m[46m  [32m[46m[32m▂[2;37;0m[2;37;0m[42m   [2;37;0m[2;37;0m[0m[0;39;49m
2024-07-22 10:59:05 [0m [42;1m[1;30m   夜逍遥   [2;37;0m[42;1m[1;30m   刘易斯   [2;37;0m[42;1m[1;30m   夜月寒   [2;37;0m[42;1m[1;30m   柳辛云   [2;37;0m[0m[0;39;49m
2024-07-22 11:04:05 [0m[1;32m【交易】拍卖行[1;32m: 政要(govera)开始拍卖[35m天羽丸[2;37;0m[1;32m，数量十粒, 单价三千两黄金。[2;37;0m [0m[0;39;49m
2024-07-22 11:08:28 [0m[1;32m【交易】拍卖行[1;32m: [1;37m慕容小虾[2;37;0m[1;32m(shrimp)拍得了[1;32m焚情面具[2;37;0m[1;32m。[2;37;0m [0m[0;39;49m
2024-07-22 11:08:33 [0m[1;32m【交易】拍卖行[1;32m: [1;37m慕容小虾[2;37;0m[1;32m(shrimp)拍得了[1;32m焚情面具[2;37;0m[1;32m。[2;37;0m [0m[0;39;49m
2024-07-22 13:59:20 [0m[1;37m【江湖】以下是最近一小时之内死于非命的江湖儿女。[2;37;0m[0m[0;39;49m
2024-07-22 13:59:20 [0m [42m[30m   ▄▄▄   [2;37;0m[42m[31m[31m ▂▃▅▃▂ [2;37;0m[2;37;0m[42m[31m[31m ▂▃▅▃▂ [2;37;0m[2;37;0m[42m[30m    ▂▂    [2;37;0m[0m[0;39;49m
2024-07-22 13:59:20 [0m [42m[34m   [2;37;0m[43m[1;34m o  o [2;37;0m[42m   [2;37;0m[42m[34m   [2;37;0m[43m[1;34m Θ Θ[2;37;0m[42m[1;30m   [2;37;0m[42m[34m   [2;37;0m[44m[1;34m ⊙ ⊙[2;37;0m[42m[1;31m   [2;37;0m[42m[34m   [2;37;0m[43m[1;34m ⊙ ⊙[2;37;0m[42m   [2;37;0m[0m[0;39;49m
2024-07-22 13:59:20 [0m [42m[33m   [32m[43m▂[31m〇[2;37;0m[32m[43m▂[2;37;0m[42m   [2;37;0m[2;37;0m[42m[33m   [32m[47m[32m▂[2;37;0m[47m  [32m[47m[32m▂[2;37;0m[2;37;0m[42m   [2;37;0m[2;37;0m[42m[34m   [32m[47m[32m▂[2;37;0m[47m  [32m[47m[32m▂[2;37;0m[2;37;0m[42m   [2;37;0m[2;37;0m[42m[33m   [32m[43m▂[31m﹀[2;37;0m[32m[43m▂[2;37;0m[42m   [2;37;0m[2;37;0m[0m[0;39;49m
2024-07-22 13:59:20 [0m [42;1m[1;30m 孤独十二剑 [2;37;0m[42;1m[1;30m    渡能    [2;37;0m[42;1m[1;30m    雨天    [2;37;0m[42;1m[1;30m   李长函   [2;37;0m[0m[0;39;49m
2024-07-22 14:59:26 [0m[1;37m【江湖】以下是最近一小时之内死于非命的江湖儿女。[2;37;0m[0m[0;39;49m
2024-07-22 14:59:26 [0m [42m[30m   ▃▆▃   [2;37;0m[42m[30m[30m ▂▃▅▃▂ [2;37;0m[2;37;0m[42m[37m[37m ▂▃▅▃▂ [2;37;0m[2;37;0m[42m[33m[33m ▂▃▅▃▂ [2;37;0m[2;37;0m[42m[31m[31m ▂▃▅▃▂ [2;37;0m[2;37;0m[0m[0;39;49m
2024-07-22 14:59:26 [0m [42m[34m   [2;37;0m[43m[1;34m -  - [2;37;0m[42m   [2;37;0m[42m[34m   [2;37;0m[43m[1;34m ō ō[2;37;0m[42m[1;30m   [2;37;0m[42m[34m   [2;37;0m[43m[1;34m -  - [2;37;0m[42m   [2;37;0m[42m[34m   [2;37;0m[44m[1;34m ⊙ ⊙[2;37;0m[42m[37m   [2;37;0m[42m[34m   [2;37;0m[43m[1;34m Θ Θ[2;37;0m[42m[1;30m   [2;37;0m[0m[0;39;49m
2024-07-22 14:59:26 [0m [42m[33m   [32m[43m▂[31m﹀[2;37;0m[32m[43m▂[2;37;0m[42m   [2;37;0m[2;37;0m[42m[33m   [32m[47m[32m▂[2;37;0m[47m  [32m[47m[32m▂[2;37;0m[2;37;0m[42m   [2;37;0m[2;37;0m[42m[33m   [32m[43m▂[31m﹀[2;37;0m[32m[43m▂[2;37;0m[42m   [2;37;0m[2;37;0m[42m[34m   [32m[47m[32m▂[2;37;0m[47m  [32m[47m[32m▂[2;37;0m[2;37;0m[42m   [2;37;0m[2;37;0m[42m[33m   [32m[47m[32m▂[2;37;0m[47m  [32m[47m[32m▂[2;37;0m[2;37;0m[42m   [2;37;0m[2;37;0m[0m[0;39;49m
2024-07-22 14:59:26 [0m [42;1m[1;30m  虚无空寂  [2;37;0m[42;1m[1;30m  天天搬砖  [2;37;0m[42;1m[1;30m   李二狗   [2;37;0m[42;1m[1;30m   胖大海   [2;37;0m[42;1m[1;30m    渡能    [2;37;0m[0m[0;39;49m
2024-07-22 15:54:58 [0m[1;32m【交易】拍卖行[1;32m: [1;37m苏察哈尔灿[2;37;0m[1;32m(stadioworks)取回了[36m煮酒之盾[2;37;0m[1;32m。[2;37;0m [0m[0;39;49m
2024-07-22 15:55:02 [0m[1;32m【交易】拍卖行[1;32m: [1;37m苏察哈尔灿[2;37;0m[1;32m(stadioworks)取回了[36m煮酒之靴[2;37;0m[1;32m。[2;37;0m [0m[0;39;49m
2024-07-22 15:55:05 [0m[1;32m【交易】拍卖行[1;32m: [1;37m苏察哈尔灿[2;37;0m[1;32m(stadioworks)取回了[36m天眷之盔[2;37;0m[1;32m。[2;37;0m [0m[0;39;49m
2024-07-22 15:55:10 [0m[1;32m【交易】拍卖行[1;32m: [1;37m苏察哈尔灿[2;37;0m[1;32m(stadioworks)取回了[36m煮酒之靴[2;37;0m[1;32m。[2;37;0m [0m[0;39;49m
2024-07-22 15:55:22 [0m[1;32m【交易】拍卖行[1;32m: [1;37m苏察哈尔灿[2;37;0m[1;32m(stadioworks)取回了[1;31m阿房之腰带[2;37;0m[1;32m。[2;37;0m [0m[0;39;49m
2024-07-22 15:55:25 [0m[1;32m【交易】拍卖行[1;32m: [1;37m苏察哈尔灿[2;37;0m[1;32m(stadioworks)取回了[1;31m阿房之盔[2;37;0m[1;32m。[2;37;0m [0m[0;39;49m
2024-07-22 16:06:36 [0m[1;32m【交易】拍卖行[1;32m: 慕容小寒[2;37;0m[1;32m(gljx)拍得了[1;37m刑天之刀[2;37;0m[1;32m。[2;37;0m [0m[0;39;49m
2024-07-22 16:59:35 [0m[1;37m【江湖】以下是最近一小时之内死于非命的江湖儿女。[2;37;0m[0m[0;39;49m
2024-07-22 16:59:35 [0m [42m[30m   ▃▆▃   [2;37;0m[42m[31m[31m ▂▃▅▃▂ [2;37;0m[2;37;0m[42m[30m    ▂▂    [2;37;0m[0m[0;39;49m
2024-07-22 16:59:35 [0m [42m[34m   [2;37;0m[43m[1;34m -  - [2;37;0m[42m   [2;37;0m[42m[34m   [2;37;0m[43m[1;34m Θ Θ[2;37;0m[42m[1;30m   [2;37;0m[42m[34m   [2;37;0m[43m[1;34m ⊙ ⊙[2;37;0m[42m   [2;37;0m[0m[0;39;49m
2024-07-22 16:59:35 [0m [42m[33m   [32m[43m▂[31m﹀[2;37;0m[32m[43m▂[2;37;0m[42m   [2;37;0m[2;37;0m[42m[33m   [32m[47m[32m▂[2;37;0m[47m  [32m[47m[32m▂[2;37;0m[2;37;0m[42m   [2;37;0m[2;37;0m[42m[33m   [32m[43m▂[31m〇[2;37;0m[32m[43m▂[2;37;0m[42m   [2;37;0m[2;37;0m[0m[0;39;49m
2024-07-22 16:59:35 [0m [42;1m[1;30m  虚无空寂  [2;37;0m[42;1m[1;30m    渡能    [2;37;0m[42;1m[1;30m    神龙    [2;37;0m[0m[0;39;49m
2024-07-22 17:59:39 [0m[1;37m【江湖】以下是最近一小时之内死于非命的江湖儿女。[2;37;0m[0m[0;39;49m
2024-07-22 17:59:39 [0m [42m[31m[31m ▂▃▅▃▂ [2;37;0m[2;37;0m[42m[30m   ▃▆▃   [2;37;0m[0m[0;39;49m
2024-07-22 17:59:39 [0m [42m[34m   [2;37;0m[47m[30m▌[47m[1;30m︶︶[2;37;0m[42m[33m   [2;37;0m[42m[34m   [2;37;0m[43m[1;34m -  - [2;37;0m[42m   [2;37;0m[0m[0;39;49m
2024-07-22 17:59:39 [0m [42m   [41m[43m[30m▌[2;37;0m[43m  [32m[43m[32m▂[2;37;0m[2;37;0m[42m   [2;37;0m[2;37;0m[42m[33m   [32m[43m▂[31m﹀[2;37;0m[32m[43m▂[2;37;0m[42m   [2;37;0m[2;37;0m[0m[0;39;49m
2024-07-22 17:59:39 [0m [42;1m[1;30m   街霸猫   [2;37;0m[42;1m[1;30m  虚无空寂  [2;37;0m[0m[0;39;49m
2024-07-23 11:54:49 [0m[1;32m【交易】拍卖行[1;32m: 上官隐(shgy)拍得了笑傲江湖。[2;37;0m [0m[0;39;49m
2024-07-23 11:59:01 [0m[1;37m【江湖】以下是最近一小时之内死于非命的江湖儿女。[2;37;0m[0m[0;39;49m
2024-07-23 11:59:01 [0m [42m[36m[36m ▂▃▅▃▂ [2;37;0m[2;37;0m[42m[30m   ▂▂▂   [2;37;0m[42m[37m[37m ▂▃▅▃▂ [2;37;0m[2;37;0m[42m[31m[31m ▂▃▅▃▂ [2;37;0m[2;37;0m[0m[0;39;49m
2024-07-23 11:59:01 [0m [42m[34m   [2;37;0m[43m[1;34m ō ō[2;37;0m[42m   [2;37;0m[42m[34m   [2;37;0m[43m[1;34m o · [2;37;0m[42m   [2;37;0m[42m[34m   [2;37;0m[43m[1;34m o  o [2;37;0m[42m   [2;37;0m[42m[34m   [2;37;0m[43m[1;34m Θ Θ[2;37;0m[42m[1;31m   [2;37;0m[0m[0;39;49m
2024-07-23 11:59:01 [0m [42m[33m   [32m[40m[32m▂[2;37;0m[40m  [32m[40m[32m▂[2;37;0m[2;37;0m[42m   [2;37;0m[2;37;0m[42m[33m   [32m[43m▂[31m＝[2;37;0m[32m[43m▂[2;37;0m[42m   [2;37;0m[2;37;0m[42m[33m   [32m[43m▂[31m〇[2;37;0m[32m[43m▂[2;37;0m[42m   [2;37;0m[2;37;0m[42m[33m   [32m[43m▂[31m—[2;37;0m[32m[43m▂[2;37;0m[42m   [2;37;0m[2;37;0m[0m[0;39;49m
2024-07-23 11:59:01 [0m [42;1m[1;30m    琴师    [2;37;0m[42;1m[1;30m  情时明月  [2;37;0m[42;1m[1;30m   令狐龙   [2;37;0m[42;1m[1;30m  钟离震坤  [2;37;0m[0m[0;39;49m
2024-07-23 12:59:07 [0m[1;37m【江湖】以下是最近一小时之内死于非命的江湖儿女。[2;37;0m[0m[0;39;49m
2024-07-23 12:59:07 [0m [42m[30m    ▂▂    [2;37;0m[42m[37m[37m ▂▃▅▃▂ [2;37;0m[2;37;0m[42m[30m    ▂▂    [2;37;0m[42m[30m   ▂▂▂   [2;37;0m[42m[30m   ▂▂▂   [2;37;0m[42m[33m            [2;37;0m[42m[30m   ▂▂▂   [2;37;0m[42m[31m[31m ▂▃▅▃▂ [2;37;0m[2;37;0m[0m[0;39;49m
2024-07-23 12:59:07 [0m [42m[34m   [2;37;0m[43m[1;34m Θ Θ[2;37;0m[42m   [2;37;0m[42m[34m   [2;37;0m[43m[1;34m o  o [2;37;0m[42m   [2;37;0m[42m[34m   [2;37;0m[43m[1;34m o  o [2;37;0m[42m   [2;37;0m[42m[34m   [2;37;0m[43m[1;34m o  o [2;37;0m[42m   [2;37;0m[42m[34m   [2;37;0m[43m[1;34m o  o [2;37;0m[42m   [2;37;0m[42m[34m   [2;37;0m[43m[1;34m o · [2;37;0m[42m   [2;37;0m[42m[34m   [2;37;0m[43m[1;34m o · [2;37;0m[42m   [2;37;0m[42m[34m   [2;37;0m[44m[1;34m ⊙ ⊙[2;37;0m[42m[1;32m   [2;37;0m[0m[0;39;49m
2024-07-23 12:59:07 [0m [42m[33m   [32m[40m[32m▂[2;37;0m[40m  [32m[40m[32m▂[2;37;0m[2;37;0m[42m   [2;37;0m[2;37;0m[42m[33m   [32m[43m▂[31m⌒[2;37;0m[32m[43m▂[2;37;0m[42m   [2;37;0m[2;37;0m[42m[33m   [32m[43m▂[31m—[2;37;0m[32m[43m▂[2;37;0m[42m   [2;37;0m[2;37;0m[42m[33m   [32m[43m▂[31m〇[2;37;0m[32m[43m▂[2;37;0m[42m   [2;37;0m[2;37;0m[42m[33m   [32m[43m▂[31m〇[2;37;0m[32m[43m▂[2;37;0m[42m   [2;37;0m[2;37;0m[42m[33m   [32m[43m▂[31m﹀[2;37;0m[32m[43m▂[2;37;0m[42m   [2;37;0m[2;37;0m[42m[33m   [32m[43m▂[31m＝[2;37;0m[32m[43m▂[2;37;0m[42m   [2;37;0m[2;37;0m[42m[34m   [32m[43m[32m▂[2;37;0m[43m  [32m[43m[32m▂[2;37;0m[2;37;0m[42m   [2;37;0m[2;37;0m[0m[0;39;49m
2024-07-23 12:59:07 [0m [42;1m[1;30m 孤独十四剑 [2;37;0m[42;1m[1;30m    小昆    [2;37;0m[42;1m[1;30m    蒙棣    [2;37;0m[42;1m[1;30m老蚂蚁去抄经[2;37;0m[42;1m[1;30m老蚂蚁还抄经[2;37;0m[42;1m[1;30m    虚七    [2;37;0m[42;1m[1;30m  情时明月  [2;37;0m[42;1m[1;30m    雪影    [2;37;0m[0m[0;39;49m
2024-07-23 13:59:11 [0m[1;37m【江湖】以下是最近一小时之内死于非命的江湖儿女。[2;37;0m[0m[0;39;49m
2024-07-23 13:59:11 [0m [42m[30m   ▂▂▂   [2;37;0m[42m[30m   ▂▂▂   [2;37;0m[42m[37m[37m ▂▃▅▃▂ [2;37;0m[2;37;0m[42m[37m[37m ▂▃▅▃▂ [2;37;0m[2;37;0m[0m[0;39;49m
2024-07-23 13:59:11 [0m [42m[34m   [2;37;0m[43m[1;34m  ∞  [2;37;0m[42m   [2;37;0m[42m[34m   [2;37;0m[43m[1;34m o  o [2;37;0m[42m   [2;37;0m[42m[34m   [2;37;0m[43m[1;34m -  - [2;37;0m[42m   [2;37;0m[42m[34m   [2;37;0m[43m[1;34m ·· [2;37;0m[42m   [2;37;0m[0m[0;39;49m
2024-07-23 13:59:11 [0m [42m[33m   [32m[43m▂[31m⌒[2;37;0m[32m[43m▂[2;37;0m[42m   [2;37;0m[2;37;0m[42m[33m   [32m[43m▂[31m⌒[2;37;0m[32m[43m▂[2;37;0m[42m   [2;37;0m[2;37;0m[42m[33m   [32m[43m▂[31m﹀[2;37;0m[32m[43m▂[2;37;0m[42m   [2;37;0m[2;37;0m[42m[33m   [32m[43m▂[31m﹀[2;37;0m[32m[43m▂[2;37;0m[42m   [2;37;0m[2;37;0m[0m[0;39;49m
2024-07-23 13:59:11 [0m [42;1m[1;30m  幻火凤凰  [2;37;0m[42;1m[1;30m    王也    [2;37;0m[42;1m[1;30m    澄澜    [2;37;0m[42;1m[1;30m    慧生    [2;37;0m[0m[0;39;49m
2024-07-23 14:59:16 [0m[1;37m【江湖】以下是最近一小时之内死于非命的江湖儿女。[2;37;0m[0m[0;39;49m
2024-07-23 14:59:16 [0m [42m[30m[30m ▂▃▅▃▂ [2;37;0m[2;37;0m[42m[37m[37m ▂▃▅▃▂ [2;37;0m[2;37;0m[42m[30m    ▂▂    [2;37;0m[0m[0;39;49m
2024-07-23 14:59:16 [0m [42m[34m   [2;37;0m[43m[1;34m o · [2;37;0m[42m[1;30m   [2;37;0m[42m[34m   [2;37;0m[43m[1;34m -  - [2;37;0m[42m   [2;37;0m[42m[34m   [2;37;0m[43m[1;34m o  o [2;37;0m[42m   [2;37;0m[0m[0;39;49m
2024-07-23 14:59:16 [0m [42m[33m   [32m[47m[32m▂[2;37;0m[47m  [32m[47m[32m▂[2;37;0m[2;37;0m[42m   [2;37;0m[2;37;0m[42m[33m   [32m[43m▂[31m﹀[2;37;0m[32m[43m▂[2;37;0m[42m   [2;37;0m[2;37;0m[42m[33m   [32m[43m▂[31m＝[2;37;0m[32m[43m▂[2;37;0m[42m   [2;37;0m[2;37;0m[0m[0;39;49m
2024-07-23 14:59:16 [0m [42;1m[1;30m    微风    [2;37;0m[42;1m[1;30m   李二狗   [2;37;0m[42;1m[1;30m   山之光   [2;37;0m[0m[0;39;49m
2024-07-23 15:09:13 [0m[1;32m【交易】拍卖行[1;32m: 道奇(dodge)拍得了[33m四十二章经[2;37;0m[1;32m。[2;37;0m [0m[0;39;49m
2024-07-23 15:09:17 [0m[1;32m【交易】拍卖行[1;32m: 道奇(dodge)拍得了[33m四十二章经[2;37;0m[1;32m。[2;37;0m [0m[0;39;49m
2024-07-23 15:09:27 [0m[1;32m【交易】拍卖行[1;32m: 道奇(dodge)拍得了[37m四十二章经[2;37;0m[1;32m。[2;37;0m [0m[0;39;49m
2024-07-23 15:09:37 [0m[1;32m【交易】拍卖行[1;32m: 道奇(dodge)拍得了[37m四十二章经[2;37;0m[1;32m。[2;37;0m [0m[0;39;49m
2024-07-23 15:09:42 [0m[1;32m【交易】拍卖行[1;32m: 道奇(dodge)拍得了[1;37m四十二章经[2;37;0m[1;32m。[2;37;0m [0m[0;39;49m
2024-07-23 15:09:45 [0m[1;32m【交易】拍卖行[1;32m: 道奇(dodge)拍得了[1;37m四十二章经[2;37;0m[1;32m。[2;37;0m [0m[0;39;49m
2024-07-24 09:59:16 [0m[1;37m【江湖】以下是最近一小时之内死于非命的江湖儿女。[2;37;0m[0m[0;39;49m
2024-07-24 09:59:16 [0m [42m[37m[37m ▂▃▅▃▂ [2;37;0m[2;37;0m[42m[31m[31m ▂▃▅▃▂ [2;37;0m[2;37;0m[42m[30m   ▄▄▄   [2;37;0m[42m[31m[31m ▂▃▅▃▂ [2;37;0m[2;37;0m[0m[0;39;49m
2024-07-24 09:59:16 [0m [42m[34m   [2;37;0m[43m[1;34m ō ō[2;37;0m[42m[37m   [2;37;0m[42m[34m   [2;37;0m[44m[1;34m o  o [2;37;0m[42m[1;31m   [2;37;0m[42m[34m   [2;37;0m[43m[1;34m ·· [2;37;0m[42m   [2;37;0m[42m[34m   [2;37;0m[43m[1;34m Θ Θ[2;37;0m[42m[1;30m   [2;37;0m[0m[0;39;49m
2024-07-24 09:59:16 [0m [42m[33m   [32m[47m[32m▂[2;37;0m[47m  [32m[47m[32m▂[2;37;0m[2;37;0m[42m   [2;37;0m[2;37;0m[42m[34m   [32m[47m[32m▂[2;37;0m[47m  [32m[47m[32m▂[2;37;0m[2;37;0m[42m   [2;37;0m[2;37;0m[42m[33m   [32m[43m▂[31m﹀[2;37;0m[32m[43m▂[2;37;0m[42m   [2;37;0m[2;37;0m[42m[33m   [32m[47m[32m▂[2;37;0m[47m  [32m[47m[32m▂[2;37;0m[2;37;0m[42m   [2;37;0m[2;37;0m[0m[0;39;49m
2024-07-24 09:59:16 [0m [42;1m[1;30m  雪山剑神  [2;37;0m[42;1m[1;30m    饭煲    [2;37;0m[42;1m[1;30m   墨叶舞   [2;37;0m[42;1m[1;30m    渡能    [2;37;0m[0m[0;39;49m
2024-07-24 10:59:22 [0m[1;37m【江湖】以下是最近一小时之内死于非命的江湖儿女。[2;37;0m[0m[0;39;49m
2024-07-24 10:59:22 [0m [42m[30m   ▂▂▂   [2;37;0m[42m[37m[37m ▂▃▅▃▂ [2;37;0m[2;37;0m[42m[30m   ▂▂▂   [2;37;0m[42m[33m[33m ▂▃▅▃▂ [2;37;0m[2;37;0m[0m[0;39;49m
2024-07-24 10:59:22 [0m [42m[34m   [2;37;0m[43m[1;34m -  - [2;37;0m[42m   [2;37;0m[42m[34m   [2;37;0m[43m[1;34m -  - [2;37;0m[42m   [2;37;0m[42m[34m   [2;37;0m[43m[1;34m ⊙ ⊙[2;37;0m[42m   [2;37;0m[42m[34m   [2;37;0m[43m[1;34m ō ō[2;37;0m[42m[37m   [2;37;0m[0m[0;39;49m
2024-07-24 10:59:22 [0m [42m[33m   [32m[43m▂[31m﹀[2;37;0m[32m[43m▂[2;37;0m[42m   [2;37;0m[2;37;0m[42m[33m   [32m[43m▂[31m﹀[2;37;0m[32m[43m▂[2;37;0m[42m   [2;37;0m[2;37;0m[42m[33m   [32m[43m▂[31m〇[2;37;0m[32m[43m▂[2;37;0m[42m   [2;37;0m[2;37;0m[42m[33m   [32m[47m[32m▂[2;37;0m[47m  [32m[47m[32m▂[2;37;0m[2;37;0m[42m   [2;37;0m[2;37;0m[0m[0;39;49m
2024-07-24 10:59:22 [0m [42;1m[1;30m 神箭咚咚咚 [2;37;0m[42;1m[1;30m   李二狗   [2;37;0m[42;1m[1;30m    吾帅    [2;37;0m[42;1m[1;30m    球王    [2;37;0m[0m[0;39;49m
2024-07-24 11:21:22 [0m[1;32m【交易】拍卖行[1;32m: [1;33m独孤剑[2;37;0m[1;32m(dugujian)拍得了[37m四十二章经[2;37;0m[1;32m。[2;37;0m [0m[0;39;49m
2024-07-24 11:21:29 [0m[1;32m【交易】拍卖行[1;32m: [1;33m独孤剑[2;37;0m[1;32m(dugujian)拍得了[1;37m四十二章经[2;37;0m[1;32m。[2;37;0m [0m[0;39;49m
2024-07-24 11:21:38 [0m[1;32m【交易】拍卖行[1;32m: [1;33m独孤剑[2;37;0m[1;32m(dugujian)拍得了[34m四十二章经[2;37;0m[1;32m。[2;37;0m [0m[0;39;49m
2024-07-24 11:21:48 [0m[1;32m【交易】拍卖行[1;32m: [1;33m独孤剑[2;37;0m[1;32m(dugujian)拍得了[1;33m四十二章经[2;37;0m[1;32m。[2;37;0m [0m[0;39;49m
2024-07-24 11:21:58 [0m[1;32m【交易】拍卖行[1;32m: [1;33m独孤剑[2;37;0m[1;32m(dugujian)拍得了[31m四十二章经[2;37;0m[1;32m。[2;37;0m [0m[0;39;49m
2024-07-24 11:22:13 [0m[1;32m【交易】拍卖行[1;32m: [1;33m独孤剑[2;37;0m[1;32m(dugujian)拍得了[1;34m四十二章经[2;37;0m[1;32m。[2;37;0m [0m[0;39;49m
2024-07-24 11:24:23 [0m[1;32m【交易】拍卖行[1;32m: [1;37m若处兮[2;37;0m[1;32m(ruoxi)开始拍卖[31m四十二章经[2;37;0m[1;32m，售价五十两黄金。[2;37;0m [0m[0;39;49m
2024-07-24 11:38:44 [0m[1;32m【交易】拍卖行[1;32m: 快乐(ngnga)拍得了[1;33m四十二章经[2;37;0m[1;32m。[2;37;0m [0m[0;39;49m
2024-07-24 11:39:58 [0m[1;32m【交易】拍卖行[1;32m: [1;37m若处兮[2;37;0m[1;32m(ruoxi)开始拍卖[1;33m四十二章经[2;37;0m[1;32m，售价三十两黄金。[2;37;0m [0m[0;39;49m
2024-07-24 11:40:20 [0m[1;32m【交易】拍卖行[1;32m: 快乐(ngnga)拍得了[31m四十二章经[2;37;0m[1;32m。[2;37;0m [0m[0;39;49m
2024-07-24 11:41:38 [0m[1;32m【交易】拍卖行[1;32m: [1;37m若处兮[2;37;0m[1;32m(ruoxi)开始拍卖[31m四十二章经[2;37;0m[1;32m，售价五十两黄金。[2;37;0m [0m[0;39;49m
2024-07-24 11:59:28 [0m[1;37m【江湖】以下是最近一小时之内死于非命的江湖儿女。[2;37;0m[0m[0;39;49m
2024-07-24 11:59:28 [0m [42m[37m[37m ▂▃▅▃▂ [2;37;0m[2;37;0m[42m[31m[31m ▂▃▅▃▂ [2;37;0m[2;37;0m[0m[0;39;49m
2024-07-24 11:59:28 [0m [42m[34m   [2;37;0m[44m[1;34m · o [2;37;0m[42m[1;30m   [2;37;0m[42m[34m   [2;37;0m[43m[1;34m Θ Θ[2;37;0m[42m[1;30m   [2;37;0m[0m[0;39;49m
2024-07-24 11:59:28 [0m [42m[34m   [32m[40m[32m▂[2;37;0m[40m  [32m[40m[32m▂[2;37;0m[2;37;0m[42m   [2;37;0m[2;37;0m[42m[33m   [32m[47m[32m▂[2;37;0m[47m  [32m[47m[32m▂[2;37;0m[2;37;0m[42m   [2;37;0m[2;37;0m[0m[0;39;49m
2024-07-24 11:59:28 [0m [42;1m[1;30m   青人贵   [2;37;0m[42;1m[1;30m    渡能    [2;37;0m[0m[0;39;49m
2024-07-24 12:33:01 [0m[1;32m【交易】[1;33m玩家广告现有少量位置出租，可在榷场[1;33m使用post <内容>发布广告，费用一百锭[1;33m黄金[2;37;0m[1;32m[1;33m/天。[2;37;0m [0m[0;39;49m
2024-07-24 12:48:42 [0m[1;32m【交易】拍卖行[1;32m: [1;37m许文弱[2;37;0m[1;32m(risc)拍得了[34m冰龙散[2;37;0m[1;32m。[2;37;0m [0m[0;39;49m
2024-07-24 12:48:43 [0m[1;32m【交易】拍卖行[1;32m: [1;37m许文弱[2;37;0m[1;32m(risc)拍得了[34m冰龙散[2;37;0m[1;32m。[2;37;0m [0m[0;39;49m
2024-07-24 12:59:34 [0m[1;37m【江湖】以下是最近一小时之内死于非命的江湖儿女。[2;37;0m[0m[0;39;49m
2024-07-24 12:59:34 [0m [42m[30m   ▄▄▄   [2;37;0m[0m[0;39;49m
2024-07-24 12:59:34 [0m [42m[34m   [2;37;0m[43m[1;34m -  - [2;37;0m[42m   [2;37;0m[0m[0;39;49m
2024-07-24 12:59:34 [0m [42m[33m   [32m[43m▂[31m﹀[2;37;0m[32m[43m▂[2;37;0m[42m   [2;37;0m[2;37;0m[0m[0;39;49m
2024-07-24 12:59:34 [0m [42;1m[1;30m   李二狗   [2;37;0m[0m[0;39;49m
2024-07-24 13:59:42 [0m[1;37m【江湖】以下是最近一小时之内死于非命的江湖儿女。[2;37;0m[0m[0;39;49m
2024-07-24 13:59:42 [0m [42m[36m[36m ▂▃▅▃▂ [2;37;0m[2;37;0m[42m[30m   ▃▆▃   [2;37;0m[0m[0;39;49m
2024-07-24 13:59:42 [0m [42m[34m   [2;37;0m[43m[1;34m ō ō[2;37;0m[42m   [2;37;0m[42m[34m   [2;37;0m[43m[1;34m o  o [2;37;0m[42m   [2;37;0m[0m[0;39;49m
2024-07-24 13:59:42 [0m [42m[33m   [32m[40m[32m▂[2;37;0m[40m  [32m[40m[32m▂[2;37;0m[2;37;0m[42m   [2;37;0m[2;37;0m[42m[33m   [32m[43m▂[31m﹀[2;37;0m[32m[43m▂[2;37;0m[42m   [2;37;0m[2;37;0m[0m[0;39;49m
2024-07-24 13:59:42 [0m [42;1m[1;30m    琴师    [2;37;0m[42;1m[1;30m  真水无香  [2;37;0m[0m[0;39;49m
2024-07-24 14:09:47 [0;1m[2;37;0m[1;32m【交易】拍卖行[1;32m: 贝阿(barderba)拍得了[1;30m玄沌之戒指[2;37;0m[1;32m。[2;37;0m [0m[0;39;49m
2024-07-24 14:49:53 [0m[1;32m【交易】拍卖行[1;32m: 晓月星(xiaoyuegx)拍得了[36m酥骨之面具[2;37;0m[1;32m。[2;37;0m [0m[0;39;49m
2024-07-24 14:50:45 [0m[1;32m【交易】拍卖行[1;32m: 晓月星(xiaoyuegx)拍得了[1;37m刑天之刀[2;37;0m[1;32m。[2;37;0m [0m[0;39;49m
2024-07-24 15:59:55 [0m[1;37m【江湖】以下是最近一小时之内死于非命的江湖儿女。[2;37;0m[0m[0;39;49m
2024-07-24 15:59:55 [0m [42m[30m[30m ▂▃▅▃▂ [2;37;0m[2;37;0m[42m[30m    ▂▂    [2;37;0m[42m[31m[31m ▂▃▅▃▂ [2;37;0m[2;37;0m[42m[30m    ▂▂    [2;37;0m[42m[36m[36m ▂▃▅▃▂ [2;37;0m[2;37;0m[42m[30m   ▄▄▄   [2;37;0m[0m[0;39;49m
2024-07-24 15:59:55 [0m [42m[34m   [2;37;0m[43m[1;34mー  ー[2;37;0m[42m[1;30m   [2;37;0m[42m[34m   [2;37;0m[43m[1;34m o  o [2;37;0m[42m   [2;37;0m[42m[34m   [2;37;0m[43m[1;34m Θ Θ[2;37;0m[42m[1;30m   [2;37;0m[42m[34m   [2;37;0m[43m[1;34m o  o [2;37;0m[42m   [2;37;0m[42m[34m   [2;37;0m[43m[1;34m ō ō[2;37;0m[42m   [2;37;0m[42m[34m   [2;37;0m[43m[1;34m  ∞  [2;37;0m[42m   [2;37;0m[0m[0;39;49m
2024-07-24 15:59:55 [0m [42m[33m   [32m[47m[32m▂[2;37;0m[47m  [32m[47m[32m▂[2;37;0m[2;37;0m[42m   [2;37;0m[2;37;0m[42m[33m   [32m[43m▂[31m＝[2;37;0m[32m[43m▂[2;37;0m[42m   [2;37;0m[2;37;0m[42m[33m   [32m[47m[32m▂[2;37;0m[47m  [32m[47m[32m▂[2;37;0m[2;37;0m[42m   [2;37;0m[2;37;0m[42m[33m   [32m[43m▂[31m﹀[2;37;0m[32m[43m▂[2;37;0m[42m   [2;37;0m[2;37;0m[42m[33m   [32m[40m[32m▂[2;37;0m[40m  [32m[40m[32m▂[2;37;0m[2;37;0m[42m   [2;37;0m[2;37;0m[42m[33m   [32m[43m▂[31m〇[2;37;0m[32m[43m▂[2;37;0m[42m   [2;37;0m[2;37;0m[0m[0;39;49m
2024-07-24 15:59:55 [0m [42;1m[1;30m    微风    [2;37;0m[42;1m[1;30m   山之光   [2;37;0m[42;1m[1;30m    渡能    [2;37;0m[42;1m[1;30m   绿青蛙   [2;37;0m[42;1m[1;30m    琴师    [2;37;0m[42;1m[1;30m查拉图斯特拉[2;37;0m[0m[0;39;49m
2024-07-24 16:59:06 [0;1m[2;37;0m[1;37m【江湖】以下是最近一小时之内死于非命的江湖儿女。[2;37;0m[0m[0;39;49m
2024-07-24 16:59:06 [0m [42m[34m[34m ▂▃▅▃▂ [2;37;0m[2;37;0m[42m[31m[31m ▂▃▅▃▂ [2;37;0m[2;37;0m[42m[30m   ▃▆▃   [2;37;0m[42m[37m[37m ▂▃▅▃▂ [2;37;0m[2;37;0m[42m[37m[37m ▂▃▅▃▂ [2;37;0m[2;37;0m[42m[30m   ▄▄▄   [2;37;0m[42m[30m   ▃▆▃   [2;37;0m[0m[0;39;49m
2024-07-24 16:59:06 [0m [42m[34m   [2;37;0m[47m[30m▌[47m[1;30m⌒⌒[2;37;0m[42m[33m   [2;37;0m[42m[34m   [2;37;0m[43m[1;34m ō ō[2;37;0m[42m[37m   [2;37;0m[42m[34m   [2;37;0m[47m[30m▌[47m[1;30mo o [2;37;0m[42m[33m   [2;37;0m[42m[34m   [2;37;0m[47m[1;30m o  o [2;37;0m[42m[1;31m   [2;37;0m[42m[34m   [2;37;0m[43m[1;34m  ∞  [2;37;0m[42m   [2;37;0m[42m[34m   [2;37;0m[43m[1;34mー  ー[2;37;0m[42m   [2;37;0m[42m[34m   [2;37;0m[43m[30m▌[43m[1;34m·o [2;37;0m[42m[33m   [2;37;0m[0m[0;39;49m
2024-07-24 16:59:06 [0m [42m   [41m[41m[30m▌[2;37;0m[41m  [32m[41m[32m▂[2;37;0m[2;37;0m[42m   [2;37;0m[2;37;0m[42m[33m   [32m[40m[32m▂[2;37;0m[40m  [32m[40m[32m▂[2;37;0m[2;37;0m[42m   [2;37;0m[2;37;0m[42m   [41m[47m[30m▌ [2;37;0m[47m[31mo[2;37;0m[32m[47m▂[2;37;0m[42m   [2;37;0m[2;37;0m[42m[37m   [32m[43m[32m▂[2;37;0m[43m  [32m[43m[32m▂[2;37;0m[2;37;0m[42m   [2;37;0m[2;37;0m[42m[33m   [32m[43m▂[31m⌒[2;37;0m[32m[43m▂[2;37;0m[42m   [2;37;0m[2;37;0m[42m[33m   [32m[43m▂[31m﹀[2;37;0m[32m[43m▂[2;37;0m[42m   [2;37;0m[2;37;0m[42m   [41m[43m[30m▌ [2;37;0m[43m[31m-[2;37;0m[32m[43m▂[2;37;0m[42m   [2;37;0m[2;37;0m[0m[0;39;49m
2024-07-24 16:59:06 [0m [42;1m[1;30m俏丶三上悠亚[2;37;0m[42;1m[1;30m    枫叶    [2;37;0m[42;1m[1;30m  毛毛同学  [2;37;0m[42;1m[1;30m    表哥    [2;37;0m[42;1m[1;30m    云天    [2;37;0m[42;1m[1;30m   李二狗   [2;37;0m[42;1m[1;30m 代山雨木木 [2;37;0m[0m[0;39;49m
2024-07-24 17:21:36 [0;1m[2;37;0m[1;32m【交易】拍卖行[1;32m: [1;37m渡柳[2;37;0m[1;32m(chenee)开始拍卖[1;31m易水寒之护腕[2;37;0m[1;32m，售价十两黄金。[2;37;0m [0m[0;39;49m
