2024-07-20 14:43:52 [0m[37m【北侠QQ群】[37m青城派-泥人张(nrz)(924697122): 【回复@星宿派逍遥仙-小虫(ciss)(249682816)：你说道:“高手您仙福永享，寿与天齐。弟子罪该万死，求您老人家放过我吧。”[0m[0;39;49m
2024-07-20 14:43:52 [0;37m【北侠QQ群】青城派-泥人张(nrz)(924697122): 你乘关无护出手速度变慢的机会，溜了开去。】 大宗师打架还求饶[2;37;0m [0m[0;39;49m
2024-07-20 14:44:07 [0m[37m【北侠QQ群】🐉[37m星宿派逍遥仙-小虫(ciss)(249682816): 我是星宿派[2;37;0m [0m[0;39;49m
2024-07-20 14:44:13 [0m[37m【北侠QQ群】🐉[37m星宿派逍遥仙-小虫(ciss)(249682816): 这都是套路[2;37;0m [0m[0;39;49m
2024-07-20 14:45:15 [0m[37m【北侠QQ群】[37m少林寺-渡远(infinity)(3908588): 【图片】这台如何[2;37;0m [0m[0;39;49m
2024-07-20 14:45:27 [0m[37m【北侠QQ群】🐉[37m星宿派逍遥仙-小虫(ciss)(249682816): 看他不注意 反手给啊个火球[2;37;0m [0m[0;39;49m
2024-07-20 14:46:42 [0;32m[2;37;0m[37m【北侠QQ群】🐉[37m星宿派逍遥仙-小虫(ciss)(249682816): 刺杀 挺多[2;37;0m [0m[0;39;49m
2024-07-20 14:46:53 [0m[37m【北侠QQ群】🐉[37m星宿派逍遥仙-小虫(ciss)(249682816): 1万一个 还要做120次[2;37;0m [0m[0;39;49m
2024-07-20 14:46:57 [0m[37m【北侠QQ群】🐉蒙面人[2;37;0m[1;32m(Goldyear)[2;37;0m[37m: [37m还好，我现在有1万5左右一次[2;37;0m [0m[0;39;49m
2024-07-20 14:47:04 [0m[37m【北侠QQ群】[37m星宿派-东方未明(tomatoz)(3024814506): 星宿辨毒怎么弄？l du cao后没提示形状和颜色，有时候还会出现毒草未定义。。[2;37;0m [0m[0;39;49m
2024-07-20 14:47:07 [0m[37m【北侠QQ群】🐉[37m星宿派逍遥仙-小虫(ciss)(249682816): 嗯 那挺好[2;37;0m [0m[0;39;49m
2024-07-20 14:47:19 [0m[37m【北侠QQ群】🐉[37m星宿派逍遥仙-小虫(ciss)(249682816): 不用管 定义那个[2;37;0m [0m[0;39;49m
2024-07-20 14:47:26 [0m[37m【北侠QQ群】🐉[37m星宿派逍遥仙-小虫(ciss)(249682816): 颜色 形状对 就去交任务[2;37;0m [0m[0;39;49m
2024-07-20 14:47:30 [0m[37m【北侠QQ群】🐉[37m星宿派逍遥仙-小虫(ciss)(249682816): 不对 继续挖[2;37;0m [0m[0;39;49m
2024-07-20 14:47:37 [0m[37m【北侠QQ群】[37m青城派-泥人张(nrz)(924697122): 好台子[2;37;0m [0m[0;39;49m
2024-07-20 14:47:43 [0m[37m【北侠QQ群】[37m青城派-泥人张(nrz)(924697122): 给我做我一天就做完[2;37;0m [0m[0;39;49m
2024-07-20 14:47:56 [0m[37m【北侠QQ群】[1;31m嬴子夜[2;37;0m[2;37;0m[1;32m(Foolish)[2;37;0m[37m: [37m膜拜青菜大佬[2;37;0m [0m[0;39;49m
2024-07-20 14:47:58 [0m[37m【北侠QQ群】🐉[37m星宿派逍遥仙-小虫(ciss)(249682816): 【表情】[2;37;0m [0m[0;39;49m
2024-07-20 14:48:01 [0m[37m【北侠QQ群】[37m青城派-泥人张(nrz)(924697122): 吹牛了，两天吧[2;37;0m [0m[0;39;49m
2024-07-20 14:48:03 [0m[37m【北侠QQ群】[37m少林寺-渡远(infinity)(3908588): 不可能吧[2;37;0m [0m[0;39;49m
2024-07-20 14:48:05 [0m[37m【北侠QQ群】🐉[37m星宿派逍遥仙-小虫(ciss)(249682816): 膜拜大佬[2;37;0m [0m[0;39;49m
2024-07-20 14:48:14 [0m[37m【北侠QQ群】[37m星宿派-东方未明(tomatoz)(3024814506): 【图片】怎么看颜色和形状？[2;37;0m [0m[0;39;49m
2024-07-20 14:50:56 [0m[37m【北侠QQ群】🐉[37m星宿派逍遥仙-小虫(ciss)(249682816): 不应该都是一个三色啊[2;37;0m [0m[0;39;49m
2024-07-20 14:51:03 [0m[37m【北侠QQ群】[1;31m嬴子夜[2;37;0m[2;37;0m[1;32m(Foolish)[2;37;0m[37m: [37m韩员外：五十五次[2;37;0m [0m[0;39;49m
2024-07-20 14:51:05 [0m[37m【北侠QQ群】[37m星宿派-东方未明(tomatoz)(3024814506): 我没看明白颜色到底咋看出来的，文字的颜色吗[2;37;0m [0m[0;39;49m
2024-07-20 14:51:12 [0m[37m【北侠QQ群】[1;31m嬴子夜[2;37;0m[2;37;0m[1;32m(Foolish)[2;37;0m[37m: [37m完不成了 老上榜[2;37;0m [0m[0;39;49m
2024-07-20 14:51:28 [0m[37m【北侠QQ群】🐉[37m星宿派逍遥仙-小虫(ciss)(249682816): 额  组成叶子的 代码不就是白色吗[2;37;0m [0m[0;39;49m
2024-07-20 14:52:00 [0m[37m【北侠QQ群】[37m星宿派-东方未明(tomatoz)(3024814506): 红色的话，代码是红色的吗？？[2;37;0m [0m[0;39;49m
2024-07-20 14:52:07 [0m[37m【北侠QQ群】[37m太乙派-我是嘤嘤怪(Foolish)(1085921834): 当然[2;37;0m [0m[0;39;49m
2024-07-20 14:52:09 [0m[37m【北侠QQ群】🐉[37m星宿派逍遥仙-小虫(ciss)(249682816): 【图片】[2;37;0m [0m[0;39;49m
2024-07-20 14:52:17 [0m[37m【北侠QQ群】🐉[37m星宿派逍遥仙-小虫(ciss)(249682816): 这不就是白色吗[2;37;0m [0m[0;39;49m
2024-07-20 14:52:43 [0m[37m【北侠QQ群】[37m星宿派-东方未明(tomatoz)(3024814506): 那我挖的全是白的？？？[2;37;0m [0m[0;39;49m
2024-07-20 14:52:50 [0m[2;37;0m[37m【北侠QQ群】🐉[37m星宿派逍遥仙-小虫(ciss)(249682816): 不应该啊[2;37;0m [0m[0;39;49m
2024-07-20 14:53:07 [0m[37m【北侠QQ群】🐉[37m星宿派逍遥仙-小虫(ciss)(249682816): 挖草啥命令来着[2;37;0m [0m[0;39;49m
2024-07-20 14:53:11 [0m[37m【北侠QQ群】[37m太乙派-我是嘤嘤怪(Foolish)(1085921834): 【表情】什么破门派 任务都做不了[2;37;0m [0m[0;39;49m
2024-07-20 14:53:28 [0m[37m【北侠QQ群】[37m青城派-泥人张(nrz)(924697122): 先看看你status_me截图，排除下终端不显示颜色的问题[2;37;0m [0m[0;39;49m
2024-07-20 14:53:48 [0m[37m【北侠QQ群】[37m星宿派-东方未明(tomatoz)(3024814506): 【图片】[2;37;0m [0m[0;39;49m
2024-07-20 14:54:45 [0m[37m【北侠QQ群】[37m星宿派-东方未明(tomatoz)(3024814506): 这。。。[2;37;0m [0m[0;39;49m
2024-07-20 14:54:46 [0m[37m【北侠QQ群】🐉[37m星宿派逍遥仙-小虫(ciss)(249682816): 你wa了吗？[2;37;0m [0m[0;39;49m
2024-07-20 14:54:53 [0m[37m【北侠QQ群】[37m星宿派-东方未明(tomatoz)(3024814506): wa了[2;37;0m [0m[0;39;49m
2024-07-20 14:54:59 [0m[37m【北侠QQ群】[37m星宿派-东方未明(tomatoz)(3024814506): 我还drop du cao[2;37;0m [0m[0;39;49m
2024-07-20 14:55:01 [0m[37m【北侠QQ群】[37m星宿派-东方未明(tomatoz)(3024814506): 了[2;37;0m [0m[0;39;49m
2024-07-20 14:55:07 [0m[37m【北侠QQ群】🐉[37m星宿派逍遥仙-小虫(ciss)(249682816): 不用drop[2;37;0m [0m[0;39;49m
2024-07-20 14:55:13 [0m[37m【北侠QQ群】🐉[37m星宿派逍遥仙-小虫(ciss)(249682816): 直接挖[2;37;0m [0m[0;39;49m
2024-07-20 14:55:16 [0m[37m【北侠QQ群】🐉[37m星宿派逍遥仙-小虫(ciss)(249682816): wa[2;37;0m [0m[0;39;49m
2024-07-20 14:55:25 [0m[37m【北侠QQ群】🐉[37m星宿派逍遥仙-小虫(ciss)(249682816): look du cao[2;37;0m [0m[0;39;49m
2024-07-20 14:56:00 [0m[37m【北侠QQ群】[37m星宿派-东方未明(tomatoz)(3024814506): 但颜色还是没有显示。。[2;37;0m [0m[0;39;49m
2024-07-20 14:56:04 [0m[37m【北侠QQ群】[37m星宿派-东方未明(tomatoz)(3024814506): 全白[2;37;0m [0m[0;39;49m
2024-07-20 14:56:08 [0m[37m【北侠QQ群】🐉[37m星宿派逍遥仙-小虫(ciss)(249682816): 继续挖啊[2;37;0m [0m[0;39;49m
2024-07-20 14:56:45 [0m[37m【北侠QQ群】🐉[37m星宿派逍遥仙-小虫(ciss)(249682816): 【表情】[2;37;0m [0m[0;39;49m
2024-07-20 14:56:54 [0m[37m【北侠QQ群】[37m星宿派-东方未明(tomatoz)(3024814506): 试了很多次，全是白。。。。[2;37;0m [0m[0;39;49m
2024-07-20 14:56:58 [0m[37m【北侠QQ群】[37m星宿派-东方未明(tomatoz)(3024814506): 确定挖了[2;37;0m [0m[0;39;49m
2024-07-20 14:57:10 [0m[37m【北侠QQ群】伊泽[2;37;0m[1;32m(Ize)[2;37;0m[37m: [37m有没有挖矿的大佬，锰晶来一块[2;37;0m [0m[0;39;49m
2024-07-20 14:57:16 [0m[37m【北侠QQ群】🐉[37m星宿派逍遥仙-小虫(ciss)(249682816): 换个地方挖[2;37;0m [0m[0;39;49m
2024-07-20 14:57:35 [0m[37m【北侠QQ群】[37m青城派-泥人张(nrz)(924697122): 【回复@星宿派逍遥仙-小虫(ciss)(249682816)：【表情】】 挖，挖鼻孔的挖[2;37;0m [0m[0;39;49m
2024-07-20 14:57:53 [0m[37m【北侠QQ群】[37m太乙派-我是嘤嘤怪(Foolish)(1085921834): 挖，挖鼻孔的挖[2;37;0m [0m[0;39;49m
2024-07-20 14:58:01 [0m[37m【北侠QQ群】🐉[37m星宿派逍遥仙-小虫(ciss)(249682816): 嗯[2;37;0m [0m[0;39;49m
2024-07-20 14:58:07 [0m[37m【北侠QQ群】🐉[37m星宿派逍遥仙-小虫(ciss)(249682816): 使劲挖[2;37;0m [0m[0;39;49m
2024-07-20 14:58:24 [0m[37m【北侠QQ群】[37m青城派-泥人张(nrz)(924697122): 【回复伊泽(Ize):有没有挖矿的大佬，锰晶来一块  】 锰晶不是漂流掉落么[2;37;0m [0m[0;39;49m
2024-07-20 14:58:24 [0m[2;37;0m[37m【北侠QQ群】[37m太乙派-我是嘤嘤怪(Foolish)(1085921834): 【图片】[2;37;0m [0m[0;39;49m
2024-07-20 14:58:27 [0m[37m【北侠QQ群】[37m太乙派-我是嘤嘤怪(Foolish)(1085921834): 使劲刷[2;37;0m [0m[0;39;49m
2024-07-20 14:58:40 [0m[37m【北侠QQ群】[37m青城派-泥人张(nrz)(924697122): 坐地吸土[2;37;0m [0m[0;39;49m
2024-07-20 14:58:41 [0m[37m【北侠QQ群】[37m太乙派-我是嘤嘤怪(Foolish)(1085921834): 钓鱼佬怎么可能漂流[2;37;0m [0m[0;39;49m
2024-07-20 14:58:46 [0m[37m【北侠QQ群】[37m华山派-红毛鼠(redmouse)(3884872540): 【图片】这个小路还能走吗。逍遥行老是断在这里。[2;37;0m [0m[0;39;49m
2024-07-20 14:59:38 [0m[37m【北侠QQ群】🐉[37m星宿派逍遥仙-小虫(ciss)(249682816): 在小小的花园里啊挖呀挖呀挖[2;37;0m [0m[0;39;49m
2024-07-20 15:00:43 [0m[37m【北侠QQ群】[37m太乙派-我是嘤嘤怪(Foolish)(1085921834): 在小小的MUD里面挖呀挖呀挖，用小小的语气，吃卡卡的瓜[2;37;0m [0m[0;39;49m
2024-07-20 15:01:09 [0m[37m【北侠QQ群】[37m星宿派-东方未明(tomatoz)(3024814506): 干，客户端的问题。。[2;37;0m [0m[0;39;49m
2024-07-20 15:01:26 [0m[37m【北侠QQ群】🐉[37m星宿派逍遥仙-小虫(ciss)(249682816): 啥客户端？[2;37;0m [0m[0;39;49m
2024-07-20 15:01:27 [0m[2;37;0m[37m【北侠QQ群】[37m星宿派-东方未明(tomatoz)(3024814506): du cao不显示颜色[2;37;0m [0m[0;39;49m
2024-07-20 15:01:46 [0m[37m【北侠QQ群】[37m星宿派-东方未明(tomatoz)(3024814506): 换paotin看了一眼[2;37;0m [0m[0;39;49m
2024-07-20 15:01:47 [0m[37m【北侠QQ群】[37m太乙派-我是嘤嘤怪(Foolish)(1085921834): 客户端还能单独改毒草颜色？[2;37;0m [0m[0;39;49m
2024-07-20 15:01:51 [0m[37m【北侠QQ群】[37m星宿派-东方未明(tomatoz)(3024814506): 就正常了[2;37;0m [0m[0;39;49m
2024-07-20 15:01:55 [0m[37m【北侠QQ群】[37m太乙派-我是嘤嘤怪(Foolish)(1085921834): 什么流氓规则[2;37;0m [0m[0;39;49m
2024-07-20 15:02:29 [0m[37m【北侠QQ群】[37m青城派-泥人张(nrz)(924697122): 很神奇[2;37;0m [0m[0;39;49m
2024-07-20 15:02:35 [0m[37m【北侠QQ群】[37m青城派-泥人张(nrz)(924697122): 居然能区别对待[2;37;0m [0m[0;39;49m
2024-07-20 15:02:49 [0m[37m【北侠QQ群】🐉[37m星宿派逍遥仙-小虫(ciss)(249682816): 【表情】[2;37;0m [0m[0;39;49m
2024-07-20 15:04:44 [0m[37m【北侠QQ群】🐉[37m星宿派逍遥仙-小虫(ciss)(249682816): 【@星宿派-东方未明(tomatoz)(3024814506)】 记得 踩脚印[2;37;0m [0m[0;39;49m
2024-07-20 15:04:51 [0m[37m【北侠QQ群】🐉[37m星宿派逍遥仙-小虫(ciss)(249682816): 年龄越小 涨的越快[2;37;0m [0m[0;39;49m
2024-07-20 15:06:00 [0m[37m【北侠QQ群】[37m星宿派-东方未明(tomatoz)(3024814506): 踩了几次，现在需要轻功杖法>75，但没有潜力了咋办😂[2;37;0m [0m[0;39;49m
2024-07-20 15:06:12 [0m[37m【北侠QQ群】[37m青城派-泥人张(nrz)(924697122): 问小虫子[2;37;0m [0m[0;39;49m
2024-07-20 15:06:20 [0m[37m【北侠QQ群】🐉[37m星宿派逍遥仙-小虫(ciss)(249682816): 截图 我看看[2;37;0m [0m[0;39;49m
2024-07-20 15:06:44 [0m[37m【北侠QQ群】[37m青城派-泥人张(nrz)(924697122): giegie我潜能不够用啦，该咋办捏[2;37;0m [0m[0;39;49m
2024-07-20 15:07:02 [0m[37m【北侠QQ群】[37m武当派-夜月寒(dddr)(419215901): 胡一刀天珠[2;37;0m [0m[0;39;49m
2024-07-20 15:07:46 [0m[37m【北侠QQ群】🐉[37m星宿派逍遥仙-小虫(ciss)(249682816): 【@星宿派-东方未明(tomatoz)(3024814506)】 截图 我看看[2;37;0m [0m[0;39;49m
2024-07-20 15:08:30 [0m[37m【北侠QQ群】🐉[37m星宿派逍遥仙-小虫(ciss)(249682816): 经验 skills都截图[2;37;0m [0m[0;39;49m
2024-07-20 15:08:41 [0m[37m【北侠QQ群】[37m太乙派-我是嘤嘤怪(Foolish)(1085921834): 来做天珠[2;37;0m [0m[0;39;49m
2024-07-20 15:08:54 [0m[37m【北侠QQ群】[37m星宿派-东方未明(tomatoz)(3024814506): 【图片】现在潜力飞速下降[0m[0;39;49m
2024-07-20 15:08:54 [0;37m【北侠QQ群】星宿派-东方未明(tomatoz)(3024814506): 但技能才[0m[0;39;49m
2024-07-20 15:08:54 [0;37m【北侠QQ群】星宿派-东方未明(tomatoz)(3024814506): 【图片】[2;37;0m [0m[0;39;49m
2024-07-20 15:09:02 [0m[37m【北侠QQ群】[37m太乙派-我是嘤嘤怪(Foolish)(1085921834): 【图片】[2;37;0m [0m[0;39;49m
2024-07-20 15:09:26 [0m[37m【北侠QQ群】[37m星宿派-东方未明(tomatoz)(3024814506): 【回复@太乙派-我是嘤嘤怪(Foolish)(1085921834)：[图片]】 出不去呀，星宿新手任务直接关小黑屋[2;37;0m [0m[0;39;49m
2024-07-20 15:09:29 [0m[37m【北侠QQ群】[37m星宿派-东方未明(tomatoz)(3024814506): 😂[2;37;0m [0m[0;39;49m
2024-07-20 15:09:43 [0m[37m【北侠QQ群】[37m太乙派-我是嘤嘤怪(Foolish)(1085921834): 我说青菜大佬呢[2;37;0m [0m[0;39;49m
2024-07-20 15:09:51 [0m[37m【北侠QQ群】🐉[37m星宿派逍遥仙-小虫(ciss)(249682816): 【@星宿派-东方未明(tomatoz)(3024814506)】 杖法 不需要用潜能学[2;37;0m [0m[0;39;49m
2024-07-20 15:10:05 [0m[37m【北侠QQ群】🐉[37m星宿派逍遥仙-小虫(ciss)(249682816): 轻功也不需要[2;37;0m [0m[0;39;49m
2024-07-20 15:10:33 [0m[37m【北侠QQ群】[37m星宿派-东方未明(tomatoz)(3024814506): 全靠踩脚印和石壁吗？[2;37;0m [0m[0;39;49m
2024-07-20 15:10:48 [0m[37m【北侠QQ群】🐉[37m星宿派逍遥仙-小虫(ciss)(249682816): 现在 你踩脚印 把基本轻功 弄到75 杖法 watch 石壁[2;37;0m [0m[0;39;49m
2024-07-20 15:10:48 [0m[2;37;0m[37m【北侠QQ群】[37m青城派-泥人张(nrz)(924697122): 【回复@太乙派-我是嘤嘤怪(Foolish)(1085921834)：[图片]】 快乐辟邪男[2;37;0m [0m[0;39;49m
2024-07-20 15:11:02 [0m[37m【北侠QQ群】🐉[37m星宿派逍遥仙-小虫(ciss)(249682816): 【@星宿派-东方未明(tomatoz)(3024814506)】 潜能全都用来学内功[2;37;0m [0m[0;39;49m
2024-07-20 15:11:04 [0m[37m【北侠QQ群】[37m青城派-泥人张(nrz)(924697122): 【回复@太乙派-我是嘤嘤怪(Foolish)(1085921834)：[图片]】 快乐针男[2;37;0m [0m[0;39;49m
2024-07-20 15:11:15 [0m[37m【北侠QQ群】[37m青城派-泥人张(nrz)(924697122): biubiubiu,快乐就完事了[2;37;0m [0m[0;39;49m
2024-07-20 15:12:08 [0m[37m【北侠QQ群】🐉[37m星宿派逍遥仙-小虫(ciss)(249682816): 踩脚印需要的是气血  watch 石壁 需要的是 精神[2;37;0m [0m[0;39;49m
2024-07-20 15:12:28 [0m[37m【北侠QQ群】[37m青城派-泥人张(nrz)(924697122): 辟邪真是太有手法了[2;37;0m [0m[0;39;49m
2024-07-20 15:12:39 [0m[37m【北侠QQ群】🐉[37m星宿派逍遥仙-小虫(ciss)(249682816): 做机器人 先踩脚印 然后 watch 石壁 气血 精神 都空了 就辫毒 然后睡觉[2;37;0m [0m[0;39;49m
2024-07-20 15:12:42 [0m[37m【北侠QQ群】🐉[37m星宿派逍遥仙-小虫(ciss)(249682816): 循环[2;37;0m [0m[0;39;49m
2024-07-20 15:13:11 [0m[37m【北侠QQ群】[37m星宿派-东方未明(tomatoz)(3024814506): 脚印什么时候消失？[2;37;0m [0m[0;39;49m
2024-07-20 15:13:12 [0m[37m【北侠QQ群】🐉[37m星宿派逍遥仙-小虫(ciss)(249682816): 读书写字 可以watch 字[2;37;0m [0m[0;39;49m
2024-07-20 15:13:15 [0m[37m【北侠QQ群】[37m星宿派-东方未明(tomatoz)(3024814506): 晚上吗[2;37;0m [0m[0;39;49m
2024-07-20 15:13:20 [0m[37m【北侠QQ群】🐉[37m星宿派逍遥仙-小虫(ciss)(249682816): 不消失啊[2;37;0m [0m[0;39;49m
2024-07-20 15:13:31 [0m[37m【北侠QQ群】🐉[37m星宿派逍遥仙-小虫(ciss)(249682816): 不停的踩[2;37;0m [0m[0;39;49m
2024-07-20 15:14:11 [0m[37m【北侠QQ群】[37m星宿派-东方未明(tomatoz)(3024814506): 有时候看不到脚印的提示[2;37;0m [0m[0;39;49m
2024-07-20 15:14:25 [0m[37m【北侠QQ群】🐉[37m星宿派逍遥仙-小虫(ciss)(249682816): 固定地点[2;37;0m [0m[0;39;49m
2024-07-20 15:14:31 [0m[37m【北侠QQ群】🐉[37m星宿派逍遥仙-小虫(ciss)(249682816): 不需要看 打命令就行[2;37;0m [0m[0;39;49m
2024-07-20 15:15:07 [0m[37m【北侠QQ群】[37m星宿派-东方未明(tomatoz)(3024814506): 好，我以为这玩意会消失，就没挂机踩【表情】[2;37;0m [0m[0;39;49m
2024-07-20 15:15:30 [0m[37m【北侠QQ群】🐉[37m星宿派逍遥仙-小虫(ciss)(249682816): 踩  不停的踩  做任务也不要气血[2;37;0m [0m[0;39;49m
2024-07-20 15:15:36 [0m[37m【北侠QQ群】🐉[37m星宿派逍遥仙-小虫(ciss)(249682816): 加到任务机器人里面循环[2;37;0m [0m[0;39;49m
2024-07-20 15:15:46 [0;1;31m[2;37;0m[37m【北侠QQ群】🐉[37m星宿派逍遥仙-小虫(ciss)(249682816): 很快的[2;37;0m [0m[0;39;49m
2024-07-20 15:16:01 [0;1;31m[2;37;0m[37m【北侠QQ群】[37m星宿派-东方未明(tomatoz)(3024814506): 好[2;37;0m [0m[0;39;49m
2024-07-20 15:16:25 [0m[37m【北侠QQ群】🐉[37m星宿派逍遥仙-小虫(ciss)(249682816): 嗯 加油 星宿不明白的问我[2;37;0m [0m[0;39;49m
2024-07-20 15:17:07 [0m[37m【北侠QQ群】[37m星宿派-东方未明(tomatoz)(3024814506): 我记得看到过洗澡加根骨，最晚什么时候出谷能洗完？[2;37;0m [0m[0;39;49m
2024-07-20 15:18:13 [0m[37m【北侠QQ群】🐉[37m星宿派逍遥仙-小虫(ciss)(249682816): 不用纠结这个[2;37;0m [0m[0;39;49m
2024-07-20 15:18:16 [0;1m[2;37;0m[37m【北侠QQ群】🐉[37m星宿派逍遥仙-小虫(ciss)(249682816): 如果你15岁能出来 就正好18岁洗完[2;37;0m [0m[0;39;49m
2024-07-20 15:18:16 [0m[2;37;0m[37m【北侠QQ群】🐉[37m星宿派逍遥仙-小虫(ciss)(249682816): 如果16岁出来 就19岁洗完[2;37;0m [0m[0;39;49m
2024-07-20 15:20:38 [0m[37m【北侠QQ群】[37m华山派-红毛鼠(redmouse)(3884872540): 【图片】为什么令狐冲呆在外面不进来。还会显示这个。[2;37;0m [0m[0;39;49m
2024-07-20 15:21:03 [0m[37m【北侠QQ群】[37m华山派-红毛鼠(redmouse)(3884872540): 怎么让令狐冲继续跟随你。他现在门外，不跟了。[2;37;0m [0m[0;39;49m
2024-07-20 15:21:26 [0m[37m【北侠QQ群】🐉[37m星宿派逍遥仙-小虫(ciss)(249682816): 被丁丁拦住了吧[2;37;0m [0m[0;39;49m
2024-07-20 15:21:36 [0m[2;37;0m[37m【北侠QQ群】[37m华山派-红毛鼠(redmouse)(3884872540): 丁丁都杀掉了。[2;37;0m [0m[0;39;49m
2024-07-20 15:21:47 [0m[37m【北侠QQ群】🐉[37m星宿派逍遥仙-小虫(ciss)(249682816): 那你再回去呗[2;37;0m [0m[0;39;49m
2024-07-20 15:21:52 [0m[37m【北侠QQ群】🐉[37m星宿派逍遥仙-小虫(ciss)(249682816): 看看还跟着你不[2;37;0m [0m[0;39;49m
2024-07-20 15:22:01 [0m[37m【北侠QQ群】[37m华山派-红毛鼠(redmouse)(3884872540): 不跟了[2;37;0m [0m[0;39;49m
2024-07-20 15:22:26 [0m[37m【北侠QQ群】🐉[37m星宿派逍遥仙-小虫(ciss)(249682816): 那就不知道了[2;37;0m [0m[0;39;49m
2024-07-20 15:22:42 [0m[37m【北侠QQ群】[37m华山派-红毛鼠(redmouse)(3884872540): 好几次了。都是这样跟到门口不进去。[2;37;0m [0m[0;39;49m
2024-07-20 15:23:10 [0m[37m【北侠QQ群】🐉[37m星宿派逍遥仙-小虫(ciss)(249682816): 令狐冲累了[2;37;0m [0m[0;39;49m
2024-07-20 15:23:25 [0m[37m【北侠QQ群】🐉[37m星宿派逍遥仙-小虫(ciss)(249682816): 任盈盈 需求太大 令狐冲受不了了[2;37;0m [0m[0;39;49m
2024-07-20 15:23:28 [0m[37m【北侠QQ群】🐉[37m星宿派逍遥仙-小虫(ciss)(249682816): 哇哈哈哈[2;37;0m [0m[0;39;49m
2024-07-20 15:24:49 [0m[37m【北侠QQ群】[37m青城派-泥人张(nrz)(924697122): 【回复@华山派-红毛鼠(redmouse)(3884872540)：丁丁都杀掉了。】 为什么不给肉呢[2;37;0m [0m[0;39;49m
2024-07-20 15:24:59 [0m[37m【北侠QQ群】[37m青城派-泥人张(nrz)(924697122): 杀丁丁任务直接失败[2;37;0m [0m[0;39;49m
2024-07-20 15:26:12 [0m[37m【北侠QQ群】[37m青城派-泥人张(nrz)(924697122): 【图片】[2;37;0m [0m[0;39;49m
2024-07-20 15:27:39 [0m[37m【北侠QQ群】🐉[37m星宿派逍遥仙-小虫(ciss)(249682816): 【@青城派-泥人张(nrz)(924697122)】 令狐冲 给不了丁丁肉[2;37;0m [0m[0;39;49m
2024-07-20 15:27:48 [0m[37m【北侠QQ群】🐉[37m星宿派逍遥仙-小虫(ciss)(249682816): 【表情】[2;37;0m [0m[0;39;49m
2024-07-20 15:27:55 [0m[37m【北侠QQ群】[37m青城派-泥人张(nrz)(924697122): 我记得丁丁给了肉直接消失啊[2;37;0m [0m[0;39;49m
2024-07-20 15:28:17 [0m[37m【北侠QQ群】🐉[37m星宿派逍遥仙-小虫(ciss)(249682816): 还有这事？[2;37;0m [0m[0;39;49m
2024-07-20 15:28:30 [0m[37m【北侠QQ群】🐉[37m星宿派逍遥仙-小虫(ciss)(249682816): 我记得谁说的 给肉了 还拦令狐冲[2;37;0m [0m[0;39;49m
2024-07-20 15:30:27 [0m[37m【北侠QQ群】[37micer(3077068): 走得太快，丁丁还没来得及叼着肉跑掉，就要往里闯[2;37;0m [0m[0;39;49m
2024-07-20 15:30:48 [0m[37m【北侠QQ群】[37m青城派-泥人张(nrz)(924697122): 改改机器吧[2;37;0m [0m[0;39;49m
2024-07-20 15:31:05 [0m[37m【北侠QQ群】🐉[37m星宿派逍遥仙-小虫(ciss)(249682816): 不改  我都是嫩死他[2;37;0m [0m[0;39;49m
2024-07-20 15:33:47 [0m[37m【北侠QQ群】[37m太乙派-我是嘤嘤怪(Foolish)(1085921834): 不改  我都是嫩死他[2;37;0m [0m[0;39;49m
2024-07-20 15:33:55 [0m[37m【北侠QQ群】[37m太乙派-我是嘤嘤怪(Foolish)(1085921834): 好狗不挡道[2;37;0m [0m[0;39;49m
2024-07-20 15:34:05 [0m[37m【北侠QQ群】🐉[37m星宿派逍遥仙-小虫(ciss)(249682816): 挡道就嫩死[2;37;0m [0m[0;39;49m
2024-07-20 15:37:02 [0m[37m【北侠QQ群】[37m青城派-泥人张(nrz)(924697122): 不愧是星宿妖人，路边的狗都得挨一脚[2;37;0m [0m[0;39;49m
2024-07-20 15:37:08 [0m[37m【北侠QQ群】[37m普通百姓-鑫洪(xinge)(1452069775): 请问，这是做什么的？怎么看？[0m[0;39;49m
2024-07-20 15:37:08 [0;37m【北侠QQ群】普通百姓-鑫洪(xinge)(1452069775): 【图片】[2;37;0m [0m[0;39;49m
2024-07-20 16:22:01 [0m[37m【北侠QQ群】[37m【神灯教】月色(14437181): 【回复@华山派-中神秀(16998252)：@【神灯教】月色 大佬在吗？mush 的f1键如何取消帮助的设置】 【图片】[0m[0;39;49m
2024-07-20 16:22:01 [0;37m【北侠QQ群】【神灯教】月色(14437181): 超新手说明1第14页[2;37;0m [0m[0;39;49m
2024-07-20 16:57:05 [0m[37m【北侠QQ群】🐉[37m星宿派逍遥仙-小虫(ciss)(249682816): 第一次看到[2;37;0m [0m[0;39;49m
2024-07-20 16:57:08 [0m[37m【北侠QQ群】🐉[37m星宿派逍遥仙-小虫(ciss)(249682816): 一下死了[2;37;0m [0m[0;39;49m
2024-07-20 17:30:04 [0m[37m【北侠QQ群】[37m【神灯教】月色(14437181): zmud等级没有修炼到了然于胸的[0m[0;39;49m
2024-07-20 17:30:04 [0;37m【北侠QQ群】【神灯教】月色(14437181): 从没玩过mud的[0m[0;39;49m
2024-07-20 17:30:04 [0;37m【北侠QQ群】【神灯教】月色(14437181): 请从群共享搜索下载神灯教新手套装或访问微云  （信息过长，以下省略，需要请到QQ群查看）[2;37;0m [0m[0;39;49m
2024-07-20 17:45:28 [0m[37m【北侠QQ群】🐉[37m星宿派逍遥仙-小虫(ciss)(249682816): 出这个提示 找地点然后干啥？[2;37;0m [0m[0;39;49m
2024-07-20 17:45:33 [0;1m[2;37;0m[37m【北侠QQ群】🐉[37m星宿派逍遥仙-小虫(ciss)(249682816): 这个随机任务是怎么做的？[2;37;0m [0m[0;39;49m
2024-07-20 17:46:05 [0m[37m【北侠QQ群】[37m雪山派-筒万条(bdt)(1251334824): 不A到任何人的前提下,把自己的意思表达清楚,这属于哪个学科啊?语言学吗?[2;37;0m [0m[0;39;49m
2024-07-20 17:48:05 [0m[37m【北侠QQ群】[37m天天(1976473324): 到威海卫米行look 一下就知道下一步了，也可能附近房间[2;37;0m [0m[0;39;49m
2024-07-20 17:49:55 [0;1m[2;37;0m[37m【北侠QQ群】[37m天天(1976473324): 有上下文，不需要A[2;37;0m [0m[0;39;49m
2024-07-20 17:50:32 [0m[37m【北侠QQ群】🐉[37m星宿派逍遥仙-小虫(ciss)(249682816): 额 没搞明白[2;37;0m [0m[0;39;49m
2024-07-20 17:50:40 [0m[37m【北侠QQ群】🐉[37m星宿派逍遥仙-小虫(ciss)(249682816): 到处look也没线索[2;37;0m [0m[0;39;49m
2024-07-20 17:51:18 [0m[37m【北侠QQ群】🐉[37m星宿派逍遥仙-小虫(ciss)(249682816): look后会有特殊提示？[2;37;0m [0m[0;39;49m
2024-07-20 17:52:00 [0m[37m【北侠QQ群】[37m天天(1976473324): 房间描述下会有一行蓝色描述下一步[2;37;0m [0m[0;39;49m
2024-07-20 17:52:06 [0m[2;37;0m[37m【北侠QQ群】🐉[37m星宿派逍遥仙-小虫(ciss)(249682816): 【图片】[2;37;0m [0m[0;39;49m
2024-07-20 17:52:09 [0m[37m【北侠QQ群】🐉[37m星宿派逍遥仙-小虫(ciss)(249682816): 这个就是？[2;37;0m [0m[0;39;49m
2024-07-20 17:52:12 [0m[37m【北侠QQ群】[37m天天(1976473324): 是的[2;37;0m [0m[0;39;49m
2024-07-20 17:52:24 [0m[37m【北侠QQ群】[37m天天(1976473324): 这个应该是UTF8[2;37;0m [0m[0;39;49m
2024-07-20 17:52:31 [0m[37m【北侠QQ群】🐉[37m星宿派逍遥仙-小虫(ciss)(249682816): 【表情】[2;37;0m [0m[0;39;49m
2024-07-20 17:52:43 [0m[37m【北侠QQ群】[37m天天(1976473324): 下次再尝试吧[2;37;0m [0m[0;39;49m
2024-07-20 17:52:46 [0m[37m【北侠QQ群】🐉[37m星宿派逍遥仙-小虫(ciss)(249682816): 那不是utf8 就不能做吧[2;37;0m [0m[0;39;49m
2024-07-20 17:52:57 [0m[37m【北侠QQ群】🐉[37m星宿派逍遥仙-小虫(ciss)(249682816): 好吧[2;37;0m [0m[0;39;49m
2024-07-20 17:53:03 [0m[37m【北侠QQ群】🐉[37m星宿派逍遥仙-小虫(ciss)(249682816): 没做过[2;37;0m [0m[0;39;49m
2024-07-20 17:53:05 [0m[37m【北侠QQ群】🐉[37m星宿派逍遥仙-小虫(ciss)(249682816): 试试[2;37;0m [0m[0;39;49m
2024-07-20 17:53:09 [0m[37m【北侠QQ群】[37micer(3077068): 每个谜题提示都不一样[2;37;0m [0m[0;39;49m
2024-07-20 17:53:15 [0m[37m【北侠QQ群】[37micer(3077068): 你只是碰上了一个需要utf8的[2;37;0m [0m[0;39;49m
2024-07-20 17:53:23 [0m[37m【北侠QQ群】🐉[37m星宿派逍遥仙-小虫(ciss)(249682816): 嗯[2;37;0m [0m[0;39;49m
2024-07-20 17:53:31 [0m[37m【北侠QQ群】🐉[37m星宿派逍遥仙-小虫(ciss)(249682816): 出师不利 第一次没了[2;37;0m [0m[0;39;49m
2024-07-20 17:53:39 [0m[37m【北侠QQ群】[37micer(3077068): 还在，还在[2;37;0m [0m[0;39;49m
2024-07-20 17:53:44 [0m[37m【北侠QQ群】[37m青城派-泥人张(nrz)(924697122): 已经过期了？[2;37;0m [0m[0;39;49m
2024-07-20 17:53:46 [0m[37m【北侠QQ群】🐉[37m星宿派逍遥仙-小虫(ciss)(249682816): 【表情】[2;37;0m [0m[0;39;49m
2024-07-20 17:53:59 [0m[37m【北侠QQ群】[37micer(3077068): 外面蹭了蹭而已[2;37;0m [0m[0;39;49m
2024-07-20 17:54:06 [0m[37m【北侠QQ群】🐉[37m星宿派逍遥仙-小虫(ciss)(249682816): 嗯 没进去[2;37;0m [0m[0;39;49m
2024-07-20 17:56:41 [0m[37m【北侠QQ群】[37m青城派-泥人张(nrz)(924697122): 【图片】[2;37;0m [0m[0;39;49m
2024-07-20 17:57:01 [0m[37m【北侠QQ群】🐉[37m星宿派逍遥仙-小虫(ciss)(249682816): 额 这是啥意思呢[2;37;0m [0m[0;39;49m
2024-07-20 17:57:06 [0m[37m【北侠QQ群】🐉[37m星宿派逍遥仙-小虫(ciss)(249682816): 冰雪小路？[2;37;0m [0m[0;39;49m
2024-07-20 17:57:07 [0m[37m【北侠QQ群】[37m青城派-泥人张(nrz)(924697122): 冰林峰[2;37;0m [0m[0;39;49m
2024-07-20 17:57:20 [0m[37m【北侠QQ群】🐉[37m星宿派逍遥仙-小虫(ciss)(249682816): 【表情】[2;37;0m [0m[0;39;49m
2024-07-20 17:57:21 [0m[37m【北侠QQ群】[37m青城派-泥人张(nrz)(924697122): 我记得有个房间叫这个[2;37;0m [0m[0;39;49m
2024-07-20 17:57:36 [0m[37m【北侠QQ群】🐉[37m星宿派逍遥仙-小虫(ciss)(249682816): 【表情】[2;37;0m [0m[0;39;49m
2024-07-20 17:57:41 [0m[37m【北侠QQ群】🐉[37m星宿派逍遥仙-小虫(ciss)(249682816): 还挺有意思[2;37;0m [0m[0;39;49m
2024-07-22 10:41:43 [0m[37m【北侠QQ群】[37m【神灯教】月色(14437181): 福缘30 其他都20[2;37;0m [0m[0;39;49m
2024-07-22 10:41:51 [0m[37m【北侠QQ群】[37m【神灯教】月色(14437181): 第一个号一定是大米，随便玩[2;37;0m [0m[0;39;49m
2024-07-22 10:42:16 [0m[37m【北侠QQ群】[37m丐帮-杨改之(gumuyang)(4103993): 【回复@普通百姓-王林(dadi)(1056731036)：[图片]这个先天资质改动要注意什么】 如果你不知道要注意什么，那么202020203020准没错[2;37;0m [0m[0;39;49m
2024-07-22 10:42:21 [0m[37m【北侠QQ群】[37m【神灯教】月色(14437181): 不需要考虑完美 不踩坑之类的事情，没可能【表情】[2;37;0m [0m[0;39;49m
2024-07-22 10:42:58 [0m[37m【北侠QQ群】[37m普通百姓-王林(dadi)(1056731036): 【表情】什么福缘拉满[2;37;0m [0m[0;39;49m
2024-07-22 10:43:33 [0m[37m【北侠QQ群】[37m丐帮-杨改之(gumuyang)(4103993): 福源影响到很多任务和物品掉落，比如左右互搏等等福源不够就学不到[2;37;0m [0m[0;39;49m
2024-07-22 10:43:40 [0m[37m【北侠QQ群】[37m【神灯教】月色(14437181): 你也可以有自己的想法10-30随意[2;37;0m [0m[0;39;49m
2024-07-22 10:44:00 [0m[37m【北侠QQ群】[37m【神灯教】月色(14437181): 但是捐福缘到30需要花点小钱钱【表情】[0m[0;39;49m
2024-07-22 10:44:00 [0;37m【北侠QQ群】【神灯教】月色(14437181): 也就十几万吧[2;37;0m [0m[0;39;49m
2024-07-22 10:45:16 [0m[37m【北侠QQ群】[37m【神灯教】月色(14437181): 福缘和掉落基本无关[2;37;0m [0m[0;39;49m
2024-07-22 10:45:49 [0m[37m【北侠QQ群】[37m丐帮-杨改之(gumuyang)(4103993): 【表情】那个什么傀儡娃娃不就是福源29才能掉落么[2;37;0m [0m[0;39;49m
2024-07-22 10:46:14 [0m[37m【北侠QQ群】[37m星宿派逍遥仙-小虫(ciss)(249682816): 福缘：[  28][2;37;0m [0m[0;39;49m
2024-07-22 10:46:19 [0m[37m【北侠QQ群】[37m【神灯教】月色(14437181): 傀儡娃娃只能天珠掉天珠用【表情】[2;37;0m [0m[0;39;49m
2024-07-22 10:46:20 [0m[2;37;0m[37m【北侠QQ群】[37m星宿派逍遥仙-小虫(ciss)(249682816): 【表情】[2;37;0m [0m[0;39;49m
2024-07-22 10:46:22 [0m[37m【北侠QQ群】[37m丐帮-杨改之(gumuyang)(4103993): 哦，28[2;37;0m [0m[0;39;49m
2024-07-22 10:46:25 [0m[37m【北侠QQ群】[37m【神灯教】月色(14437181): 实际意义不大[2;37;0m [0m[0;39;49m
2024-07-22 10:46:31 [0m[37m【北侠QQ群】[37m星宿派逍遥仙-小虫(ciss)(249682816): 我是28[2;37;0m [0m[0;39;49m
2024-07-22 10:46:36 [0m[37m【北侠QQ群】[37m【神灯教】月色(14437181): 能捐满就不是大事【表情】[2;37;0m [0m[0;39;49m
2024-07-22 10:46:37 [0m[2;37;0m[37m【北侠QQ群】[37m星宿派逍遥仙-小虫(ciss)(249682816): 还好我是玄武[2;37;0m [0m[0;39;49m
2024-07-22 10:48:58 [0m[37m【北侠QQ群】[37m丐帮-杨改之(gumuyang)(4103993): 【图片】我初始福源13的少林号根本就不敢想捐满这件事[2;37;0m [0m[0;39;49m
2024-07-22 10:48:59 [0m[2;37;0m[37m【北侠QQ群】[37m太乙派-我是嘤嘤怪(Foolish)(1085921834): 还好我不做天珠[2;37;0m [0m[0;39;49m
2024-07-22 10:50:22 [0m[37m【北侠QQ群】[37m【神灯教】月色(14437181): zmud等级没有修炼到了然于胸的[0m[0;39;49m
2024-07-22 10:50:22 [0;37m【北侠QQ群】【神灯教】月色(14437181): 从没玩过mud的[0m[0;39;49m
2024-07-22 10:50:22 [0;37m【北侠QQ群】【神灯教】月色(14437181): 请从群共享搜索下载神灯教新手套装或访问微云  （信息过长，以下省略，需要请到QQ群查看）[2;37;0m [0m[0;39;49m
2024-07-22 10:56:04 [0m[37m【北侠QQ群】[37m太乙派-我是嘤嘤怪(Foolish)(1085921834): 我就是等喂党【表情】[2;37;0m [0m[0;39;49m
2024-07-22 10:56:56 [0m[37m【北侠QQ群】[37m【神灯教】月色(14437181): 富婆 饿 饿[2;37;0m [0m[0;39;49m
2024-07-22 11:04:46 [0m[37m【北侠QQ群】[37m普通百姓-王林(dadi)(1056731036): 抛弃zmud嘛[2;37;0m [0m[0;39;49m
2024-07-22 11:05:14 [0m[37m【北侠QQ群】[37m萌新请加QQ群-179632038-新任萌新大导师(116544783): 【回复@普通百姓-王林(dadi)(1056731036)：抛弃zmud嘛】 对，抛弃 zmud，换用超人气客户端 PaoTin++[2;37;0m [0m[0;39;49m
2024-07-22 11:05:54 [0m[37m【北侠QQ群】[37m【神灯教】月色(14437181): 如果不会用zmud就没必要继续学了[2;37;0m [0m[0;39;49m
2024-07-22 11:07:35 [0m[37m【北侠QQ群】[37m普通百姓-王林(dadi)(1056731036): 刚开始呢[2;37;0m [0m[0;39;49m
2024-07-22 11:10:27 [0m[37m【北侠QQ群】[37m天天(1976473324): 知道哪个门派最厉害不？[2;37;0m [0m[0;39;49m
2024-07-22 11:11:07 [0m[37m【北侠QQ群】[37m太乙派-我是嘤嘤怪(Foolish)(1085921834): 太乙神教[2;37;0m [0m[0;39;49m
2024-07-22 11:15:49 [0m[37m【北侠QQ群】[37m普通百姓-王林(dadi)(1056731036): 【表情】我直接去武当了，第一个号[2;37;0m [0m[0;39;49m
2024-07-22 11:16:05 [0m[37m【北侠QQ群】[37m萌新请加QQ群-179632038-新任萌新大导师(116544783): 武当很厉害，欢迎来武当，我就是武当的。[2;37;0m [0m[0;39;49m
2024-07-22 11:16:37 [0m[37m【北侠QQ群】[37m萌新请加QQ群-179632038-新任萌新大导师(116544783): 不过武当要做 30 万门忠，现在门忠不好做，非常头疼。[2;37;0m [0m[0;39;49m
2024-07-22 11:16:43 [0m[37m【北侠QQ群】[37m㱔依(Zoi) (228521321): 送你四个字“勇气可嘉”[2;37;0m [0m[0;39;49m
2024-07-22 11:17:05 [0m[37m【北侠QQ群】[37m萌新请加QQ群-179632038-新任萌新大导师(116544783): 我还差好几百万的门忠没有做[2;37;0m [0m[0;39;49m
2024-07-22 11:18:15 [0m[37m【北侠QQ群】[37m【神灯教】月色(14437181): 此武当非彼武当，和xkx的武当大不相同[2;37;0m [0m[0;39;49m
2024-07-22 13:40:26 [0m[37m【北侠QQ群】[37m血刀门-桑骨乌(Sanguis)(970660232): 【图片】这个框架命令系统有点智能的[2;37;0m [0m[0;39;49m
2024-07-22 13:40:35 [0m[37m【北侠QQ群】[37m血刀门-桑骨乌(Sanguis)(970660232): 真的不用打全名字……都能识别[2;37;0m [0m[0;39;49m
2024-07-22 13:49:04 [0m[37m【北侠QQ群】[37m明教-小云(dra)(9128096): 海中怎么出来[2;37;0m [0m[0;39;49m
2024-07-22 13:50:54 [0m[37m【北侠QQ群】🐉[37m青城派-泥人张(nrz)(924697122): jump out[2;37;0m [0m[0;39;49m
2024-07-22 13:51:33 [0m[37m【北侠QQ群】[37m明教-小云(dra)(9128096): 谢谢[2;37;0m [0m[0;39;49m
2024-07-22 14:00:20 [0m[37m【北侠QQ群】[37m普通百姓-先看下(hmlfml)(9329408): 【表情】[2;37;0m [0m[0;39;49m
2024-07-22 14:06:51 [0m[37m【北侠QQ群】[37m萌新李白(11738234): 【表情】[2;37;0m [0m[0;39;49m
2024-07-22 14:24:43 [0m[37m【北侠QQ群】🐉[37m青城派-泥人张(nrz)(924697122): 现在北侠哪里有菩提树[2;37;0m [0m[0;39;49m
2024-07-22 14:25:00 [0m[37m【北侠QQ群】[37m武当派-欧哥(ogrest)(35154516): 天龙的路边是不是有[2;37;0m [0m[0;39;49m
2024-07-22 14:25:48 [0m[37m【北侠QQ群】🐉[37m青城派-泥人张(nrz)(924697122): 现在还有么？我只知道老地图有[2;37;0m [0m[0;39;49m
2024-07-22 14:26:26 [0m[37m【北侠QQ群】[37m武当派-欧哥(ogrest)(35154516): 不知道哎[2;37;0m [0m[0;39;49m
2024-07-22 15:32:55 [0m[2;37;0m[37m【北侠QQ群】[37m萌新请加QQ群-179632038-新任萌新大导师(116544783): 废弃矿洞，用剪刀收获[2;37;0m [0m[0;39;49m
2024-07-22 15:33:23 [0m[37m【北侠QQ群】[37m萌新请加QQ群-179632038-新任萌新大导师(116544783): 哦，聊串了，还以为是我的世界的群[2;37;0m [0m[0;39;49m
2024-07-22 15:33:25 [0m[37m【北侠QQ群】[37m血刀门-桑骨乌(Sanguis)(970660232): 什么MC[2;37;0m [0m[0;39;49m
2024-07-22 15:33:49 [0m[37m【北侠QQ群】[37m萌新请加QQ群-179632038-新任萌新大导师(116544783): 【回复@血刀门-桑骨乌(Sanguis)(970660232)：什么MC】 【表情】【表情】[2;37;0m [0m[0;39;49m
2024-07-22 15:34:07 [0m[37m【北侠QQ群】[37m萌新请加QQ群-179632038-新任萌新大导师(116544783): 北侠也有蜘蛛网了？[2;37;0m [0m[0;39;49m
2024-07-22 15:34:17 [0m[37m【北侠QQ群】[37m太乙派-我是嘤嘤怪(Foolish)(1085921834): 一看就是门忠[2;37;0m [0m[0;39;49m
2024-07-22 15:34:27 [0m[37m【北侠QQ群】[37m太乙派-我是嘤嘤怪(Foolish)(1085921834): 门忠专要这种稀奇古怪的东西[2;37;0m [0m[0;39;49m
2024-07-22 15:34:55 [0m[37m【北侠QQ群】[37m星宿派逍遥仙-小虫(ciss)(249682816): 同志们好！~[2;37;0m [0m[0;39;49m
2024-07-22 15:35:14 [0m[37m【北侠QQ群】[37m太乙派-我是嘤嘤怪(Foolish)(1085921834): 不好[2;37;0m [0m[0;39;49m
2024-07-22 15:35:21 [0m[37m【北侠QQ群】[37m星宿派逍遥仙-小虫(ciss)(249682816): 咋了[2;37;0m [0m[0;39;49m
2024-07-22 15:35:24 [0m[37m【北侠QQ群】🐉[1;33m本华[2;37;0m[2;37;0m[1;32m(Goldyear)[2;37;0m[37m: [37m为泥友服务![2;37;0m [0m[0;39;49m
2024-07-22 15:35:36 [0m[37m【北侠QQ群】[37m星宿派逍遥仙-小虫(ciss)(249682816): 哪不好[2;37;0m [0m[0;39;49m
2024-07-22 15:35:48 [0m[37m【北侠QQ群】[37m太乙派-我是嘤嘤怪(Foolish)(1085921834): 韩员外：一百六十七次[0m[0;39;49m
2024-07-22 15:35:48 [0;37m【北侠QQ群】太乙派-我是嘤嘤怪(Foolish)(1085921834): 谍报：一百六十二次[2;37;0m [0m[0;39;49m
2024-07-22 15:35:50 [0m[37m【北侠QQ群】[37m太乙派-我是嘤嘤怪(Foolish)(1085921834): 太烦了[2;37;0m [0m[0;39;49m
2024-07-22 15:35:53 [0m[37m【北侠QQ群】[37m星宿派逍遥仙-小虫(ciss)(249682816): 在这炎炎夏日[2;37;0m [0m[0;39;49m
2024-07-22 15:35:55 [0m[2;37;0m[37m【北侠QQ群】[37m太乙派-我是嘤嘤怪(Foolish)(1085921834): 影响我肝经验[2;37;0m [0m[0;39;49m
2024-07-22 15:35:59 [0m[37m【北侠QQ群】[37m星宿派逍遥仙-小虫(ciss)(249682816): 大家还在辛苦的挖泥巴[2;37;0m [0m[0;39;49m
2024-07-22 15:36:09 [0m[37m【北侠QQ群】[37m星宿派逍遥仙-小虫(ciss)(249682816): 同志们 辛苦了！~[2;37;0m [0m[0;39;49m
2024-07-22 16:04:52 [0m[37m【北侠QQ群】[37m木头~(11128878): newbie[2;37;0m [0m[0;39;49m
2024-07-22 16:06:24 [0m[37m【北侠QQ群】[37m普通百姓-三十年了(xruy)(11128878): 大家好 求一个alias的地址 好多地方都不认识了[2;37;0m [0m[0;39;49m
2024-07-22 16:08:08 [0m[37m【北侠QQ群】[37m太乙派-我是嘤嘤怪(Foolish)(1085921834): 可恶 被限速了 经验都没蹭到[2;37;0m [0m[0;39;49m
2024-07-22 16:17:22 [0m[37m【北侠QQ群】[37m血刀门-桑骨乌(Sanguis)(970660232): 【图片】[2;37;0m [0m[0;39;49m
2024-07-22 16:17:32 [0m[37m【北侠QQ群】[37m血刀门-桑骨乌(Sanguis)(970660232): 有时候代码写着写着就一堆for[2;37;0m [0m[0;39;49m
2024-07-22 16:17:46 [0m[37m【北侠QQ群】[37m血刀门-桑骨乌(Sanguis)(970660232): 【图片】[2;37;0m [0m[0;39;49m
2024-07-22 16:26:58 [0m[37m【北侠QQ群】[37m血刀门-桑骨乌(Sanguis)(970660232): 【图片】[2;37;0m [0m[0;39;49m
2024-07-22 16:53:10 [0m[37m【北侠QQ群】[37mQ群管家(2854196310): 【@Guts.(792174301)】 欢迎进入北侠玩家群！请先查看北侠百科 http://pkuxkx.net/wiki 获得入门知识。[2;37;0m [0m[0;39;49m
2024-07-22 16:55:49 [0m[37m【北侠QQ群】[37m普通百姓-李长函(floatht)(792174301): 话说,角色名称有办法再改吗..[2;37;0m [0m[0;39;49m
2024-07-22 16:59:18 [0m[37m【北侠QQ群】[37m天天(1976473324): id 不行，中文名可以[2;37;0m [0m[0;39;49m
2024-07-22 16:59:55 [0m[37m【北侠QQ群】[37m普通百姓-李长函(floatht)(792174301): 中文名的话要怎么改呢[2;37;0m [0m[0;39;49m
2024-07-22 17:00:18 [0m[37m【北侠QQ群】[37m血刀门-桑骨乌(Sanguis)(970660232): 多少金来着[2;37;0m [0m[0;39;49m
2024-07-22 17:00:19 [0m[2;37;0m[37m【北侠QQ群】[37m天天(1976473324): 扬州衙门里找师爷问问[2;37;0m [0m[0;39;49m
2024-07-22 17:00:22 [0m[37m【北侠QQ群】[37m血刀门-桑骨乌(Sanguis)(970660232): 我记得500金？[2;37;0m [0m[0;39;49m
2024-07-22 17:00:43 [0m[37m【北侠QQ群】尤娜[2;37;0m[1;32m(Una)[2;37;0m[37m: [37m首次免费[2;37;0m [0m[0;39;49m
2024-07-22 17:00:45 [0m[37m【北侠QQ群】[37m普通百姓-李长函(floatht)(792174301): 好贵[2;37;0m [0m[0;39;49m
2024-07-22 17:04:05 [0m[37m【北侠QQ群】[37m普通百姓-李长函(floatht)(792174301): 师爷在npc查询里面找不到哦[2;37;0m [0m[0;39;49m
2024-07-22 17:06:37 [0m[37m【北侠QQ群】[37m血刀门-桑骨乌(Sanguis)(970660232): 衙门里去看看[2;37;0m [0m[0;39;49m
2024-07-22 17:07:00 [0m[37m【北侠QQ群】[37m普通百姓-李长函(floatht)(792174301): 亚门正厅吗[2;37;0m [0m[0;39;49m
2024-07-22 17:07:11 [0m[37m【北侠QQ群】[37m普通百姓-李长函(floatht)(792174301): 衙门正厅吗[2;37;0m [0m[0;39;49m
2024-07-22 17:14:05 [0m[37m【北侠QQ群】[37m星宿派逍遥仙-小虫(ciss)(249682816): 新号就重新建立一个呗[2;37;0m [0m[0;39;49m
2024-07-22 17:14:09 [0m[37m【北侠QQ群】[37m星宿派逍遥仙-小虫(ciss)(249682816): 重新注册一个[2;37;0m [0m[0;39;49m
2024-07-22 17:14:14 [0m[37m【北侠QQ群】[37m血刀门-桑骨乌(Sanguis)(970660232): 是阿[2;37;0m [0m[0;39;49m
2024-07-22 17:14:18 [0m[37m【北侠QQ群】[37m血刀门-桑骨乌(Sanguis)(970660232): 新号重开个[2;37;0m [0m[0;39;49m
2024-07-22 17:14:19 [0m[37m【北侠QQ群】[37m星宿派逍遥仙-小虫(ciss)(249682816): 浪费个改名机会不合适[2;37;0m [0m[0;39;49m
2024-07-22 17:14:50 [0m[37m【北侠QQ群】[37m普通百姓-李长函(floatht)(792174301): 主要还是不想在网上把实名信息暴漏出去[2;37;0m [0m[0;39;49m
2024-07-22 17:15:02 [0m[37m【北侠QQ群】[37m普通百姓-李长函(floatht)(792174301): 建号的时候没多想[2;37;0m [0m[0;39;49m
2024-07-22 17:15:03 [0m[37m【北侠QQ群】[37m星宿派逍遥仙-小虫(ciss)(249682816): 不需要实名啊[2;37;0m [0m[0;39;49m
2024-07-22 17:18:46 [0m[37m【北侠QQ群】[37m天天(1976473324): [哈哈][2;37;0m [0m[0;39;49m
2024-07-22 17:18:53 [0m[37m【北侠QQ群】[37m天天(1976473324): 本来大家不知道这是实名[2;37;0m [0m[0;39;49m
2024-07-22 17:19:14 [0m[37m【北侠QQ群】[37m普通百姓-李长函(floatht)(792174301): 【图片】[2;37;0m [0m[0;39;49m
2024-07-22 17:19:27 [0m[37m【北侠QQ群】[37m普通百姓-李长函(floatht)(792174301): 这下不得不实名上网了[2;37;0m [0m[0;39;49m
2024-07-22 17:19:56 [0m[37m【北侠QQ群】[37m血刀门-桑骨乌(Sanguis)(970660232): 那就自杀然后重开号[2;37;0m [0m[0;39;49m
2024-07-22 17:20:00 [0m[37m【北侠QQ群】[37m血刀门-桑骨乌(Sanguis)(970660232): 换个名字[2;37;0m [0m[0;39;49m
2024-07-22 17:25:40 [0m[37m【北侠QQ群】[37m普通百姓-李长函(floatht)(792174301): 话说重新创建角色以后,论坛账号也要重新搞一遍吗[2;37;0m [0m[0;39;49m
2024-07-22 17:29:02 [0m[37m【北侠QQ群】[37m天天(1976473324): 不用[2;37;0m [0m[0;39;49m
2024-07-22 17:35:12 [0m[37m【北侠QQ群】[37m星宿派逍遥仙-小虫(ciss)(249682816): 我现实里也不能叫小虫子啊[2;37;0m [0m[0;39;49m
2024-07-22 17:35:22 [0m[37m【北侠QQ群】[37m星宿派逍遥仙-小虫(ciss)(249682816): 天真人 肯定也不叫天天[2;37;0m [0m[0;39;49m
2024-07-22 17:35:27 [0m[37m【北侠QQ群】[37m普通百姓-流云心(floatht)(792174301): 我刚开始以为要实名[2;37;0m [0m[0;39;49m
2024-07-22 17:35:39 [0;1m[2;37;0m[37m【北侠QQ群】[37m星宿派逍遥仙-小虫(ciss)(249682816): 【表情】[2;37;0m [0m[0;39;49m
2024-07-22 17:35:40 [0m[37m【北侠QQ群】[37m普通百姓-流云心(floatht)(792174301): 没多想就输上了[2;37;0m [0m[0;39;49m
2024-07-22 17:35:40 [0m[2;37;0m[37m【北侠QQ群】[37m星宿派逍遥仙-小虫(ciss)(249682816): 太实惠了[2;37;0m [0m[0;39;49m
2024-07-22 17:35:42 [0m[37m【北侠QQ群】🐉[37m青城派-泥人张(nrz)(924697122): 老实孩子[2;37;0m [0m[0;39;49m
2024-07-22 17:35:46 [0m[37m【北侠QQ群】[37m普通百姓-流云心(floatht)(792174301): 创建完我就发现不对劲[2;37;0m [0m[0;39;49m
2024-07-22 17:37:44 [0m[37m【北侠QQ群】[37m雪山派-筒万条(bdt)(1251334824): 顶级企业或联盟可能会占有80%甚至更多的高级资源和财富。游戏里也会这样吗?[2;37;0m [0m[0;39;49m
2024-07-22 17:37:51 [0m[37m【北侠QQ群】[37m星宿派逍遥仙-小虫(ciss)(249682816): 【@青城派-泥人张(nrz)(924697122)】 你又偷偷肝经验[2;37;0m [0m[0;39;49m
2024-07-22 17:37:57 [0m[37m【北侠QQ群】[37m星宿派逍遥仙-小虫(ciss)(249682816): 还说自己咸鱼 不肝了[2;37;0m [0m[0;39;49m
2024-07-22 17:38:06 [0m[37m【北侠QQ群】[37m星宿派逍遥仙-小虫(ciss)(249682816): 哼 气人[2;37;0m [0m[0;39;49m
2024-07-22 17:39:13 [0m[37m【北侠QQ群】🐉[37m青城派-泥人张(nrz)(924697122): 怎么被你发现了[2;37;0m [0m[0;39;49m
2024-07-22 17:39:54 [0m[37m【北侠QQ群】🐉[37m青城派-泥人张(nrz)(924697122): 以后我要装得再像一点，语气再诚恳一点[2;37;0m [0m[0;39;49m
2024-07-22 17:40:14 [0m[37m【北侠QQ群】🐉[37m青城派-泥人张(nrz)(924697122): 哎~肝不动，实在是肝不动，摆烂了摆烂了[2;37;0m [0m[0;39;49m
2024-07-22 17:40:29 [0m[37m【北侠QQ群】🐉[37m青城派-泥人张(nrz)(924697122): 这次怎么样[2;37;0m [0m[0;39;49m
2024-07-22 17:41:15 [0m[37m【北侠QQ群】[37m太乙派-我是嘤嘤怪(Foolish)(1085921834): 本次连线，你累计增加了30376710点总经验[2;37;0m [0m[0;39;49m
2024-07-22 17:41:20 [0m[37m【北侠QQ群】[37m太乙派-我是嘤嘤怪(Foolish)(1085921834): 哎~肝不动，实在是肝不动，摆烂了摆烂了[2;37;0m [0m[0;39;49m
2024-07-22 17:42:07 [0m[37m【北侠QQ群】🐉[37m青城派-泥人张(nrz)(924697122): 一天肝30M的大佬[2;37;0m [0m[0;39;49m
2024-07-22 17:42:39 [0;1m[2;37;0m[37m【北侠QQ群】[37m【神灯教】月色(14437181): 这是来了小学生么，还实名上网呢【表情】[2;37;0m [0m[0;39;49m
2024-07-22 17:42:39 [0m[2;37;0m[37m【北侠QQ群】🐉[37m青城派-泥人张(nrz)(924697122): 反复看了下，确实没多数一个零[2;37;0m [0m[0;39;49m
2024-07-22 17:46:23 [0m[37m【北侠QQ群】[37mQ群管家(2854196310): 【@Don Quijote(2247872650)】 欢迎进入北侠玩家群！请先查看北侠百科 http://pkuxkx.net/wiki 获得入门知识。[2;37;0m [0m[0;39;49m
2024-07-22 17:47:15 [0m[37m【北侠QQ群】[37m普通百姓-脚鱼客(footfisher)(2247872650): 大家好，我是看了差评君的微博来的[2;37;0m [0m[0;39;49m
2024-07-22 17:47:26 [0m[37m【北侠QQ群】[37m普通百姓-脚鱼客(footfisher)(2247872650): [05][2;37;0m [0m[0;39;49m
2024-07-22 17:50:53 [0m[37m【北侠QQ群】🐉[37m青城派-泥人张(nrz)(924697122): 这阵子来了好多新人[2;37;0m [0m[0;39;49m
2024-07-22 17:50:56 [0m[37m【北侠QQ群】🐉[37m青城派-泥人张(nrz)(924697122): 欢迎欢迎[2;37;0m [0m[0;39;49m
2024-07-22 17:52:26 [0m[37m【北侠QQ群】[37m星宿派逍遥仙-小虫(ciss)(249682816): 群地位减二[2;37;0m [0m[0;39;49m
2024-07-22 17:52:50 [0m[37m【北侠QQ群】[37m星宿派逍遥仙-小虫(ciss)(249682816): 哇  我星宿新人弟子出山了[2;37;0m [0m[0;39;49m
2024-07-22 17:52:50 [0;1m[2;37;0m[37m【北侠QQ群】[37m福星无双(3269273243): 【图片】[2;37;0m [0m[0;39;49m
2024-07-22 17:53:14 [0;1;35m[2;37;0m[37m【北侠QQ群】[37m普通百姓-栗木(raponed)(3297846465): 【图片】[2;37;0m [0m[0;39;49m
2024-07-22 17:53:15 [0m[37m【北侠QQ群】🐉[37m青城派-泥人张(nrz)(924697122): 我1200门忠了[2;37;0m [0m[0;39;49m
2024-07-22 17:53:32 [0m[37m【北侠QQ群】🐉[37m青城派-泥人张(nrz)(924697122): 正准备拜丁老怪，发现道德限制住了我[2;37;0m [0m[0;39;49m
2024-07-22 17:53:37 [0m[37m【北侠QQ群】[37m星宿派逍遥仙-小虫(ciss)(249682816): 【@青城派-泥人张(nrz)(924697122)】 能拜丁春秋 就行[2;37;0m [0m[0;39;49m
2024-07-22 17:54:08 [0;1m[2;37;0m[37m【北侠QQ群】🐉[37m青城派-泥人张(nrz)(924697122): 趁门忠周肝满吧[2;37;0m [0m[0;39;49m
2024-07-22 17:54:08 [0m[2;37;0m[37m【北侠QQ群】[37m星宿派逍遥仙-小虫(ciss)(249682816): 马屁神功 走起[2;37;0m [0m[0;39;49m
2024-07-22 17:54:08 [0m[37m【北侠QQ群】[37m全真教-井中月(newdoinb)(2801473891): 这么多新人[2;37;0m [0m[0;39;49m
2024-07-22 17:54:11 [0m[37m【北侠QQ群】🐉[37m青城派-泥人张(nrz)(924697122): 马屁需要30悟性，我17悟性开局得去读残局了[2;37;0m [0m[0;39;49m
2024-07-22 17:54:13 [0m[37m【北侠QQ群】[37m全真教-井中月(newdoinb)(2801473891): 坏了[2;37;0m [0m[0;39;49m
2024-07-22 17:54:26 [0m[37m【北侠QQ群】[37m星宿派逍遥仙-小虫(ciss)(249682816): 【@青城派-泥人张(nrz)(924697122)】 需要那么多悟性？[2;37;0m [0m[0;39;49m
2024-07-22 17:54:27 [0m[37m【北侠QQ群】[37m全真教-井中月(newdoinb)(2801473891): 群地位-100[2;37;0m [0m[0;39;49m
2024-07-22 17:54:39 [0m[37m【北侠QQ群】🐉[37m青城派-泥人张(nrz)(924697122): 嗯[2;37;0m [0m[0;39;49m
2024-07-22 17:54:39 [0m[37m【北侠QQ群】[37m星宿派逍遥仙-小虫(ciss)(249682816): 【@青城派-泥人张(nrz)(924697122)】 那你去村子里杀几个人[2;37;0m [0m[0;39;49m
2024-07-22 17:55:24 [0m[37m【北侠QQ群】🐉[37m青城派-泥人张(nrz)(924697122): 我都忘了我以前是怎么负道德的了[2;37;0m [0m[0;39;49m
2024-07-22 17:55:39 [0m[37m【北侠QQ群】[37m星宿派逍遥仙-小虫(ciss)(249682816): 扬州 汉中 小村子 杀人[2;37;0m [0m[0;39;49m
2024-07-22 17:55:52 [0m[37m【北侠QQ群】[37m星宿派逍遥仙-小虫(ciss)(249682816): 或者 湟中 杀那个要钱的[2;37;0m [0m[0;39;49m
2024-07-22 17:56:19 [0m[37m【北侠QQ群】🐉[37m青城派-泥人张(nrz)(924697122): 可以[2;37;0m [0m[0;39;49m
2024-07-22 17:56:31 [0m[37m【北侠QQ群】🐉[37m青城派-泥人张(nrz)(924697122): 做人小曲开起来[2;37;0m [0m[0;39;49m
2024-07-22 17:56:32 [0;1m[2;37;0m[37m【北侠QQ群】[37m星宿派逍遥仙-小虫(ciss)(249682816): 要钱的啥一次给3000[2;37;0m [0m[0;39;49m
2024-07-22 17:56:32 [0m[2;37;0m[37m【北侠QQ群】🐉[37m青城派-泥人张(nrz)(924697122): 好家伙[2;37;0m [0m[0;39;49m
2024-07-22 17:56:51 [0m[37m【北侠QQ群】[37m星宿派逍遥仙-小虫(ciss)(249682816): 人小曲是啥[2;37;0m [0m[0;39;49m
2024-07-22 17:57:11 [0m[37m【北侠QQ群】[37m星宿派逍遥仙-小虫(ciss)(249682816): 星宿大军 明显壮大了很多[2;37;0m [0m[0;39;49m
2024-07-22 17:57:23 [0m[37m【北侠QQ群】🐉[37m青城派-泥人张(nrz)(924697122): 做人小曲都不知道[2;37;0m [0m[0;39;49m
2024-07-22 17:57:26 [0m[37m【北侠QQ群】[37m太乙派-我是嘤嘤怪(Foolish)(1085921834): 【图片】[2;37;0m [0m[0;39;49m
2024-07-22 17:58:37 [0m[37m【北侠QQ群】[37m星宿派逍遥仙-小虫(ciss)(249682816): 我out了 完全看不懂你在说啥[2;37;0m [0m[0;39;49m
2024-07-22 17:59:00 [0;1;35m[2;37;0m[37m【北侠QQ群】歐陽瑧[2;37;0m[1;32m(Kin)[2;37;0m[37m: [37m鬼扯，我咋死去活来的[2;37;0m [0m[0;39;49m
2024-07-22 17:59:11 [0;36m[2;37;0m[37m【北侠QQ群】🐉[37m青城派-泥人张(nrz)(924697122): 舌尖上的美国[2;37;0m [0m[0;39;49m
2024-07-22 17:59:39 [0m[37m【北侠QQ群】🐉[37m青城派-泥人张(nrz)(924697122): 出门自带葱姜蒜，别让拔叔太难办[2;37;0m [0m[0;39;49m
2024-07-22 17:59:42 [0m[37m【北侠QQ群】[37m星宿派逍遥仙-小虫(ciss)(249682816): 不会吧 星宿还死去过来的？[2;37;0m [0m[0;39;49m
2024-07-22 18:00:03 [0m[37m【北侠QQ群】[37m天天(1976473324): 【回复@太乙派-我是嘤嘤怪(Foolish)(1085921834)：本次连线，你累计增加了30376710点总经验】 大佬[2;37;0m [0m[0;39;49m
2024-07-22 18:00:07 [0m[37m【北侠QQ群】[37m天天(1976473324): 【图片】[2;37;0m [0m[0;39;49m
2024-07-22 18:00:21 [0m[37m【北侠QQ群】[37m星宿派逍遥仙-小虫(ciss)(249682816): 你死去活来那是你玩的有问题[2;37;0m [0m[0;39;49m
2024-07-22 18:00:21 [0m[37m【北侠QQ群】[37m天天(1976473324): 看你们把孩子卷的，都不睡觉可[2;37;0m [0m[0;39;49m
2024-07-22 18:00:42 [0m[37m【北侠QQ群】[37m星宿派逍遥仙-小虫(ciss)(249682816): 说话的肯定是ina[2;37;0m [0m[0;39;49m
2024-07-22 18:00:45 [0m[37m【北侠QQ群】🐉[37m青城派-泥人张(nrz)(924697122): 这个回答，怎么I里I气的[2;37;0m [0m[0;39;49m
2024-07-23 11:49:10 [0m[37m【北侠QQ群】元曜[2;37;0m[1;32m(Yuany)[2;37;0m[37m: [37m在http://npc.pkuxkx.net/上查了 没有结果。。[2;37;0m [0m[0;39;49m
2024-07-23 11:49:10 [0m[37m【北侠QQ群】[37m武当派-墨云舒(moyunshu)(476933593): 从包裹里取东西用什么命令啊[2;37;0m [0m[0;39;49m
2024-07-23 11:49:47 [0m[37m【北侠QQ群】[37m【神灯教】月色(14437181): 新手教程教了，下次用本写下来[0m[0;39;49m
2024-07-23 11:49:47 [0;37m【北侠QQ群】【神灯教】月色(14437181): help get[2;37;0m [0m[0;39;49m
2024-07-23 12:14:55 [0m[37m【北侠QQ群】[37m华山派-旋舞(daihl)(20565644): 找到缺失的穴道[2;37;0m [0m[0;39;49m
2024-07-23 12:15:14 [0m[37m【北侠QQ群】[37m华山派-旋舞(daihl)(20565644): 你这个就是29号缺失了[2;37;0m [0m[0;39;49m
2024-07-23 12:17:02 [0m[37m【北侠QQ群】[37mall(1940872115): 超时了？[2;37;0m [0m[0;39;49m
2024-07-23 12:17:42 [0m[37m【北侠QQ群】[37m青城派-泥人张(nrz)(924697122): 我看了下wiki，原来是在纳入内力之前冲，搞错了[2;37;0m [0m[0;39;49m
2024-07-23 12:21:07 [0m[37m【北侠QQ群】[37mall(1940872115): 动作要快，感觉来不及就不要操作[2;37;0m [0m[0;39;49m
2024-07-23 12:22:51 [0m[37m【北侠QQ群】[37m武当派-雪影(snowshade)(1732759380): 那些经脉的字鬼那么难打，出个图片基本是来不及的[2;37;0m [0m[0;39;49m
2024-07-23 12:23:08 [0m[37m【北侠QQ群】🐉[37m星宿派逍遥仙-小虫(ciss)(249682816): 通脉那个图片 就没成功过[2;37;0m [0m[0;39;49m
2024-07-23 12:23:54 [0m[37m【北侠QQ群】[37m萌新请加QQ群-179632038-新任萌新大导师(116544783): 通脉这个泥牛入海的设计感觉有些想当然了[2;37;0m [0m[0;39;49m
2024-07-23 12:23:57 [0m[37m【北侠QQ群】🐉[37m星宿派逍遥仙-小虫(ciss)(249682816): 难道真有人 手动通脉吗？[2;37;0m [0m[0;39;49m
2024-07-23 12:24:21 [0m[37m【北侠QQ群】[37m武当派-雪影(snowshade)(1732759380): 还有人手动打坐呢[2;37;0m [0m[0;39;49m
2024-07-23 12:24:38 [0m[37m【北侠QQ群】[37m【神灯教】月色(14437181): 还有人手动学习呢【表情】[2;37;0m [0m[0;39;49m
2024-07-23 12:25:33 [0m[37m【北侠QQ群】[37m华山派-旋舞(daihl)(20565644): 但玩到了能通脉阶段了，还需要手动通脉就不可思议了[2;37;0m [0m[0;39;49m
2024-07-23 12:27:05 [0m[37m【北侠QQ群】[37m武当派-雪影(snowshade)(1732759380): 不加点图片不舒服的[2;37;0m [0m[0;39;49m
2024-07-23 12:31:17 [0m[37m【北侠QQ群】[37m武当派-郑小浪(xiaomia)(82161766): 【@青城派-泥人张(nrz)(924697122)】 要在冲穴的过程中才有效，你结束了再enforce就没有效果了[2;37;0m [0m[0;39;49m
2024-07-23 12:31:29 [0m[37m【北侠QQ群】[37m青城派-泥人张(nrz)(924697122): 【回复@武当派-郑小浪(xiaomia)(82161766)：@青城派-泥人张(nrz) 要在冲穴的过程中才有效，你结束了再enforce就没有效果了】 嗯嗯，我发现了[2;37;0m [0m[0;39;49m
2024-07-23 12:34:14 [0m[37m【北侠QQ群】[37m全真-双儿(dsbb)(1579651663): 我发现朝廷和峨眉这两个门派[2;37;0m [0m[0;39;49m
2024-07-23 12:34:33 [0m[37m【北侠QQ群】[37m全真-双儿(dsbb)(1579651663): 站着让他们打，不吸气都没事[2;37;0m [0m[0;39;49m
2024-07-23 12:34:43 [0m[37m【北侠QQ群】[37m全真-双儿(dsbb)(1579651663): 其他门派就不行[2;37;0m [0m[0;39;49m
2024-07-23 12:34:50 [0m[37m【北侠QQ群】[37m全真-双儿(dsbb)(1579651663): 可以加强【表情】[2;37;0m [0m[0;39;49m
2024-07-23 12:34:59 [0m[37m【北侠QQ群】[37m全真-双儿(dsbb)(1579651663): 公孙止[2;37;0m [0m[0;39;49m
2024-07-23 12:35:08 [0m[37m【北侠QQ群】[37m青城派-泥人张(nrz)(924697122): 那你是要加强npc还是加强玩家[2;37;0m [0m[0;39;49m
2024-07-23 12:35:10 [0m[37m【北侠QQ群】[37m全真-双儿(dsbb)(1579651663): 给我挠痒痒[2;37;0m [0m[0;39;49m
2024-07-23 12:35:39 [0m[37m【北侠QQ群】[37m青城派-泥人张(nrz)(924697122): 全真npc打人也不咋疼，要不也加强一下？[2;37;0m [0m[0;39;49m
2024-07-23 12:37:27 [0m[37m【北侠QQ群】李二狗[2;37;0m[1;32m(Mirai)[2;37;0m[37m: [37m测试测试[2;37;0m  [42;1m[1;37m◆剑心居◆[2;37;0m[0m[0;39;49m
2024-07-23 12:38:27 [0m[37m【北侠QQ群】🐉[37m星宿派逍遥仙-小虫(ciss)(249682816): 【图片】[2;37;0m [0m[0;39;49m
2024-07-23 12:38:39 [0m[37m【北侠QQ群】🐉[37m星宿派逍遥仙-小虫(ciss)(249682816): 文明六 有必要买典藏版吗[2;37;0m [0m[0;39;49m
2024-07-23 12:39:21 [0m[37m【北侠QQ群】[37m武当派-雪影(snowshade)(1732759380): 喜欢就买，成年人不做选择题[2;37;0m [0m[0;39;49m
2024-07-23 12:39:28 [0m[37m【北侠QQ群】[37m普通百姓-李二狗(mirai)(49723516): 【@星宿派逍遥仙-小虫(ciss)(249682816)】 3DM有dlc解锁补丁[2;37;0m [0m[0;39;49m
2024-07-23 12:39:59 [0m[37m【北侠QQ群】[37m桃花岛-姜云璞(liwia)(1761842310): 全DLC喜欢可以买[2;37;0m [0m[0;39;49m
2024-07-23 12:40:13 [0m[37m【北侠QQ群】🐉[37m星宿派逍遥仙-小虫(ciss)(249682816): 【表情】[2;37;0m [0m[0;39;49m
2024-07-23 12:40:18 [0m[37m【北侠QQ群】🐉[37m星宿派逍遥仙-小虫(ciss)(249682816): 我买了白金版[2;37;0m [0m[0;39;49m
2024-07-23 12:42:43 [0m[37m【北侠QQ群】[37m【神灯教】月色(14437181): 【回复@星宿派逍遥仙-小虫(ciss)(249682816)：文明六 有必要买典藏版吗】 白金版就带全dlc吧[2;37;0m [0m[0;39;49m
2024-07-23 12:44:53 [0m[37m【北侠QQ群】🐉[37m星宿派逍遥仙-小虫(ciss)(249682816): 好像不是[2;37;0m [0m[0;39;49m
2024-07-23 12:45:32 [0m[37m【北侠QQ群】🐉[37m星宿派逍遥仙-小虫(ciss)(249682816): 买了 两个一共 80多块钱[2;37;0m [0m[0;39;49m
2024-07-23 12:46:16 [0m[37m【北侠QQ群】[37m【神灯教】月色(14437181): https://www.bilibili.com/read/cv19687383/[2;37;0m [0m[0;39;49m
2024-07-23 12:51:43 [0m[37m【北侠QQ群】[37m桃花岛-姜云璞(liwia)(1761842310): 我只有epic送的基础版【表情】[2;37;0m [0m[0;39;49m
2024-07-23 12:55:34 [0m[37m【北侠QQ群】[37m全真教-井中月(newdoinb)(2801473891): 文明这玩意真费时间[2;37;0m [0m[0;39;49m
2024-07-23 12:57:03 [0m[37m【北侠QQ群】[37m桃花岛-姜云璞(liwia)(1761842310): 【回复@全真教-井中月(newdoinb)(2801473891)：文明这玩意真费时间】 可以电表倒转【表情】[2;37;0m [0m[0;39;49m
2024-07-23 12:57:20 [0m[37m【北侠QQ群】[37m桃花岛-姜云璞(liwia)(1761842310): 七点开一把，打完一看才六点半[2;37;0m [0m[0;39;49m
2024-07-23 12:57:21 [0m[2;37;0m[37m【北侠QQ群】[37m全真教-井中月(newdoinb)(2801473891): 正常时间流速打一把半天没了[2;37;0m [0m[0;39;49m
2024-07-23 12:57:32 [0m[37m【北侠QQ群】[37m全真教-井中月(newdoinb)(2801473891): 之前我们寝室开马拉松[2;37;0m [0m[0;39;49m
2024-07-23 12:58:29 [0m[37m【北侠QQ群】[37m血刀门-桑骨乌(Sanguis)(970660232): 【图片】[2;37;0m [0m[0;39;49m
2024-07-23 12:58:31 [0m[37m【北侠QQ群】[37m全真教-井中月(newdoinb)(2801473891): 打了一天半让秦始皇文化胜利了[2;37;0m [0m[0;39;49m
2024-07-23 12:59:29 [0m[37m【北侠QQ群】[37m青城派-泥人张(nrz)(924697122): 整挺好，就是find敌人的时候有点折磨[2;37;0m [0m[0;39;49m
2024-07-23 13:00:37 [0m[37m【北侠QQ群】[37m血刀门-桑骨乌(Sanguis)(970660232): 【图片】哎 现在就是战斗时候删死去的敌人会因为有其他地方还在用这个Object[2;37;0m [0m[0;39;49m
2024-07-23 13:00:41 [0m[37m【北侠QQ群】[37m血刀门-桑骨乌(Sanguis)(970660232): 导致报错[2;37;0m [0m[0;39;49m
2024-07-23 13:00:51 [0m[37m【北侠QQ群】[37m血刀门-桑骨乌(Sanguis)(970660232): 我又找不到具体是哪里[2;37;0m [0m[0;39;49m
2024-07-23 13:05:54 [0m[37m【北侠QQ群】[37m血刀门-桑骨乌(Sanguis)(970660232): 哦 有个函数位置的问题[2;37;0m [0m[0;39;49m
2024-07-23 13:06:07 [0m[37m【北侠QQ群】[37m血刀门-桑骨乌(Sanguis)(970660232): 【表情】[2;37;0m [0m[0;39;49m
2024-07-23 13:06:26 [0;1;33m[2;37;0m[37m【北侠QQ群】[37m血刀门-桑骨乌(Sanguis)(970660232): 写错一点就开始报错[2;37;0m [0m[0;39;49m
2024-07-23 13:07:14 [0m[37m【北侠QQ群】[37m血刀门-桑骨乌(Sanguis)(970660232): 【图片】[2;37;0m [0m[0;39;49m
2024-07-23 13:19:47 [0m[37m【北侠QQ群】[37m【神灯教】月色(14437181): [坚强]]请使用最新版手机QQ体验新功能战斗系统乱七八糟东西好鸡儿复杂【表情】[2;37;0m [0m[0;39;49m
2024-07-23 13:31:44 [0m[37m【北侠QQ群】🐉[37m星宿派逍遥仙-小虫(ciss)(249682816): 【@【神灯教】月色(14437181)】 额 退款了[2;37;0m [0m[0;39;49m
2024-07-23 13:32:01 [0m[37m【北侠QQ群】🐉[37m星宿派逍遥仙-小虫(ciss)(249682816): 【@【神灯教】月色(14437181)】 我突然发现我有免费的资源能下载。。。[2;37;0m [0m[0;39;49m
2024-07-23 13:32:41 [0m[37m【北侠QQ群】🐉[37m星宿派逍遥仙-小虫(ciss)(249682816): 【图片】[2;37;0m [0m[0;39;49m
2024-07-23 13:32:44 [0m[37m【北侠QQ群】🐉[37m星宿派逍遥仙-小虫(ciss)(249682816): 【表情】[2;37;0m [0m[0;39;49m
2024-07-23 13:33:02 [0m[37m【北侠QQ群】[37m【神灯教】月色(14437181): 【表情】[2;37;0m [0m[0;39;49m
2024-07-23 13:36:50 [0m[37m【北侠QQ群】[37m普通百姓-趴窝(pavo)(547280846): 【回复@星宿派逍遥仙-小虫(ciss)(249682816)：@【神灯教】月色 我突然发现我有免费的资源能下载。。。】 买的毕竟比较省力不折腾，免费的想联机什么的就麻烦啦【表情】[2;37;0m [0m[0;39;49m
2024-07-23 13:37:08 [0m[37m【北侠QQ群】🐉[37m星宿派逍遥仙-小虫(ciss)(249682816): 单机游戏[2;37;0m [0m[0;39;49m
2024-07-23 13:38:02 [0m[37m【北侠QQ群】[37m普通百姓-流云心(floatht)(792174301): 文明6要联机玩是真玩不完了[2;37;0m [0m[0;39;49m
2024-07-23 13:38:45 [0m[37m【北侠QQ群】[37m普通百姓-流云心(floatht)(792174301): 一盘标准规则都够我不吃不喝打两天的[2;37;0m [0m[0;39;49m
2024-07-23 13:38:48 [0m[37m【北侠QQ群】[37m【神灯教】月色(14437181): 联机文明怕不是有点和自己过不去【表情】[2;37;0m [0m[0;39;49m
2024-07-23 13:39:17 [0m[37m【北侠QQ群】[37m普通百姓-趴窝(pavo)(547280846): 【表情】但绝对更快乐[2;37;0m [0m[0;39;49m
2024-07-23 13:39:28 [0m[37m【北侠QQ群】[37m【神灯教】月色(14437181): 不可能更快乐[2;37;0m [0m[0;39;49m
2024-07-23 13:40:00 [0m[37m【北侠QQ群】[37m普通百姓-流云心(floatht)(792174301): 大年三十和朋友通宵打一晚上才打100回合多一点[2;37;0m [0m[0;39;49m
2024-07-23 13:40:21 [0m[37m【北侠QQ群】[37m普通百姓-趴窝(pavo)(547280846): 既然都玩文明了，有看过乔尔视频嘛[2;37;0m [0m[0;39;49m
2024-07-23 13:40:36 [0m[37m【北侠QQ群】🐉[37m星宿派逍遥仙-小虫(ciss)(249682816): 没有 心血来潮[2;37;0m [0m[0;39;49m
2024-07-23 13:40:41 [0m[37m【北侠QQ群】🐉[37m星宿派逍遥仙-小虫(ciss)(249682816): 没玩过类似的游戏[2;37;0m [0m[0;39;49m
2024-07-23 13:40:55 [0m[37m【北侠QQ群】🐉[37m星宿派逍遥仙-小虫(ciss)(249682816): 本来想薅羊毛[2;37;0m [0m[0;39;49m
2024-07-23 13:41:03 [0m[37m【北侠QQ群】🐉[37m星宿派逍遥仙-小虫(ciss)(249682816): 发现有免费的 哈哈哈哈[2;37;0m [0m[0;39;49m
2024-07-23 13:41:15 [0m[37m【北侠QQ群】[37m普通百姓-流云心(floatht)(792174301): 明年不是要出文明7吗[2;37;0m [0m[0;39;49m
2024-07-23 13:41:22 [0m[37m【北侠QQ群】[37m【神灯教】月色(14437181): 薅羊毛就薅shapez【表情】[2;37;0m [0m[0;39;49m
2024-07-23 13:41:35 [0m[37m【北侠QQ群】[37m【神灯教】月色(14437181): 让你的时钟快速旋转[2;37;0m [0m[0;39;49m
2024-07-23 13:51:34 [0m[37m【北侠QQ群】🐉[37m星宿派逍遥仙-小虫(ciss)(249682816): 【经验】 250000050[2;37;0m [0m[0;39;49m
2024-07-23 13:51:39 [0m[37m【北侠QQ群】🐉[37m星宿派逍遥仙-小虫(ciss)(249682816): 【表情】[2;37;0m [0m[0;39;49m
2024-07-23 13:52:33 [0m[37m【北侠QQ群】[37m太乙派-我是嘤嘤怪(Foolish)(1085921834): 快去兑换掉50点[2;37;0m [0m[0;39;49m
2024-07-23 13:56:45 [0m[37m【北侠QQ群】[37m福星无双(3269273243): 我建议兑换掉2亿[2;37;0m [0m[0;39;49m
2024-07-23 13:57:56 [0m[37m【北侠QQ群】🐉[37m星宿派逍遥仙-小虫(ciss)(249682816): 【表情】[2;37;0m [0m[0;39;49m
2024-07-23 14:07:17 [0m[37m【北侠QQ群】[37m【神灯教】月色(14437181): zmud等级没有修炼到了然于胸的[0m[0;39;49m
2024-07-23 14:07:17 [0;37m【北侠QQ群】【神灯教】月色(14437181): 从没玩过mud的[0m[0;39;49m
2024-07-23 14:07:17 [0;37m【北侠QQ群】【神灯教】月色(14437181): 请从群共享搜索下载神灯教新手套装或访问微云  （信息过长，以下省略，需要请到QQ群查看）[2;37;0m [0m[0;39;49m
2024-07-23 14:35:17 [0m[37m【北侠QQ群】姗儿高兴地跳了起来。[2;37;0m[37m[2;37;0m (shaner||jump)[0m[0;39;49m
2024-07-23 14:35:17 [0m[2;37;0m[37m【北侠QQ群】姗儿[2;37;0m[1;32m(Shaner)[2;37;0m[37m: [37m表哥表哥！张三来了！快吃口福米准备一下吧！[2;37;0m [0m[0;39;49m
2024-07-23 14:42:35 [0m[37m【北侠QQ群】[37micer(3077068): 【图片】[2;37;0m [0m[0;39;49m
2024-07-23 14:42:58 [0m[37m【北侠QQ群】[37m萌新请加QQ群-179632038-新任萌新大导师(116544783): icer 这是要去哪里[2;37;0m [0m[0;39;49m
2024-07-23 14:43:06 [0m[37m【北侠QQ群】[37micer(3077068): 喀纳斯[2;37;0m [0m[0;39;49m
2024-07-23 14:43:37 [0m[37m【北侠QQ群】[37m萌新李白(11738234): 自驾？[2;37;0m [0m[0;39;49m
2024-07-23 14:44:05 [0m[37m【北侠QQ群】[37m萌新请加QQ群-179632038-新任萌新大导师(116544783): 太好了，wiz 们都不在，我们可以尽情地用 bug 了[2;37;0m [0m[0;39;49m
2024-07-23 14:44:12 [0m[37m【北侠QQ群】[37m飘飘(1067937723): 那边自驾太累了 包个车和司机合适[2;37;0m [0m[0;39;49m
2024-07-23 14:44:23 [0m[37m【北侠QQ群】[37m萌新请加QQ群-179632038-新任萌新大导师(116544783): wield 陨铁[2;37;0m [0m[0;39;49m
2024-07-23 14:44:23 [0m[2;37;0m[37m【北侠QQ群】[37micer(3077068): 嗯，包车[2;37;0m [0m[0;39;49m
2024-07-23 14:44:35 [0m[37m【北侠QQ群】[37micer(3077068): 大半天都在路上[2;37;0m [0m[0;39;49m
2024-07-23 14:44:48 [0m[37m【北侠QQ群】[37m萌新李白(11738234): 正常[2;37;0m [0m[0;39;49m
2024-07-23 14:45:37 [0m[37m【北侠QQ群】[37m青城派-泥人张(nrz)(924697122): 14:45:18 【江湖】张 三(Zhang san): 听说小小霹雳鼠阁下武功不错，在下想与您较量一下。[2;37;0m [0m[0;39;49m
2024-07-23 14:45:47 [0m[37m【北侠QQ群】[37m青城派-泥人张(nrz)(924697122): 【@神教-小小霹雳鼠(xxpls)(1153726999)】[2;37;0m [0m[0;39;49m
2024-07-23 14:46:33 [0m[37m【北侠QQ群】[37m萌新李白(11738234): 热的要死[2;37;0m [0m[0;39;49m
2024-07-23 14:50:13 [0m[37m【北侠QQ群】[37m血刀门-桑骨乌(Sanguis)(970660232): 【图片】[2;37;0m [0m[0;39;49m
2024-07-23 14:50:24 [0m[37m【北侠QQ群】[37m血刀门-桑骨乌(Sanguis)(970660232): 想想俺的MUD还有啥系统要写…[2;37;0m [0m[0;39;49m
2024-07-23 14:51:03 [0m[37m【北侠QQ群】[37m血刀门-桑骨乌(Sanguis)(970660232): 哦还有个crafting还得看一下[2;37;0m [0m[0;39;49m
2024-07-23 14:52:45 [0m[37m【北侠QQ群】[37m萌新李白(11738234): 搞个锻造够玩一辈子[2;37;0m [0m[0;39;49m
2024-07-23 14:53:04 [0m[37m【北侠QQ群】[37m萌新李白(11738234): +10玄铁剑一刀999[2;37;0m [0m[0;39;49m
2024-07-23 14:53:08 [0m[37m【北侠QQ群】[37m血刀门-桑骨乌(Sanguis)(970660232): 不是锻造[2;37;0m [0m[0;39;49m
2024-07-23 14:53:20 [0m[37m【北侠QQ群】[37m血刀门-桑骨乌(Sanguis)(970660232): 就是做各种小东西来完成任务[2;37;0m [0m[0;39;49m
2024-07-23 14:53:43 [0m[37m【北侠QQ群】[37mQ群管家(2854196310): 【@无名(262110387)】 欢迎进入北侠玩家群！请先查看北侠百科 http://pkuxkx.net/wiki 获得入门知识。[2;37;0m [0m[0;39;49m
2024-07-23 14:58:09 [0m[37m【北侠QQ群】[37m青城派-泥人张(nrz)(924697122): +10 鸡腿毁天灭地[2;37;0m [0m[0;39;49m
2024-07-23 15:01:30 [0m[37m【北侠QQ群】[37m普通百姓-趴窝(pavo)(547280846): 【回复@星宿派逍遥仙-小虫(ciss)(249682816)：没玩过类似的游戏】 体验过这个，欢迎加入大奸大恶的P社，比文明更硬核更有趣【表情】[2;37;0m [0m[0;39;49m
2024-07-23 15:09:38 [0m[37m【北侠QQ群】[37mQ群管家(2854196310): 【@奇点烤鱼(1832880939)】 欢迎进入北侠玩家群！请先查看北侠百科 http://pkuxkx.net/wiki 获得入门知识。[2;37;0m [0m[0;39;49m
2024-07-24 09:37:00 [0m[37m【北侠QQ群】[37m【神灯教】月色(14437181): 【图片】[2;37;0m [0m[0;39;49m
2024-07-24 09:41:40 [0m[37m【北侠QQ群】[37micer(3077068): 【图片】[2;37;0m [0m[0;39;49m
2024-07-24 09:42:18 [0m[37m【北侠QQ群】[37micer(3077068): 【图片】[2;37;0m [0m[0;39;49m
2024-07-24 09:42:58 [0m[37m【北侠QQ群】[37m神教-小小霹雳鼠(xxpls)(1153726999): 【@icer(3077068)】 老大 还是你眼睛好痛【表情】[2;37;0m [0m[0;39;49m
2024-07-24 09:43:24 [0m[37m【北侠QQ群】[37m神教-小小霹雳鼠(xxpls)(1153726999): 【@icer(3077068)】 老大 还是你眼睛好用【表情】[2;37;0m [0m[0;39;49m
2024-07-24 09:43:32 [0m[37m【北侠QQ群】[37m华山派-晓月星(xiaoyuegx)(826715192): 盟主换周试试[2;37;0m [0m[0;39;49m
2024-07-24 09:43:57 [0m[37m【北侠QQ群】[37m神教-小小霹雳鼠(xxpls)(1153726999): 这暗伤颜色是真够暗的【表情】[2;37;0m [0m[0;39;49m
2024-07-24 09:44:38 [0m[37m【北侠QQ群】[37micer(3077068): 暗。。。。 伤[2;37;0m [0m[0;39;49m
2024-07-24 09:45:02 [0m[37m【北侠QQ群】[37m【神灯教】月色(14437181): 调亮点[2;37;0m [0m[0;39;49m
2024-07-24 09:45:06 [0m[37m【北侠QQ群】[37m神教-小小霹雳鼠(xxpls)(1153726999): 充分的表现了字面意思【表情】[2;37;0m [0m[0;39;49m
2024-07-24 09:45:45 [0m[37m【北侠QQ群】[37m华山奶牛(mirac)(2855622808): 暗暗的伤害你[2;37;0m [0m[0;39;49m
2024-07-24 09:45:50 [0m[37m【北侠QQ群】[37m华山奶牛(mirac)(2855622808): 当然 要 暗[2;37;0m [0m[0;39;49m
2024-07-24 09:46:07 [0m[37m【北侠QQ群】静人悟[2;37;0m[2;37;0m[1;32m(Wjl)[2;37;0m[37m: [37m 通脉太慢了，有啥办法提速没有？[2;37;0m [0m[0;39;49m
2024-07-24 09:46:22 [0m[37m【北侠QQ群】[37m神教-小小霹雳鼠(xxpls)(1153726999): 晚上挂着同意你睡觉[2;37;0m [0m[0;39;49m
2024-07-24 09:46:30 [0m[37m【北侠QQ群】[37m神教-小小霹雳鼠(xxpls)(1153726999): 晚上挂着通你睡觉[2;37;0m [0m[0;39;49m
2024-07-24 09:46:32 [0m[37m【北侠QQ群】静人悟[2;37;0m[2;37;0m[1;32m(Wjl)[2;37;0m[37m: [37m找几个大佬帮忙大通穴道[2;37;0m [0m[0;39;49m
2024-07-24 09:47:47 [0m[37m【北侠QQ群】[37m神教-小小霹雳鼠(xxpls)(1153726999): 同事给你几块香皂？[2;37;0m [0m[0;39;49m
2024-07-24 09:47:53 [0m[37m【北侠QQ群】[37m神教-小小霹雳鼠(xxpls)(1153726999): 同时给你几块香皂？[2;37;0m [0m[0;39;49m
2024-07-24 09:48:59 [0m[37m【北侠QQ群】[37mall(1940872115): 看来你是把暗伤给gag了[2;37;0m [0m[0;39;49m
2024-07-24 09:49:40 [0m[37m【北侠QQ群】[37m神教-小小霹雳鼠(xxpls)(1153726999): 【表情】[2;37;0m [0m[0;39;49m
2024-07-24 09:50:14 [0m[37m【北侠QQ群】[37m华山奶牛(mirac)(2855622808): 暗伤是啥？[2;37;0m [0m[0;39;49m
2024-07-24 09:51:00 [0m[37m【北侠QQ群】[37m少林日月明教-破绽(xurufeng)(465331445): 【图片】[2;37;0m [0m[0;39;49m
2024-07-24 09:51:06 [0m[37m【北侠QQ群】[37m明教-小云(dra)(9128096): 读写一把搞定多少级？[2;37;0m [0m[0;39;49m
2024-07-24 09:51:15 [0m[37m【北侠QQ群】[37m神教-小小霹雳鼠(xxpls)(1153726999): 300[2;37;0m [0m[0;39;49m
2024-07-24 09:51:20 [0m[37m【北侠QQ群】[37m萌新李白(11738234): 【回复@神教-小小霹雳鼠(xxpls)(1153726999)：快 李白大佬就吃这套【表情】】 最近胃不舒服[2;37;0m [0m[0;39;49m
2024-07-24 09:51:26 [0m[37m【北侠QQ群】[37m明教-小云(dra)(9128096): 还差好多[2;37;0m [0m[0;39;49m
2024-07-24 09:51:29 [0m[37m【北侠QQ群】[37m神教-小小霹雳鼠(xxpls)(1153726999): 不学也没事[2;37;0m [0m[0;39;49m
2024-07-24 09:51:39 [0m[37m【北侠QQ群】[37m萌新李白(11738234): 【回复@我知道你很急，你先别着急(yaot)(242564)：快说你来中国旅游的】 歪果仁李白？[2;37;0m [0m[0;39;49m
2024-07-24 09:51:47 [0m[37m【北侠QQ群】[37m神教-小小霹雳鼠(xxpls)(1153726999): 【@萌新李白(11738234)】 【表情】[2;37;0m [0m[0;39;49m
2024-07-24 09:51:47 [0m[2;37;0m[37m【北侠QQ群】[37m明教-小云(dra)(9128096): 是不是更费潜能[2;37;0m [0m[0;39;49m
2024-07-24 09:51:55 [0m[37m【北侠QQ群】[37m神教-小小霹雳鼠(xxpls)(1153726999): 不是[2;37;0m [0m[0;39;49m
2024-07-24 09:53:38 [0m[37m【北侠QQ群】[37m明教-淡定(xinge)(1452069775): 大佬们，请问，连续四年洗澡到17岁加了根骨之后，应该就不用再洗了吧[2;37;0m [0m[0;39;49m
2024-07-24 09:53:53 [0m[37m【北侠QQ群】[37m神教-小小霹雳鼠(xxpls)(1153726999): 不用[2;37;0m [0m[0;39;49m
2024-07-24 09:54:08 [0m[37m【北侠QQ群】[37m神教-小小霹雳鼠(xxpls)(1153726999): 你怎么17岁就连续四年了[2;37;0m [0m[0;39;49m
2024-07-24 09:54:15 [0m[37m【北侠QQ群】[37m神教-小小霹雳鼠(xxpls)(1153726999): 怎么做到的[2;37;0m [0m[0;39;49m
2024-07-24 09:54:16 [0m[37m【北侠QQ群】[37m明教-淡定(xinge)(1452069775): 14，15，16，17[2;37;0m [0m[0;39;49m
2024-07-24 09:54:38 [0m[37m【北侠QQ群】[37m神教-小小霹雳鼠(xxpls)(1153726999): 哦[2;37;0m [0m[0;39;49m
2024-07-24 09:54:39 [0m[2;37;0m[37m【北侠QQ群】[37m明教-淡定(xinge)(1452069775): 之前有另一位好心的大佬教我洗了。。。后面我按照wiki搞的[2;37;0m [0m[0;39;49m
2024-07-24 09:54:48 [0m[37m【北侠QQ群】[37m神教-小小霹雳鼠(xxpls)(1153726999): 我18才第二次[2;37;0m [0m[0;39;49m
2024-07-24 09:55:01 [0m[37m【北侠QQ群】[37m明教-淡定(xinge)(1452069775): 666[2;37;0m [0m[0;39;49m
2024-07-24 09:55:03 [0m[37m【北侠QQ群】[37m明教-淡定(xinge)(1452069775): 也是。。。[2;37;0m [0m[0;39;49m
2024-07-24 09:55:13 [0m[37m【北侠QQ群】[37m明教-淡定(xinge)(1452069775): 后面改了，好像放宽到了24[2;37;0m [0m[0;39;49m
2024-07-24 09:55:26 [0m[37m【北侠QQ群】[37m明教-淡定(xinge)(1452069775): 原先是限制18的[2;37;0m [0m[0;39;49m
2024-07-24 09:55:52 [0m[37m【北侠QQ群】[37m我知道你很急，你先别着急(yaot)(242564): 【@萌新李白(11738234)】 你老家俄罗斯的！[2;37;0m [0m[0;39;49m
2024-07-24 09:58:17 [0m[37m【北侠QQ群】[37m明教-淡定(xinge)(1452069775): 那就好，，，可以大胆放心的挂机啦！[2;37;0m [0m[0;39;49m
2024-07-24 09:58:42 [0m[37m【北侠QQ群】[37m萌新李白(11738234): 我滴家在东北 松花江上啊～[2;37;0m [0m[0;39;49m
2024-07-24 09:58:54 [0m[37m【北侠QQ群】[37m华山奶牛(mirac)(2855622808): 老白 咋那么高兴[2;37;0m [0m[0;39;49m
2024-07-24 09:59:21 [0m[37m【北侠QQ群】[37m少林-本群最菜-五香刘(wxliu)(3139326097): 【图片】[2;37;0m [0m[0;39;49m
2024-07-24 09:59:40 [0m[37m【北侠QQ群】[37m明教-淡定(xinge)(1452069775): 非也非也[2;37;0m [0m[0;39;49m
2024-07-24 09:59:43 [0m[37m【北侠QQ群】[37m明教-淡定(xinge)(1452069775): 我才是最菜的[2;37;0m [0m[0;39;49m
2024-07-24 10:00:35 [0m[37m【北侠QQ群】[37m少林-本群最菜-五香刘(wxliu)(3139326097): ┭┮﹏┭┮[2;37;0m [0m[0;39;49m
2024-07-24 10:00:45 [0m[37m【北侠QQ群】[37m萌新李白(11738234): 【回复@华山奶牛(mirac)(2855622808)：老白 咋那么高兴】 刚吃完早餐【@华山奶牛(mirac)(2855622808)】[2;37;0m [0m[0;39;49m
2024-07-24 10:00:48 [0m[37m【北侠QQ群】[37m少林-本群最菜-五香刘(wxliu)(3139326097): 我已经菜到连本群最菜都抢不过了[2;37;0m [0m[0;39;49m
2024-07-24 10:00:59 [0m[37m【北侠QQ群】[37m血刀门-桑骨乌(Sanguis)(970660232): wiki洗澡教程写的老细致了[2;37;0m [0m[0;39;49m
2024-07-24 10:01:20 [0m[37m【北侠QQ群】[37m少林-本群最菜-五香刘(wxliu)(3139326097): 【图片】[2;37;0m [0m[0;39;49m
2024-07-24 10:01:34 [0m[37m【北侠QQ群】[37m少林-本群最菜-五香刘(wxliu)(3139326097): 青米间[2;37;0m [0m[0;39;49m
2024-07-24 10:01:35 [0m[37m【北侠QQ群】[37m少林-本群最菜-五香刘(wxliu)(3139326097): 是什么？[2;37;0m [0m[0;39;49m
2024-07-24 10:02:26 [0m[37m【北侠QQ群】[37m少林-本群最菜-五香刘(wxliu)(3139326097): 【图片】[2;37;0m [0m[0;39;49m
2024-07-24 10:04:35 [0m[37m【北侠QQ群】[37m少林-本群最菜-五香刘(wxliu)(3139326097): 【图片】[2;37;0m [0m[0;39;49m
2024-07-24 10:04:43 [0m[37m【北侠QQ群】[37m少林-本群最菜-五香刘(wxliu)(3139326097): 来个大佬舅舅[2;37;0m [0m[0;39;49m
2024-07-24 10:05:06 [0m[37m【北侠QQ群】[37m雪山派-筒万条(bdt)(1251334824): 碳晶是剿匪才有吗?[2;37;0m [0m[0;39;49m
2024-07-24 10:05:20 [0m[37m【北侠QQ群】[37m少林-本群最菜-五香刘(wxliu)(3139326097): 是的[2;37;0m [0m[0;39;49m
2024-07-24 10:05:29 [0m[37m【北侠QQ群】[37m雪山派-筒万条(bdt)(1251334824): 谢谢[2;37;0m [0m[0;39;49m
2024-07-24 10:05:41 [0m[37m【北侠QQ群】[37m少林-本群最菜-五香刘(wxliu)(3139326097): 比起碳晶，还是4o更稀有【表情】[2;37;0m [0m[0;39;49m
2024-07-24 10:05:58 [0m[37m【北侠QQ群】[37m少林-本群最菜-五香刘(wxliu)(3139326097): 低价收购玄武4o装【表情】[2;37;0m [0m[0;39;49m
2024-07-24 10:06:21 [0m[37m【北侠QQ群】[37m明教-淡定(xinge)(1452069775): 【回复@少林-本群最菜-五香刘(wxliu)(3139326097)：我已经菜到连本群最菜都抢不过了】 这位大佬真是非常的客气。。。[2;37;0m [0m[0;39;49m
2024-07-24 10:06:31 [0m[37m【北侠QQ群】静人悟[2;37;0m[2;37;0m[1;32m(Wjl)[2;37;0m[37m: [37m还低价，鄙视[2;37;0m [0m[0;39;49m
2024-07-24 10:06:59 [0m[37m【北侠QQ群】[37m少林-本群最菜-五香刘(wxliu)(3139326097): 【回复@明教-淡定(xinge)(1452069775)：这位大佬真是非常的客气。。。】 真不是大佬！嘤嘤嘤[2;37;0m [0m[0;39;49m
2024-07-24 10:07:21 [0m[37m【北侠QQ群】[37m少林-本群最菜-五香刘(wxliu)(3139326097): 【回复静人悟(Wjl):还低价，鄙视  】 你看，天天被富哥富婆冷眼相对[2;37;0m [0m[0;39;49m
2024-07-24 10:07:34 [0m[37m【北侠QQ群】静人悟[2;37;0m[2;37;0m[1;32m(Wjl)[2;37;0m[37m: [37m哈哈[2;37;0m [0m[0;39;49m
2024-07-24 10:07:59 [0m[37m【北侠QQ群】静人悟[2;37;0m[2;37;0m[1;32m(Wjl)[2;37;0m[37m: [37m出售玄武2o戒指[2;37;0m [0m[0;39;49m
2024-07-24 10:08:35 [0m[37m【北侠QQ群】[37m少林-本群最菜-五香刘(wxliu)(3139326097): 【图片】[2;37;0m [0m[0;39;49m
2024-07-24 10:09:07 [0m[37m【北侠QQ群】[37m少林-本群最菜-五香刘(wxliu)(3139326097): 2o戒指之前已经买齐了，暂时不需要了，谢谢湿太[2;37;0m [0m[0;39;49m
2024-07-24 10:09:31 [0m[37m【北侠QQ群】[37m少林-本群最菜-五香刘(wxliu)(3139326097): 今日水群结束，扯呼！[2;37;0m [0m[0;39;49m
2024-07-24 10:09:32 [0m[37m【北侠QQ群】静人悟[2;37;0m[2;37;0m[1;32m(Wjl)[2;37;0m[37m: [37m强买强卖[2;37;0m [0m[0;39;49m
2024-07-24 10:09:33 [0m[2;37;0m[37m【北侠QQ群】少林-本群最菜-五香刘(wxliu)(3139326097)飞也似地逃了。 (3139326097||flee)[0m[0;39;49m
2024-07-24 10:10:02 [0m[37m【北侠QQ群】[37m雪山派-筒万条(bdt)(1251334824): 再聊会儿啊[2;37;0m [0m[0;39;49m
2024-07-24 10:10:11 [0m[37m【北侠QQ群】[37m华山奶牛(mirac)(2855622808): 吃的啥 为啥 不 发出来[2;37;0m [0m[0;39;49m
2024-07-24 10:11:15 [0m[37m【北侠QQ群】玄轩[2;37;0m[2;37;0m[1;32m(Xxuan)[2;37;0m[37m: [37m我早上一般吃苦[2;37;0m [0m[0;39;49m
2024-07-24 10:16:07 [0m[37m【北侠QQ群】[37m雪山派-筒万条(bdt)(1251334824): 五香刘大师为生计去忙碌了[2;37;0m [0m[0;39;49m
2024-07-24 10:16:18 [0m[37m【北侠QQ群】[37m华山奶牛(mirac)(2855622808): 吃得苦中苦方为人上人 不错啊[2;37;0m [0m[0;39;49m
2024-07-24 10:18:19 [0m[37m【北侠QQ群】[37m雪山派-筒万条(bdt)(1251334824): 玩北侠最喜欢杰佬和五香刘,这两人挺有意思[2;37;0m [0m[0;39;49m
2024-07-24 10:19:12 [0m[37m【北侠QQ群】[37m我知道你很急，你先别着急(yaot)(242564): 玩北侠最喜欢杰佬和五香刘,这两人挺有意思[2;37;0m [0m[0;39;49m
2024-07-24 10:19:26 [0m[37m【北侠QQ群】[37m我知道你很急，你先别着急(yaot)(242564): 【@少林-本群最菜-五香刘(wxliu)(3139326097)】 还钱！[2;37;0m [0m[0;39;49m
2024-07-24 10:19:33 [0m[37m【北侠QQ群】[37m峨嵋派-静悟(wjl)(2100443138): 你的头像好酷[2;37;0m [0m[0;39;49m
2024-07-24 10:20:35 [0m[37m【北侠QQ群】🐉[37m丐帮-砌祝(wangn)(42446333): 【回复@少林-本群最菜-五香刘(wxliu)(3139326097)：[动画表情]】 没想到我也是金字塔尖尖上的[2;37;0m [0m[0;39;49m
2024-07-24 10:20:42 [0m[37m【北侠QQ群】[37m少林-本群最菜-五香刘(wxliu)(3139326097): 【图片】[2;37;0m [0m[0;39;49m
2024-07-24 10:20:44 [0m[37m【北侠QQ群】[37m励志天下第一朝廷 幸甚（yyzyq）(2174966455): 杰佬哪去了[2;37;0m [0m[0;39;49m
2024-07-24 10:21:11 [0m[37m【北侠QQ群】[37m少林-本群最菜-五香刘(wxliu)(3139326097): 把我卖到丽春院都还不起妖总的钱[2;37;0m [0m[0;39;49m
2024-07-24 10:21:24 [0m[37m【北侠QQ群】[37m少林-本群最菜-五香刘(wxliu)(3139326097): 【图片】[2;37;0m [0m[0;39;49m
2024-07-24 10:21:56 [0m[37m【北侠QQ群】[37m普通百姓-巧手郎中(qslzhong)(5662262): 【图片】[2;37;0m [0m[0;39;49m
2024-07-24 10:22:56 [0m[37m【北侠QQ群】[37m华山奶牛(mirac)(2855622808): 【图片】[2;37;0m [0m[0;39;49m
2024-07-24 10:23:06 [0m[37m【北侠QQ群】[37m华山奶牛(mirac)(2855622808): 我去 德鲁伊 天天[2;37;0m [0m[0;39;49m
2024-07-24 10:26:07 [0m[37m【北侠QQ群】[37m我知道你很急，你先别着急(yaot)(242564): 【图片】[2;37;0m [0m[0;39;49m
2024-07-24 10:27:21 [0m[37m【北侠QQ群】[37m普通百姓-巧手郎中(qslzhong)(5662262): 呼叫wiz[2;37;0m [0m[0;39;49m
2024-07-24 10:27:24 [0m[37m【北侠QQ群】[37m少林-本群最菜-五香刘(wxliu)(3139326097): 【回复@华山奶牛(mirac)(2855622808)：[图片]】 哇，神 雕 侠 都有了，就差一个侣了，我觉得我可以【表情】【表情】[2;37;0m [0m[0;39;49m
2024-07-24 10:27:28 [0m[37m【北侠QQ群】[37m普通百姓-巧手郎中(qslzhong)(5662262): 我 被卡bug了[2;37;0m [0m[0;39;49m
2024-07-24 10:27:48 [0m[37m【北侠QQ群】[37m星宿派逍遥仙-小虫(ciss)(249682816): 【@少林-本群最菜-五香刘(wxliu)(3139326097)】 还钱[2;37;0m [0m[0;39;49m
2024-07-24 10:27:53 [0m[37m【北侠QQ群】[37m普通百姓-巧手郎中(qslzhong)(5662262): 【图片】[2;37;0m [0m[0;39;49m
2024-07-24 10:28:00 [0m[37m【北侠QQ群】[37m普通百姓-巧手郎中(qslzhong)(5662262): 武当道童，没有门派[2;37;0m [0m[0;39;49m
2024-07-24 10:28:04 [0m[37m【北侠QQ群】[37m少林-本群最菜-五香刘(wxliu)(3139326097): 坏了，怎么又在水群[2;37;0m [0m[0;39;49m
2024-07-24 10:28:26 [0m[37m【北侠QQ群】[37m少林-本群最菜-五香刘(wxliu)(3139326097): 水群一水就被各大债主催债[2;37;0m [0m[0;39;49m
2024-07-24 10:28:30 [0m[37m【北侠QQ群】[37m少林-本群最菜-五香刘(wxliu)(3139326097): 【图片】[2;37;0m [0m[0;39;49m
2024-07-24 10:28:40 [0m[37m【北侠QQ群】[37m少林-本群最菜-五香刘(wxliu)(3139326097): 【图片】[2;37;0m [0m[0;39;49m
2024-07-24 10:29:07 [0m[37m【北侠QQ群】[37m华山奶牛(mirac)(2855622808): 你说了 这么多 我看不下去了[2;37;0m [0m[0;39;49m
2024-07-24 10:29:12 [0m[37m【北侠QQ群】[37m华山奶牛(mirac)(2855622808): 回复你 一下[2;37;0m [0m[0;39;49m
2024-07-24 10:29:18 [0m[37m【北侠QQ群】[37m华山奶牛(mirac)(2855622808): 没人理你啊[2;37;0m [0m[0;39;49m
2024-07-24 10:29:28 [0m[37m【北侠QQ群】🐉[37m丐帮-砌祝(wangn)(42446333): 要不叫wiz开个专门赚gold的任务 挖宝一次搞299gold[2;37;0m [0m[0;39;49m
2024-07-24 10:29:50 [0m[37m【北侠QQ群】[37m星宿派逍遥仙-小虫(ciss)(249682816): 【@少林-本群最菜-五香刘(wxliu)(3139326097)】 别跑啊[2;37;0m [0m[0;39;49m
2024-07-24 10:29:55 [0m[37m【北侠QQ群】[37m星宿派逍遥仙-小虫(ciss)(249682816): 几天没看到你都想你了[2;37;0m [0m[0;39;49m
2024-07-24 10:31:56 [0m[37m【北侠QQ群】[37m少林-本群最菜-五香刘(wxliu)(3139326097): 【图片】[2;37;0m [0m[0;39;49m
2024-07-24 10:32:10 [0m[37m【北侠QQ群】[37m星宿派逍遥仙-小虫(ciss)(249682816): 【表情】[2;37;0m [0m[0;39;49m
2024-07-24 10:32:21 [0m[37m【北侠QQ群】[37m星宿派逍遥仙-小虫(ciss)(249682816): 不是放假了吗[2;37;0m [0m[0;39;49m
2024-07-24 10:32:24 [0m[37m【北侠QQ群】[37m普通百姓-梅川库子(nightv)(756415219): 怎么关闭其他玩家的信息[2;37;0m [0m[0;39;49m
2024-07-24 10:32:49 [0m[37m【北侠QQ群】[37m普通百姓-梅川库子(nightv)(756415219): 一直有人在我边上脱装备穿装备，一秒钟就一页，信息都被覆盖了[2;37;0m [0m[0;39;49m
2024-07-24 10:32:56 [0m[37m【北侠QQ群】[37m普通百姓-梅川库子(nightv)(756415219): 【图片】[2;37;0m [0m[0;39;49m
2024-07-24 10:33:00 [0m[37m【北侠QQ群】[37m星宿派逍遥仙-小虫(ciss)(249682816): buwen bushi[2;37;0m [0m[0;39;49m
2024-07-24 10:33:15 [0m[37m【北侠QQ群】[37m普通百姓-梅川库子(nightv)(756415219): 1[2;37;0m [0m[0;39;49m
2024-07-24 10:33:53 [0m[37m【北侠QQ群】[37m萌新请加QQ群-179632038-新任萌新大导师(116544783): 【回复@普通百姓-梅川库子(nightv)(756415219)：一直有人在我边上脱装备穿装备，一秒钟就一页，信息都被覆盖了】 一看你没穿裤子，别人就想脱衣服猥亵一下[2;37;0m [0m[0;39;49m
2024-07-24 10:34:17 [0m[37m【北侠QQ群】[37m普通百姓-梅川库子(nightv)(756415219): 【图片】[2;37;0m [0m[0;39;49m
2024-07-24 10:34:36 [0m[37m【北侠QQ群】🐉[37m丐帮-砌祝(wangn)(42446333): 【图片】[2;37;0m [0m[0;39;49m
2024-07-24 10:34:37 [0m[2;37;0m[37m【北侠QQ群】🐉[37m丐帮-砌祝(wangn)(42446333): 【图片】[2;37;0m [0m[0;39;49m
2024-07-24 10:36:00 [0m[37m【北侠QQ群】[37m我知道你很急，你先别着急(yaot)(242564): 【图片】[2;37;0m [0m[0;39;49m
2024-07-24 10:36:06 [0m[37m【北侠QQ群】[37m我知道你很急，你先别着急(yaot)(242564): 【图片】[2;37;0m [0m[0;39;49m
2024-07-24 10:38:01 [0m[37m【北侠QQ群】[37m普通百姓-梅川库子(nightv)(756415219): 【图片】[2;37;0m [0m[0;39;49m
2024-07-24 10:38:03 [0m[37m【北侠QQ群】[37m普通百姓-梅川库子(nightv)(756415219): 身法拉满了[2;37;0m [0m[0;39;49m
2024-07-24 10:38:15 [0m[37m【北侠QQ群】[37m普通百姓-梅川库子(nightv)(756415219): 能去哪个门派[2;37;0m [0m[0;39;49m
2024-07-24 10:38:29 [0m[37m【北侠QQ群】[37m普通百姓-梅川库子(nightv)(756415219): 【图片】[2;37;0m [0m[0;39;49m
2024-07-24 10:38:43 [0m[37m【北侠QQ群】[37m励志天下第一朝廷 幸甚（yyzyq）(2174966455): 你这头发挺别致[2;37;0m [0m[0;39;49m
2024-07-24 10:39:08 [0m[37m【北侠QQ群】[37m励志天下第一朝廷 幸甚（yyzyq）(2174966455): 一百八十三……heavy[2;37;0m [0m[0;39;49m
2024-07-24 10:39:48 [0m[37m【北侠QQ群】[37m普通百姓-梅川库子(nightv)(756415219): 【图片】[2;37;0m [0m[0;39;49m
2024-07-24 10:39:55 [0m[37m【北侠QQ群】[37m普通百姓-梅川库子(nightv)(756415219): 灵活的胖子[2;37;0m [0m[0;39;49m
2024-07-24 10:40:50 [0m[37m【北侠QQ群】稀里糊涂[2;37;0m[1;32m(Xlht)[2;37;0m[37m: [37m鲁有脚对你说道：陈玄风在归云庄素有善名，你去把其身上的骷髅头(kulu tou)讨(beg)来，上缴(jiao)帮里。[2;37;0m [0m[0;39;49m
2024-07-24 10:41:16 [0m[37m【北侠QQ群】稀里糊涂[2;37;0m[1;32m(Xlht)[2;37;0m[37m: [37m多少exp以下黑风双煞不会攻击？[2;37;0m [0m[0;39;49m
2024-07-24 10:47:50 [0m[37m【北侠QQ群】🐉[37m丐帮-砌祝(wangn)(42446333): 反正我40万时候过去没事[2;37;0m [0m[0;39;49m
2024-07-24 10:57:20 [0m[37m【北侠QQ群】[37m星宿派逍遥仙-小虫(ciss)(249682816): 【表情】[2;37;0m [0m[0;39;49m
2024-07-24 10:57:37 [0m[37m【北侠QQ群】[37m星宿派逍遥仙-小虫(ciss)(249682816): 身法30[2;37;0m [0m[0;39;49m
2024-07-24 11:02:02 [0m[37m【北侠QQ群】[37m华山派-铁少羽(tsyhs)(2808200000): 这不去辟邪剑法？[2;37;0m [0m[0;39;49m
2024-07-24 11:02:28 [0m[37m【北侠QQ群】静人悟[2;37;0m[2;37;0m[1;32m(Wjl)[2;37;0m[37m: [37m小虫子又开始了[2;37;0m [0m[0;39;49m
2024-07-24 11:02:42 [0m[37m【北侠QQ群】[37m星宿派逍遥仙-小虫(ciss)(249682816): 做个小酒馆[2;37;0m [0m[0;39;49m
2024-07-24 11:02:44 [0m[37m【北侠QQ群】静人悟[2;37;0m[2;37;0m[1;32m(Wjl)[2;37;0m[37m: [37m求包养[2;37;0m [0m[0;39;49m
2024-07-24 11:02:55 [0m[37m【北侠QQ群】[37m星宿派逍遥仙-小虫(ciss)(249682816): 都是垃圾啊[2;37;0m [0m[0;39;49m
2024-07-24 11:03:00 [0m[37m【北侠QQ群】[37m星宿派逍遥仙-小虫(ciss)(249682816): 也没好东西[2;37;0m [0m[0;39;49m
2024-07-24 11:03:16 [0m[37m【北侠QQ群】[37m桃花岛小魔女-黄玉灵(lingr)(3563264062): 小虫子又开始了[2;37;0m [0m[0;39;49m
2024-07-24 11:03:18 [0m[37m【北侠QQ群】静人悟[2;37;0m[2;37;0m[1;32m(Wjl)[2;37;0m[37m: [37m这是看见的，看不见的哪？[2;37;0m [0m[0;39;49m
2024-07-24 11:03:31 [0m[37m【北侠QQ群】[37m桃花岛小魔女-黄玉灵(lingr)(3563264062): 谁能教我VSEPR模型[2;37;0m [0m[0;39;49m
2024-07-24 11:03:35 [0m[37m【北侠QQ群】[37m桃花岛小魔女-黄玉灵(lingr)(3563264062): 心碎了，学不会[2;37;0m [0m[0;39;49m
2024-07-24 11:04:12 [0m[37m【北侠QQ群】[37m星宿派逍遥仙-小虫(ciss)(249682816): 有啥看不见的 极品都上电视[2;37;0m [0m[0;39;49m
2024-07-24 11:04:44 [0;36m[2;37;0m[37m【北侠QQ群】[37m星宿派逍遥仙-小虫(ciss)(249682816): 上电视的天天有[2;37;0m [0m[0;39;49m
2024-07-24 11:04:45 [0m[37m【北侠QQ群】静人悟[2;37;0m[2;37;0m[1;32m(Wjl)[2;37;0m[37m: [37m请问今天修行经验转换比例是多少？[2;37;0m [0m[0;39;49m
2024-07-24 11:10:15 [0m[37m【北侠QQ群】[37m普通百姓-梅川库子(nightv)(756415219): 【回复@华山派-铁少羽(tsyhs)(2808200000)：这不去辟邪剑法？】 这是哪个门派[2;37;0m [0m[0;39;49m
2024-07-24 11:10:22 [0m[37m【北侠QQ群】[37m武当派-郑小浪(xiaomia)(82161766): 140[2;37;0m [0m[0;39;49m
2024-07-24 11:11:05 [0m[37m【北侠QQ群】[37m励志天下第一朝廷 幸甚（yyzyq）(2174966455): 【回复@普通百姓-梅川库子(nightv)(756415219)：@华山派-铁少羽(tsyhs) 这是哪个门派】 日月神教啊……[2;37;0m [0m[0;39;49m
2024-07-24 11:11:11 [0m[37m【北侠QQ群】静人悟[2;37;0m[2;37;0m[1;32m(Wjl)[2;37;0m[37m: [37m谢谢[2;37;0m [0m[0;39;49m
2024-07-24 11:11:22 [0m[37m【北侠QQ群】[37m普通百姓-梅川库子(nightv)(756415219): 好滴好滴[2;37;0m [0m[0;39;49m
2024-07-24 11:13:30 [0m[37m【北侠QQ群】[37m华山派-铁少羽(tsyhs)(2808200000): 【回复@普通百姓-梅川库子(nightv)(756415219)：好滴好滴】 日月神教，阿姨系。【表情】[2;37;0m [0m[0;39;49m
2024-07-24 11:13:44 [0m[37m【北侠QQ群】[37m星宿派逍遥仙-小虫(ciss)(249682816): 切了jj就是神[2;37;0m [0m[0;39;49m
2024-07-24 11:13:56 [0m[37m【北侠QQ群】[37m星宿派逍遥仙-小虫(ciss)(249682816): 【表情】[2;37;0m [0m[0;39;49m
2024-07-24 11:14:06 [0m[37m【北侠QQ群】[37m星宿派逍遥仙-小虫(ciss)(249682816): 不对 他是女id[2;37;0m [0m[0;39;49m
2024-07-24 11:14:20 [0m[37m【北侠QQ群】[37m星宿派逍遥仙-小虫(ciss)(249682816): 【表情】[2;37;0m [0m[0;39;49m
2024-07-24 11:15:06 [0m[37m【北侠QQ群】静人悟[2;37;0m[2;37;0m[1;32m(Wjl)[2;37;0m[37m: [37m女id 是不是不能学僻邪剑法？[2;37;0m [0m[0;39;49m
2024-07-24 11:15:23 [0m[37m【北侠QQ群】[37m神教-小小霹雳鼠(xxpls)(1153726999): 变成男的 不麻烦[2;37;0m [0m[0;39;49m
2024-07-24 11:15:30 [0m[37m【北侠QQ群】[37m华山派-铁少羽(tsyhs)(2808200000): 装上，再切[2;37;0m [0m[0;39;49m
2024-07-24 11:15:36 [0m[37m【北侠QQ群】[37m普通百姓-梅川库子(nightv)(756415219): 【图片】[2;37;0m [0m[0;39;49m
2024-07-24 11:15:36 [0m[2;37;0m[37m【北侠QQ群】静人悟[2;37;0m[2;37;0m[1;32m(Wjl)[2;37;0m[37m: [37m太魔幻了[2;37;0m [0m[0;39;49m
2024-07-24 11:15:57 [0m[37m【北侠QQ群】[37m星宿派逍遥仙-小虫(ciss)(249682816): 【表情】[2;37;0m [0m[0;39;49m
2024-07-24 11:16:01 [0m[37m【北侠QQ群】[37m普通百姓-梅川库子(nightv)(756415219): 女性不能加入日月神教吗[2;37;0m [0m[0;39;49m
2024-07-24 11:16:07 [0m[37m【北侠QQ群】[37m星宿派逍遥仙-小虫(ciss)(249682816): 装个木头的[2;37;0m [0m[0;39;49m
2024-07-24 11:16:50 [0m[37m【北侠QQ群】[37m星宿派逍遥仙-小虫(ciss)(249682816): 当然不能[2;37;0m [0m[0;39;49m
2024-07-24 11:17:08 [0m[37m【北侠QQ群】[37m星宿派逍遥仙-小虫(ciss)(249682816): 去桃花吧[2;37;0m [0m[0;39;49m
2024-07-24 11:17:31 [0m[37m【北侠QQ群】[37m普通百姓-梅川库子(nightv)(756415219): 【图片】[2;37;0m [0m[0;39;49m
2024-07-24 11:21:47 [0m[37m【北侠QQ群】[37m明教-小云(dra)(9128096): 不准战斗的地方怎么杀家贼[2;37;0m [0m[0;39;49m
2024-07-24 11:22:01 [0m[37m【北侠QQ群】静人悟[2;37;0m[2;37;0m[1;32m(Wjl)[2;37;0m[37m: [37mask jiazei about fight[2;37;0m [0m[0;39;49m
2024-07-24 11:22:46 [0m[37m【北侠QQ群】[37m雪山派-筒万条(bdt)(1251334824): throw <物品> at <id@方向> 把东西往所在某个方向的某人扔过去。[2;37;0m [0m[0;39;49m
2024-07-24 11:23:14 [0m[37m【北侠QQ群】[37m明教-小云(dra)(9128096): 收到[2;37;0m [0m[0;39;49m
2024-07-24 11:35:54 [0m[37m【北侠QQ群】[37m青城派-泥人张(nrz)(924697122): 【回复@普通百姓-梅川库子(nightv)(756415219)：女性不能加入日月神教吗】 可以，但是学不了葵花，只能拜任我行[2;37;0m [0m[0;39;49m
2024-07-24 11:36:07 [0m[37m【北侠QQ群】[37m青城派-泥人张(nrz)(924697122): 拜任我行坐大牢[2;37;0m [0m[0;39;49m
2024-07-24 11:36:15 [0m[37m【北侠QQ群】[37m血刀门-桑骨乌(Sanguis)(970660232): 任我牢[2;37;0m [0m[0;39;49m
2024-07-24 11:36:16 [0m[2;37;0m[37m【北侠QQ群】[37m普通百姓-梅川库子(nightv)(756415219): 【图片】[2;37;0m [0m[0;39;49m
2024-07-24 11:36:29 [0m[37m【北侠QQ群】[37m普通百姓-梅川库子(nightv)(756415219): 细说任我牢[2;37;0m [0m[0;39;49m
2024-07-24 11:36:56 [0m[37m【北侠QQ群】[37m青城派-泥人张(nrz)(924697122): 没伤害[2;37;0m [0m[0;39;49m
2024-07-24 11:37:55 [0m[37m【北侠QQ群】[37m青城派-泥人张(nrz)(924697122): 我20m了，还是靠着一个七弦剑打输出，只能当玄武做做hsz[2;37;0m [0m[0;39;49m
2024-07-24 11:39:01 [0m[37m【北侠QQ群】[37m青城派-泥人张(nrz)(924697122): 这个节点，东方系都已经起飞了[2;37;0m [0m[0;39;49m
2024-07-24 11:40:10 [0m[37m【北侠QQ群】[37m血刀门-桑骨乌(Sanguis)(970660232): 【图片】[2;37;0m [0m[0;39;49m
2024-07-24 11:57:41 [0m[37m【北侠QQ群】[37m星宿派逍遥仙-小虫(ciss)(249682816): 【图片】[2;37;0m [0m[0;39;49m
2024-07-24 11:57:51 [0m[37m【北侠QQ群】[37m星宿派逍遥仙-小虫(ciss)(249682816): 【图片】[2;37;0m [0m[0;39;49m
2024-07-24 12:15:46 [0m[37m【北侠QQ群】[37m励志天下第一朝廷 幸甚（yyzyq）(2174966455): 【图片】发财啦[2;37;0m [0m[0;39;49m
2024-07-24 12:16:13 [0m[37m【北侠QQ群】[37m太乙派-我是嘤嘤怪(Foolish)(1085921834): 任我牢[2;37;0m [0m[0;39;49m
2024-07-24 13:30:22 [0m[37m【北侠QQ群】[37m青城派-泥人张(nrz)(924697122): 牢爽[2;37;0m [0m[0;39;49m
2024-07-24 13:30:54 [0m[37m【北侠QQ群】[37m血刀门-桑骨乌(Sanguis)(970660232): 想你了牢爽[2;37;0m [0m[0;39;49m
2024-07-24 13:31:17 [0m[37m【北侠QQ群】[37m青城派-泥人张(nrz)(924697122): 孩子们我回来了[2;37;0m [0m[0;39;49m
2024-07-24 13:31:46 [0m[37m【北侠QQ群】[37m青城派-泥人张(nrz)(924697122): 【图片】[2;37;0m [0m[0;39;49m
2024-07-24 13:40:31 [0m[37m【北侠QQ群】[37m普通百姓-梅川库子(nightv)(756415219): 这么牢吗[2;37;0m [0m[0;39;49m
2024-07-24 13:40:50 [0m[37m【北侠QQ群】[37m普通百姓-梅川库子(nightv)(756415219): 【图片】[2;37;0m [0m[0;39;49m
2024-07-24 13:41:08 [0m[37m【北侠QQ群】[37m青城派-泥人张(nrz)(924697122): 相当坐牢[2;37;0m [0m[0;39;49m
2024-07-24 13:41:31 [0m[37m【北侠QQ群】[37m青城派-泥人张(nrz)(924697122): 打个鸳鸯刀npc刮了两分钟[2;37;0m [0m[0;39;49m
2024-07-24 13:41:33 [0m[37m【北侠QQ群】[37m青城派-泥人张(nrz)(924697122): 直接放弃了[2;37;0m [0m[0;39;49m
2024-07-24 13:41:55 [0m[37m【北侠QQ群】[1;33m本华[2;37;0m[2;37;0m[1;32m(Goldyear)[2;37;0m[37m: [37m你迟早要租pxj[2;37;0m [0m[0;39;49m
2024-07-24 13:42:30 [0m[37m【北侠QQ群】[37m青城派-泥人张(nrz)(924697122): 不可能的[2;37;0m [0m[0;39;49m
2024-07-24 13:42:42 [0m[37m【北侠QQ群】[1;33m本华[2;37;0m[2;37;0m[1;32m(Goldyear)[2;37;0m[37m: [37m信不信由你[2;37;0m [0m[0;39;49m
2024-07-24 13:42:47 [0m[37m【北侠QQ群】[37m血刀门-桑骨乌(Sanguis)(970660232): 【图片】[2;37;0m [0m[0;39;49m
2024-07-24 13:42:56 [0m[37m【北侠QQ群】[37m血刀门-桑骨乌(Sanguis)(970660232): 差点忘了领蛋糕[2;37;0m [0m[0;39;49m
2024-07-24 13:43:01 [0m[37m【北侠QQ群】[37m青城派-泥人张(nrz)(924697122): 最多给这个号挖个花[2;37;0m [0m[0;39;49m
2024-07-24 13:43:17 [0m[37m【北侠QQ群】[37m青城派-泥人张(nrz)(924697122): 七弦剑的台子也要四十多分[2;37;0m [0m[0;39;49m
2024-07-24 13:44:50 [0m[2;37;0m[37m【北侠QQ群】[1;33m本华[2;37;0m[2;37;0m[1;32m(Goldyear)[2;37;0m[37m: [37m挖花内功不能和吸星大法共存吧[2;37;0m [0m[0;39;49m
2024-07-24 13:45:13 [0m[37m【北侠QQ群】[37m青城派-泥人张(nrz)(924697122): 不知道。。。[2;37;0m [0m[0;39;49m
2024-07-24 13:45:31 [0m[37m【北侠QQ群】[37m青城派-泥人张(nrz)(924697122): 任系资料太少了[2;37;0m [0m[0;39;49m
2024-07-24 13:45:33 [0m[37m【北侠QQ群】[37m青城派-泥人张(nrz)(924697122): 只能自己摸索[2;37;0m [0m[0;39;49m
2024-07-24 13:54:22 [0m[37m【北侠QQ群】[37m青城派-泥人张(nrz)(924697122): 天地会道德上算正派，阵营算邪派[2;37;0m [0m[0;39;49m
2024-07-24 13:54:30 [0m[37m【北侠QQ群】[37m青城派-泥人张(nrz)(924697122): 在我这边，不能做机关人一律算邪派[2;37;0m [0m[0;39;49m
2024-07-24 13:54:36 [0m[37m【北侠QQ群】[37m太乙派-我是嘤嘤怪(Foolish)(1085921834): 快来租pxj哇[2;37;0m [0m[0;39;49m
2024-07-24 13:55:18 [0m[37m【北侠QQ群】[37m青城派-泥人张(nrz)(924697122): 每日一问：牢夜出龙跻了嘛[2;37;0m [0m[0;39;49m
2024-07-24 13:55:40 [0m[37m【北侠QQ群】[1;31m嬴子夜[2;37;0m[37m举起一块圆溜溜的大石头，朝[1;34m泥人张[2;37;0m[37m的后脑勺扔了过去。[2;37;0m[37m[2;37;0m (foolish||0 nrz)[0m[0;39;49m
2024-07-24 13:56:00 [0m[37m【北侠QQ群】[37m青城派-泥人张(nrz)(924697122): 看来是戳到痛处了[2;37;0m [0m[0;39;49m
2024-07-24 13:56:07 [0m[37m【北侠QQ群】[1;34m泥人张[2;37;0m[37m「啧啧」地砸巴了几下嘴。[2;37;0m[37m[2;37;0m (nrz||zeze)[0m[0;39;49m
2024-07-24 13:56:30 [0m[37m【北侠QQ群】[1;31m嬴子夜[2;37;0m[2;37;0m[1;32m(Foolish)[2;37;0m[37m: [37m青城派追查(15933)[2;37;0m [0m[0;39;49m
2024-07-24 13:57:28 [0m[37m【北侠QQ群】[37m青城派-泥人张(nrz)(924697122): 辟邪和凌波能同时租？[2;37;0m [0m[0;39;49m
2024-07-24 13:57:51 [0m[37m【北侠QQ群】[1;31m嬴子夜[2;37;0m[37m「砰」地一拍桌子，对着[1;34m泥人张[2;37;0m[37m怒目而视，喝道：「白日做梦！」[2;37;0m[37m[2;37;0m (foolish||cant nrz)[0m[0;39;49m
2024-07-24 13:57:54 [0m[37m【北侠QQ群】[1;33m本华[2;37;0m[2;37;0m[1;32m(Goldyear)[2;37;0m[37m: [37m凌波不能减pfm伤害，哪还有啥用呢[2;37;0m [0m[0;39;49m
2024-07-24 13:58:41 [0m[37m【北侠QQ群】[37m青城派-泥人张(nrz)(924697122): 减pfm?想多了[2;37;0m [0m[0;39;49m
2024-07-24 13:58:50 [0m[37m【北侠QQ群】[1;33m本华[2;37;0m[2;37;0m[1;32m(Goldyear)[2;37;0m[37m: [37m还不如租pxj[2;37;0m [0m[0;39;49m
2024-07-24 13:59:01 [0m[37m【北侠QQ群】[37m太乙派-我是嘤嘤怪(Foolish)(1085921834): 是不减化学[2;37;0m [0m[0;39;49m
2024-07-24 13:59:25 [0m[37m【北侠QQ群】[37m青城派-泥人张(nrz)(924697122): 出师大轮子，学个火焰刀，就能减了[2;37;0m [0m[0;39;49m
2024-07-24 13:59:37 [0;1;33m[2;37;0m[37m【北侠QQ群】[37m青城派-泥人张(nrz)(924697122): 除了火焰刀，别的pfm你们后期也不怕啊[2;37;0m [0m[0;39;49m
2024-07-24 13:59:44 [0m[37m【北侠QQ群】[1;33m本华[2;37;0m[2;37;0m[1;32m(Goldyear)[2;37;0m[37m: [37m看来是wiz不想凌波过于无敌[2;37;0m [0m[0;39;49m
2024-07-24 13:59:58 [0m[37m【北侠QQ群】[37m太乙派-我是嘤嘤怪(Foolish)(1085921834): 怕啊 扑击还是厉害[2;37;0m [0m[0;39;49m
2024-07-24 14:00:48 [0m[37m【北侠QQ群】[1;33m本华[2;37;0m[2;37;0m[1;32m(Goldyear)[2;37;0m[37m: [37m凌波如果是永久效果，只有有一个真传的话，你会选吗[2;37;0m [0m[0;39;49m
2024-07-24 14:01:09 [0m[37m【北侠QQ群】[37m我知道你很急，你先别着急(yaot)(242564): 我不会！[2;37;0m [0m[0;39;49m
2024-07-24 14:01:15 [0m[37m【北侠QQ群】[37m青城派-泥人张(nrz)(924697122): 害，不做天珠，就没有烦恼[2;37;0m [0m[0;39;49m
2024-07-24 14:01:42 [0;1m[2;37;0m[37m【北侠QQ群】[37m青城派-泥人张(nrz)(924697122): 与其增强自己，不如诋毁敌人[2;37;0m [0m[0;39;49m
2024-07-24 14:01:42 [0m[2;37;0m[37m【北侠QQ群】[37m太乙派-我是嘤嘤怪(Foolish)(1085921834): 选来有啥用[2;37;0m [0m[0;39;49m
2024-07-24 14:02:26 [0m[37m【北侠QQ群】[37m我知道你很急，你先别着急(yaot)(242564): 真男人就应该超越自己 区区三两肉，不要也罢！[2;37;0m [0m[0;39;49m
2024-07-24 14:02:36 [0m[37m【北侠QQ群】[37m青城派-泥人张(nrz)(924697122): 加强斗转的化学减伤！，然后我就去练慕容！[2;37;0m [0m[0;39;49m
2024-07-24 14:05:17 [0m[37m【北侠QQ群】[1;33m本华[2;37;0m[2;37;0m[1;32m(Goldyear)[2;37;0m[37m: [37m舍了就不是男人了，跟男人有啥关系呢[2;37;0m [0m[0;39;49m
2024-07-24 14:07:39 [0m[37m【北侠QQ群】[1;33m本华[2;37;0m[2;37;0m[1;32m(Goldyear)[2;37;0m[37m: [37m看看林平之多绝，男人的体验都不要了[2;37;0m [0m[0;39;49m
2024-07-24 14:09:06 [0m[37m【北侠QQ群】[1;33m本华[2;37;0m[2;37;0m[1;32m(Goldyear)[2;37;0m[37m: [37m金庸好几个次角色很出彩[2;37;0m [0m[0;39;49m
2024-07-24 14:10:06 [0m[37m【北侠QQ群】[37m太乙派-我是嘤嘤怪(Foolish)(1085921834): 这夺宝 成都爬遍了也没啊[2;37;0m [0m[0;39;49m
2024-07-24 14:11:38 [0m[37m【北侠QQ群】[1;34m泥人张[2;37;0m[2;37;0m[1;32m(Nrz)[2;37;0m[37m: [37m只要我不去夺宝，夺宝就难不倒我[2;37;0m [0m[0;39;49m
2024-07-24 14:12:01 [0m[37m【北侠QQ群】[37m太乙派-我是嘤嘤怪(Foolish)(1085921834): 妙圆塔院旁的一间小屋内，杂乱的灵牌中有一块刻着“当然不可不戒，为了少喂蛊虫几口饭，卒”[2;37;0m [0m[0;39;49m
2024-07-24 14:13:16 [0m[37m【北侠QQ群】[37m太乙派-我是嘤嘤怪(Foolish)(1085921834): 啊 懂了。。[2;37;0m [0m[0;39;49m
2024-07-24 14:13:18 [0m[37m【北侠QQ群】[37m太乙派-我是嘤嘤怪(Foolish)(1085921834): 这破地方[2;37;0m [0m[0;39;49m
2024-07-24 14:13:20 [0m[37m【北侠QQ群】[37m青城派-泥人张(nrz)(924697122): 妙圆塔是啥[2;37;0m [0m[0;39;49m
2024-07-24 14:13:38 [0m[37m【北侠QQ群】[37m青城派-泥人张(nrz)(924697122): 蛊神塔？[2;37;0m [0m[0;39;49m
2024-07-24 14:13:48 [0m[37m【北侠QQ群】[37m太乙派-我是嘤嘤怪(Foolish)(1085921834): 信相寺[2;37;0m [0m[0;39;49m
2024-07-24 14:14:04 [0m[37m【北侠QQ群】[37m青城派-泥人张(nrz)(924697122): 抽象[2;37;0m [0m[0;39;49m
2024-07-24 14:14:38 [0m[37m【北侠QQ群】[1;33m本华[2;37;0m[2;37;0m[1;32m(Goldyear)[2;37;0m[37m: [37m塔一般在寺庙里面[2;37;0m [0m[0;39;49m
2024-07-24 14:14:38 [0m[37m【北侠QQ群】[1;33m本华[2;37;0m[2;37;0m[1;32m(Goldyear)[2;37;0m[37m: [37m还好吧[2;37;0m [0m[0;39;49m
2024-07-24 14:14:44 [0m[37m【北侠QQ群】[37m普通百姓-梅川库子(nightv)(756415219): ok，我新建了一个id，这回是男的了[2;37;0m [0m[0;39;49m
2024-07-24 14:14:49 [0m[37m【北侠QQ群】[37m普通百姓-梅川库子(nightv)(756415219): 可以练葵花宝典了[2;37;0m [0m[0;39;49m
2024-07-24 14:15:54 [0;1m[2;37;0m[37m【北侠QQ群】[37m青城派-泥人张(nrz)(924697122): 快乐针佬[2;37;0m [0m[0;39;49m
2024-07-24 14:16:16 [0m[37m【北侠QQ群】[37m太乙派-我是嘤嘤怪(Foolish)(1085921834): 信相寺有个wander进义庄 看漏了[2;37;0m [0m[0;39;49m
2024-07-24 14:16:33 [0m[37m【北侠QQ群】[37m青城派-泥人张(nrz)(924697122): 第一步是在苗疆么[2;37;0m [0m[0;39;49m
2024-07-24 14:16:41 [0m[37m【北侠QQ群】[37m太乙派-我是嘤嘤怪(Foolish)(1085921834): 嗯[2;37;0m [0m[0;39;49m
2024-07-24 14:16:58 [0;1m[2;37;0m[37m【北侠QQ群】[37m青城派-泥人张(nrz)(924697122): 我一猜就是在苗疆，遂放弃[2;37;0m [0m[0;39;49m
2024-07-24 14:25:55 [0m[37m【北侠QQ群】[37m血刀门-桑骨乌(Sanguis)(970660232): 【图片】[2;37;0m [0m[0;39;49m
2024-07-24 14:32:22 [0m[37m【北侠QQ群】[37m血刀门-桑骨乌(Sanguis)(970660232): 我的mud差不多对话做成这种感觉[2;37;0m [0m[0;39;49m
2024-07-24 14:33:00 [0m[37m【北侠QQ群】[37m萌新请加QQ群-179632038-新任萌新大导师(116544783): pt[2;37;0m [0m[0;39;49m
2024-07-24 14:33:03 [0m[37m【北侠QQ群】[37m萌新请加QQ群-179632038-新任萌新大导师(116544783): pt 真厉害[2;37;0m [0m[0;39;49m
2024-07-24 14:33:36 [0;1;32m[2;37;0m[37m【北侠QQ群】[37m血刀门-桑骨乌(Sanguis)(970660232): 【图片】[2;37;0m [0m[0;39;49m
2024-07-24 14:37:42 [0m[37m【北侠QQ群】[37m萌新请加QQ群-179632038-新任萌新大导师(116544783): 你这些对话都是你编的，还是说本来就有？[2;37;0m [0m[0;39;49m
2024-07-24 14:38:20 [0m[37m【北侠QQ群】[37m丐帮-有名氏(bbcallen)(3379488): pt 真厉害[2;37;0m [0m[0;39;49m
2024-07-24 14:39:29 [0m[37m【北侠QQ群】[37m血刀门-桑骨乌(Sanguis)(970660232): 当然是我写的……[2;37;0m [0m[0;39;49m
2024-07-24 14:39:49 [0m[37m【北侠QQ群】[37m萌新请加QQ群-179632038-新任萌新大导师(116544783): 苏王真厉害！[2;37;0m [0m[0;39;49m
2024-07-24 14:40:14 [0m[37m【北侠QQ群】[37m丐帮-有名氏(bbcallen)(3379488): 苏王真厉害！[2;37;0m [0m[0;39;49m
2024-07-24 14:40:20 [0m[37m【北侠QQ群】[37m血刀门-桑骨乌(Sanguis)(970660232): 【图片】又不会凭空变出来[2;37;0m [0m[0;39;49m
2024-07-24 14:40:32 [0m[37m【北侠QQ群】[37m血刀门-桑骨乌(Sanguis)(970660232): 各种系统肯定得照着例子写，文字也写[2;37;0m [0m[0;39;49m
2024-07-24 14:40:57 [0m[37m【北侠QQ群】[37m萌新请加QQ群-179632038-新任萌新大导师(116544783): 寥寥数笔，一个宏大的世界观就勾勒出来了[2;37;0m [0m[0;39;49m
2024-07-24 14:41:26 [0m[37m【北侠QQ群】[37m青城派-泥人张(nrz)(924697122): 一股子活虾味儿[2;37;0m [0m[0;39;49m
2024-07-24 14:41:28 [0m[37m【北侠QQ群】[37m血刀门-桑骨乌(Sanguis)(970660232): 【图片】[2;37;0m [0m[0;39;49m
2024-07-24 14:41:33 [0m[37m【北侠QQ群】[1;34m泥人张[2;37;0m[37m飞也似地逃了。[2;37;0m[37m[2;37;0m (nrz||flee)[0m[0;39;49m
2024-07-24 14:41:51 [0m[37m【北侠QQ群】[37m萌新请加QQ群-179632038-新任萌新大导师(116544783): 但是「少侠」和「狮鹫」总感觉不太搭。[2;37;0m [0m[0;39;49m
2024-07-24 14:42:04 [0m[37m【北侠QQ群】[37m青城派-泥人张(nrz)(924697122): 苏尔林就好这口[2;37;0m [0m[0;39;49m
2024-07-24 14:42:16 [0m[37m【北侠QQ群】[37m萌新请加QQ群-179632038-新任萌新大导师(116544783): 是不是应该叫冒险者、旅行者[2;37;0m [0m[0;39;49m
2024-07-24 14:42:24 [0m[37m【北侠QQ群】[37m血刀门-桑骨乌(Sanguis)(970660232): 不是[2;37;0m [0m[0;39;49m
2024-07-24 14:42:28 [0m[37m【北侠QQ群】[37m血刀门-桑骨乌(Sanguis)(970660232): 因为这是武侠啊[2;37;0m [0m[0;39;49m
2024-07-24 14:42:32 [0m[37m【北侠QQ群】[37m萌新请加QQ群-179632038-新任萌新大导师(116544783): 或者半身人、矮人之类的[2;37;0m [0m[0;39;49m
2024-07-24 14:42:59 [0m[37m【北侠QQ群】[37m萌新请加QQ群-179632038-新任萌新大导师(116544783): 武侠怎么会有一股子海盗味儿[2;37;0m [0m[0;39;49m
2024-07-24 14:43:07 [0m[37m【北侠QQ群】[37m青城派-泥人张(nrz)(924697122): 毕竟家住晨风，是黑精灵[2;37;0m [0m[0;39;49m
2024-07-24 14:43:31 [0m[37m【北侠QQ群】[37m青城派-泥人张(nrz)(924697122): 偶尔读一些异次元东方武侠文学[2;37;0m [0m[0;39;49m
2024-07-24 14:43:38 [0m[37m【北侠QQ群】[37m血刀门-桑骨乌(Sanguis)(970660232): 你怎么知道教程里要打海盗[2;37;0m [0m[0;39;49m
2024-07-24 14:44:02 [0m[37m【北侠QQ群】[37m血刀门-桑骨乌(Sanguis)(970660232): 开场设定是你被邀请去一个地方加入门派[2;37;0m [0m[0;39;49m
2024-07-24 14:44:18 [0m[37m【北侠QQ群】[37m血刀门-桑骨乌(Sanguis)(970660232): 结果在海上被海盗袭击了[2;37;0m [0m[0;39;49m
2024-07-24 14:44:19 [0m[37m【北侠QQ群】[37m萌新请加QQ群-179632038-新任萌新大导师(116544783): 明明是个人就知道吧？[2;37;0m [0m[0;39;49m
2024-07-24 14:45:02 [0m[37m【北侠QQ群】[37m血刀门-桑骨乌(Sanguis)(970660232): 被扒光扔到深谷里没死[2;37;0m [0m[0;39;49m
2024-07-24 14:45:25 [0m[37m【北侠QQ群】[37m萌新请加QQ群-179632038-新任萌新大导师(116544783): 吃着火锅唱着歌，突然就被孟德狮鹫给劫了[2;37;0m [0m[0;39;49m
2024-07-24 14:45:44 [0m[37m【北侠QQ群】[37m青城派-泥人张(nrz)(924697122): 一千零一夜里这种桥段很多[2;37;0m [0m[0;39;49m
2024-07-24 14:46:27 [0m[37m【北侠QQ群】[37m青城派-泥人张(nrz)(924697122): 出海，海难，遇到荒岛，发现财宝，有坏人，智斗，满载而归[2;37;0m [0m[0;39;49m
2024-07-24 14:46:32 [0m[37m【北侠QQ群】[37m萌新请加QQ群-179632038-新任萌新大导师(116544783): 【回复@青城派-泥人张(nrz)(924697122)：一千零一夜里这种桥段很多】 有点印象。[2;37;0m [0m[0;39;49m
2024-07-24 14:46:41 [0m[37m【北侠QQ群】[37m励志天下第一朝廷 幸甚（yyzyq）(2174966455): 【回复@血刀门-桑骨乌(Sanguis)(970660232)：结果在海上被海盗袭击了】 是不是有个用西瓜大的铁链球的海盗【表情】[2;37;0m [0m[0;39;49m
2024-07-24 14:46:46 [0m[37m【北侠QQ群】[1;33m本华[2;37;0m[2;37;0m[1;32m(Goldyear)[2;37;0m[37m: [37m苏神的想象力还没有被天朝完全摧毁[2;37;0m [0m[0;39;49m
2024-07-24 14:46:57 [0m[37m【北侠QQ群】[37m青城派-泥人张(nrz)(924697122): 有个故事是醒过来发现脖子上骑着个怪人[2;37;0m [0m[0;39;49m
2024-07-24 14:47:01 [0m[37m【北侠QQ群】[37m萌新请加QQ群-179632038-新任萌新大导师(116544783): 【回复@青城派-泥人张(nrz)(924697122)：出海，海难，遇到荒岛，发现财宝，有坏人，智斗，满载而归】 然后路上遇到太阳，全都晒死了？[2;37;0m [0m[0;39;49m
2024-07-24 14:47:14 [0m[37m【北侠QQ群】[37m青城派-泥人张(nrz)(924697122): 那个怪人力大无穷，怎么都甩不下来[2;37;0m [0m[0;39;49m
2024-07-24 14:47:27 [0m[37m【北侠QQ群】[37m萌新请加QQ群-179632038-新任萌新大导师(116544783): 【回复@励志天下第一朝廷 幸甚（yyzyq）(2174966455)：@血刀门-桑骨乌(Sanguis) 是不是有个用西瓜大的铁链球的海盗【表情】】 此人精通九阳神功？[2;37;0m [0m[0;39;49m
2024-07-24 14:47:30 [0m[37m【北侠QQ群】[37m青城派-泥人张(nrz)(924697122): 后来有一天主角用葡萄塞南瓜里酿酒[2;37;0m [0m[0;39;49m
2024-07-24 14:47:32 [0m[37m【北侠QQ群】[37m血刀门-桑骨乌(Sanguis)(970660232): 教程没有智斗，毕竟你初出茅庐，没有战斗力[2;37;0m [0m[0;39;49m
2024-07-24 14:47:52 [0m[37m【北侠QQ群】[37m青城派-泥人张(nrz)(924697122): 怪人喝了酒，醉倒后就下来了[2;37;0m [0m[0;39;49m
2024-07-24 14:48:01 [0m[37m【北侠QQ群】[37m血刀门-桑骨乌(Sanguis)(970660232): 能活下来就不错了，安排打的是海盗寨子被高手剿灭剩下来的残兵败将[2;37;0m [0m[0;39;49m
2024-07-24 14:48:11 [0m[37m【北侠QQ群】[1;33m本华[2;37;0m[2;37;0m[1;32m(Goldyear)[2;37;0m[37m: [37m没有经历过刷题的高中确实不一样啊[2;37;0m [0m[0;39;49m
2024-07-24 14:48:13 [0m[37m【北侠QQ群】[37m血刀门-桑骨乌(Sanguis)(970660232): 这样新手进来随便打得过 合理一点[2;37;0m [0m[0;39;49m
2024-07-24 14:48:41 [0m[37m【北侠QQ群】[37m青城派-泥人张(nrz)(924697122): 还有个是掉山崖下了，崖底全是钻石，上面的人往下面扔羊肉，羊肉沾了钻石，被老鹰叼上去[2;37;0m [0m[0;39;49m
2024-07-24 14:48:50 [0m[37m【北侠QQ群】[37m血刀门-桑骨乌(Sanguis)(970660232): 设定暂时是你本来是被忽悠来入死灰复燃的魔教的[2;37;0m [0m[0;39;49m
2024-07-24 14:49:07 [0m[37m【北侠QQ群】[37m血刀门-桑骨乌(Sanguis)(970660232): 结果你被打劫完发现复燃不起来了[2;37;0m [0m[0;39;49m
2024-07-24 14:49:19 [0m[37m【北侠QQ群】[37m血刀门-桑骨乌(Sanguis)(970660232): 【图片】[2;37;0m [0m[0;39;49m
2024-07-24 14:49:38 [0m[37m【北侠QQ群】[37m青城派-泥人张(nrz)(924697122): 可以，啥时候开放内测名额[2;37;0m [0m[0;39;49m
2024-07-24 14:49:46 [0m[37m【北侠QQ群】[37m血刀门-桑骨乌(Sanguis)(970660232): 魔教高手看你可怜帮你分配到各大门派去[2;37;0m [0m[0;39;49m
2024-07-24 14:49:49 [0m[37m【北侠QQ群】[37m青城派-泥人张(nrz)(924697122): 这北侠我是一天都玩不下去了[2;37;0m [0m[0;39;49m
2024-07-24 14:50:14 [0m[37m【北侠QQ群】[37m萌新请加QQ群-179632038-新任萌新大导师(116544783): 要想加入鹰教，得先设法进入鹰教总坛，而进入鹰教总坛的唯一途径，就是通过狭长而又深邃的鹰道？[2;37;0m [0m[0;39;49m
2024-07-24 14:50:26 [0m[37m【北侠QQ群】[37m血刀门-桑骨乌(Sanguis)(970660232): 这个开场设定有一点点抄那个什么[2;37;0m [0m[0;39;49m
2024-07-24 14:50:33 [0m[37m【北侠QQ群】[37m血刀门-桑骨乌(Sanguis)(970660232): Nehrim[2;37;0m [0m[0;39;49m
2024-07-24 14:50:34 [0m[37m【北侠QQ群】[37m青城派-泥人张(nrz)(924697122): 【图片】[2;37;0m [0m[0;39;49m
2024-07-24 14:50:45 [0m[2;37;0m[37m【北侠QQ群】[37m血刀门-桑骨乌(Sanguis)(970660232): 是我觉得那个开场还行[2;37;0m [0m[0;39;49m
2024-07-24 14:50:50 [0m[37m【北侠QQ群】[1;33m本华[2;37;0m[2;37;0m[1;32m(Goldyear)[2;37;0m[37m: [37m苏神，做个总策划，然后分块，招募wiz,开发[2;37;0m [0m[0;39;49m
2024-07-24 14:50:51 [0m[2;37;0m[37m【北侠QQ群】[37m血刀门-桑骨乌(Sanguis)(970660232): 虽然没打完那个游戏[2;37;0m [0m[0;39;49m
2024-07-24 14:51:28 [0m[37m【北侠QQ群】[37m血刀门-桑骨乌(Sanguis)(970660232): 我想全程自己做[2;37;0m [0m[0;39;49m
2024-07-24 14:51:34 [0m[37m【北侠QQ群】[37m血刀门-桑骨乌(Sanguis)(970660232): 不想其它人参与[2;37;0m [0m[0;39;49m
2024-07-24 14:51:42 [0m[37m【北侠QQ群】[37m太乙派-我是嘤嘤怪(Foolish)(1085921834): 【图片】[2;37;0m [0m[0;39;49m
2024-07-24 14:51:53 [0m[37m【北侠QQ群】[37m血刀门-桑骨乌(Sanguis)(970660232): [吃瓜][2;37;0m [0m[0;39;49m
2024-07-24 14:51:56 [0m[37m【北侠QQ群】[37m青城派-泥人张(nrz)(924697122): my precious, mine![2;37;0m [0m[0;39;49m
2024-07-24 14:52:21 [0m[37m【北侠QQ群】[37m血刀门-桑骨乌(Sanguis)(970660232): 我的宝宝玩具，给人掰坏了怎么办[2;37;0m [0m[0;39;49m
2024-07-24 14:52:58 [0m[37m【北侠QQ群】[37m青城派-泥人张(nrz)(924697122): 【图片】[2;37;0m [0m[0;39;49m
2024-07-24 14:53:26 [0m[37m【北侠QQ群】[37m青城派-泥人张(nrz)(924697122): 你这个人真是的，让他玩玩咋了，也不知道让让弟弟[2;37;0m [0m[0;39;49m
2024-07-24 14:54:58 [0m[37m【北侠QQ群】[37m萌新请加QQ群-179632038-新任萌新大导师(116544783): 【图片】[2;37;0m [0m[0;39;49m
2024-07-24 15:00:33 [0m[37m【北侠QQ群】[37m【神灯教】月色(14437181): 【图片】[2;37;0m [0m[0;39;49m
2024-07-24 15:05:03 [0m[37m【北侠QQ群】[37m我知道你很急，你先别着急(yaot)(242564): 这衣服是新疆长绒棉吗？[2;37;0m [0m[0;39;49m
2024-07-24 15:07:29 [0m[37m【北侠QQ群】[37m少林寺-渡远(infinity)(3908588): 【图片】[2;37;0m [0m[0;39;49m
2024-07-24 15:21:47 [0m[37m【北侠QQ群】元曜[2;37;0m[1;32m(Yuany)[2;37;0m[37m: [37m雁荡山那个恶罗汉 澄定，啥时候能打过啊，180sk都走不完3招[2;37;0m [0m[0;39;49m
2024-07-24 15:22:50 [0m[37m【北侠QQ群】[37m血刀门-桑骨乌(Sanguis)(970660232): 180sk才多少经验[2;37;0m [0m[0;39;49m
2024-07-24 15:23:18 [0m[37m【北侠QQ群】[37m少林派-净来(arriver)(251633608): 死亡 道德就会变成0 ，是么？[2;37;0m [0m[0;39;49m
2024-07-24 15:23:36 [0m[37m【北侠QQ群】[37m血刀门-桑骨乌(Sanguis)(970660232): 不是[2;37;0m [0m[0;39;49m
2024-07-24 16:24:49 [0;1m[2;37;0m[37m【北侠QQ群】[37m普通百姓-李二狗(mirai)(49723516): 不好意思 我hit了一下 没想到杀人了……对不起[2;37;0m [0m[0;39;49m
2024-07-24 16:26:09 [0m[37m【北侠QQ群】[37m白驼山-欧阳铁柱(mafeiq)(172364383): 杀的不是npc？[2;37;0m [0m[0;39;49m
2024-07-24 16:28:10 [0;1m[2;37;0m[37m【北侠QQ群】[37m青城派-泥人张(nrz)(924697122): 估计是还没分清npc和玩家的区别[2;37;0m [0m[0;39;49m
2024-07-24 16:28:27 [0m[37m【北侠QQ群】[37m普通百姓-李二狗(mirai)(49723516): 是我同门的 我以为是切磋。。[2;37;0m [0m[0;39;49m
2024-07-24 16:31:48 [0m[37m【北侠QQ群】[37m青城派-泥人张(nrz)(924697122): 切磋是要去比武场的，比武场外的任何hit行为都默认是pk[2;37;0m [0m[0;39;49m
2024-07-24 16:32:33 [0m[37m【北侠QQ群】[37m丐帮-杨改之(gumuyang)(4103993): 【回复@普通百姓-李二狗(mirai)(49723516)：是我同门的 我以为是切磋。。】 武功差距太大的话，hit和fight也会打死人的[2;37;0m [0m[0;39;49m
2024-07-24 16:32:59 [0m[37m【北侠QQ群】[37m星宿派逍遥仙-小虫(ciss)(249682816): 【图片】[2;37;0m [0m[0;39;49m
2024-07-24 16:33:22 [0;1;35m[2;37;0m[37m【北侠QQ群】[37m天天(1976473324): 【图片】[2;37;0m [0m[0;39;49m
2024-07-24 16:33:33 [0m[37m【北侠QQ群】[37m天天(1976473324): 亡命天涯吧[2;37;0m [0m[0;39;49m
2024-07-24 16:34:15 [0;1m[2;37;0m[37m【北侠QQ群】[37m星宿派逍遥仙-小虫(ciss)(249682816): 【图片】[2;37;0m [0m[0;39;49m
2024-07-24 16:34:38 [0m[37m【北侠QQ群】[37m青城派-泥人张(nrz)(924697122): pk行为可大可小，要是对方大人大量还好，要是恼了，你就永无宁日了[2;37;0m [0m[0;39;49m
2024-07-24 16:35:16 [0m[37m【北侠QQ群】[37m青城派-泥人张(nrz)(924697122): 我记得以前吸姐就被冈仁波齐反复杀[2;37;0m [0m[0;39;49m
2024-07-24 16:44:36 [0m[37m【北侠QQ群】[37m明教-小云(dra)(9128096): 明教要不要去学互搏？[2;37;0m [0m[0;39;49m
2024-07-24 16:49:51 [0m[37m【北侠QQ群】[37m【神灯教】月色(14437181): 互搏什么作用，为什么要学，学了有什么用。先要搞清楚这些问题[2;37;0m [0m[0;39;49m
2024-07-24 16:50:59 [0m[37m【北侠QQ群】[37m青城派-泥人张(nrz)(924697122): 问就是要[2;37;0m [0m[0;39;49m
2024-07-24 16:51:05 [0m[37m【北侠QQ群】[37m青城派-泥人张(nrz)(924697122): 可以不用，但是不能没有[2;37;0m [0m[0;39;49m
2024-07-24 16:52:26 [0m[37m【北侠QQ群】[37m雪山派-鹤飞九天(cmud)(2439216): 有没有可以在各大城市到处跑的机器人用用啊。。。[2;37;0m [0m[0;39;49m
2024-07-24 16:52:41 [0m[37m【北侠QQ群】[37m雪山派-鹤飞九天(cmud)(2439216): 我现在去归云庄都不知道怎么走...[2;37;0m [0m[0;39;49m
2024-07-24 16:53:11 [0m[37m【北侠QQ群】[37m【神灯教】月色(14437181): help map[0m[0;39;49m
2024-07-24 16:53:11 [0;37m【北侠QQ群】【神灯教】月色(14437181): help maps[0m[0;39;49m
2024-07-24 16:53:11 [0;37m【北侠QQ群】【神灯教】月色(14437181): help walk  （信息过长，以下省略，需要请到QQ群查看）[2;37;0m [0m[0;39;49m
2024-07-24 16:53:24 [0m[37m【北侠QQ群】[37m【神灯教】月色(14437181): 掌握这些就可以饿[2;37;0m [0m[0;39;49m
2024-07-24 16:54:41 [0m[37m【北侠QQ群】[37m明教-小云(dra)(9128096): 互搏是先天 悟性-福缘/4<20?[2;37;0m [0m[0;39;49m
2024-07-24 16:54:58 [0m[37m【北侠QQ群】[37m雪山派-鹤飞九天(cmud)(2439216): ...呃，没有现成的路径可以用了啊。。。怎么上手越来越难了..[2;37;0m [0m[0;39;49m
2024-07-24 16:58:43 [0m[37m【北侠QQ群】[37m萌新请加QQ群-179632038-新任萌新大导师(116544783): 【@雪山派-鹤飞九天(cmud)(2439216)】 你又回来了[2;37;0m [0m[0;39;49m
2024-07-24 16:59:06 [0m[37m【北侠QQ群】[37m萌新请加QQ群-179632038-新任萌新大导师(116544783): 【回复@雪山派-鹤飞九天(cmud)(2439216)：有没有可以在各大城市到处跑的机器人用用啊。。。】 我有，你要吗？有兴趣私聊[2;37;0m [0m[0;39;49m
2024-07-24 17:00:05 [0m[37m【北侠QQ群】[37m雪山派-鹤飞九天(cmud)(2439216): 要啊,要啊....[2;37;0m [0m[0;39;49m
2024-07-24 17:00:24 [0m[37m【北侠QQ群】[37m雪山派-鹤飞九天(cmud)(2439216): 至少让我先手动做任务...[2;37;0m [0m[0;39;49m
2024-07-24 17:00:38 [0m[37m【北侠QQ群】[37m萌新请加QQ群-179632038-新任萌新大导师(116544783): 要的话你先下载个 PaoTin++[2;37;0m [0m[0;39;49m
2024-07-24 17:00:49 [0m[37m【北侠QQ群】[37m【神灯教】月色(14437181): 连系统命令都不愿意学习，缺想学个新客户端？【表情】[2;37;0m [0m[0;39;49m
2024-07-24 17:00:54 [0m[37m【北侠QQ群】[37m萌新请加QQ群-179632038-新任萌新大导师(116544783): https://pkuxkx.net/wiki/tools/paotin[2;37;0m [0m[0;39;49m
