2024-07-20 15:46:50 [0m[2;37;0m[0m
[0m卸载 login。[0;39;49m[0m
2024-07-20 15:46:50 [0m[1;32;49m模块 silent 已初始化成功。[0;39;49m[0m
2024-07-20 15:46:50 [0m模块 lib/event 已载入。[0;39;49m[0m
2024-07-20 15:46:50 [0m[1;32;49m模块 lib/speedo 已初始化成功。[0;39;49m[0m
2024-07-20 15:46:50 [0m[1;32;49m模块 basic/char/hp 已初始化成功。[0;39;49m[0m
2024-07-20 15:46:50 [0m模块 lib/event 已载入。[0;39;49m[0m
2024-07-20 15:46:50 [0m[1;32;49m模块 basic/char/skills 已初始化成功。[0;39;49m[0m
2024-07-20 15:46:50 [0m模块 lib/event 已载入。[0;39;49m[0m
2024-07-20 15:46:50 [0m[1;32;49m模块 basic/char/status 已初始化成功。[0;39;49m[0m
2024-07-20 15:46:50 [0m[1;32;49m模块 basic/char/backpack 已初始化成功。[0;39;49m[0m
2024-07-20 15:46:50 [0m[1;32;49m模块 basic/char/sachet 已初始化成功。[0;39;49m[0m
2024-07-20 15:46:50 [0m[1;32;49m模块 basic/title 已初始化成功。[0;39;49m[0m
2024-07-20 15:46:50 [0m模块 lib/event 已载入。[0;39;49m[0m
2024-07-20 15:46:50 [0m[1;32;49m模块 basic/char/score 已初始化成功。[0;39;49m[0m
2024-07-20 15:46:50 [0m模块 lib/event 已载入。[0;39;49m[0m
2024-07-20 15:46:50 [0m模块 lib/speedo 已载入。[0;39;49m[0m
2024-07-20 15:46:50 [0m[1;32;49m模块 basic/char/gmcp 已初始化成功。[0;39;49m[0m
2024-07-20 15:46:50 [0m模块 lib/event 已载入。[0;39;49m[0m
2024-07-20 15:46:50 [0m[1;32;49m模块 basic/char/jifa 已初始化成功。[0;39;49m[0m
2024-07-20 15:46:50 [0m[1;32;49m模块 basic/char/special 已初始化成功。[0;39;49m[0m
2024-07-20 15:46:50 [0m[1;32;49m模块 basic/char/loyalty 已初始化成功。[0;39;49m[0m
2024-07-20 15:46:50 [0m[1;32;49m模块 basic/char 已初始化成功。[0;39;49m[0m
2024-07-20 15:46:50 [0m模块 lib/event 已载入。[0;39;49m[0m
2024-07-20 15:46:50 [0m模块 lib/sync 已载入。[0;39;49m[0m
2024-07-20 15:46:50 [0m模块 basic/title 已载入。[0;39;49m[0m
2024-07-20 15:46:50 [0m[1;32;49m模块 basic/busy 已初始化成功。[0;39;49m[0m
2024-07-20 15:46:50 [0m模块 lib/event 已载入。[0;39;49m[0m
2024-07-20 15:46:50 [0m模块 lib/event 已载入。[0;39;49m[0m
2024-07-20 15:46:50 [0m[1;32;49m模块 basic/map 已初始化成功。[0;39;49m[0m
2024-07-20 15:46:50 [0m模块 lib/sync 已载入。[0;39;49m[0m
2024-07-20 15:46:50 [0m[1;32;49m模块 shortcut 已初始化成功。[0;39;49m[0m
2024-07-20 15:46:50 [0m[1;36;49m命令「[1;33;49mtmux.SetTheme GAME[1;36;49m」不是一个合法的 MUD 命令，如果确认是，请更新白名单。[0;39;49m[0m
2024-07-20 15:46:50 [0m[1;36;49m本次命令[1;31;49m已被抑制[1;36;49m。如果你确认命令没问题，可以先[1;33;49m回车重复[1;36;49m一次本命令，将临时通过一次。[0;39;49m[0m
2024-07-20 15:46:50 [0m[1;31;49m运镖模式已关闭。[0;39;49m[0m
2024-07-20 15:46:50 [0m[1;31;49m小键盘走路已关闭。[0;39;49m[0m
2024-07-20 15:46:50 [0m[1;31;49m屏幕虚拟键盘走路已关闭。[0;39;49m[0m
2024-07-20 15:46:50 [0m[1;32;49m已绑定快捷键 KeyDiv 为 {cmd} {lm part}[0;39;49m[0m
2024-07-20 15:46:50 [0m[1;32;49m已绑定快捷键 KeyMul 为 {cmd} {lm}[0;39;49m[0m
2024-07-20 15:46:50 [0m[1;32;49m已绑定快捷键 KeySub 为 {cmd} {map}[0;39;49m[0m
2024-07-20 15:46:50 [0m[1;32;49m已绑定快捷键 KeyAdd 为 {cmd} {kill-npc}[0;39;49m[0m
2024-07-20 15:46:50 [0m[1;32;49m模块 basic/env 已初始化成功。[0;39;49m[0m
2024-07-20 15:46:50 [0m模块 lib/telnet 已载入。[0;39;49m[0m
2024-07-20 15:46:50 [0m模块 lib/option 已载入。[0;39;49m[0m
2024-07-20 15:46:50 [0m模块 lib/event 已载入。[0;39;49m[0m
2024-07-20 15:46:50 [0m模块 lib/gmcp 已载入。[0;39;49m[0m
2024-07-20 15:46:50 [0m[1;32;49m模块 gmcp 已初始化成功。[0;39;49m[0m
2024-07-20 15:46:50 [0m[1;32;49m环境变量已更新。[0;39;49m[0m
2024-07-20 15:46:50 [0m[44;1m[1;37m设定环境变量：hpbrief = "long,report"[2;37;0m[0m
2024-07-20 15:46:50 [0m[1;32;49m环境变量已更新。[0;39;49m[0m
2024-07-20 15:46:50 [0m[44;1m[1;37m设定环境变量：localmap = 1[2;37;0m[0m
2024-07-20 15:46:50 [0m[1;32;49m环境变量已更新。[0;39;49m[0m
2024-07-20 15:46:50 [0m[44;1m[1;37m设定环境变量：area_detail = 1[2;37;0m[0m
2024-07-20 15:46:50 [0m[1;32;49m环境变量已更新。[0;39;49m[0m
2024-07-20 15:46:50 [0m[44;1m[1;37m设定环境变量：table_pattern = 1[2;37;0m[0m
2024-07-20 15:46:50 [0m[1;32m目前你的频道使用情况如下：[0m
2024-07-20 15:46:50 [0;1;32m[2;37;0m[1;33m〖任务〗[2;37;0m(baowei)    🔕[0m
2024-07-20 15:46:50 [0m[45;1m[1;32m〖本地〗[2;37;0m(bd)        🔕[0m
2024-07-20 15:46:50 [0m[1;36m〖闲聊〗[2;37;0m(chat)      🔔[0m
2024-07-20 15:46:50 [0m[1;33m〖任务〗[2;37;0m(dasong)    🔕[0m
2024-07-20 15:46:50 [0m[45;1m[1;32m〖副本〗[2;37;0m(fb)        🔕[0m
2024-07-20 15:46:50 [0m[37m〖智能问答〗[2;37;0m(gpt)   🔕[0m
2024-07-20 15:46:50 [0m[1;32m〖帮派〗[2;37;0m(group)     🔕[0m
2024-07-20 15:46:50 [0m[1;37m〖求助〗[2;37;0m(helpme)    🔕[0m
2024-07-20 15:46:50 [0m[1;37m〖江湖〗[2;37;0m(jh)        🔕[0m
2024-07-20 15:46:50 [0m[42;1m[1;37m〖交易〗[2;37;0m(jy)        🔔[0m
2024-07-20 15:46:50 [0m[32m〖门派〗[2;37;0m(mp)        🔕[0m
2024-07-20 15:46:50 [0m〖国家〗(nation)    🔕[0m
2024-07-20 15:46:50 [0m[42;1m[1;37m〖交易〗[2;37;0m(pm)        🔕[0m
2024-07-20 15:46:50 [0m[37m〖北侠QQ群〗[2;37;0m(qq)    🔔[0m
2024-07-20 15:46:50 [0m[45;1m[1;36m〖区域〗[2;37;0m(qy)        🔕[0m
2024-07-20 15:46:50 [0m[1;35m〖谣言〗[2;37;0m(rumor)     🔔[0m
2024-07-20 15:46:50 [0m[1;33m〖任务〗[2;37;0m(rw)        🔕[0m
2024-07-20 15:46:50 [0m[46;1m[1;33m〖队伍〗[2;37;0m(tt)        🔕[0m
2024-07-20 15:46:50 [0m[1;36m你现在打开的频道：chat, rumor, qq, jy。[0m
2024-07-20 15:46:50 [0;1;36m[2;37;0m[1;31m其中江湖和任务两个频道只能接听消息，baowei、dasong、pm为旧频道编号，只供接听消息用。[0m
2024-07-20 15:46:50 [0;1;36m你可以使用tune channel <频道id> 来切换频道打开/关闭状态，例如tune channel helpme。[0m
2024-07-20 15:46:50 [0m[1;32;49m环境变量已更新。[0;39;49m[0m
2024-07-20 15:46:50 [0m[44;1m[1;37m设定环境变量：learn_emote = 1[2;37;0m[0m
2024-07-20 15:46:50 [0m╭───────[42;1m[1;37m人物详情[2;37;0m────────────────────────────────────────────────┬───────────────╮ [0m
2024-07-20 15:46:50 [0m│ [2;37;0m 普通百姓 李长函(Floatht)[2;37;0m                                     [2;37;0m│ [2;37;0m [42m[30m    ▂▂▂▂    [2;37;0m[2;37;0m [2;37;0m│ [0m
2024-07-20 15:46:50 [0m│ [2;37;0m 膂力：[  20]  悟性：[  20]  根骨：[  20]  身法：[  20][2;37;0m       [2;37;0m│ [2;37;0m [42m[94m   [2;37;0m[43m[1;34m ⊙  ⊙ [2;37;0m[42m   [2;37;0m[2;37;0m [2;37;0m│ [0m
2024-07-20 15:46:50 [0m│ [2;37;0m 福缘：[  17]  容貌：[  20]  灵性：[[1;33m  30[2;37;0m]  胆识：[   ?][2;37;0m       [2;37;0m│ [2;37;0m [42m[33m   [32m[43m▂▂[31m﹀[2;37;0m[32m[43m▂▂[2;37;0m[42m   [2;37;0m[2;37;0m[2;37;0m [2;37;0m│ [0m
2024-07-20 15:46:50 [0m│ [2;37;0m[36m 距离上榜还需增加36405858点经验。[2;37;0m[2;37;0m                             [2;37;0m│ [2;37;0m [42m     [42;1m[1;32m0[2;37;0m[42;1m/1    [2;37;0m [2;37;0m│ [0m
2024-07-20 15:46:50 [0m├───────────────────────────────────────┬───────────────────────┴───────────────┤ [0m
2024-07-20 15:46:50 [0m│ [2;37;0m[1;32m[4m个人信息[2;37;0m[2;37;0m                              [2;37;0m│ [2;37;0m[1;36m[4m门派履历[2;37;0m[2;37;0m                              [2;37;0m│ [0m
2024-07-20 15:46:50 [0m│ [2;37;0m[1;37m国籍：[2;37;0m无国籍      [1;37m户籍：[2;37;0m暂无        [2;37;0m  [2;37;0m│ [2;37;0m[1;37m门派：[2;37;0m无门派[2;37;0m                          [2;37;0m│ [0m
2024-07-20 15:46:50 [0m│ [2;37;0m[1;37m性别：[2;37;0m男性        [1;37m上线：[2;37;0m柳秀山庄未明谷[2;37;0m[2;37;0m│ [2;37;0m[1;37m师承：[2;37;0m无[2;37;0m                              [2;37;0m│ [0m
2024-07-20 15:46:50 [0m│ [2;37;0m[1;37m[4m年龄[2;37;0m：[2;37;0m十四岁      [1;37m姻缘：[2;37;0m未遇良人    [2;37;0m  [2;37;0m│ [2;37;0m[1;37m门忠：[2;37;0m零[2;37;0m                              [2;37;0m│ [0m
2024-07-20 15:46:50 [0m│ [2;37;0m[1;37m身高：[2;37;0m七尺七寸    [1;37m体重：[2;37;0m约一百四十五斤[2;37;0m[2;37;0m│ [2;37;0m[1;37m出师：[2;37;0m无[2;37;0m                              [2;37;0m│ [0m
2024-07-20 15:46:50 [0m│ [2;37;0m[1;37m生日：[2;37;0m甲辰年七月二十日巳时四刻[2;37;0m        [2;37;0m│ [2;37;0m[1;37m叛师：[2;37;0m无[2;37;0m                              [2;37;0m│ [0m
2024-07-20 15:46:50 [0m├─────────────────────────┬─────────────┴───────────┬───────────────────────────┤ [0m
2024-07-20 15:46:50 [0m│ [2;37;0m[1;37m杀生：[2;37;0m0人[2;37;0m               [2;37;0m│ [2;37;0m[1;37m职业：[2;37;0m[2;37;0m[2;37;0m                  [2;37;0m│ [2;37;0m[1;37m[4m存款[2;37;0m[2;37;0m[1;37m：[2;37;0m[2;37;0m                    [2;37;0m│ [0m
2024-07-20 15:46:50 [0m│ [2;37;0m[1;37m被杀：[2;37;0m0次[2;37;0m               [2;37;0m│ [2;37;0m[1;37m道德：[2;37;0m0[2;37;0m                 [2;37;0m│ [2;37;0m[1;37m门派例钱：[2;37;0m无[2;37;0m              [2;37;0m│ [0m
2024-07-20 15:46:50 [0m│ [2;37;0m[1;37m[4m死亡[2;37;0m[2;37;0m[1;37m：[2;37;0m0次[2;37;0m               [2;37;0m│ [2;37;0m[1;37m声望：[2;37;0m0[2;37;0m                 [2;37;0m│ [2;37;0m[1;37m国家积分：[2;37;0m0[2;37;0m               [2;37;0m│ [0m
2024-07-20 15:46:50 [0m│ [2;37;0m[1;37m杀气：[2;37;0m正常[2;37;0m              [2;37;0m│ [2;37;0m[1;37m愿望：[2;37;0m0[2;37;0m                 [2;37;0m│ [2;37;0m[1;37m活跃兑换：[2;37;0m0[2;37;0m               [2;37;0m│ [0m
2024-07-20 15:46:50 [0m╰─────────────────────────┴─────────────────────────┴─────────[1;36m北大侠客行[2;37;0m[2;37;0m────────╯ [0m
2024-07-20 15:46:50 [0m你的消息：chat* back未发出。[0m
2024-07-20 15:46:50 [0m为防止刷屏骚扰，新手阶段未完成邮箱验证期间，暂时无法做[1;37mchat,tell[2;37;0m等操作。[0m
2024-07-20 15:46:50 [0m有问题请输入：[1;37mqq 要发的消息[2;37;0m，使用QQ频道与QQ群玩家交流。或者加入北侠官方QQ群：[1;37m770985873[2;37;0m。[0m
2024-07-20 15:46:50 [0m请注意：[1;33m入群自动审核，请务必输入你[4m当前在线[2;37;0m[1;33m的玩家id，[4m不要添加别的任何文字[2;37;0m[1;33m。如果一时没有回应可以多加几次，还无回应请使用qq频道反映。[0m
2024-07-20 15:46:52 [0m你的GMCP:Status频道已经是打开的。[0m
2024-07-20 15:46:52 [0m你的GMCP:Move频道已经是打开的。[0m
2024-07-20 15:46:52 [0m你的GMCP:Buff频道已经是打开的。[0m
2024-07-20 15:46:52 [0m你的GMCP:Combat频道已经是打开的。[0m
2024-07-20 15:46:52 [0m你的GMCP:Message频道已经是打开的。[0m
2024-07-20 15:46:52 [0m╭───────个人状态[2;37;0m────────────────────────┬───────────────────────────────────────╮ [0m
2024-07-20 15:46:52 [0m│ [2;37;0m[1;37m【精神】 [1;32m125     / 125     [1;32m [100%][2;37;0m[2;37;0m    [2;37;0m│ [2;37;0m[1;37m【精力】 [1;36m200     / 100     (+   0)[2;37;0m[2;37;0m    [2;37;0m│ [0m
2024-07-20 15:46:52 [0m│ [2;37;0m[1;37m【气血】 [1;32m100     / 100     [1;32m [100%][2;37;0m[2;37;0m    [2;37;0m│ [2;37;0m[1;37m【内力】 [1;32m0       / 0       (+   0)[2;37;0m[36m[2;37;0m[2;37;0m    [2;37;0m│ [0m
2024-07-20 15:46:52 [0m│ [2;37;0m[1;37m【真气】 [1;32m0       / 0       [1;36m [  0%][2;37;0m[2;37;0m    [2;37;0m│ [2;37;0m[1;37m【战意】 [1;32m100%               [1;32m[正常][2;37;0m[2;37;0m    [2;37;0m│ [0m
2024-07-20 15:46:52 [0m│ [2;37;0m[1;37m【食物】 [33m126     / 300      [[36m缺食[33m][2;37;0m[2;37;0m    [2;37;0m│ [2;37;0m[2;37;0m[1;37m【潜能】[1;33m 3340          [1;32m[2;37;0m               [2;37;0m│ [0m
2024-07-20 15:46:52 [0m│ [2;37;0m[1;37m【饮水】 [1;33m213     / 300      [[1;33m缺水[1;33m][2;37;0m    [2;37;0m│ [2;37;0m[2;37;0m[1;37m【经验】[1;32m 490           [1;32m[2;37;0m               [2;37;0m│ [0m
2024-07-20 15:46:52 [0m├───────────────────────────────────────┴───────────────────────────────────────┤ [0m
2024-07-20 15:46:52 [0m│ [2;37;0m[1;37m【状态】 [1;37m健康[2;37;0m[2;37;0m                                                                 [2;37;0m│ [0m
2024-07-20 15:46:52 [0m╰─────────────────────────────────────────────────────────────[1;36m北大侠客行[2;37;0m[2;37;0m────────╯ [0m
2024-07-20 15:46:52 [0m[0;39;49m[1;36m〔HP摘要〕[22;39m气血: [1;32m100%[22;39m/[1;32m100%[22;39m 回气: [22;31m0%[22;39m/[22;31m0%[22;39m 精神: [1;32m100%[22;39m/[1;32m100%[22;39m 食水: 126/213(0/0)[0;39;49m[0m
2024-07-20 15:46:52 [0m╭───────[42m[1;37m技能列表(共一项)[2;37;0m────┬───────────────────────────┬─────────────┬─────────────┬─────────────╮ [0m
2024-07-20 15:46:52 [0m├───────[32m一项基本功夫[2;37;0m────────┼───────────────────────────┼─────────────┼─────────────┼─────────────┤ [0m
2024-07-20 15:46:52 [0m[0m│ [2;37;0m  基本剑法[2;37;0m                [2;37;0m│ [2;37;0m[22;30;43msword   [22;39;49m[22;38;5;240m               31%[22;39;49m[0m[2;37;0m│ [2;37;0m[94m不堪一击[2;37;0m[2;37;0m    [2;37;0m│ [2;37;0m5.00[2;37;0m        [2;37;0m│ [2;37;0m[2;37;0m16[2;37;0m          [2;37;0m│ [0m
2024-07-20 15:46:52 [0m╰───────────────────────────┴───────────────────────────┴─────────────┴─────────[1;36m北大侠客行[2;37;0m[2;37;0m────────╯ [0m
2024-07-20 15:46:52 [0m你现在没有使用任何特殊技能。[0m
2024-07-20 15:46:52 [0m你还未成年，不能使用特殊技能。[0m
2024-07-20 15:46:54 [0m[1;32;49m人物状态信息已更新。[0;39;49m[0m
2024-07-20 15:47:01 [0m[0;39;49m[1;36m〔HP摘要〕[22;39m气血: [1;32m100%[22;39m/[1;32m100%[22;39m 回气: [22;33m38%[22;39m/[22;31m7%[22;39m 精神: [1;32m100%[22;39m/[1;32m100%[22;39m 食水: 124/212(-13/-6)[0;39;49m[0m
2024-07-20 15:47:09 [0m[0;32;49m2024-07-20 15:47:09 INPUT: [4;32;49mi[0;39;49m[0m
2024-07-20 15:47:10 [0m[2;37;0m╭─[2;37;0m──[2;37;0m──[2;37;0m──[2;37;0m──[2;37;0m──[2;37;0m──[2;37;0m──[2;37;0m──[2;37;0m──[2;37;0m──[2;37;0m──[2;37;0m──[2;37;0m──[2;37;0m──[2;37;0m──[2;37;0m──[2;37;0m──[2;37;0m──[2;37;0m──[2;37;0m──[2;37;0m──[2;37;0m──[2;37;0m──[2;37;0m──[2;37;0m──[2;37;0m──[2;37;0m──[2;37;0m──[2;37;0m──[2;37;0m──[2;37;0m──[2;37;0m──[2;37;0m──[2;37;0m──[2;37;0m──[2;37;0m──[2;37;0m──[2;37;0m──[2;37;0m──[2;37;0m──[2;37;0m──[2;37;0m──[2;37;0m──[2;37;0m──[2;37;0m──[2;37;0m──[2;37;0m──[2;37;0m──[2;37;0m──[2;37;0m──[2;37;0m╮ [2;37;0m[0m
2024-07-20 15:47:10 [0m│ [2;37;0m你共携带九件器物，[1;32m负重约十斤，可忽略不计。[2;37;0m[2;37;0m                                                          │ [2;37;0m[0m
2024-07-20 15:47:10 [0m├─[2;37;0m──────────────────────────────────────────────[2;37;0m[装  备]──[2;37;0m──[2;37;0m──[2;37;0m──[2;37;0m──[2;37;0m──[2;37;0m──[2;37;0m──[2;37;0m──[2;37;0m──[2;37;0m──[2;37;0m──[2;37;0m──[2;37;0m──[2;37;0m──[2;37;0m──[2;37;0m──[2;37;0m──[2;37;0m──[2;37;0m──[2;37;0m──[2;37;0m──[2;37;0m──[2;37;0m┤ [2;37;0m[2;37;0m[0m
2024-07-20 15:47:10 [0m│ [2;37;0m                                   [1;30m[1;30m--[2;37;0m[2;37;0m [1;30m[[1;30m帽子[2;37;0m[1;30m][2;37;0m[2;37;0m[42m[30m    ▂▂▂▂    [2;37;0m[2;37;0m[1;30m[[1;30m副兵[2;37;0m[1;30m][2;37;0m [1;30m[1;30m--[2;37;0m[2;37;0m                                   │ [2;37;0m[0m
2024-07-20 15:47:10 [0m│ [2;37;0m                                   [1;30m[1;30m--[2;37;0m[2;37;0m [1;30m[[1;30m护面[2;37;0m[1;30m][2;37;0m[2;37;0m[42m[94m   [2;37;0m[43m[1;34m ⊙  ⊙ [2;37;0m[42m   [2;37;0m[2;37;0m[1;30m[[1;30m护腕[2;37;0m[1;30m][2;37;0m [1;30m[1;30m--[2;37;0m[2;37;0m                                   │ [2;37;0m[0m
2024-07-20 15:47:10 [0m│ [2;37;0m                                   [1;30m[1;30m--[2;37;0m[2;37;0m [1;30m[[1;30m披风[2;37;0m[1;30m][2;37;0m[2;37;0m[42m[33m   [32m[43m▂▂[31m﹀[2;37;0m[32m[43m▂▂[2;37;0m[42m[33m ▌ [2;37;0m[2;37;0m[1;30m[[1;30m手套[2;37;0m[1;30m][2;37;0m [1;30m[1;30m--[2;37;0m[2;37;0m                                   │ [2;37;0m[0m
2024-07-20 15:47:10 [0m│ [2;37;0m                                   [1;30m[1;30m--[2;37;0m[2;37;0m [1;30m[[1;30m护肩[2;37;0m[1;30m][2;37;0m[2;37;0m[42m[2;37;0m[42m[94m ▅▅[44m  [2;37;0m[44m  [2;37;0m[44m  [2;37;0m[42m[94m██[2;37;0m[42m [2;37;0m[2;37;0m[1;30m[[1;30m铠甲[2;37;0m[1;30m][2;37;0m [1;30m[1;30m--[2;37;0m[2;37;0m                                   │ [2;37;0m[0m
2024-07-20 15:47:10 [0m│ [2;37;0m                          [1;34m青衫[2;37;0m   (+1) [1;30m[[1;32m衣服[2;37;0m[1;30m][2;37;0m[2;37;0m[42m[94m ██[42m [44m    [2;37;0m[42m [2;37;0m[32m[44m▄▄[2;37;0m[42m [2;37;0m[2;37;0m[1;30m[[1;30m护肩[2;37;0m[1;30m][2;37;0m [1;30m--[2;37;0m                                   │ [2;37;0m[0m
2024-07-20 15:47:10 [0m│ [2;37;0m                                   [1;30m[1;30m--[2;37;0m[2;37;0m [1;30m[[1;30m腰带[2;37;0m[1;30m][2;37;0m[2;37;0m[42m[33m ▌  [44m    [2;37;0m[42m    [2;37;0m[2;37;0m[1;30m[[1;30m盾牌[2;37;0m[1;30m][2;37;0m [1;30m[1;30m--[2;37;0m[2;37;0m                                   │ [2;37;0m[0m
2024-07-20 15:47:10 [0m│ [2;37;0m                        太乙剑  (+15) [1;30m[[1;32m主兵[2;37;0m[1;30m][2;37;0m[2;37;0m[42m [33m  [2;37;0m[42m[44m  [44m[1;37m  [2;37;0m[42m[44m  [42m   [2;37;0m[2;37;0m[1;30m[[1;30m护腿[2;37;0m[1;30m][2;37;0m [1;30m--[2;37;0m                                   │ [2;37;0m[0m
2024-07-20 15:47:10 [0m│ [2;37;0m                                   [1;30m--[2;37;0m [1;30m[[1;30m护腿[2;37;0m[1;30m][2;37;0m[2;37;0m[42m [37m▄▄[2;37;0m[44m[37m▄▄[42m  [44m[37m▄▄[2;37;0m[42m[37m▄▄ [2;37;0m[2;37;0m[1;30m[[1;32m鞋子[2;37;0m[1;30m][2;37;0m 皮靴                                 │ [2;37;0m[0m
2024-07-20 15:47:10 [0m├─[2;37;0m──────────────────────────────────────────────[2;37;0m[饰  品]──[2;37;0m──[2;37;0m──[2;37;0m──[2;37;0m──[2;37;0m──[2;37;0m──[2;37;0m──[2;37;0m□ 腰挂一个[1;32m锦囊[2;37;0m□ ──[2;37;0m──[2;37;0m──[2;37;0m──[2;37;0m──[2;37;0m──[2;37;0m──[2;37;0m┤ [2;37;0m[0m
2024-07-20 15:47:10 [0m│ [2;37;0m[1;30m[[1;30m项链[2;37;0m[1;30m][2;37;0m[1;30m[1;30m--[2;37;0m[2;37;0m                                                                                    [1;30m[1;30m--[2;37;0m[2;37;0m[1;30m[[1;30m护心[2;37;0m[1;30m][2;37;0m│ [2;37;0m[0m
2024-07-20 15:47:10 [0m│ [2;37;0m[1;30m[[1;30m戒指[2;37;0m[1;30m][2;37;0m[1;30m[1;30m--[2;37;0m[2;37;0m                                                                                    [1;30m[1;30m--[2;37;0m[2;37;0m[1;30m[[1;30m戒指[2;37;0m[1;30m][2;37;0m│ [2;37;0m[0m
2024-07-20 15:47:10 [0m├─[2;37;0m──────────────────────────────────────────────[2;37;0m[财  宝]──[2;37;0m──[2;37;0m──[2;37;0m──[2;37;0m──[2;37;0m──[2;37;0m──[2;37;0m──[2;37;0m──[2;37;0m──[2;37;0m──[2;37;0m──[2;37;0m──[2;37;0m──[2;37;0m──[2;37;0m──[2;37;0m──[2;37;0m──[2;37;0m──[2;37;0m──[2;37;0m──[2;37;0m──[2;37;0m──[2;37;0m┤ [2;37;0m[2;37;0m[0m
2024-07-20 15:47:10 [0m│ [2;37;0m[1;37m白银[2;37;0m[36m× [2;37;0m50                 [33m铜板[2;37;0m[36m× [2;37;0m70                                                                   │ [2;37;0m[0m
2024-07-20 15:47:10 [0m├─[2;37;0m──────────────────────────────────────────────[2;37;0m[食  物]──[2;37;0m──[2;37;0m──[2;37;0m──[2;37;0m──[2;37;0m──[2;37;0m──[2;37;0m──[2;37;0m──[2;37;0m──[2;37;0m──[2;37;0m──[2;37;0m──[2;37;0m──[2;37;0m──[2;37;0m──[2;37;0m──[2;37;0m──[2;37;0m──[2;37;0m──[2;37;0m──[2;37;0m──[2;37;0m──[2;37;0m┤ [2;37;0m[2;37;0m[0m
2024-07-20 15:47:10 [0m│ [2;37;0m[1;35m野果[2;37;0m(Ye guo)[36m× [2;37;0m2                                                                                     │ [2;37;0m[0m
2024-07-20 15:47:10 [0m├─[2;37;0m──────────────────────────────────────────────[2;37;0m[其  它]──[2;37;0m──[2;37;0m──[2;37;0m──[2;37;0m──[2;37;0m──[2;37;0m──[2;37;0m──[2;37;0m──[2;37;0m──[2;37;0m──[2;37;0m──[2;37;0m──[2;37;0m──[2;37;0m──[2;37;0m──[2;37;0m──[2;37;0m──[2;37;0m──[2;37;0m──[2;37;0m──[2;37;0m──[2;37;0m──[2;37;0m┤ [2;37;0m[2;37;0m[0m
2024-07-20 15:47:10 [0m│ [2;37;0m没药(Mo yao[2;37;0m)                                                                                        │ [2;37;0m[0m
2024-07-20 15:47:10 [0m╰─[2;37;0m──[2;37;0m──[2;37;0m──[2;37;0m──[2;37;0m──[2;37;0m──[2;37;0m──[2;37;0m──[2;37;0m──[2;37;0m──[2;37;0m──[2;37;0m──[2;37;0m──[2;37;0m──[2;37;0m──[2;37;0m──[2;37;0m──[2;37;0m──[2;37;0m──[2;37;0m──[2;37;0m──[2;37;0m──[2;37;0m──[2;37;0m──[2;37;0m──[2;37;0m──[2;37;0m──[2;37;0m──[2;37;0m──[2;37;0m──[2;37;0m──[2;37;0m──[2;37;0m──[2;37;0m──[2;37;0m──[2;37;0m──[2;37;0m──[2;37;0m──[2;37;0m──[2;37;0m──[2;37;0m──[2;37;0m[1;36m北大侠客行[2;37;0m──[2;37;0m──[2;37;0m──[2;37;0m──[2;37;0m╯ [2;37;0m[0m
2024-07-20 15:47:12 [0m[0;39;49m[1;36m〔HP摘要〕[22;39m气血: [1;32m100%[22;39m/[1;32m100%[22;39m 回气: [22;33m38%[22;39m/[22;31m7%[22;39m 精神: [1;32m100%[22;39m/[1;32m100%[22;39m 食水: 122/211(-12/-6)[0;39;49m[0m
2024-07-20 15:47:16 [0m[0;32;49m2024-07-20 15:47:16 INPUT: [4;32;49mstatus_me[0;39;49m[0m
2024-07-20 15:47:16 [0m╭───────个人状态[2;37;0m──────────┬─────────────────────────┬───────────────────────────╮ [0m
2024-07-20 15:47:16 [0m│ [2;37;0m李长函(Floatht)[2;37;0m         [2;37;0m│ [2;37;0m[1m级别[2;37;0m:0[2;37;0m                  [2;37;0m│ [2;37;0m[1m战斗力[2;37;0m:3062[2;37;0m               [2;37;0m│ [0m
2024-07-20 15:47:16 [0m├───────攻击属性[2;37;0m────┬─────┴───┬─────────┬─────────┬─┴───────┬─────────┬─────────┤ [0m
2024-07-20 15:47:16 [0m│ [2;37;0m[45;1m武器伤害[2;37;0m[45;1m[2;37;0m[45;1m[2;37;0m[45;1m│ [2;37;0m[45;1m15[2;37;0m[45;1m      [2;37;0m[45;1m[2;37;0m[45;1m│ [2;37;0m[45;1m出招速度[2;37;0m[45;1m[2;37;0m[45;1m[2;37;0m[45;1m│ [2;37;0m[45;1m1.00[2;37;0m[45;1m    [2;37;0m[45;1m[2;37;0m[45;1m│ [2;37;0m[45;1m外伤命中[2;37;0m[45;1m[2;37;0m[45;1m[2;37;0m[45;1m│ [2;37;0m[45;1m42[2;37;0m[45;1m      [2;37;0m[45;1m[2;37;0m[45;1m│ [2;37;0m[45;1m内伤命中[2;37;0m[45;1m[2;37;0m[45;1m[2;37;0m[45;1m│ [2;37;0m[45;1m0级[2;37;0m[45;1m     [2;37;0m[45;1m[2;37;0m│ [0m
2024-07-20 15:47:16 [0m│ [2;37;0m[45;1m外伤增益[2;37;0m[45;1m[2;37;0m[45;1m[2;37;0m[45;1m│ [2;37;0m[45;1m0%[2;37;0m[45;1m      [2;37;0m[45;1m[2;37;0m[45;1m│ [2;37;0m[45;1m内伤增益[2;37;0m[45;1m[2;37;0m[45;1m[2;37;0m[45;1m│ [2;37;0m[45;1m0%[2;37;0m[45;1m      [2;37;0m[45;1m[2;37;0m[45;1m│ [2;37;0m[45;1m要害攻击[2;37;0m[45;1m[2;37;0m[45;1m[2;37;0m[45;1m│ [2;37;0m[45;1m4%[2;37;0m[45;1m      [2;37;0m[45;1m[2;37;0m[45;1m│ [2;37;0m[45;1m要害伤害[2;37;0m[45;1m[2;37;0m[45;1m[2;37;0m[45;1m│ [2;37;0m[45;1m200%[2;37;0m[45;1m    [2;37;0m[45;1m[2;37;0m│ [0m
2024-07-20 15:47:16 [0m│ [2;37;0m[45;1m毒伤增强[2;37;0m[45;1m[2;37;0m[45;1m[2;37;0m[45;1m│ [2;37;0m[45;1m0%[2;37;0m[45;1m      [2;37;0m[45;1m[2;37;0m[45;1m│ [2;37;0m[45;1m致晕命中[2;37;0m[45;1m[2;37;0m[45;1m[2;37;0m[45;1m│ [2;37;0m[45;1m0级[2;37;0m[45;1m     [2;37;0m[45;1m[2;37;0m[45;1m│ [2;37;0m[45;1m[2;37;0m[45;1m        [2;37;0m[45;1m[2;37;0m[45;1m│ [2;37;0m[45;1m[2;37;0m[45;1m        [2;37;0m[45;1m[2;37;0m[45;1m│ [2;37;0m[45;1m[2;37;0m[45;1m        [2;37;0m[45;1m[2;37;0m[45;1m│ [2;37;0m[45;1m[2;37;0m[45;1m        [2;37;0m[45;1m[2;37;0m│ [0m
2024-07-20 15:47:16 [0m├───────防御属性[2;37;0m────┼─────────┼─────────┼─────────┼─────────┼─────────┼─────────┤ [0m
2024-07-20 15:47:16 [0m│ [2;37;0m[46;1m护甲[2;37;0m[46;1m    [2;37;0m[46;1m[2;37;0m[46;1m│ [2;37;0m[46;1m1[2;37;0m[46;1m       [2;37;0m[46;1m[2;37;0m[46;1m│ [2;37;0m[46;1m防御[2;37;0m[46;1m    [2;37;0m[46;1m[2;37;0m[46;1m│ [2;37;0m[46;1m0[2;37;0m[46;1m       [2;37;0m[46;1m[2;37;0m[46;1m│ [2;37;0m[46;1m躲闪[2;37;0m[46;1m    [2;37;0m[46;1m[2;37;0m[46;1m│ [2;37;0m[46;1m35[2;37;0m[46;1m      [2;37;0m[46;1m[2;37;0m[46;1m│ [2;37;0m[46;1m招架[2;37;0m[46;1m    [2;37;0m[46;1m[2;37;0m[46;1m│ [2;37;0m[46;1m42[2;37;0m[46;1m      [2;37;0m[46;1m[2;37;0m│ [0m
2024-07-20 15:47:16 [0m│ [2;37;0m[46;1m外伤抗性[2;37;0m[46;1m[2;37;0m[46;1m[2;37;0m[46;1m│ [2;37;0m[46;1m0%[2;37;0m[46;1m      [2;37;0m[46;1m[2;37;0m[46;1m│ [2;37;0m[46;1m外伤绝抗[2;37;0m[46;1m[2;37;0m[46;1m[2;37;0m[46;1m│ [2;37;0m[46;1m0%[2;37;0m[46;1m      [2;37;0m[46;1m[2;37;0m[46;1m│ [2;37;0m[46;1m内伤抗性[2;37;0m[46;1m[2;37;0m[46;1m[2;37;0m[46;1m│ [2;37;0m[46;1m0%[2;37;0m[46;1m      [2;37;0m[46;1m[2;37;0m[46;1m│ [2;37;0m[46;1m内伤绝抗[2;37;0m[46;1m[2;37;0m[46;1m[2;37;0m[46;1m│ [2;37;0m[46;1m0%[2;37;0m[46;1m      [2;37;0m[46;1m[2;37;0m│ [0m
2024-07-20 15:47:16 [0m│ [2;37;0m[46;1m真气减伤[2;37;0m[46;1m[2;37;0m[46;1m[2;37;0m[46;1m│ [2;37;0m[46;1m0%[2;37;0m[46;1m      [2;37;0m[46;1m[2;37;0m[46;1m│ [2;37;0m[46;1m伤害吸收[2;37;0m[46;1m[2;37;0m[46;1m[2;37;0m[46;1m│ [2;37;0m[46;1m0%[2;37;0m[46;1m      [2;37;0m[46;1m[2;37;0m[46;1m│ [2;37;0m[46;1m外伤减伤[2;37;0m[46;1m[2;37;0m[46;1m[2;37;0m[46;1m│ [2;37;0m[46;1m0[2;37;0m[46;1m       [2;37;0m[46;1m[2;37;0m[46;1m│ [2;37;0m[46;1m技能防御[2;37;0m[46;1m[2;37;0m[46;1m[2;37;0m[46;1m│ [2;37;0m[46;1m0级[2;37;0m[46;1m     [2;37;0m[46;1m[2;37;0m│ [0m
2024-07-20 15:47:16 [0m│ [2;37;0m[46;1m要害抗性[2;37;0m[46;1m[2;37;0m[46;1m[2;37;0m[46;1m│ [2;37;0m[46;1m0%[2;37;0m[46;1m      [2;37;0m[46;1m[2;37;0m[46;1m│ [2;37;0m[46;1m毒伤抗性[2;37;0m[46;1m[2;37;0m[46;1m[2;37;0m[46;1m│ [2;37;0m[46;1m0%[2;37;0m[46;1m      [2;37;0m[46;1m[2;37;0m[46;1m│ [2;37;0m[46;1m致晕抗性[2;37;0m[46;1m[2;37;0m[46;1m[2;37;0m[46;1m│ [2;37;0m[46;1m0级[2;37;0m[46;1m     [2;37;0m[46;1m[2;37;0m[46;1m│ [2;37;0m[46;1m[2;37;0m[46;1m        [2;37;0m[46;1m[2;37;0m[46;1m│ [2;37;0m[46;1m[2;37;0m[46;1m        [2;37;0m[46;1m[2;37;0m│ [0m
2024-07-20 15:47:16 [0m├───────其他属性[2;37;0m────┼─────────┼─────────┼─────────┼─────────┼─────────┼─────────┤ [0m
2024-07-20 15:47:16 [0m│ [2;37;0m[44;1m臂力影响[2;37;0m[44;1m[2;37;0m[44;1m[2;37;0m[44;1m│ [2;37;0m[44;1m20[2;37;0m[44;1m      [2;37;0m[44;1m[2;37;0m[44;1m│ [2;37;0m[44;1m悟性影响[2;37;0m[44;1m[2;37;0m[44;1m[2;37;0m[44;1m│ [2;37;0m[44;1m20[2;37;0m[44;1m      [2;37;0m[44;1m[2;37;0m[44;1m│ [2;37;0m[44;1m根骨影响[2;37;0m[44;1m[2;37;0m[44;1m[2;37;0m[44;1m│ [2;37;0m[44;1m20[2;37;0m[44;1m      [2;37;0m[44;1m[2;37;0m[44;1m│ [2;37;0m[44;1m身法影响[2;37;0m[44;1m[2;37;0m[44;1m[2;37;0m[44;1m│ [2;37;0m[44;1m20[2;37;0m[44;1m      [2;37;0m[44;1m[2;37;0m│ [0m
2024-07-20 15:47:16 [0m├───────技能加成[2;37;0m────┼─────────┼─────────┼─────────┼─────────┼─────────┼─────────┤ [0m
2024-07-20 15:47:16 [0m│ [2;37;0m[43;1m[1;30m基本轻功[2;37;0m[43;1m[2;37;0m[43;1m[2;37;0m[43;1m│ [2;37;0m[43;1m[1;30m+7级[2;37;0m[43;1m    [2;37;0m[43;1m[2;37;0m[43;1m│ [2;37;0m[43;1m[1;30m[2;37;0m[43;1m        [2;37;0m[43;1m[2;37;0m[43;1m│ [2;37;0m[43;1m[1;30m[2;37;0m[43;1m        [2;37;0m[43;1m[2;37;0m[43;1m│ [2;37;0m[43;1m[1;30m[2;37;0m[43;1m        [2;37;0m[43;1m[2;37;0m[43;1m│ [2;37;0m[43;1m[1;30m[2;37;0m[43;1m        [2;37;0m[43;1m[2;37;0m[43;1m│ [2;37;0m[43;1m[1;30m[2;37;0m[43;1m        [2;37;0m[43;1m[2;37;0m[43;1m│ [2;37;0m[43;1m[1;30m[2;37;0m[43;1m        [2;37;0m[43;1m[2;37;0m│ [0m
2024-07-20 15:47:16 [0m├───────恢复状态[2;37;0m────┼─────────┼─────────┼─────────┼─────────┼─────────┼─────────┤ [0m
2024-07-20 15:47:16 [0m│ [2;37;0m[42;1m[1;31m气血[2;37;0m[42;1m[42;1m基础[2;37;0m[42;1m[2;37;0m[42;1m[2;37;0m[42;1m│ [2;37;0m[42;1m100[2;37;0m[42;1m     [2;37;0m[42;1m[2;37;0m[42;1m│ [2;37;0m[42;1m等级加成[2;37;0m[42;1m[2;37;0m[42;1m[2;37;0m[42;1m│ [2;37;0m[42;1m0[2;37;0m[42;1m       [2;37;0m[42;1m[2;37;0m[42;1m│ [2;37;0m[42;1m高等加成[2;37;0m[42;1m[2;37;0m[42;1m[2;37;0m[42;1m│ [2;37;0m[42;1m0[2;37;0m[42;1m       [2;37;0m[42;1m[2;37;0m[42;1m│ [2;37;0m[42;1m其他加成[2;37;0m[42;1m[2;37;0m[42;1m[2;37;0m[42;1m│ [2;37;0m[42;1m0[2;37;0m[42;1m       [2;37;0m[42;1m[2;37;0m│ [0m
2024-07-20 15:47:16 [0m│ [2;37;0m[42;1m[1;34m精神[2;37;0m[42;1m[42;1m基础[2;37;0m[42;1m[2;37;0m[42;1m[2;37;0m[42;1m│ [2;37;0m[42;1m125[2;37;0m[42;1m     [2;37;0m[42;1m[2;37;0m[42;1m│ [2;37;0m[42;1m等级加成[2;37;0m[42;1m[2;37;0m[42;1m[2;37;0m[42;1m│ [2;37;0m[42;1m0[2;37;0m[42;1m       [2;37;0m[42;1m[2;37;0m[42;1m│ [2;37;0m[42;1m高等加成[2;37;0m[42;1m[2;37;0m[42;1m[2;37;0m[42;1m│ [2;37;0m[42;1m0[2;37;0m[42;1m       [2;37;0m[42;1m[2;37;0m[42;1m│ [2;37;0m[42;1m其他加成[2;37;0m[42;1m[2;37;0m[42;1m[2;37;0m[42;1m│ [2;37;0m[42;1m0[2;37;0m[42;1m       [2;37;0m[42;1m[2;37;0m│ [0m
2024-07-20 15:47:16 [0m│ [2;37;0m[42;1m气血恢复[2;37;0m[42;1m[2;37;0m[42;1m[2;37;0m[42;1m│ [2;37;0m[42;1m0.63[2;37;0m[42;1m    [2;37;0m[42;1m[2;37;0m[42;1m│ [2;37;0m[42;1m气血治疗[2;37;0m[42;1m[2;37;0m[42;1m[2;37;0m[42;1m│ [2;37;0m[42;1m0.11[2;37;0m[42;1m    [2;37;0m[42;1m[2;37;0m[42;1m│ [2;37;0m[42;1m精神恢复[2;37;0m[42;1m[2;37;0m[42;1m[2;37;0m[42;1m│ [2;37;0m[42;1m1.68[2;37;0m[42;1m    [2;37;0m[42;1m[2;37;0m[42;1m│ [2;37;0m[42;1m精神治疗[2;37;0m[42;1m[2;37;0m[42;1m[2;37;0m[42;1m│ [2;37;0m[42;1m0.11[2;37;0m[42;1m    [2;37;0m[42;1m[2;37;0m│ [0m
2024-07-20 15:47:16 [0m│ [2;37;0m[42;1m内力恢复[2;37;0m[42;1m[2;37;0m[42;1m[2;37;0m[42;1m│ [2;37;0m[42;1m0.00[2;37;0m[42;1m    [2;37;0m[42;1m[2;37;0m[42;1m│ [2;37;0m[42;1m精力恢复[2;37;0m[42;1m[2;37;0m[42;1m[2;37;0m[42;1m│ [2;37;0m[42;1m8.42[2;37;0m[42;1m    [2;37;0m[42;1m[2;37;0m[42;1m│ [2;37;0m[42;1m内力精纯[2;37;0m[42;1m[2;37;0m[42;1m[2;37;0m[42;1m│ [2;37;0m[42;1m0.00%[2;37;0m[42;1m   [2;37;0m[42;1m[2;37;0m[42;1m│ [2;37;0m[42;1m加力减耗[2;37;0m[42;1m[2;37;0m[42;1m[2;37;0m[42;1m│ [2;37;0m[42;1m0%[2;37;0m[42;1m      [2;37;0m[42;1m[2;37;0m│ [0m
2024-07-20 15:47:16 [0m├───────战斗信息[2;37;0m────┴─────────┴─────────┴─────────┴─────────┴─────────┴─────────┤ [0m
2024-07-20 15:47:16 [0m│ [2;37;0m[41;1m你使用「基本拳脚」攻击对手：[1;36m武师[2;37;0m[41;1m(wu shi)，命中(42)，对方躲闪(94)，招架(121) ，[2;37;0m[41;1m[2;37;0m[41;1m[2;37;0m│ [0m
2024-07-20 15:47:16 [0m│ [2;37;0m[41;1m[2;37;0m[41;1m最终命中概率8.00% 。[2;37;0m[41;1m                                                          [2;37;0m[41;1m[2;37;0m│ [0m
2024-07-20 15:47:16 [0m├───────健康状态[2;37;0m────────────────────────────────────────────────────────────────┤ [0m
2024-07-20 15:47:16 [0m│ [2;37;0m[1;37m健康[2;37;0m[2;37;0m                                                                          [2;37;0m│ [0m
2024-07-20 15:47:16 [0m├───────奖励状态[2;37;0m────────────┬─────────────┬─────────────┬─────────────┬─────────┤ [0m
2024-07-20 15:47:16 [0m│ [2;37;0m幸运值[2;37;0m      [2;37;0m│ [2;37;0m2[2;37;0m           [2;37;0m│ [2;37;0m奖励系数[2;37;0m    [2;37;0m│ [2;37;0m100%[2;37;0m[2;37;0m        [2;37;0m│ [2;37;0m识图检查[2;37;0m    [2;37;0m│ [2;37;0m[1;32m完整奖励[2;37;0m[2;37;0m[2;37;0m│ [0m
2024-07-20 15:47:16 [0m╰─────────────┴─────────────┴─────────────┴─────────────┴─────[1;36m北大侠客行[2;37;0m[2;37;0m────────╯ [0m
2024-07-20 15:47:16 [0m[1;32;49m人物状态信息已更新。[0;39;49m[0m
2024-07-20 15:47:19 [0m[0;32;49m2024-07-20 15:47:19 INPUT: [4;32;49msc[0;39;49m[0m
2024-07-20 15:47:19 [0m╭───────[42;1m[1;37m人物详情[2;37;0m────────────────────────────────────────────────┬───────────────╮ [0m
2024-07-20 15:47:19 [0m│ [2;37;0m 普通百姓 李长函(Floatht)[2;37;0m                                     [2;37;0m│ [2;37;0m [42m[30m    ▂▂▂▂    [2;37;0m[2;37;0m [2;37;0m│ [0m
2024-07-20 15:47:19 [0m│ [2;37;0m 膂力：[  20]  悟性：[  20]  根骨：[  20]  身法：[  20][2;37;0m       [2;37;0m│ [2;37;0m [42m[94m   [2;37;0m[43m[1;34m ⊙  ⊙ [2;37;0m[42m   [2;37;0m[2;37;0m [2;37;0m│ [0m
2024-07-20 15:47:19 [0m│ [2;37;0m 福缘：[  17]  容貌：[  20]  灵性：[[1;33m  30[2;37;0m]  胆识：[   ?][2;37;0m       [2;37;0m│ [2;37;0m [42m[33m   [32m[43m▂▂[31m﹀[2;37;0m[32m[43m▂▂[2;37;0m[42m   [2;37;0m[2;37;0m[2;37;0m [2;37;0m│ [0m
2024-07-20 15:47:19 [0m│ [2;37;0m[36m 距离上榜还需增加36405858点经验。[2;37;0m[2;37;0m                             [2;37;0m│ [2;37;0m [42m     [42;1m[1;32m0[2;37;0m[42;1m/1    [2;37;0m [2;37;0m│ [0m
2024-07-20 15:47:19 [0m├───────────────────────────────────────┬───────────────────────┴───────────────┤ [0m
2024-07-20 15:47:19 [0m│ [2;37;0m[1;32m[4m个人信息[2;37;0m[2;37;0m                              [2;37;0m│ [2;37;0m[1;36m[4m门派履历[2;37;0m[2;37;0m                              [2;37;0m│ [0m
2024-07-20 15:47:19 [0m│ [2;37;0m[1;37m国籍：[2;37;0m无国籍      [1;37m户籍：[2;37;0m暂无        [2;37;0m  [2;37;0m│ [2;37;0m[1;37m门派：[2;37;0m无门派[2;37;0m                          [2;37;0m│ [0m
2024-07-20 15:47:19 [0m│ [2;37;0m[1;37m性别：[2;37;0m男性        [1;37m上线：[2;37;0m柳秀山庄未明谷[2;37;0m[2;37;0m│ [2;37;0m[1;37m师承：[2;37;0m无[2;37;0m                              [2;37;0m│ [0m
2024-07-20 15:47:19 [0m│ [2;37;0m[1;37m[4m年龄[2;37;0m：[2;37;0m十四岁      [1;37m姻缘：[2;37;0m未遇良人    [2;37;0m  [2;37;0m│ [2;37;0m[1;37m门忠：[2;37;0m零[2;37;0m                              [2;37;0m│ [0m
2024-07-20 15:47:19 [0m│ [2;37;0m[1;37m身高：[2;37;0m七尺七寸    [1;37m体重：[2;37;0m约一百四十五斤[2;37;0m[2;37;0m│ [2;37;0m[1;37m出师：[2;37;0m无[2;37;0m                              [2;37;0m│ [0m
2024-07-20 15:47:19 [0m│ [2;37;0m[1;37m生日：[2;37;0m甲辰年七月二十日巳时四刻[2;37;0m        [2;37;0m│ [2;37;0m[1;37m叛师：[2;37;0m无[2;37;0m                              [2;37;0m│ [0m
2024-07-20 15:47:19 [0m├─────────────────────────┬─────────────┴───────────┬───────────────────────────┤ [0m
2024-07-20 15:47:19 [0m│ [2;37;0m[1;37m杀生：[2;37;0m0人[2;37;0m               [2;37;0m│ [2;37;0m[1;37m职业：[2;37;0m[2;37;0m[2;37;0m                  [2;37;0m│ [2;37;0m[1;37m[4m存款[2;37;0m[2;37;0m[1;37m：[2;37;0m[2;37;0m                    [2;37;0m│ [0m
2024-07-20 15:47:19 [0m│ [2;37;0m[1;37m被杀：[2;37;0m0次[2;37;0m               [2;37;0m│ [2;37;0m[1;37m道德：[2;37;0m0[2;37;0m                 [2;37;0m│ [2;37;0m[1;37m门派例钱：[2;37;0m无[2;37;0m              [2;37;0m│ [0m
2024-07-20 15:47:19 [0m│ [2;37;0m[1;37m[4m死亡[2;37;0m[2;37;0m[1;37m：[2;37;0m0次[2;37;0m               [2;37;0m│ [2;37;0m[1;37m声望：[2;37;0m0[2;37;0m                 [2;37;0m│ [2;37;0m[1;37m国家积分：[2;37;0m0[2;37;0m               [2;37;0m│ [0m
2024-07-20 15:47:19 [0m│ [2;37;0m[1;37m杀气：[2;37;0m正常[2;37;0m              [2;37;0m│ [2;37;0m[1;37m愿望：[2;37;0m0[2;37;0m                 [2;37;0m│ [2;37;0m[1;37m活跃兑换：[2;37;0m1[2;37;0m               [2;37;0m│ [0m
2024-07-20 15:47:19 [0m╰─────────────────────────┴─────────────────────────┴─────────[1;36m北大侠客行[2;37;0m[2;37;0m────────╯ [0m
2024-07-20 15:47:27 [0m[0;39;49m[1;36m〔HP摘要〕[22;39m气血: [1;32m100%[22;39m/[1;32m100%[22;39m 回气: [22;33m38%[22;39m/[22;31m7%[22;39m 精神: [1;32m100%[22;39m/[1;32m100%[22;39m 食水: 120/210(-12/-6)[0;39;49m[0m
2024-07-20 15:47:37 [0m[0;39;49m[1;36m〔HP摘要〕[22;39m气血: [1;32m100%[22;39m/[1;32m100%[22;39m 回气: [22;33m38%[22;39m/[22;31m7%[22;39m 精神: [1;32m100%[22;39m/[1;32m100%[22;39m 食水: 118/209(-12/-6)[0;39;49m[0m
2024-07-20 15:47:47 [0m[0;32;49m2024-07-20 15:47:47 INPUT: [4;32;49mlook[0;39;49m[0m
2024-07-20 15:47:47 [0m[0m西厢房[2;37;0m - [[36m村镇[2;37;0m][0m[0m
2024-07-20 15:47:47 [0m                            男浴室              [0m
2024-07-20 15:47:47 [0m                              ｜     [0m
2024-07-20 15:47:47 [0m                            [1;32m西厢房[2;37;0m----柳秀山庄正厅[0m
2024-07-20 15:47:47 [0m    这是柳秀山庄招待男客的厢房。房中有一张小床[33m(bed)[2;37;0m，锦被玉枕都是崭新的。床旁边是一红木的五[0m
2024-07-20 15:47:47 [0m[2;37;0m斗橱，橱里放了一些生活用具。五斗橱旁是面铜镜，可以让你正衣冠。铜镜前方的方桌上有个翡翠的沉[0m
2024-07-20 15:47:47 [0m[2;37;0m香炉，里面檀香冉冉，飘向窗外。窗台放了文竹的盆景。厢房的风格和别处一样，并不奢华，却处处透[0m
2024-07-20 15:47:47 [0m[2;37;0m着风雅。[2;37;0m[0m
2024-07-20 15:47:47 [0m    你可以看看(look):bed。[0m
2024-07-20 15:47:47 [0m    [2;37;0m这里明显的出口有 north 和 east。[2;37;0m[0m
2024-07-20 15:47:51 [0m[0;32;49m2024-07-20 15:47:51 INPUT: [4;32;49me[0;39;49m[0m
2024-07-20 15:47:51 [0m[0m柳秀山庄正厅[2;37;0m - [[36m村镇[2;37;0m] [[1;32m存盘点[2;37;0m] [1;33m☆[2;37;0m[0m[0m
2024-07-20 15:47:51 [0m                            尚武堂              [0m
2024-07-20 15:47:51 [0m                              ｜     [0m
2024-07-20 15:47:51 [0m                  西厢房--[1;32m柳秀山庄正厅[2;37;0m--东厢房    [0m
2024-07-20 15:47:51 [0m                              ｜     [0m
2024-07-20 15:47:51 [0m                           [1;35m岩桂花园[2;37;0m             [0m
2024-07-20 15:47:51 [0m    你走进此屋，并没有被风雅绰约的大厅所吸引。而是被端坐在大厅正中央的那位英雄投去了敬佩的[0m
2024-07-20 15:47:51 [0m目光。他没有锦衣玉袍，喝的茶也只是普通的碧螺春。样貌也不是鹤发童颜的世外高人模样。但他坐在[0m
2024-07-20 15:47:51 [0m那里垂目朝你望来你就觉得这个人和这个山庄已经融为一体了，他有它的故事，它有他的心事，能坐拥[0m
2024-07-20 15:47:51 [0m如此山庄的人，必然是胸怀抱负的英雄。曾经叱咤江湖的辉煌不用多说，就在他的眼里，也在山庄里。[0m
2024-07-20 15:47:51 [0m    「初冬」: [36m天渐渐亮了，天上没有晨星[2;37;0m。[0m
2024-07-20 15:47:51 [0m    [2;37;0m这里明显的出口有 east、north、west 和 south。[2;37;0m[0m
2024-07-20 15:47:51 [0m    柳秀山庄丫鬟 阿姝(A shu[2;37;0m)[2;37;0m[0m
2024-07-20 15:47:51 [0m    柳秀山庄庄主「英雄迟暮」[31m游鲲翼[2;37;0m(You kunyi[2;37;0m)[2;37;0m[0m
2024-07-20 15:47:52 [0m[0;39;49m[1;36m〔HP摘要〕[22;39m气血: [1;32m100%[22;39m/[1;32m100%[22;39m 回气: [22;33m38%[22;39m/[22;31m7%[22;39m 精神: [1;32m100%[22;39m/[1;32m100%[22;39m 食水: 116/208(-12/-6)[0;39;49m[0m
2024-07-20 15:47:53 [0m[0;32;49m2024-07-20 15:47:53 INPUT: [4;32;49mn[0;39;49m[0m
2024-07-20 15:47:53 [0m[0m尚武堂[2;37;0m - [[36m村镇[2;37;0m][0m[0m
2024-07-20 15:47:53 [0m                            藏书阁              [0m
2024-07-20 15:47:53 [0m                              ｜     [0m
2024-07-20 15:47:53 [0m                            [1;32m尚武堂[2;37;0m              [0m
2024-07-20 15:47:53 [0m                              ｜     [0m
2024-07-20 15:47:53 [0m                          柳秀山庄正厅            [0m
2024-07-20 15:47:53 [0m    你走进了一间开阔的武堂。纵横开阔几十丈，仿佛进入了一个开阔的广场。武馆内的兵器架[33m(shelf)[0m
2024-07-20 15:47:53 [0;33m[33m[2;37;0m上的武器应有尽有，木人几十具成矩形排开，梅花桩、八卦阵也有数处。兵器架旁的八仙桌上摆着一盘[0m
2024-07-20 15:47:53 [0m[2;37;0m野果，一壶茶水，练武渴了可以直接饮用(drink)。几名劲装的武师在里面或练习、或印证功夫，呵呵有[0m
2024-07-20 15:47:53 [0m[2;37;0m声。 “尚武堂” 三个遒劲的大字悬于高梁。这里明显比一般的武馆都要宏大，更有气势。[2;37;0m[0m
2024-07-20 15:47:53 [0m    [2;37;0m这里明显的出口有 south 和 north。[2;37;0m[0m
2024-07-20 15:47:53 [0m    柳秀山庄「太乙教头」[1;36m武师[2;37;0m(Wu shi[2;37;0m)[2;37;0m[0m
2024-07-20 15:47:53 [0m    普通百姓 飞天大侠(Feitiandaxia[2;37;0m)[2;37;0m[0m
2024-07-20 15:47:56 [0m[0;32;49m2024-07-20 15:47:56 INPUT: [4;32;49mid here[0;39;49m[0m
2024-07-20 15:47:56 [0m在这个房间中, 生物及物品的(英文)名称如下 :[0m
2024-07-20 15:47:56 [0m李长函                         = floatht[0m
2024-07-20 15:47:56 [0m[1;36m武师[2;37;0m                           = wu shi, wushi[0m
2024-07-20 15:47:56 [0m飞天大侠                       = feitiandaxia[0m
2024-07-20 15:48:02 [0m[0;32;49m2024-07-20 15:48:02 INPUT: [4;32;49mcha feitiandaxia[0;39;49m[0m
2024-07-20 15:48:02 [0m周围有这个人吗？只有巫师，夫妻，或有师徒关系的人能察看他人的技能。[0m
2024-07-20 15:48:03 [0m[0;39;49m[1;36m〔HP摘要〕[22;39m气血: [1;32m100%[22;39m/[1;32m100%[22;39m 回气: [22;33m38%[22;39m/[22;31m7%[22;39m 精神: [1;32m100%[22;39m/[1;32m100%[22;39m 食水: 114/207(-12/-6)[0;39;49m[0m
2024-07-20 15:48:10 [0m[0;32;49m2024-07-20 15:48:10 INPUT: [4;32;49mlook feitiandaxia[0;39;49m[0m
2024-07-20 15:48:11 [0m[0;39;49m[1;36m〔HP摘要〕[22;39m气血: [1;32m100%[22;39m/[1;32m100%[22;39m 回气: [22;33m38%[22;39m/[22;31m7%[22;39m 精神: [1;32m100%[22;39m/[1;32m100%[22;39m 食水: 112/206(-12/-6)[0;39;49m[0m
2024-07-20 15:48:11 [0m[42m[30m   ▄▄▄▄▄▄   [2;37;0m[2;37;0m普通百姓 飞天大侠(Feitiandaxia)[0m
2024-07-20 15:48:11 [0m[42m[94m   [2;37;0m[43m[1;34m ⊙  ⊙ [2;37;0m[42m   [2;37;0m[2;37;0m他看起来约十多岁，身长约七尺有余，体型肥胖。[0m
2024-07-20 15:48:11 [0m[42m[33m   [32m[43m▂▂[31m〇[2;37;0m[32m[43m▂▂[2;37;0m[42m[33m ▌ [2;37;0m[2;37;0m他太小了，还看不出将来会长成什么样子。[0m
2024-07-20 15:48:11 [0m[42m[2;37;0m[42m[36m ▅▅[46m  [2;37;0m[46m  [2;37;0m[46m  [2;37;0m[42m[36m██[2;37;0m[42m [2;37;0m[2;37;0m他黑色的头发没有被扎起，配上一双大眼睛，显得一副无精打采的样子。[0m
2024-07-20 15:48:11 [0m[42m[36m ██[42m [46m    [2;37;0m[42m [2;37;0m[32m[46m▄▄[2;37;0m[42m [2;37;0m[2;37;0m他并不是江湖中人。[0m
2024-07-20 15:48:11 [0m[42m[33m ▌  [46m    [2;37;0m[42m    [2;37;0m[2;37;0m他的武功看上去[94m不堪一击[2;37;0m，出手似乎[35m极轻[2;37;0m。[0m
2024-07-20 15:48:11 [0m[42m [33m  [2;37;0m[42m[46m  [46m[1;37m  [2;37;0m[42m[46m  [42m   [2;37;0m[2;37;0m他和你此前并未交手过。[0m
2024-07-20 15:48:11 [0m[42m [37m▄▄[2;37;0m[46m[37m▄▄[42m  [46m[37m▄▄[2;37;0m[42m[37m▄▄ [2;37;0m[2;37;0m他[1;32m看起来气血充盈，并没有受伤。[2;37;0m[0m
2024-07-20 15:48:11 [0m他身上带著：[0m
2024-07-20 15:48:11 [0m[36m  □ [2;37;0m身穿一件[1;36m短打劲装[2;37;0m(Cloth[2;37;0m)[0m
2024-07-20 15:48:11 [0m[36m  □ [2;37;0m腰挂一个[1;32m锦囊[2;37;0m(Jin nang[2;37;0m)[0m
2024-07-20 15:48:11 [0m[36m  □ [2;37;0m脚蹬一双皮靴(Pi xue[2;37;0m)[0m
2024-07-20 15:48:19 [0m[0;32;49m2024-07-20 15:48:19 INPUT: [4;32;49mlook[0;39;49m[0m
2024-07-20 15:48:19 [0m[0m尚武堂[2;37;0m - [[36m村镇[2;37;0m][0m[0m
2024-07-20 15:48:19 [0m                            藏书阁              [0m
2024-07-20 15:48:19 [0m                              ｜     [0m
2024-07-20 15:48:19 [0m                            [1;32m尚武堂[2;37;0m              [0m
2024-07-20 15:48:19 [0m                              ｜     [0m
2024-07-20 15:48:19 [0m                          柳秀山庄正厅            [0m
2024-07-20 15:48:19 [0m    你走进了一间开阔的武堂。纵横开阔几十丈，仿佛进入了一个开阔的广场。武馆内的兵器架[33m(shelf)[0m
2024-07-20 15:48:19 [0;33m[33m[2;37;0m上的武器应有尽有，木人几十具成矩形排开，梅花桩、八卦阵也有数处。兵器架旁的八仙桌上摆着一盘[0m
2024-07-20 15:48:19 [0m[2;37;0m野果，一壶茶水，练武渴了可以直接饮用(drink)。几名劲装的武师在里面或练习、或印证功夫，呵呵有[0m
2024-07-20 15:48:19 [0m[2;37;0m声。 “尚武堂” 三个遒劲的大字悬于高梁。这里明显比一般的武馆都要宏大，更有气势。[2;37;0m[0m
2024-07-20 15:48:19 [0m    你可以看看(look):shelf。[0m
2024-07-20 15:48:19 [0m    [2;37;0m这里明显的出口有 south 和 north。[2;37;0m[0m
2024-07-20 15:48:19 [0m    柳秀山庄「太乙教头」[1;36m武师[2;37;0m(Wu shi[2;37;0m)[2;37;0m[0m
2024-07-20 15:48:19 [0m    普通百姓 飞天大侠(Feitiandaxia[2;37;0m)[2;37;0m[0m
2024-07-20 15:48:22 [0m[0;39;49m[1;36m〔HP摘要〕[22;39m气血: [1;32m100%[22;39m/[1;32m100%[22;39m 回气: [22;33m38%[22;39m/[22;31m7%[22;39m 精神: [1;32m100%[22;39m/[1;32m100%[22;39m 食水: 110/205(-12/-6)[0;39;49m[0m
2024-07-20 15:48:31 [0m[0;39;49m[1;36m〔HP摘要〕[22;39m气血: [1;32m100%[22;39m/[1;32m100%[22;39m 回气: [22;33m38%[22;39m/[22;31m7%[22;39m 精神: [1;32m100%[22;39m/[1;32m100%[22;39m 食水: 108/204(-12/-6)[0;39;49m[0m
2024-07-20 15:48:44 [0m[0;39;49m[1;36m〔HP摘要〕[22;39m气血: [1;32m100%[22;39m/[1;32m100%[22;39m 回气: [22;33m38%[22;39m/[22;31m7%[22;39m 精神: [1;32m100%[22;39m/[1;32m100%[22;39m 食水: 106/203(-12/-6)[0;39;49m[0m
2024-07-20 15:48:52 [0m[0;32;49m2024-07-20 15:48:52 INPUT: [4;32;49mlook feitiandaxia[0;39;49m[0m
2024-07-20 15:48:52 [0m[42m[30m   ▄▄▄▄▄▄   [2;37;0m[2;37;0m普通百姓 飞天大侠(Feitiandaxia)[0m
2024-07-20 15:48:52 [0m[42m[94m   [2;37;0m[43m[1;34m ⊙  ⊙ [2;37;0m[42m   [2;37;0m[2;37;0m他看起来约十多岁，身长约七尺有余，体型肥胖。[0m
2024-07-20 15:48:52 [0m[42m[33m   [32m[43m▂▂[31m〇[2;37;0m[32m[43m▂▂[2;37;0m[42m[33m ▌ [2;37;0m[2;37;0m他太小了，还看不出将来会长成什么样子。[0m
2024-07-20 15:48:52 [0m[42m[2;37;0m[42m[36m ▅▅[46m  [2;37;0m[46m  [2;37;0m[46m  [2;37;0m[42m[36m██[2;37;0m[42m [2;37;0m[2;37;0m他黑色的头发没有被扎起，配上一双大眼睛，显得一副无精打采的样子。[0m
2024-07-20 15:48:52 [0m[42m[36m ██[42m [46m    [2;37;0m[42m [2;37;0m[32m[46m▄▄[2;37;0m[42m [2;37;0m[2;37;0m他并不是江湖中人。[0m
2024-07-20 15:48:52 [0m[42m[33m ▌  [46m    [2;37;0m[42m    [2;37;0m[2;37;0m他的武功看上去[94m不堪一击[2;37;0m，出手似乎[35m极轻[2;37;0m。[0m
2024-07-20 15:48:52 [0m[42m [33m  [2;37;0m[42m[46m  [46m[1;37m  [2;37;0m[42m[46m  [42m   [2;37;0m[2;37;0m他和你此前并未交手过。[0m
2024-07-20 15:48:52 [0m[42m [37m▄▄[2;37;0m[46m[37m▄▄[42m  [46m[37m▄▄[2;37;0m[42m[37m▄▄ [2;37;0m[2;37;0m他[1;32m看起来气血充盈，并没有受伤。[2;37;0m[0m
2024-07-20 15:48:52 [0m他身上带著：[0m
2024-07-20 15:48:52 [0m[36m  □ [2;37;0m身穿一件[1;36m短打劲装[2;37;0m(Cloth[2;37;0m)[0m
2024-07-20 15:48:52 [0m[36m  □ [2;37;0m腰挂一个[1;32m锦囊[2;37;0m(Jin nang[2;37;0m)[0m
2024-07-20 15:48:52 [0m[36m  □ [2;37;0m脚蹬一双皮靴(Pi xue[2;37;0m)[0m
2024-07-20 15:48:57 [0m[0;39;49m[1;36m〔HP摘要〕[22;39m气血: [1;32m100%[22;39m/[1;32m100%[22;39m 回气: [22;33m38%[22;39m/[22;31m7%[22;39m 精神: [1;32m100%[22;39m/[1;32m100%[22;39m 食水: 104/202(-12/-6)[0;39;49m[0m
2024-07-20 15:49:09 [0m[0;32;49m2024-07-20 15:49:09 INPUT: [4;32;49mlook[0;39;49m[0m
2024-07-20 15:49:09 [0m[0m尚武堂[2;37;0m - [[36m村镇[2;37;0m][0m[0m
2024-07-20 15:49:09 [0m                            藏书阁              [0m
2024-07-20 15:49:09 [0m                              ｜     [0m
2024-07-20 15:49:09 [0m                            [1;32m尚武堂[2;37;0m              [0m
2024-07-20 15:49:09 [0m                              ｜     [0m
2024-07-20 15:49:09 [0m                          柳秀山庄正厅            [0m
2024-07-20 15:49:09 [0m    你走进了一间开阔的武堂。纵横开阔几十丈，仿佛进入了一个开阔的广场。武馆内的兵器架[33m(shelf)[0m
2024-07-20 15:49:09 [0;33m[33m[2;37;0m上的武器应有尽有，木人几十具成矩形排开，梅花桩、八卦阵也有数处。兵器架旁的八仙桌上摆着一盘[0m
2024-07-20 15:49:09 [0m[2;37;0m野果，一壶茶水，练武渴了可以直接饮用(drink)。几名劲装的武师在里面或练习、或印证功夫，呵呵有[0m
2024-07-20 15:49:09 [0m[2;37;0m声。 “尚武堂” 三个遒劲的大字悬于高梁。这里明显比一般的武馆都要宏大，更有气势。[2;37;0m[0m
2024-07-20 15:49:09 [0m    你可以看看(look):shelf。[0m
2024-07-20 15:49:09 [0m    [2;37;0m这里明显的出口有 south 和 north。[2;37;0m[0m
2024-07-20 15:49:09 [0m    柳秀山庄「太乙教头」[1;36m武师[2;37;0m(Wu shi[2;37;0m)[2;37;0m[0m
2024-07-20 15:49:09 [0m    普通百姓 飞天大侠(Feitiandaxia[2;37;0m)[2;37;0m[0m
2024-07-20 15:49:10 [0m[0;39;49m[1;36m〔HP摘要〕[22;39m气血: [1;32m100%[22;39m/[1;32m100%[22;39m 回气: [22;33m38%[22;39m/[22;31m7%[22;39m 精神: [1;32m100%[22;39m/[1;32m100%[22;39m 食水: 102/201(-12/-6)[0;39;49m[0m
2024-07-20 15:49:24 [0m[0;39;49m[1;36m〔HP摘要〕[22;39m气血: [1;32m100%[22;39m/[1;32m100%[22;39m 回气: [22;33m38%[22;39m/[22;31m7%[22;39m 精神: [1;32m100%[22;39m/[1;32m100%[22;39m 食水: 100/200(-12/-6)[0;39;49m[0m
2024-07-20 15:49:35 [0m[0;39;49m[1;36m〔HP摘要〕[22;39m气血: [1;32m100%[22;39m/[1;32m100%[22;39m 回气: [22;33m38%[22;39m/[22;31m7%[22;39m 精神: [1;32m100%[22;39m/[1;32m100%[22;39m 食水: 98/199(-12/-6)[0;39;49m[0m
2024-07-20 15:49:49 [0m[0;39;49m[1;36m〔HP摘要〕[22;39m气血: [1;32m100%[22;39m/[1;32m100%[22;39m 回气: [22;33m38%[22;39m/[22;31m7%[22;39m 精神: [1;32m100%[22;39m/[1;32m100%[22;39m 食水: 96/198(-12/-6)[0;39;49m[0m
2024-07-20 15:49:51 [0m你身上没有gan liang这种食物。[0m
2024-07-20 15:50:04 [0m[0;39;49m[1;36m〔HP摘要〕[22;39m气血: [1;32m100%[22;39m/[1;32m100%[22;39m 回气: [22;33m38%[22;39m/[22;31m7%[22;39m 精神: [1;32m100%[22;39m/[1;32m100%[22;39m 食水: 94/197(-12/-6)[0;39;49m[0m
2024-07-20 15:50:18 [0m[0;39;49m[1;36m〔HP摘要〕[22;39m气血: [1;32m100%[22;39m/[1;32m100%[22;39m 回气: [22;33m38%[22;39m/[22;31m7%[22;39m 精神: [1;32m100%[22;39m/[1;32m100%[22;39m 食水: 92/196(-12/-6)[0;39;49m[0m
2024-07-20 15:50:33 [0m[0;39;49m[1;36m〔HP摘要〕[22;39m气血: [1;32m100%[22;39m/[1;32m100%[22;39m 回气: [22;33m38%[22;39m/[22;31m7%[22;39m 精神: [1;32m100%[22;39m/[1;32m100%[22;39m 食水: 90/195(-12/-6)[0;39;49m[0m
2024-07-20 15:50:40 [0m[0;39;49m[1;36m〔HP摘要〕[22;39m气血: [1;32m100%[22;39m/[1;32m100%[22;39m 回气: [22;33m38%[22;39m/[22;31m7%[22;39m 精神: [1;32m100%[22;39m/[1;32m100%[22;39m 食水: 88/194(-12/-6)[0;39;49m[0m
2024-07-20 15:50:48 [0m[0;39;49m[1;36m〔HP摘要〕[22;39m气血: [1;32m100%[22;39m/[1;32m100%[22;39m 回气: [22;33m38%[22;39m/[22;31m7%[22;39m 精神: [1;32m100%[22;39m/[1;32m100%[22;39m 食水: 86/193(-12/-6)[0;39;49m[0m
2024-07-20 15:50:51 [0m你身上没有gan liang这种食物。[0m
2024-07-20 15:50:54 [0m[0;39;49m[1;36m〔HP摘要〕[22;39m气血: [1;32m100%[22;39m/[1;32m100%[22;39m 回气: [22;33m38%[22;39m/[22;31m7%[22;39m 精神: [1;32m100%[22;39m/[1;32m100%[22;39m 食水: 84/192(-12/-6)[0;39;49m[0m
2024-07-20 15:51:09 [0m[0;39;49m[1;36m〔HP摘要〕[22;39m气血: [1;32m100%[22;39m/[1;32m100%[22;39m 回气: [22;33m38%[22;39m/[22;31m7%[22;39m 精神: [1;32m100%[22;39m/[1;32m100%[22;39m 食水: 82/191(-12/-6)[0;39;49m[0m
2024-07-20 15:51:16 [0m[0;39;49m[1;36m〔HP摘要〕[22;39m气血: [1;32m100%[22;39m/[1;32m100%[22;39m 回气: [22;33m38%[22;39m/[22;31m7%[22;39m 精神: [1;32m100%[22;39m/[1;32m100%[22;39m 食水: 80/190(-12/-6)[0;39;49m[0m
