2024-07-20 15:46:50 [1;32;49mæ¨¡å— silent å·²åˆå§‹åŒ–æˆåŠŸã€‚[0;39;49m
2024-07-20 15:46:50 [1;32;49mæ¨¡å— lib/speedo å·²åˆå§‹åŒ–æˆåŠŸã€‚[0;39;49m
2024-07-20 15:46:50 [1;32;49mæ¨¡å— basic/char/hp å·²åˆå§‹åŒ–æˆåŠŸã€‚[0;39;49m
2024-07-20 15:46:50 [1;32;49mæ¨¡å— basic/char/skills å·²åˆå§‹åŒ–æˆåŠŸã€‚[0;39;49m
2024-07-20 15:46:50 [1;32;49mæ¨¡å— basic/char/status å·²åˆå§‹åŒ–æˆåŠŸã€‚[0;39;49m
2024-07-20 15:46:50 [1;32;49mæ¨¡å— basic/char/backpack å·²åˆå§‹åŒ–æˆåŠŸã€‚[0;39;49m
2024-07-20 15:46:50 [1;32;49mæ¨¡å— basic/char/sachet å·²åˆå§‹åŒ–æˆåŠŸã€‚[0;39;49m
2024-07-20 15:46:50 [1;32;49mæ¨¡å— basic/title å·²åˆå§‹åŒ–æˆåŠŸã€‚[0;39;49m
2024-07-20 15:46:50 [1;32;49mæ¨¡å— basic/char/score å·²åˆå§‹åŒ–æˆåŠŸã€‚[0;39;49m
2024-07-20 15:46:50 [1;32;49mæ¨¡å— basic/char/gmcp å·²åˆå§‹åŒ–æˆåŠŸã€‚[0;39;49m
2024-07-20 15:46:50 [1;32;49mæ¨¡å— basic/char/jifa å·²åˆå§‹åŒ–æˆåŠŸã€‚[0;39;49m
2024-07-20 15:46:50 [1;32;49mæ¨¡å— basic/char/special å·²åˆå§‹åŒ–æˆåŠŸã€‚[0;39;49m
2024-07-20 15:46:50 [1;32;49mæ¨¡å— basic/char/loyalty å·²åˆå§‹åŒ–æˆåŠŸã€‚[0;39;49m
2024-07-20 15:46:50 [1;32;49mæ¨¡å— basic/char å·²åˆå§‹åŒ–æˆåŠŸã€‚[0;39;49m
2024-07-20 15:46:50 [1;32;49mæ¨¡å— basic/busy å·²åˆå§‹åŒ–æˆåŠŸã€‚[0;39;49m
2024-07-20 15:46:50 [1;32;49mæ¨¡å— basic/map å·²åˆå§‹åŒ–æˆåŠŸã€‚[0;39;49m
2024-07-20 15:46:50 [1;32;49mæ¨¡å— shortcut å·²åˆå§‹åŒ–æˆåŠŸã€‚[0;39;49m
2024-07-20 15:46:50 [1;32;49må·²ç»‘å®šå¿«æ·é”® KeyDiv ä¸º {cmd} {lm part}[0;39;49m
2024-07-20 15:46:50 [1;32;49må·²ç»‘å®šå¿«æ·é”® KeyMul ä¸º {cmd} {lm}[0;39;49m
2024-07-20 15:46:50 [1;32;49må·²ç»‘å®šå¿«æ·é”® KeySub ä¸º {cmd} {map}[0;39;49m
2024-07-20 15:46:50 [1;32;49må·²ç»‘å®šå¿«æ·é”® KeyAdd ä¸º {cmd} {kill-npc}[0;39;49m
2024-07-20 15:46:50 [1;32;49mæ¨¡å— basic/env å·²åˆå§‹åŒ–æˆåŠŸã€‚[0;39;49m
2024-07-20 15:46:50 [1;32;49mæ¨¡å— gmcp å·²åˆå§‹åŒ–æˆåŠŸã€‚[0;39;49m
2024-07-20 15:46:50 [1;32;49mç¯å¢ƒå˜é‡å·²æ›´æ–°ã€‚[0;39;49m
2024-07-20 15:46:50 [1;32;49mç¯å¢ƒå˜é‡å·²æ›´æ–°ã€‚[0;39;49m
2024-07-20 15:46:50 [1;32;49mç¯å¢ƒå˜é‡å·²æ›´æ–°ã€‚[0;39;49m
2024-07-20 15:46:50 [1;32;49mç¯å¢ƒå˜é‡å·²æ›´æ–°ã€‚[0;39;49m
2024-07-20 15:46:50 [1;32;49mç¯å¢ƒå˜é‡å·²æ›´æ–°ã€‚[0;39;49m
2024-07-20 15:46:54 [1;32;49mäººç‰©çŠ¶æ€ä¿¡æ¯å·²æ›´æ–°ã€‚[0;39;49m
2024-07-20 15:47:16 [1;32;49mäººç‰©çŠ¶æ€ä¿¡æ¯å·²æ›´æ–°ã€‚[0;39;49m
