2024-07-20 15:46:50 [0;32;49mSEND: [4;32;49mset hpbrief long,report[0;39;49m
2024-07-20 15:46:50 [0;32;49mSEND: [4;32;49mset localmap[0;39;49m
2024-07-20 15:46:50 [0;32;49mSEND: [4;32;49mset area_detail[0;39;49m
2024-07-20 15:46:50 [0;32;49mSEND: [4;32;49mset table_pattern 1[0;39;49m
2024-07-20 15:46:50 [0;32;49mSEND: [4;32;49mtune channel[0;39;49m
2024-07-20 15:46:50 [0;32;49mSEND: [4;32;49mset learn_emote 1[0;39;49m
2024-07-20 15:46:50 [0;32;49mSEND: [4;32;49mscore[0;39;49m
2024-07-20 15:46:50 [0;32;49mSEND: [4;32;49mchat* back[0;39;49m
2024-07-20 15:46:50 [0;32;49mSEND: [4;32;49mtune gmcp status on[0;39;49m
2024-07-20 15:46:50 [0;32;49mSEND: [4;32;49mtune gmcp move on[0;39;49m
2024-07-20 15:46:50 [0;32;49mSEND: [4;32;49mtune gmcp buff on[0;39;49m
2024-07-20 15:46:50 [0;32;49mSEND: [4;32;49mtune gmcp combat on[0;39;49m
2024-07-20 15:46:50 [0;32;49mSEND: [4;32;49mtune gmcp message on[0;39;49m
2024-07-20 15:46:50 [44;1m[1;37m设定环境变量：hpbrief = "long,report"[2;37;0m[0;39;49m
2024-07-20 15:46:50 > ([22;35;49mset hpbrief long,report[22;39;49m)[0;39;49m
2024-07-20 15:46:50 [44;1m[1;37m设定环境变量：localmap = 1[2;37;0m[0;39;49m
2024-07-20 15:46:50 > ([22;35;49mset localmap[22;39;49m)[0;39;49m
2024-07-20 15:46:50 [44;1m[1;37m设定环境变量：area_detail = 1[2;37;0m[0;39;49m
2024-07-20 15:46:50 > ([22;35;49mset area_detail[22;39;49m)[0;39;49m
2024-07-20 15:46:50 [44;1m[1;37m设定环境变量：table_pattern = 1[2;37;0m[0;39;49m
2024-07-20 15:46:50 > ([22;35;49mset table_pattern 1[22;39;49m)[0;39;49m
2024-07-20 15:46:50 [1;32m目前你的频道使用情况如下：[0;39;49m
2024-07-20 15:46:50 [2;37;0m[1;33m〖任务〗[2;37;0m(baowei)    🔕[0;39;49m
2024-07-20 15:46:50 [45;1m[1;32m〖本地〗[2;37;0m(bd)        🔕[0;39;49m
2024-07-20 15:46:50 [1;36m〖闲聊〗[2;37;0m(chat)      🔔[0;39;49m
2024-07-20 15:46:50 [1;33m〖任务〗[2;37;0m(dasong)    🔕[0;39;49m
2024-07-20 15:46:50 [45;1m[1;32m〖副本〗[2;37;0m(fb)        🔕[0;39;49m
2024-07-20 15:46:50 [37m〖智能问答〗[2;37;0m(gpt)   🔕[0;39;49m
2024-07-20 15:46:50 [1;32m〖帮派〗[2;37;0m(group)     🔕[0;39;49m
2024-07-20 15:46:50 [1;37m〖求助〗[2;37;0m(helpme)    🔕[0;39;49m
2024-07-20 15:46:50 [1;37m〖江湖〗[2;37;0m(jh)        🔕[0;39;49m
2024-07-20 15:46:50 [42;1m[1;37m〖交易〗[2;37;0m(jy)        🔔[0;39;49m
2024-07-20 15:46:50 [32m〖门派〗[2;37;0m(mp)        🔕[0;39;49m
2024-07-20 15:46:50 〖国家〗(nation)    🔕[0;39;49m
2024-07-20 15:46:50 [42;1m[1;37m〖交易〗[2;37;0m(pm)        🔕[0;39;49m
2024-07-20 15:46:50 [37m〖北侠QQ群〗[2;37;0m(qq)    🔔[0;39;49m
2024-07-20 15:46:50 [45;1m[1;36m〖区域〗[2;37;0m(qy)        🔕[0;39;49m
2024-07-20 15:46:50 [1;35m〖谣言〗[2;37;0m(rumor)     🔔[0;39;49m
2024-07-20 15:46:50 [1;33m〖任务〗[2;37;0m(rw)        🔕[0;39;49m
2024-07-20 15:46:50 [46;1m[1;33m〖队伍〗[2;37;0m(tt)        🔕[0;39;49m
2024-07-20 15:46:50 [1;36m你现在打开的频道：chat, rumor, qq, jy。[0;39;49m
2024-07-20 15:46:50 [2;37;0m[1;31m其中江湖和任务两个频道只能接听消息，baowei、dasong、pm为旧频道编号，只供接听消息用。[0;39;49m
2024-07-20 15:46:50 [2;37;0m[1;36m[0;39;49m
2024-07-20 15:46:50 你可以使用tune channel <频道id> 来切换频道打开/关闭状态，例如tune channel helpme。[0;39;49m
2024-07-20 15:46:50 [2;37;0m> ([22;35;49mtune channel[22;39;49m)[0;39;49m
2024-07-20 15:46:50 [44;1m[1;37m设定环境变量：learn_emote = 1[2;37;0m[0;39;49m
2024-07-20 15:46:50 > ([22;35;49mset learn_emote 1[22;39;49m)[0;39;49m
2024-07-20 15:46:50 ╭───[42;1m[1;37m人物详情[2;37;0m────────────────────────┬───────╮[0;39;49m
2024-07-20 15:46:50 │[2;37;0m 普通百姓 李长函(Floatht)[2;37;0m                                     [2;37;0m│[2;37;0m [42m[30m    ▂▂    [2;37;0m[2;37;0m [2;37;0m│[0;39;49m
2024-07-20 15:46:50 │[2;37;0m 膂力：[  20]  悟性：[  20]  根骨：[  20]  身法：[  20][2;37;0m       [2;37;0m│[2;37;0m [42m[34m   [2;37;0m[43m[1;34m ⊙ ⊙[2;37;0m[42m   [2;37;0m[2;37;0m [2;37;0m│[0;39;49m
2024-07-20 15:46:50 │[2;37;0m 福缘：[  17]  容貌：[  20]  灵性：[[1;33m  30[2;37;0m]  胆识：[   ?][2;37;0m       [2;37;0m│[2;37;0m [42m[33m   [32m[43m▂[31m﹀[2;37;0m[32m[43m▂[2;37;0m[42m   [2;37;0m[2;37;0m[2;37;0m [2;37;0m│[0;39;49m
2024-07-20 15:46:50 │[2;37;0m[36m 距离上榜还需增加36405858点经验。[2;37;0m[2;37;0m                             [2;37;0m│[2;37;0m [42m     [42;1m[1;32m0[2;37;0m[42;1m/1    [2;37;0m [2;37;0m│[0;39;49m
2024-07-20 15:46:50 ├───────────────────┬───────────┴───────┤[0;39;49m
2024-07-20 15:46:50 │[2;37;0m[1;32m[4m个人信息[2;37;0m[2;37;0m                              [2;37;0m│[2;37;0m[1;36m[4m门派履历[2;37;0m[2;37;0m                              [2;37;0m│[0;39;49m
2024-07-20 15:46:50 │[2;37;0m[1;37m国籍：[2;37;0m无国籍      [1;37m户籍：[2;37;0m暂无        [2;37;0m  [2;37;0m│[2;37;0m[1;37m门派：[2;37;0m无门派[2;37;0m                          [2;37;0m│[0;39;49m
2024-07-20 15:46:50 │[2;37;0m[1;37m性别：[2;37;0m男性        [1;37m上线：[2;37;0m柳秀山庄未明谷[2;37;0m[2;37;0m│[2;37;0m[1;37m师承：[2;37;0m无[2;37;0m                              [2;37;0m│[0;39;49m
2024-07-20 15:46:50 │[2;37;0m[1;37m[4m年龄[2;37;0m：[2;37;0m十四岁      [1;37m姻缘：[2;37;0m未遇良人    [2;37;0m  [2;37;0m│[2;37;0m[1;37m门忠：[2;37;0m零[2;37;0m                              [2;37;0m│[0;39;49m
2024-07-20 15:46:50 │[2;37;0m[1;37m身高：[2;37;0m七尺七寸    [1;37m体重：[2;37;0m约一百四十五斤[2;37;0m[2;37;0m│[2;37;0m[1;37m出师：[2;37;0m无[2;37;0m                              [2;37;0m│[0;39;49m
2024-07-20 15:46:50 │[2;37;0m[1;37m生日：[2;37;0m甲辰年七月二十日巳时四刻[2;37;0m        [2;37;0m│[2;37;0m[1;37m叛师：[2;37;0m无[2;37;0m                              [2;37;0m│[0;39;49m
2024-07-20 15:46:50 ├────────────┬──────┴─────┬─────────────┤[0;39;49m
2024-07-20 15:46:50 │[2;37;0m[1;37m杀生：[2;37;0m0人[2;37;0m               [2;37;0m│[2;37;0m[1;37m职业：[2;37;0m[2;37;0m[2;37;0m                  [2;37;0m│[2;37;0m[1;37m[4m存款[2;37;0m[2;37;0m[1;37m：[2;37;0m[2;37;0m                    [2;37;0m│[0;39;49m
2024-07-20 15:46:50 │[2;37;0m[1;37m被杀：[2;37;0m0次[2;37;0m               [2;37;0m│[2;37;0m[1;37m道德：[2;37;0m0[2;37;0m                 [2;37;0m│[2;37;0m[1;37m门派例钱：[2;37;0m无[2;37;0m              [2;37;0m│[0;39;49m
2024-07-20 15:46:50 │[2;37;0m[1;37m[4m死亡[2;37;0m[2;37;0m[1;37m：[2;37;0m0次[2;37;0m               [2;37;0m│[2;37;0m[1;37m声望：[2;37;0m0[2;37;0m                 [2;37;0m│[2;37;0m[1;37m国家积分：[2;37;0m0[2;37;0m               [2;37;0m│[0;39;49m
2024-07-20 15:46:50 │[2;37;0m[1;37m杀气：[2;37;0m正常[2;37;0m              [2;37;0m│[2;37;0m[1;37m愿望：[2;37;0m0[2;37;0m                 [2;37;0m│[2;37;0m[1;37m活跃兑换：[2;37;0m0[2;37;0m               [2;37;0m│[0;39;49m
2024-07-20 15:46:50 ╰────────────┴────────────┴────[1;36m北大侠客行[2;37;0m[2;37;0m────╯[0;39;49m
2024-07-20 15:46:50 > ([22;35;49mscore[22;39;49m)[0;39;49m
2024-07-20 15:46:50 你的消息：chat* back未发出。[0;39;49m
2024-07-20 15:46:50 为防止刷屏骚扰，新手阶段未完成邮箱验证期间，暂时无法做[1;37mchat,tell[2;37;0m等操作。[0;39;49m
2024-07-20 15:46:50 有问题请输入：[1;37mqq 要发的消息[2;37;0m，使用QQ频道与QQ群玩家交流。或者加入北侠官方QQ群：[1;37m770985873[2;37;0m。[0;39;49m
2024-07-20 15:46:50 请注意：[1;33m入群自动审核，请务必输入你[4m当前在线[2;37;0m[1;33m的玩家id，[4m不要添加别的任何文字[2;37;0m[1;33m。如果一时没有回应可以多加几次，还无回应请使用qq频道反映。[0;39;49m
2024-07-20 15:46:50 [2;37;0m> ([22;35;49mchat* back[22;39;49m)[0;39;49m
2024-07-20 15:46:52 [0;32;49mSEND: [4;32;49mhp[0;39;49m
2024-07-20 15:46:52 [0;32;49mSEND: [4;32;49mtune gmcp status off[0;39;49m
2024-07-20 15:46:52 [0;32;49mSEND: [4;32;49mhpbrief[0;39;49m
2024-07-20 15:46:52 [0;32;49mSEND: [4;32;49mtune gmcp status on[0;39;49m
2024-07-20 15:46:52 [0;32;49mSEND: [4;32;49mresponse R:sync-1721461612127004[0;39;49m
2024-07-20 15:46:52 [0;32;49mSEND: [4;32;49mskills[0;39;49m
2024-07-20 15:46:52 [0;32;49mSEND: [4;32;49mjifa[0;39;49m
2024-07-20 15:46:52 [0;32;49mSEND: [4;32;49mspecial[0;39;49m
2024-07-20 15:46:52 [0;39;49m
2024-07-20 15:46:52 你的GMCP:Status频道已经是打开的。[0;39;49m
2024-07-20 15:46:52 > ([22;35;49mtune gmcp status on[22;39;49m)[0;39;49m
2024-07-20 15:46:52 你的GMCP:Move频道已经是打开的。[0;39;49m
2024-07-20 15:46:52 > ([22;35;49mtune gmcp move on[22;39;49m)[0;39;49m
2024-07-20 15:46:52 你的GMCP:Buff频道已经是打开的。[0;39;49m
2024-07-20 15:46:52 > ([22;35;49mtune gmcp buff on[22;39;49m)[0;39;49m
2024-07-20 15:46:52 你的GMCP:Combat频道已经是打开的。[0;39;49m
2024-07-20 15:46:52 > ([22;35;49mtune gmcp combat on[22;39;49m)[0;39;49m
2024-07-20 15:46:52 [0;39;49m
2024-07-20 15:46:52 你的GMCP:Message频道已经是打开的。[0;39;49m
2024-07-20 15:46:52 > ([22;35;49mtune gmcp message on[22;39;49m)[0;39;49m
2024-07-20 15:46:52 [0;39;49m
2024-07-20 15:46:52 ╭───个人状态[2;37;0m────────────┬───────────────────╮[0;39;49m
2024-07-20 15:46:52 │[2;37;0m[1;37m【精神】 [1;32m125     / 125     [1;32m [100%][2;37;0m[2;37;0m    [2;37;0m│[2;37;0m[1;37m【精力】 [1;36m200     / 100     (+   0)[2;37;0m[2;37;0m    [2;37;0m│[0;39;49m
2024-07-20 15:46:52 │[2;37;0m[1;37m【气血】 [1;32m100     / 100     [1;32m [100%][2;37;0m[2;37;0m    [2;37;0m│[2;37;0m[1;37m【内力】 [1;32m0       / 0       (+   0)[2;37;0m[36m[2;37;0m[2;37;0m    [2;37;0m│[0;39;49m
2024-07-20 15:46:52 │[2;37;0m[1;37m【真气】 [1;32m0       / 0       [1;36m [  0%][2;37;0m[2;37;0m    [2;37;0m│[2;37;0m[1;37m【战意】 [1;32m100%               [1;32m[正常][2;37;0m[2;37;0m    [2;37;0m│[0;39;49m
2024-07-20 15:46:52 │[2;37;0m[1;37m【食物】 [33m126     / 300      [[36m缺食[33m][2;37;0m[2;37;0m    [2;37;0m│[2;37;0m[2;37;0m[1;37m【潜能】[1;33m 3340          [1;32m[2;37;0m               [2;37;0m│[0;39;49m
2024-07-20 15:46:52 │[2;37;0m[1;37m【饮水】 [1;33m213     / 300      [[1;33m缺水[1;33m][2;37;0m    [2;37;0m│[2;37;0m[2;37;0m[1;37m【经验】[1;32m 490           [1;32m[2;37;0m               [2;37;0m│[0;39;49m
2024-07-20 15:46:52 ├───────────────────┴───────────────────┤[0;39;49m
2024-07-20 15:46:52 │[2;37;0m[1;37m【状态】 [1;37m健康[2;37;0m[2;37;0m                                                                 [2;37;0m│[0;39;49m
2024-07-20 15:46:52 ╰──────────────────────────────[1;36m北大侠客行[2;37;0m[2;37;0m────╯[0;39;49m
2024-07-20 15:46:52 > ([22;35;49mhp[22;39;49m)[0;39;49m
2024-07-20 15:46:52 [36m你关闭了GMCP:Status频道。[0;39;49m
2024-07-20 15:46:52 > ([22;35;49mtune gmcp status off[22;39;49m)[0;39;49m
2024-07-20 15:46:52 [0;39;49m
2024-07-20 15:46:52 #490,3340,0,0,100,200[0;39;49m
2024-07-20 15:46:52 #100,100,100,125,125,125[0;39;49m
2024-07-20 15:46:52 #0,100,126,213,0,0[0;39;49m
2024-07-20 15:46:52 > ([22;35;49mhpbrief[22;39;49m)[0;39;49m
2024-07-20 15:46:52 [36m你打开了GMCP:Status频道。[2;37;0m[0;39;49m
2024-07-20 15:46:52 > ([22;35;49mtune gmcp status on[22;39;49m)[0;39;49m
2024-07-20 15:46:52 系统回馈：R:sync-1721461612127004[0;39;49m
2024-07-20 15:46:52 > ([22;35;49mresponse R:sync-1721461612127004[22;39;49m)[0;39;49m
2024-07-20 15:46:52 ╭───[42m[1;37m技能列表(共一项)[2;37;0m──┬─────────────┬──────┬──────┬──────╮[0;39;49m
2024-07-20 15:46:52 │[2;37;0m[42m[1;37m名称[2;37;0m[42m[1;37m                      [2;37;0m[42m[1;37m[2;37;0m[42m[1;37m│[2;37;0m[42m[1;37mID[2;37;0m[42m[1;37m                        [2;37;0m[42m[1;37m[2;37;0m[42m[1;37m│[2;37;0m[42m[1;37m描述[2;37;0m[42m[1;37m        [2;37;0m[42m[1;37m[2;37;0m[42m[1;37m│[2;37;0m[42m[1;37m级别[2;37;0m[42m[1;37m        [2;37;0m[42m[1;37m[2;37;0m[42m[1;37m│[2;37;0m[42m[1;37m最大级别[2;37;0m[42m[1;37m    [2;37;0m[42m[1;37m[2;37;0m│[0;39;49m
2024-07-20 15:46:52 ├───[32m一项基本功夫[2;37;0m────┼─────────────┼──────┼──────┼──────┤[0;39;49m
2024-07-20 15:46:52 │[2;37;0m  基本剑法[2;37;0m                [2;37;0m│[2;37;0msword[2;37;0m                     [2;37;0m│[2;37;0m[34m不堪一击[2;37;0m[2;37;0m    [2;37;0m│[2;37;0m5.00[2;37;0m        [2;37;0m│[2;37;0m[2;37;0m16[2;37;0m          [2;37;0m│[0;39;49m
2024-07-20 15:46:52 ╰─────────────┴─────────────┴──────┴────[1;36m北大侠客行[2;37;0m[2;37;0m────╯[0;39;49m
2024-07-20 15:46:52 > ([22;35;49mskills[22;39;49m)[0;39;49m
2024-07-20 15:46:52 你现在没有使用任何特殊技能。[0;39;49m
2024-07-20 15:46:52 > ([22;35;49mjifa[22;39;49m)[0;39;49m
2024-07-20 15:46:52 你还未成年，不能使用特殊技能。[0;39;49m
2024-07-20 15:46:52 > ([22;35;49mspecial[22;39;49m)([22;33;49mEMPTY[22;39;49m)[0;39;49m
2024-07-20 15:46:53 [0;32;49mSEND: [4;32;49mstatus_me[0;39;49m
2024-07-20 15:46:54 [0;39;49m
2024-07-20 15:46:54 ╭───个人状态[2;37;0m─────┬────────────┬─────────────╮[0;39;49m
2024-07-20 15:46:54 │[2;37;0m李长函(Floatht)[2;37;0m         [2;37;0m│[2;37;0m[1m级别[2;37;0m:0[2;37;0m                  [2;37;0m│[2;37;0m[1m战斗力[2;37;0m:3062[2;37;0m               [2;37;0m│[0;39;49m
2024-07-20 15:46:54 ├───攻击属性[2;37;0m──┬──┴─┬────┬────┬┴───┬────┬────┤[0;39;49m
2024-07-20 15:46:54 │[2;37;0m[45;1m武器伤害[2;37;0m[45;1m[2;37;0m[45;1m[2;37;0m[45;1m│[2;37;0m[45;1m15[2;37;0m[45;1m      [2;37;0m[45;1m[2;37;0m[45;1m│[2;37;0m[45;1m出招速度[2;37;0m[45;1m[2;37;0m[45;1m[2;37;0m[45;1m│[2;37;0m[45;1m1.00[2;37;0m[45;1m    [2;37;0m[45;1m[2;37;0m[45;1m│[2;37;0m[45;1m外伤命中[2;37;0m[45;1m[2;37;0m[45;1m[2;37;0m[45;1m│[2;37;0m[45;1m42[2;37;0m[45;1m      [2;37;0m[45;1m[2;37;0m[45;1m│[2;37;0m[45;1m内伤命中[2;37;0m[45;1m[2;37;0m[45;1m[2;37;0m[45;1m│[2;37;0m[45;1m0级[2;37;0m[45;1m     [2;37;0m[45;1m[2;37;0m│[0;39;49m
2024-07-20 15:46:54 │[2;37;0m[45;1m外伤增益[2;37;0m[45;1m[2;37;0m[45;1m[2;37;0m[45;1m│[2;37;0m[45;1m0%[2;37;0m[45;1m      [2;37;0m[45;1m[2;37;0m[45;1m│[2;37;0m[45;1m内伤增益[2;37;0m[45;1m[2;37;0m[45;1m[2;37;0m[45;1m│[2;37;0m[45;1m0%[2;37;0m[45;1m      [2;37;0m[45;1m[2;37;0m[45;1m│[2;37;0m[45;1m要害攻击[2;37;0m[45;1m[2;37;0m[45;1m[2;37;0m[45;1m│[2;37;0m[45;1m4%[2;37;0m[45;1m      [2;37;0m[45;1m[2;37;0m[45;1m│[2;37;0m[45;1m要害伤害[2;37;0m[45;1m[2;37;0m[45;1m[2;37;0m[45;1m│[2;37;0m[45;1m200%[2;37;0m[45;1m    [2;37;0m[45;1m[2;37;0m│[0;39;49m
2024-07-20 15:46:54 │[2;37;0m[45;1m毒伤增强[2;37;0m[45;1m[2;37;0m[45;1m[2;37;0m[45;1m│[2;37;0m[45;1m0%[2;37;0m[45;1m      [2;37;0m[45;1m[2;37;0m[45;1m│[2;37;0m[45;1m致晕命中[2;37;0m[45;1m[2;37;0m[45;1m[2;37;0m[45;1m│[2;37;0m[45;1m0级[2;37;0m[45;1m     [2;37;0m[45;1m[2;37;0m[45;1m│[2;37;0m[45;1m[2;37;0m[45;1m        [2;37;0m[45;1m[2;37;0m[45;1m│[2;37;0m[45;1m[2;37;0m[45;1m        [2;37;0m[45;1m[2;37;0m[45;1m│[2;37;0m[45;1m[2;37;0m[45;1m        [2;37;0m[45;1m[2;37;0m[45;1m│[2;37;0m[45;1m[2;37;0m[45;1m        [2;37;0m[45;1m[2;37;0m│[0;39;49m
2024-07-20 15:46:54 ├───防御属性[2;37;0m──┼────┼────┼────┼────┼────┼────┤[0;39;49m
2024-07-20 15:46:54 │[2;37;0m[46;1m护甲[2;37;0m[46;1m    [2;37;0m[46;1m[2;37;0m[46;1m│[2;37;0m[46;1m1[2;37;0m[46;1m       [2;37;0m[46;1m[2;37;0m[46;1m│[2;37;0m[46;1m防御[2;37;0m[46;1m    [2;37;0m[46;1m[2;37;0m[46;1m│[2;37;0m[46;1m0[2;37;0m[46;1m       [2;37;0m[46;1m[2;37;0m[46;1m│[2;37;0m[46;1m躲闪[2;37;0m[46;1m    [2;37;0m[46;1m[2;37;0m[46;1m│[2;37;0m[46;1m35[2;37;0m[46;1m      [2;37;0m[46;1m[2;37;0m[46;1m│[2;37;0m[46;1m招架[2;37;0m[46;1m    [2;37;0m[46;1m[2;37;0m[46;1m│[2;37;0m[46;1m42[2;37;0m[46;1m      [2;37;0m[46;1m[2;37;0m│[0;39;49m
2024-07-20 15:46:54 │[2;37;0m[46;1m外伤抗性[2;37;0m[46;1m[2;37;0m[46;1m[2;37;0m[46;1m│[2;37;0m[46;1m0%[2;37;0m[46;1m      [2;37;0m[46;1m[2;37;0m[46;1m│[2;37;0m[46;1m外伤绝抗[2;37;0m[46;1m[2;37;0m[46;1m[2;37;0m[46;1m│[2;37;0m[46;1m0%[2;37;0m[46;1m      [2;37;0m[46;1m[2;37;0m[46;1m│[2;37;0m[46;1m内伤抗性[2;37;0m[46;1m[2;37;0m[46;1m[2;37;0m[46;1m│[2;37;0m[46;1m0%[2;37;0m[46;1m      [2;37;0m[46;1m[2;37;0m[46;1m│[2;37;0m[46;1m内伤绝抗[2;37;0m[46;1m[2;37;0m[46;1m[2;37;0m[46;1m│[2;37;0m[46;1m0%[2;37;0m[46;1m      [2;37;0m[46;1m[2;37;0m│[0;39;49m
2024-07-20 15:46:54 │[2;37;0m[46;1m真气减伤[2;37;0m[46;1m[2;37;0m[46;1m[2;37;0m[46;1m│[2;37;0m[46;1m0%[2;37;0m[46;1m      [2;37;0m[46;1m[2;37;0m[46;1m│[2;37;0m[46;1m伤害吸收[2;37;0m[46;1m[2;37;0m[46;1m[2;37;0m[46;1m│[2;37;0m[46;1m0%[2;37;0m[46;1m      [2;37;0m[46;1m[2;37;0m[46;1m│[2;37;0m[46;1m外伤减伤[2;37;0m[46;1m[2;37;0m[46;1m[2;37;0m[46;1m│[2;37;0m[46;1m0[2;37;0m[46;1m       [2;37;0m[46;1m[2;37;0m[46;1m│[2;37;0m[46;1m技能防御[2;37;0m[46;1m[2;37;0m[46;1m[2;37;0m[46;1m│[2;37;0m[46;1m0级[2;37;0m[46;1m     [2;37;0m[46;1m[2;37;0m│[0;39;49m
2024-07-20 15:46:54 │[2;37;0m[46;1m要害抗性[2;37;0m[46;1m[2;37;0m[46;1m[2;37;0m[46;1m│[2;37;0m[46;1m0%[2;37;0m[46;1m      [2;37;0m[46;1m[2;37;0m[46;1m│[2;37;0m[46;1m毒伤抗性[2;37;0m[46;1m[2;37;0m[46;1m[2;37;0m[46;1m│[2;37;0m[46;1m0%[2;37;0m[46;1m      [2;37;0m[46;1m[2;37;0m[46;1m│[2;37;0m[46;1m致晕抗性[2;37;0m[46;1m[2;37;0m[46;1m[2;37;0m[46;1m│[2;37;0m[46;1m0级[2;37;0m[46;1m     [2;37;0m[46;1m[2;37;0m[46;1m│[2;37;0m[46;1m[2;37;0m[46;1m        [2;37;0m[46;1m[2;37;0m[46;1m│[2;37;0m[46;1m[2;37;0m[46;1m        [2;37;0m[46;1m[2;37;0m│[0;39;49m
2024-07-20 15:46:54 ├───其他属性[2;37;0m──┼────┼────┼────┼────┼────┼────┤[0;39;49m
2024-07-20 15:46:54 │[2;37;0m[44;1m臂力影响[2;37;0m[44;1m[2;37;0m[44;1m[2;37;0m[44;1m│[2;37;0m[44;1m20[2;37;0m[44;1m      [2;37;0m[44;1m[2;37;0m[44;1m│[2;37;0m[44;1m悟性影响[2;37;0m[44;1m[2;37;0m[44;1m[2;37;0m[44;1m│[2;37;0m[44;1m20[2;37;0m[44;1m      [2;37;0m[44;1m[2;37;0m[44;1m│[2;37;0m[44;1m根骨影响[2;37;0m[44;1m[2;37;0m[44;1m[2;37;0m[44;1m│[2;37;0m[44;1m20[2;37;0m[44;1m      [2;37;0m[44;1m[2;37;0m[44;1m│[2;37;0m[44;1m身法影响[2;37;0m[44;1m[2;37;0m[44;1m[2;37;0m[44;1m│[2;37;0m[44;1m20[2;37;0m[44;1m      [2;37;0m[44;1m[2;37;0m│[0;39;49m
2024-07-20 15:46:54 ├───技能加成[2;37;0m──┼────┼────┼────┼────┼────┼────┤[0;39;49m
2024-07-20 15:46:54 │[2;37;0m[43;1m[1;30m基本轻功[2;37;0m[43;1m[2;37;0m[43;1m[2;37;0m[43;1m│[2;37;0m[43;1m[1;30m+7级[2;37;0m[43;1m    [2;37;0m[43;1m[2;37;0m[43;1m│[2;37;0m[43;1m[1;30m[2;37;0m[43;1m        [2;37;0m[43;1m[2;37;0m[43;1m│[2;37;0m[43;1m[1;30m[2;37;0m[43;1m        [2;37;0m[43;1m[2;37;0m[43;1m│[2;37;0m[43;1m[1;30m[2;37;0m[43;1m        [2;37;0m[43;1m[2;37;0m[43;1m│[2;37;0m[43;1m[1;30m[2;37;0m[43;1m        [2;37;0m[43;1m[2;37;0m[43;1m│[2;37;0m[43;1m[1;30m[2;37;0m[43;1m        [2;37;0m[43;1m[2;37;0m[43;1m│[2;37;0m[43;1m[1;30m[2;37;0m[43;1m        [2;37;0m[43;1m[2;37;0m│[0;39;49m
2024-07-20 15:46:54 ├───恢复状态[2;37;0m──┼────┼────┼────┼────┼────┼────┤[0;39;49m
2024-07-20 15:46:54 │[2;37;0m[42;1m[1;31m气血[2;37;0m[42;1m[42;1m基础[2;37;0m[42;1m[2;37;0m[42;1m[2;37;0m[42;1m│[2;37;0m[42;1m100[2;37;0m[42;1m     [2;37;0m[42;1m[2;37;0m[42;1m│[2;37;0m[42;1m等级加成[2;37;0m[42;1m[2;37;0m[42;1m[2;37;0m[42;1m│[2;37;0m[42;1m0[2;37;0m[42;1m       [2;37;0m[42;1m[2;37;0m[42;1m│[2;37;0m[42;1m高等加成[2;37;0m[42;1m[2;37;0m[42;1m[2;37;0m[42;1m│[2;37;0m[42;1m0[2;37;0m[42;1m       [2;37;0m[42;1m[2;37;0m[42;1m│[2;37;0m[42;1m其他加成[2;37;0m[42;1m[2;37;0m[42;1m[2;37;0m[42;1m│[2;37;0m[42;1m0[2;37;0m[42;1m       [2;37;0m[42;1m[2;37;0m│[0;39;49m
2024-07-20 15:46:54 │[2;37;0m[42;1m[1;34m精神[2;37;0m[42;1m[42;1m基础[2;37;0m[42;1m[2;37;0m[42;1m[2;37;0m[42;1m│[2;37;0m[42;1m125[2;37;0m[42;1m     [2;37;0m[42;1m[2;37;0m[42;1m│[2;37;0m[42;1m等级加成[2;37;0m[42;1m[2;37;0m[42;1m[2;37;0m[42;1m│[2;37;0m[42;1m0[2;37;0m[42;1m       [2;37;0m[42;1m[2;37;0m[42;1m│[2;37;0m[42;1m高等加成[2;37;0m[42;1m[2;37;0m[42;1m[2;37;0m[42;1m│[2;37;0m[42;1m0[2;37;0m[42;1m       [2;37;0m[42;1m[2;37;0m[42;1m│[2;37;0m[42;1m其他加成[2;37;0m[42;1m[2;37;0m[42;1m[2;37;0m[42;1m│[2;37;0m[42;1m0[2;37;0m[42;1m       [2;37;0m[42;1m[2;37;0m│[0;39;49m
2024-07-20 15:46:54 │[2;37;0m[42;1m气血恢复[2;37;0m[42;1m[2;37;0m[42;1m[2;37;0m[42;1m│[2;37;0m[42;1m0.63[2;37;0m[42;1m    [2;37;0m[42;1m[2;37;0m[42;1m│[2;37;0m[42;1m气血治疗[2;37;0m[42;1m[2;37;0m[42;1m[2;37;0m[42;1m│[2;37;0m[42;1m0.11[2;37;0m[42;1m    [2;37;0m[42;1m[2;37;0m[42;1m│[2;37;0m[42;1m精神恢复[2;37;0m[42;1m[2;37;0m[42;1m[2;37;0m[42;1m│[2;37;0m[42;1m1.68[2;37;0m[42;1m    [2;37;0m[42;1m[2;37;0m[42;1m│[2;37;0m[42;1m精神治疗[2;37;0m[42;1m[2;37;0m[42;1m[2;37;0m[42;1m│[2;37;0m[42;1m0.11[2;37;0m[42;1m    [2;37;0m[42;1m[2;37;0m│[0;39;49m
2024-07-20 15:46:54 │[2;37;0m[42;1m内力恢复[2;37;0m[42;1m[2;37;0m[42;1m[2;37;0m[42;1m│[2;37;0m[42;1m0.00[2;37;0m[42;1m    [2;37;0m[42;1m[2;37;0m[42;1m│[2;37;0m[42;1m精力恢复[2;37;0m[42;1m[2;37;0m[42;1m[2;37;0m[42;1m│[2;37;0m[42;1m8.42[2;37;0m[42;1m    [2;37;0m[42;1m[2;37;0m[42;1m│[2;37;0m[42;1m内力精纯[2;37;0m[42;1m[2;37;0m[42;1m[2;37;0m[42;1m│[2;37;0m[42;1m0.00%[2;37;0m[42;1m   [2;37;0m[42;1m[2;37;0m[42;1m│[2;37;0m[42;1m加力减耗[2;37;0m[42;1m[2;37;0m[42;1m[2;37;0m[42;1m│[2;37;0m[42;1m0%[2;37;0m[42;1m      [2;37;0m[42;1m[2;37;0m│[0;39;49m
2024-07-20 15:46:54 ├───战斗信息[2;37;0m──┴────┴────┴────┴────┴────┴────┤[0;39;49m
2024-07-20 15:46:54 │[2;37;0m[41;1m你使用「基本拳脚」攻击对手：[1;36m武师[2;37;0m[41;1m(wu shi)，命中(42)，对方躲闪(94)，招架(121) ，[2;37;0m[41;1m[2;37;0m[41;1m[2;37;0m│[0;39;49m
2024-07-20 15:46:54 │[2;37;0m[41;1m[2;37;0m[41;1m最终命中概率8.00% 。[2;37;0m[41;1m                                                          [2;37;0m[41;1m[2;37;0m│[0;39;49m
2024-07-20 15:46:54 ├───健康状态[2;37;0m────────────────────────────────┤[0;39;49m
2024-07-20 15:46:54 │[2;37;0m[1;37m健康[2;37;0m[2;37;0m                                                                          [2;37;0m│[0;39;49m
2024-07-20 15:46:54 ├───奖励状态[2;37;0m──────┬──────┬──────┬──────┬────┤[0;39;49m
2024-07-20 15:46:54 │[2;37;0m幸运值[2;37;0m      [2;37;0m│[2;37;0m2[2;37;0m           [2;37;0m│[2;37;0m奖励系数[2;37;0m    [2;37;0m│[2;37;0m100%[2;37;0m[2;37;0m        [2;37;0m│[2;37;0m识图检查[2;37;0m    [2;37;0m│[2;37;0m[1;32m完整奖励[2;37;0m[2;37;0m[2;37;0m│[0;39;49m
2024-07-20 15:46:54 ╰──────┴──────┴──────┴──────┴──[1;36m北大侠客行[2;37;0m[2;37;0m────╯[0;39;49m
2024-07-20 15:46:54 > ([22;35;49mstatus_me[22;39;49m)([22;33;49mEMPTY[22;39;49m)[0;39;49m
2024-07-20 15:47:00 [0;39;49m
2024-07-20 15:47:00 [1;36m【闲聊】🐉[1;33m本华[2;37;0m[2;37;0m[1;32m(Goldyear)[2;37;0m[1;36m: [1;31m中[31m间[37m有[37m一[1;31m次[37m修[1;36m改[2;37;0m [0;39;49m
2024-07-20 15:47:01 GMCP.Status: {GMCP.Status {"qi":100,"food":124,"water":212,"jing":125}}[0;39;49m
2024-07-20 15:47:01 [2;37;0m[0;39;49m
2024-07-20 15:47:06 [1;36m【闲聊】🐉[1;33m本华[2;37;0m[2;37;0m[1;32m(Goldyear)[2;37;0m[1;36m: [32m大[33m改[2;37;0m [0;39;49m
2024-07-20 15:47:07 [2;37;0m[0;39;49m
2024-07-20 15:47:07 [1;36m【闲聊】本心[2;37;0m[2;37;0m[1;32m(Bit)[2;37;0m[1;36m: z神不会是暗地里在憋着坏吧。。[2;37;0m [0;39;49m
2024-07-20 15:47:08 [2;37;0m[0;39;49m
2024-07-20 15:47:09 [0;32;49mSEND: [4;32;49mi[0;39;49m
2024-07-20 15:47:10 [0;39;49m
2024-07-20 15:47:10 [2;37;0m╭[2;37;0m─[2;37;0m─[2;37;0m─[2;37;0m─[2;37;0m─[2;37;0m─[2;37;0m─[2;37;0m─[2;37;0m─[2;37;0m─[2;37;0m─[2;37;0m─[2;37;0m─[2;37;0m─[2;37;0m─[2;37;0m─[2;37;0m─[2;37;0m─[2;37;0m─[2;37;0m─[2;37;0m─[2;37;0m─[2;37;0m─[2;37;0m─[2;37;0m─[2;37;0m─[2;37;0m─[2;37;0m─[2;37;0m─[2;37;0m─[2;37;0m─[2;37;0m─[2;37;0m─[2;37;0m─[2;37;0m─[2;37;0m─[2;37;0m─[2;37;0m─[2;37;0m─[2;37;0m─[2;37;0m─[2;37;0m─[2;37;0m─[2;37;0m─[2;37;0m─[2;37;0m─[2;37;0m─[2;37;0m─[2;37;0m─[2;37;0m─[2;37;0m╮[2;37;0m[0;39;49m
2024-07-20 15:47:10 │[2;37;0m你共携带九件器物，[1;32m负重约十斤，可忽略不计。[2;37;0m[2;37;0m                                                          │[2;37;0m[0;39;49m
2024-07-20 15:47:10 ├[2;37;0m───────────────────────[2;37;0m[装  备]─[2;37;0m─[2;37;0m─[2;37;0m─[2;37;0m─[2;37;0m─[2;37;0m─[2;37;0m─[2;37;0m─[2;37;0m─[2;37;0m─[2;37;0m─[2;37;0m─[2;37;0m─[2;37;0m─[2;37;0m─[2;37;0m─[2;37;0m─[2;37;0m─[2;37;0m─[2;37;0m─[2;37;0m─[2;37;0m─[2;37;0m┤[2;37;0m[2;37;0m[0;39;49m
2024-07-20 15:47:10 │[2;37;0m                                   [1;30m[1;30m--[2;37;0m[2;37;0m [1;30m[[1;30m帽子[2;37;0m[1;30m][2;37;0m[2;37;0m[42m[30m    ▂▂    [2;37;0m[2;37;0m[1;30m[[1;30m副兵[2;37;0m[1;30m][2;37;0m [1;30m[1;30m--[2;37;0m[2;37;0m                                   │[2;37;0m[0;39;49m
2024-07-20 15:47:10 │[2;37;0m                                   [1;30m[1;30m--[2;37;0m[2;37;0m [1;30m[[1;30m护面[2;37;0m[1;30m][2;37;0m[2;37;0m[42m[34m   [2;37;0m[43m[1;34m ⊙ ⊙[2;37;0m[42m   [2;37;0m[2;37;0m[1;30m[[1;30m护腕[2;37;0m[1;30m][2;37;0m [1;30m[1;30m--[2;37;0m[2;37;0m                                   │[2;37;0m[0;39;49m
2024-07-20 15:47:10 │[2;37;0m                                   [1;30m[1;30m--[2;37;0m[2;37;0m [1;30m[[1;30m披风[2;37;0m[1;30m][2;37;0m[2;37;0m[42m[33m   [32m[43m▂[31m﹀[2;37;0m[32m[43m▂[2;37;0m[42m[33m ▌[2;37;0m[2;37;0m[1;30m[[1;30m手套[2;37;0m[1;30m][2;37;0m [1;30m[1;30m--[2;37;0m[2;37;0m                                   │[2;37;0m[0;39;49m
2024-07-20 15:47:10 │[2;37;0m                                   [1;30m[1;30m--[2;37;0m[2;37;0m [1;30m[[1;30m护肩[2;37;0m[1;30m][2;37;0m[2;37;0m[42m[2;37;0m[42m[34m ▅[44m  [2;37;0m[44m  [2;37;0m[44m  [2;37;0m[42m[34m█[2;37;0m[42m [2;37;0m[2;37;0m[1;30m[[1;30m铠甲[2;37;0m[1;30m][2;37;0m [1;30m[1;30m--[2;37;0m[2;37;0m                                   │[2;37;0m[0;39;49m
2024-07-20 15:47:10 │[2;37;0m                          [1;34m青衫[2;37;0m   (+1) [1;30m[[1;32m衣服[2;37;0m[1;30m][2;37;0m[2;37;0m[42m[34m █[42m [44m    [2;37;0m[42m [2;37;0m[32m[44m▄[2;37;0m[42m [2;37;0m[2;37;0m[1;30m[[1;30m护肩[2;37;0m[1;30m][2;37;0m [1;30m--[2;37;0m                                   │[2;37;0m[0;39;49m
2024-07-20 15:47:10 │[2;37;0m                                   [1;30m[1;30m--[2;37;0m[2;37;0m [1;30m[[1;30m腰带[2;37;0m[1;30m][2;37;0m[2;37;0m[42m[33m ▌ [44m    [2;37;0m[42m    [2;37;0m[2;37;0m[1;30m[[1;30m盾牌[2;37;0m[1;30m][2;37;0m [1;30m[1;30m--[2;37;0m[2;37;0m                                   │[2;37;0m[0;39;49m
2024-07-20 15:47:10 │[2;37;0m                        太乙剑  (+15) [1;30m[[1;32m主兵[2;37;0m[1;30m][2;37;0m[2;37;0m[42m [33m  [2;37;0m[42m[44m  [44m[1;37m  [2;37;0m[42m[44m  [42m   [2;37;0m[2;37;0m[1;30m[[1;30m护腿[2;37;0m[1;30m][2;37;0m [1;30m--[2;37;0m                                   │[2;37;0m[0;39;49m
2024-07-20 15:47:10 │[2;37;0m                                   [1;30m--[2;37;0m [1;30m[[1;30m护腿[2;37;0m[1;30m][2;37;0m[2;37;0m[42m [37m▄[2;37;0m[44m[37m▄[42m  [44m[37m▄[2;37;0m[42m[37m▄ [2;37;0m[2;37;0m[1;30m[[1;32m鞋子[2;37;0m[1;30m][2;37;0m 皮靴                                 │[2;37;0m[0;39;49m
2024-07-20 15:47:10 ├[2;37;0m───────────────────────[2;37;0m[饰  品]─[2;37;0m─[2;37;0m─[2;37;0m─[2;37;0m─[2;37;0m─[2;37;0m─[2;37;0m─[2;37;0m□腰挂一个[1;32m锦囊[2;37;0m□─[2;37;0m─[2;37;0m─[2;37;0m─[2;37;0m─[2;37;0m─[2;37;0m─[2;37;0m┤[2;37;0m[0;39;49m
2024-07-20 15:47:10 │[2;37;0m[1;30m[[1;30m项链[2;37;0m[1;30m][2;37;0m[1;30m[1;30m--[2;37;0m[2;37;0m                                                                                    [1;30m[1;30m--[2;37;0m[2;37;0m[1;30m[[1;30m护心[2;37;0m[1;30m][2;37;0m│[2;37;0m[0;39;49m
2024-07-20 15:47:10 │[2;37;0m[1;30m[[1;30m戒指[2;37;0m[1;30m][2;37;0m[1;30m[1;30m--[2;37;0m[2;37;0m                                                                                    [1;30m[1;30m--[2;37;0m[2;37;0m[1;30m[[1;30m戒指[2;37;0m[1;30m][2;37;0m│[2;37;0m[0;39;49m
2024-07-20 15:47:10 ├[2;37;0m───────────────────────[2;37;0m[财  宝]─[2;37;0m─[2;37;0m─[2;37;0m─[2;37;0m─[2;37;0m─[2;37;0m─[2;37;0m─[2;37;0m─[2;37;0m─[2;37;0m─[2;37;0m─[2;37;0m─[2;37;0m─[2;37;0m─[2;37;0m─[2;37;0m─[2;37;0m─[2;37;0m─[2;37;0m─[2;37;0m─[2;37;0m─[2;37;0m─[2;37;0m┤[2;37;0m[2;37;0m[0;39;49m
2024-07-20 15:47:10 │[2;37;0m[1;37m白银[2;37;0m[36m×[2;37;0m50                 [33m铜板[2;37;0m[36m×[2;37;0m70                                                                   │[2;37;0m[0;39;49m
2024-07-20 15:47:10 ├[2;37;0m───────────────────────[2;37;0m[食  物]─[2;37;0m─[2;37;0m─[2;37;0m─[2;37;0m─[2;37;0m─[2;37;0m─[2;37;0m─[2;37;0m─[2;37;0m─[2;37;0m─[2;37;0m─[2;37;0m─[2;37;0m─[2;37;0m─[2;37;0m─[2;37;0m─[2;37;0m─[2;37;0m─[2;37;0m─[2;37;0m─[2;37;0m─[2;37;0m─[2;37;0m┤[2;37;0m[2;37;0m[0;39;49m
2024-07-20 15:47:10 │[2;37;0m[1;35m野果[2;37;0m(Ye guo)[36m×[2;37;0m2                                                                                     │[2;37;0m[0;39;49m
2024-07-20 15:47:10 ├[2;37;0m───────────────────────[2;37;0m[其  它]─[2;37;0m─[2;37;0m─[2;37;0m─[2;37;0m─[2;37;0m─[2;37;0m─[2;37;0m─[2;37;0m─[2;37;0m─[2;37;0m─[2;37;0m─[2;37;0m─[2;37;0m─[2;37;0m─[2;37;0m─[2;37;0m─[2;37;0m─[2;37;0m─[2;37;0m─[2;37;0m─[2;37;0m─[2;37;0m─[2;37;0m┤[2;37;0m[2;37;0m[0;39;49m
2024-07-20 15:47:10 │[2;37;0m没药(Mo yao[2;37;0m)                                                                                        │[2;37;0m[0;39;49m
2024-07-20 15:47:10 ╰[2;37;0m─[2;37;0m─[2;37;0m─[2;37;0m─[2;37;0m─[2;37;0m─[2;37;0m─[2;37;0m─[2;37;0m─[2;37;0m─[2;37;0m─[2;37;0m─[2;37;0m─[2;37;0m─[2;37;0m─[2;37;0m─[2;37;0m─[2;37;0m─[2;37;0m─[2;37;0m─[2;37;0m─[2;37;0m─[2;37;0m─[2;37;0m─[2;37;0m─[2;37;0m─[2;37;0m─[2;37;0m─[2;37;0m─[2;37;0m─[2;37;0m─[2;37;0m─[2;37;0m─[2;37;0m─[2;37;0m─[2;37;0m─[2;37;0m─[2;37;0m─[2;37;0m─[2;37;0m─[2;37;0m─[2;37;0m[1;36m北大侠客行[2;37;0m─[2;37;0m─[2;37;0m─[2;37;0m─[2;37;0m╯[2;37;0m[0;39;49m
2024-07-20 15:47:10 [0;39;49m
2024-07-20 15:47:10 > ([22;35;49mi[22;39;49m)([22;33;49mEMPTY[22;39;49m)[0;39;49m
2024-07-20 15:47:12 GMCP.Status: {GMCP.Status {"qi":100,"food":122,"water":211,"jing":125}}[0;39;49m
2024-07-20 15:47:16 [0;32;49mSEND: [4;32;49mstatus_me[0;39;49m
2024-07-20 15:47:16 [0;39;49m
2024-07-20 15:47:16 ╭───个人状态[2;37;0m─────┬────────────┬─────────────╮[0;39;49m
2024-07-20 15:47:16 │[2;37;0m李长函(Floatht)[2;37;0m         [2;37;0m│[2;37;0m[1m级别[2;37;0m:0[2;37;0m                  [2;37;0m│[2;37;0m[1m战斗力[2;37;0m:3062[2;37;0m               [2;37;0m│[0;39;49m
2024-07-20 15:47:16 ├───攻击属性[2;37;0m──┬──┴─┬────┬────┬┴───┬────┬────┤[0;39;49m
2024-07-20 15:47:16 │[2;37;0m[45;1m武器伤害[2;37;0m[45;1m[2;37;0m[45;1m[2;37;0m[45;1m│[2;37;0m[45;1m15[2;37;0m[45;1m      [2;37;0m[45;1m[2;37;0m[45;1m│[2;37;0m[45;1m出招速度[2;37;0m[45;1m[2;37;0m[45;1m[2;37;0m[45;1m│[2;37;0m[45;1m1.00[2;37;0m[45;1m    [2;37;0m[45;1m[2;37;0m[45;1m│[2;37;0m[45;1m外伤命中[2;37;0m[45;1m[2;37;0m[45;1m[2;37;0m[45;1m│[2;37;0m[45;1m42[2;37;0m[45;1m      [2;37;0m[45;1m[2;37;0m[45;1m│[2;37;0m[45;1m内伤命中[2;37;0m[45;1m[2;37;0m[45;1m[2;37;0m[45;1m│[2;37;0m[45;1m0级[2;37;0m[45;1m     [2;37;0m[45;1m[2;37;0m│[0;39;49m
2024-07-20 15:47:16 │[2;37;0m[45;1m外伤增益[2;37;0m[45;1m[2;37;0m[45;1m[2;37;0m[45;1m│[2;37;0m[45;1m0%[2;37;0m[45;1m      [2;37;0m[45;1m[2;37;0m[45;1m│[2;37;0m[45;1m内伤增益[2;37;0m[45;1m[2;37;0m[45;1m[2;37;0m[45;1m│[2;37;0m[45;1m0%[2;37;0m[45;1m      [2;37;0m[45;1m[2;37;0m[45;1m│[2;37;0m[45;1m要害攻击[2;37;0m[45;1m[2;37;0m[45;1m[2;37;0m[45;1m│[2;37;0m[45;1m4%[2;37;0m[45;1m      [2;37;0m[45;1m[2;37;0m[45;1m│[2;37;0m[45;1m要害伤害[2;37;0m[45;1m[2;37;0m[45;1m[2;37;0m[45;1m│[2;37;0m[45;1m200%[2;37;0m[45;1m    [2;37;0m[45;1m[2;37;0m│[0;39;49m
2024-07-20 15:47:16 │[2;37;0m[45;1m毒伤增强[2;37;0m[45;1m[2;37;0m[45;1m[2;37;0m[45;1m│[2;37;0m[45;1m0%[2;37;0m[45;1m      [2;37;0m[45;1m[2;37;0m[45;1m│[2;37;0m[45;1m致晕命中[2;37;0m[45;1m[2;37;0m[45;1m[2;37;0m[45;1m│[2;37;0m[45;1m0级[2;37;0m[45;1m     [2;37;0m[45;1m[2;37;0m[45;1m│[2;37;0m[45;1m[2;37;0m[45;1m        [2;37;0m[45;1m[2;37;0m[45;1m│[2;37;0m[45;1m[2;37;0m[45;1m        [2;37;0m[45;1m[2;37;0m[45;1m│[2;37;0m[45;1m[2;37;0m[45;1m        [2;37;0m[45;1m[2;37;0m[45;1m│[2;37;0m[45;1m[2;37;0m[45;1m        [2;37;0m[45;1m[2;37;0m│[0;39;49m
2024-07-20 15:47:16 ├───防御属性[2;37;0m──┼────┼────┼────┼────┼────┼────┤[0;39;49m
2024-07-20 15:47:16 │[2;37;0m[46;1m护甲[2;37;0m[46;1m    [2;37;0m[46;1m[2;37;0m[46;1m│[2;37;0m[46;1m1[2;37;0m[46;1m       [2;37;0m[46;1m[2;37;0m[46;1m│[2;37;0m[46;1m防御[2;37;0m[46;1m    [2;37;0m[46;1m[2;37;0m[46;1m│[2;37;0m[46;1m0[2;37;0m[46;1m       [2;37;0m[46;1m[2;37;0m[46;1m│[2;37;0m[46;1m躲闪[2;37;0m[46;1m    [2;37;0m[46;1m[2;37;0m[46;1m│[2;37;0m[46;1m35[2;37;0m[46;1m      [2;37;0m[46;1m[2;37;0m[46;1m│[2;37;0m[46;1m招架[2;37;0m[46;1m    [2;37;0m[46;1m[2;37;0m[46;1m│[2;37;0m[46;1m42[2;37;0m[46;1m      [2;37;0m[46;1m[2;37;0m│[0;39;49m
2024-07-20 15:47:16 │[2;37;0m[46;1m外伤抗性[2;37;0m[46;1m[2;37;0m[46;1m[2;37;0m[46;1m│[2;37;0m[46;1m0%[2;37;0m[46;1m      [2;37;0m[46;1m[2;37;0m[46;1m│[2;37;0m[46;1m外伤绝抗[2;37;0m[46;1m[2;37;0m[46;1m[2;37;0m[46;1m│[2;37;0m[46;1m0%[2;37;0m[46;1m      [2;37;0m[46;1m[2;37;0m[46;1m│[2;37;0m[46;1m内伤抗性[2;37;0m[46;1m[2;37;0m[46;1m[2;37;0m[46;1m│[2;37;0m[46;1m0%[2;37;0m[46;1m      [2;37;0m[46;1m[2;37;0m[46;1m│[2;37;0m[46;1m内伤绝抗[2;37;0m[46;1m[2;37;0m[46;1m[2;37;0m[46;1m│[2;37;0m[46;1m0%[2;37;0m[46;1m      [2;37;0m[46;1m[2;37;0m│[0;39;49m
2024-07-20 15:47:16 │[2;37;0m[46;1m真气减伤[2;37;0m[46;1m[2;37;0m[46;1m[2;37;0m[46;1m│[2;37;0m[46;1m0%[2;37;0m[46;1m      [2;37;0m[46;1m[2;37;0m[46;1m│[2;37;0m[46;1m伤害吸收[2;37;0m[46;1m[2;37;0m[46;1m[2;37;0m[46;1m│[2;37;0m[46;1m0%[2;37;0m[46;1m      [2;37;0m[46;1m[2;37;0m[46;1m│[2;37;0m[46;1m外伤减伤[2;37;0m[46;1m[2;37;0m[46;1m[2;37;0m[46;1m│[2;37;0m[46;1m0[2;37;0m[46;1m       [2;37;0m[46;1m[2;37;0m[46;1m│[2;37;0m[46;1m技能防御[2;37;0m[46;1m[2;37;0m[46;1m[2;37;0m[46;1m│[2;37;0m[46;1m0级[2;37;0m[46;1m     [2;37;0m[46;1m[2;37;0m│[0;39;49m
2024-07-20 15:47:16 │[2;37;0m[46;1m要害抗性[2;37;0m[46;1m[2;37;0m[46;1m[2;37;0m[46;1m│[2;37;0m[46;1m0%[2;37;0m[46;1m      [2;37;0m[46;1m[2;37;0m[46;1m│[2;37;0m[46;1m毒伤抗性[2;37;0m[46;1m[2;37;0m[46;1m[2;37;0m[46;1m│[2;37;0m[46;1m0%[2;37;0m[46;1m      [2;37;0m[46;1m[2;37;0m[46;1m│[2;37;0m[46;1m致晕抗性[2;37;0m[46;1m[2;37;0m[46;1m[2;37;0m[46;1m│[2;37;0m[46;1m0级[2;37;0m[46;1m     [2;37;0m[46;1m[2;37;0m[46;1m│[2;37;0m[46;1m[2;37;0m[46;1m        [2;37;0m[46;1m[2;37;0m[46;1m│[2;37;0m[46;1m[2;37;0m[46;1m        [2;37;0m[46;1m[2;37;0m│[0;39;49m
2024-07-20 15:47:16 ├───其他属性[2;37;0m──┼────┼────┼────┼────┼────┼────┤[0;39;49m
2024-07-20 15:47:16 │[2;37;0m[44;1m臂力影响[2;37;0m[44;1m[2;37;0m[44;1m[2;37;0m[44;1m│[2;37;0m[44;1m20[2;37;0m[44;1m      [2;37;0m[44;1m[2;37;0m[44;1m│[2;37;0m[44;1m悟性影响[2;37;0m[44;1m[2;37;0m[44;1m[2;37;0m[44;1m│[2;37;0m[44;1m20[2;37;0m[44;1m      [2;37;0m[44;1m[2;37;0m[44;1m│[2;37;0m[44;1m根骨影响[2;37;0m[44;1m[2;37;0m[44;1m[2;37;0m[44;1m│[2;37;0m[44;1m20[2;37;0m[44;1m      [2;37;0m[44;1m[2;37;0m[44;1m│[2;37;0m[44;1m身法影响[2;37;0m[44;1m[2;37;0m[44;1m[2;37;0m[44;1m│[2;37;0m[44;1m20[2;37;0m[44;1m      [2;37;0m[44;1m[2;37;0m│[0;39;49m
2024-07-20 15:47:16 ├───技能加成[2;37;0m──┼────┼────┼────┼────┼────┼────┤[0;39;49m
2024-07-20 15:47:16 │[2;37;0m[43;1m[1;30m基本轻功[2;37;0m[43;1m[2;37;0m[43;1m[2;37;0m[43;1m│[2;37;0m[43;1m[1;30m+7级[2;37;0m[43;1m    [2;37;0m[43;1m[2;37;0m[43;1m│[2;37;0m[43;1m[1;30m[2;37;0m[43;1m        [2;37;0m[43;1m[2;37;0m[43;1m│[2;37;0m[43;1m[1;30m[2;37;0m[43;1m        [2;37;0m[43;1m[2;37;0m[43;1m│[2;37;0m[43;1m[1;30m[2;37;0m[43;1m        [2;37;0m[43;1m[2;37;0m[43;1m│[2;37;0m[43;1m[1;30m[2;37;0m[43;1m        [2;37;0m[43;1m[2;37;0m[43;1m│[2;37;0m[43;1m[1;30m[2;37;0m[43;1m        [2;37;0m[43;1m[2;37;0m[43;1m│[2;37;0m[43;1m[1;30m[2;37;0m[43;1m        [2;37;0m[43;1m[2;37;0m│[0;39;49m
2024-07-20 15:47:16 ├───恢复状态[2;37;0m──┼────┼────┼────┼────┼────┼────┤[0;39;49m
2024-07-20 15:47:16 │[2;37;0m[42;1m[1;31m气血[2;37;0m[42;1m[42;1m基础[2;37;0m[42;1m[2;37;0m[42;1m[2;37;0m[42;1m│[2;37;0m[42;1m100[2;37;0m[42;1m     [2;37;0m[42;1m[2;37;0m[42;1m│[2;37;0m[42;1m等级加成[2;37;0m[42;1m[2;37;0m[42;1m[2;37;0m[42;1m│[2;37;0m[42;1m0[2;37;0m[42;1m       [2;37;0m[42;1m[2;37;0m[42;1m│[2;37;0m[42;1m高等加成[2;37;0m[42;1m[2;37;0m[42;1m[2;37;0m[42;1m│[2;37;0m[42;1m0[2;37;0m[42;1m       [2;37;0m[42;1m[2;37;0m[42;1m│[2;37;0m[42;1m其他加成[2;37;0m[42;1m[2;37;0m[42;1m[2;37;0m[42;1m│[2;37;0m[42;1m0[2;37;0m[42;1m       [2;37;0m[42;1m[2;37;0m│[0;39;49m
2024-07-20 15:47:16 │[2;37;0m[42;1m[1;34m精神[2;37;0m[42;1m[42;1m基础[2;37;0m[42;1m[2;37;0m[42;1m[2;37;0m[42;1m│[2;37;0m[42;1m125[2;37;0m[42;1m     [2;37;0m[42;1m[2;37;0m[42;1m│[2;37;0m[42;1m等级加成[2;37;0m[42;1m[2;37;0m[42;1m[2;37;0m[42;1m│[2;37;0m[42;1m0[2;37;0m[42;1m       [2;37;0m[42;1m[2;37;0m[42;1m│[2;37;0m[42;1m高等加成[2;37;0m[42;1m[2;37;0m[42;1m[2;37;0m[42;1m│[2;37;0m[42;1m0[2;37;0m[42;1m       [2;37;0m[42;1m[2;37;0m[42;1m│[2;37;0m[42;1m其他加成[2;37;0m[42;1m[2;37;0m[42;1m[2;37;0m[42;1m│[2;37;0m[42;1m0[2;37;0m[42;1m       [2;37;0m[42;1m[2;37;0m│[0;39;49m
2024-07-20 15:47:16 │[2;37;0m[42;1m气血恢复[2;37;0m[42;1m[2;37;0m[42;1m[2;37;0m[42;1m│[2;37;0m[42;1m0.63[2;37;0m[42;1m    [2;37;0m[42;1m[2;37;0m[42;1m│[2;37;0m[42;1m气血治疗[2;37;0m[42;1m[2;37;0m[42;1m[2;37;0m[42;1m│[2;37;0m[42;1m0.11[2;37;0m[42;1m    [2;37;0m[42;1m[2;37;0m[42;1m│[2;37;0m[42;1m精神恢复[2;37;0m[42;1m[2;37;0m[42;1m[2;37;0m[42;1m│[2;37;0m[42;1m1.68[2;37;0m[42;1m    [2;37;0m[42;1m[2;37;0m[42;1m│[2;37;0m[42;1m精神治疗[2;37;0m[42;1m[2;37;0m[42;1m[2;37;0m[42;1m│[2;37;0m[42;1m0.11[2;37;0m[42;1m    [2;37;0m[42;1m[2;37;0m│[0;39;49m
2024-07-20 15:47:16 │[2;37;0m[42;1m内力恢复[2;37;0m[42;1m[2;37;0m[42;1m[2;37;0m[42;1m│[2;37;0m[42;1m0.00[2;37;0m[42;1m    [2;37;0m[42;1m[2;37;0m[42;1m│[2;37;0m[42;1m精力恢复[2;37;0m[42;1m[2;37;0m[42;1m[2;37;0m[42;1m│[2;37;0m[42;1m8.42[2;37;0m[42;1m    [2;37;0m[42;1m[2;37;0m[42;1m│[2;37;0m[42;1m内力精纯[2;37;0m[42;1m[2;37;0m[42;1m[2;37;0m[42;1m│[2;37;0m[42;1m0.00%[2;37;0m[42;1m   [2;37;0m[42;1m[2;37;0m[42;1m│[2;37;0m[42;1m加力减耗[2;37;0m[42;1m[2;37;0m[42;1m[2;37;0m[42;1m│[2;37;0m[42;1m0%[2;37;0m[42;1m      [2;37;0m[42;1m[2;37;0m│[0;39;49m
2024-07-20 15:47:16 ├───战斗信息[2;37;0m──┴────┴────┴────┴────┴────┴────┤[0;39;49m
2024-07-20 15:47:16 │[2;37;0m[41;1m你使用「基本拳脚」攻击对手：[1;36m武师[2;37;0m[41;1m(wu shi)，命中(42)，对方躲闪(94)，招架(121) ，[2;37;0m[41;1m[2;37;0m[41;1m[2;37;0m│[0;39;49m
2024-07-20 15:47:16 │[2;37;0m[41;1m[2;37;0m[41;1m最终命中概率8.00% 。[2;37;0m[41;1m                                                          [2;37;0m[41;1m[2;37;0m│[0;39;49m
2024-07-20 15:47:16 ├───健康状态[2;37;0m────────────────────────────────┤[0;39;49m
2024-07-20 15:47:16 │[2;37;0m[1;37m健康[2;37;0m[2;37;0m                                                                          [2;37;0m│[0;39;49m
2024-07-20 15:47:16 ├───奖励状态[2;37;0m──────┬──────┬──────┬──────┬────┤[0;39;49m
2024-07-20 15:47:16 │[2;37;0m幸运值[2;37;0m      [2;37;0m│[2;37;0m2[2;37;0m           [2;37;0m│[2;37;0m奖励系数[2;37;0m    [2;37;0m│[2;37;0m100%[2;37;0m[2;37;0m        [2;37;0m│[2;37;0m识图检查[2;37;0m    [2;37;0m│[2;37;0m[1;32m完整奖励[2;37;0m[2;37;0m[2;37;0m│[0;39;49m
2024-07-20 15:47:16 ╰──────┴──────┴──────┴──────┴──[1;36m北大侠客行[2;37;0m[2;37;0m────╯[0;39;49m
2024-07-20 15:47:16 > ([22;35;49mstatus_me[22;39;49m)([22;33;49mEMPTY[22;39;49m)[0;39;49m
2024-07-20 15:47:17 [0;39;49m
2024-07-20 15:47:17 [1;36m【闲聊】本心[2;37;0m[1;36m面露怯色，好像害怕什么。[2;37;0m[1;36m[2;37;0m (bit||fear)[0;39;49m
2024-07-20 15:47:18 [2;37;0m[0;39;49m
2024-07-20 15:47:19 [0;32;49mSEND: [4;32;49msc[0;39;49m
2024-07-20 15:47:19 [0;39;49m
2024-07-20 15:47:19 ╭───[42;1m[1;37m人物详情[2;37;0m────────────────────────┬───────╮[0;39;49m
2024-07-20 15:47:19 │[2;37;0m 普通百姓 李长函(Floatht)[2;37;0m                                     [2;37;0m│[2;37;0m [42m[30m    ▂▂    [2;37;0m[2;37;0m [2;37;0m│[0;39;49m
2024-07-20 15:47:19 │[2;37;0m 膂力：[  20]  悟性：[  20]  根骨：[  20]  身法：[  20][2;37;0m       [2;37;0m│[2;37;0m [42m[34m   [2;37;0m[43m[1;34m ⊙ ⊙[2;37;0m[42m   [2;37;0m[2;37;0m [2;37;0m│[0;39;49m
2024-07-20 15:47:19 │[2;37;0m 福缘：[  17]  容貌：[  20]  灵性：[[1;33m  30[2;37;0m]  胆识：[   ?][2;37;0m       [2;37;0m│[2;37;0m [42m[33m   [32m[43m▂[31m﹀[2;37;0m[32m[43m▂[2;37;0m[42m   [2;37;0m[2;37;0m[2;37;0m [2;37;0m│[0;39;49m
2024-07-20 15:47:19 │[2;37;0m[36m 距离上榜还需增加36405858点经验。[2;37;0m[2;37;0m                             [2;37;0m│[2;37;0m [42m     [42;1m[1;32m0[2;37;0m[42;1m/1    [2;37;0m [2;37;0m│[0;39;49m
2024-07-20 15:47:19 ├───────────────────┬───────────┴───────┤[0;39;49m
2024-07-20 15:47:19 │[2;37;0m[1;32m[4m个人信息[2;37;0m[2;37;0m                              [2;37;0m│[2;37;0m[1;36m[4m门派履历[2;37;0m[2;37;0m                              [2;37;0m│[0;39;49m
2024-07-20 15:47:19 │[2;37;0m[1;37m国籍：[2;37;0m无国籍      [1;37m户籍：[2;37;0m暂无        [2;37;0m  [2;37;0m│[2;37;0m[1;37m门派：[2;37;0m无门派[2;37;0m                          [2;37;0m│[0;39;49m
2024-07-20 15:47:19 │[2;37;0m[1;37m性别：[2;37;0m男性        [1;37m上线：[2;37;0m柳秀山庄未明谷[2;37;0m[2;37;0m│[2;37;0m[1;37m师承：[2;37;0m无[2;37;0m                              [2;37;0m│[0;39;49m
2024-07-20 15:47:19 │[2;37;0m[1;37m[4m年龄[2;37;0m：[2;37;0m十四岁      [1;37m姻缘：[2;37;0m未遇良人    [2;37;0m  [2;37;0m│[2;37;0m[1;37m门忠：[2;37;0m零[2;37;0m                              [2;37;0m│[0;39;49m
2024-07-20 15:47:19 │[2;37;0m[1;37m身高：[2;37;0m七尺七寸    [1;37m体重：[2;37;0m约一百四十五斤[2;37;0m[2;37;0m│[2;37;0m[1;37m出师：[2;37;0m无[2;37;0m                              [2;37;0m│[0;39;49m
2024-07-20 15:47:19 │[2;37;0m[1;37m生日：[2;37;0m甲辰年七月二十日巳时四刻[2;37;0m        [2;37;0m│[2;37;0m[1;37m叛师：[2;37;0m无[2;37;0m                              [2;37;0m│[0;39;49m
2024-07-20 15:47:19 ├────────────┬──────┴─────┬─────────────┤[0;39;49m
2024-07-20 15:47:19 │[2;37;0m[1;37m杀生：[2;37;0m0人[2;37;0m               [2;37;0m│[2;37;0m[1;37m职业：[2;37;0m[2;37;0m[2;37;0m                  [2;37;0m│[2;37;0m[1;37m[4m存款[2;37;0m[2;37;0m[1;37m：[2;37;0m[2;37;0m                    [2;37;0m│[0;39;49m
2024-07-20 15:47:19 │[2;37;0m[1;37m被杀：[2;37;0m0次[2;37;0m               [2;37;0m│[2;37;0m[1;37m道德：[2;37;0m0[2;37;0m                 [2;37;0m│[2;37;0m[1;37m门派例钱：[2;37;0m无[2;37;0m              [2;37;0m│[0;39;49m
2024-07-20 15:47:19 │[2;37;0m[1;37m[4m死亡[2;37;0m[2;37;0m[1;37m：[2;37;0m0次[2;37;0m               [2;37;0m│[2;37;0m[1;37m声望：[2;37;0m0[2;37;0m                 [2;37;0m│[2;37;0m[1;37m国家积分：[2;37;0m0[2;37;0m               [2;37;0m│[0;39;49m
2024-07-20 15:47:19 │[2;37;0m[1;37m杀气：[2;37;0m正常[2;37;0m              [2;37;0m│[2;37;0m[1;37m愿望：[2;37;0m0[2;37;0m                 [2;37;0m│[2;37;0m[1;37m活跃兑换：[2;37;0m1[2;37;0m               [2;37;0m│[0;39;49m
2024-07-20 15:47:19 ╰────────────┴────────────┴────[1;36m北大侠客行[2;37;0m[2;37;0m────╯[0;39;49m
2024-07-20 15:47:19 > ([22;35;49msc[22;39;49m)([22;33;49mEMPTY[22;39;49m)[0;39;49m
2024-07-20 15:47:20 [0;39;49m
2024-07-20 15:47:20 [1;36m【闲聊】🐉[1;33m本华[2;37;0m[2;37;0m[1;32m(Goldyear)[2;37;0m[1;36m: [1;32m增[1;36m加[1;31m长[31m沙[1;33m府[2;37;0m [0;39;49m
2024-07-20 15:47:21 [2;37;0m[0;39;49m
2024-07-20 15:47:27 GMCP.Status: {GMCP.Status {"qi":100,"food":120,"water":210,"jing":125}}[0;39;49m
2024-07-20 15:47:37 GMCP.Status: {GMCP.Status {"qi":100,"food":118,"water":209,"jing":125}}[0;39;49m
2024-07-20 15:47:47 [0;32;49mSEND: [4;32;49mlook[0;39;49m
2024-07-20 15:47:47 西厢房[2;37;0m - [[36m村镇[2;37;0m][0;39;49m
2024-07-20 15:47:47                             男浴室              [0;39;49m
2024-07-20 15:47:47                               ｜     [0;39;49m
2024-07-20 15:47:47                             [1;32m西厢房[2;37;0m----柳秀山庄正厅[0;39;49m
2024-07-20 15:47:47     这是柳秀山庄招待男客的厢房。房中有一张小床[33m(bed)[2;37;0m，锦被玉枕都是崭新的。床旁边是一红木的五[0;39;49m
2024-07-20 15:47:47 [2;37;0m斗橱，橱里放了一些生活用具。五斗橱旁是面铜镜，可以让你正衣冠。铜镜前方的方桌上有个翡翠的沉[0;39;49m
2024-07-20 15:47:47 [2;37;0m香炉，里面檀香冉冉，飘向窗外。窗台放了文竹的盆景。厢房的风格和别处一样，并不奢华，却处处透[0;39;49m
2024-07-20 15:47:47 [2;37;0m着风雅。[2;37;0m[0;39;49m
2024-07-20 15:47:47     你可以看看(look):bed。[0;39;49m
2024-07-20 15:47:47 [0;39;49m
2024-07-20 15:47:47     [2;37;0m这里明显的出口有 north 和 east。[2;37;0m[0;39;49m
2024-07-20 15:47:47 > ([22;35;49mlook[22;39;49m)([22;33;49mEMPTY[22;39;49m)[0;39;49m
2024-07-20 15:47:50 [0;32;49mSEND: [4;32;49mresponse R:sync-1721461670941088[0;39;49m
2024-07-20 15:47:50 [0;39;49m
2024-07-20 15:47:50 系统回馈：R:sync-1721461670941088[0;39;49m
2024-07-20 15:47:50 > ([22;35;49mresponse R:sync-1721461670941088[22;39;49m)([22;33;49mEMPTY[22;39;49m)[0;39;49m
2024-07-20 15:47:51 [0;32;49mSEND: [4;32;49me[0;39;49m
2024-07-20 15:47:51 GMCP.Move: {GMCP.Move [{"result":"true","dir":["north","south","east","west"],"short":"柳秀山庄正厅"}]}[0;39;49m
2024-07-20 15:47:51 柳秀山庄正厅[2;37;0m - [[36m村镇[2;37;0m] [[1;32m存盘点[2;37;0m] [1;33m☆[2;37;0m[0;39;49m
2024-07-20 15:47:51                             尚武堂              [0;39;49m
2024-07-20 15:47:51                               ｜     [0;39;49m
2024-07-20 15:47:51                   西厢房--[1;32m柳秀山庄正厅[2;37;0m--东厢房    [0;39;49m
2024-07-20 15:47:51                               ｜     [0;39;49m
2024-07-20 15:47:51                            [1;35m岩桂花园[2;37;0m             [0;39;49m
2024-07-20 15:47:51     你走进此屋，并没有被风雅绰约的大厅所吸引。而是被端坐在大厅正中央的那位英雄投去了敬佩的[0;39;49m
2024-07-20 15:47:51 目光。他没有锦衣玉袍，喝的茶也只是普通的碧螺春。样貌也不是鹤发童颜的世外高人模样。但他坐在[0;39;49m
2024-07-20 15:47:51 那里垂目朝你望来你就觉得这个人和这个山庄已经融为一体了，他有它的故事，它有他的心事，能坐拥[0;39;49m
2024-07-20 15:47:51 如此山庄的人，必然是胸怀抱负的英雄。曾经叱咤江湖的辉煌不用多说，就在他的眼里，也在山庄里。[0;39;49m
2024-07-20 15:47:51 [2;37;0m[0;39;49m
2024-07-20 15:47:51     「初冬」: [36m天渐渐亮了，天上没有晨星[2;37;0m。[0;39;49m
2024-07-20 15:47:51 [0;39;49m
2024-07-20 15:47:51     [2;37;0m这里明显的出口有 east、north、west 和 south。[2;37;0m[0;39;49m
2024-07-20 15:47:51 [0;39;49m
2024-07-20 15:47:51     柳秀山庄丫鬟 阿姝(A shu[2;37;0m)[2;37;0m[0;39;49m
2024-07-20 15:47:51     柳秀山庄庄主「英雄迟暮」[31m游鲲翼[2;37;0m(You kunyi[2;37;0m)[2;37;0m[0;39;49m
2024-07-20 15:47:51 > ([22;35;49me[22;39;49m)([22;33;49mEMPTY[22;39;49m)[0;39;49m
2024-07-20 15:47:52 GMCP.Status: {GMCP.Status {"qi":100,"food":116,"water":208,"jing":125}}[0;39;49m
2024-07-20 15:47:53 [0;32;49mSEND: [4;32;49mn[0;39;49m
2024-07-20 15:47:53 GMCP.Move: {GMCP.Move [{"result":"true","dir":["south","north"],"short":"尚武堂"}]}[0;39;49m
2024-07-20 15:47:53 尚武堂[2;37;0m - [[36m村镇[2;37;0m][0;39;49m
2024-07-20 15:47:53                             藏书阁              [0;39;49m
2024-07-20 15:47:53                               ｜     [0;39;49m
2024-07-20 15:47:53                             [1;32m尚武堂[2;37;0m              [0;39;49m
2024-07-20 15:47:53                               ｜     [0;39;49m
2024-07-20 15:47:53                           柳秀山庄正厅            [0;39;49m
2024-07-20 15:47:53     你走进了一间开阔的武堂。纵横开阔几十丈，仿佛进入了一个开阔的广场。武馆内的兵器架[33m(shelf)[0;39;49m
2024-07-20 15:47:53 [33m[2;37;0m上的武器应有尽有，木人几十具成矩形排开，梅花桩、八卦阵也有数处。兵器架旁的八仙桌上摆着一盘[0;39;49m
2024-07-20 15:47:53 [2;37;0m野果，一壶茶水，练武渴了可以直接饮用(drink)。几名劲装的武师在里面或练习、或印证功夫，呵呵有[0;39;49m
2024-07-20 15:47:53 [2;37;0m声。“尚武堂”三个遒劲的大字悬于高梁。这里明显比一般的武馆都要宏大，更有气势。[2;37;0m[0;39;49m
2024-07-20 15:47:53 [0;39;49m
2024-07-20 15:47:53     [2;37;0m这里明显的出口有 south 和 north。[2;37;0m[0;39;49m
2024-07-20 15:47:53 [0;39;49m
2024-07-20 15:47:53     柳秀山庄「太乙教头」[1;36m武师[2;37;0m(Wu shi[2;37;0m)[2;37;0m[0;39;49m
2024-07-20 15:47:53     普通百姓 飞天大侠(Feitiandaxia[2;37;0m)[2;37;0m[0;39;49m
2024-07-20 15:47:53 > ([22;35;49mn[22;39;49m)([22;33;49mEMPTY[22;39;49m)[0;39;49m
2024-07-20 15:47:56 [0;32;49mSEND: [4;32;49mid here[0;39;49m
2024-07-20 15:47:56 在这个房间中, 生物及物品的(英文)名称如下 :[0;39;49m
2024-07-20 15:47:56 [0;39;49m
2024-07-20 15:47:56 李长函                         = floatht[0;39;49m
2024-07-20 15:47:56 [1;36m武师[2;37;0m                           = wu shi, wushi[0;39;49m
2024-07-20 15:47:56 飞天大侠                       = feitiandaxia[0;39;49m
2024-07-20 15:47:56 > ([22;35;49mid here[22;39;49m)([22;33;49mEMPTY[22;39;49m)[0;39;49m
2024-07-20 15:48:02 [0;32;49mSEND: [4;32;49mskills feitiandaxia[0;39;49m
2024-07-20 15:48:02 周围有这个人吗？只有巫师，夫妻，或有师徒关系的人能察看他人的技能。[0;39;49m
2024-07-20 15:48:02 > ([22;35;49mskills feitiandaxia[22;39;49m)([22;33;49mEMPTY[22;39;49m)[0;39;49m
2024-07-20 15:48:03 GMCP.Status: {GMCP.Status {"qi":100,"food":114,"water":207,"jing":125}}[0;39;49m
2024-07-20 15:48:10 [0;32;49mSEND: [4;32;49mlook feitiandaxia[0;39;49m
2024-07-20 15:48:11 GMCP.Status: {GMCP.Status {"qi":100,"food":112,"water":206,"jing":125}}[0;39;49m
2024-07-20 15:48:11 [0;39;49m
2024-07-20 15:48:11 [42m[30m   ▄▄▄   [2;37;0m[2;37;0m普通百姓 飞天大侠(Feitiandaxia)[0;39;49m
2024-07-20 15:48:11 [42m[34m   [2;37;0m[43m[1;34m ⊙ ⊙[2;37;0m[42m   [2;37;0m[2;37;0m他看起来约十多岁，身长约七尺有余，体型肥胖。[0;39;49m
2024-07-20 15:48:11 [42m[33m   [32m[43m▂[31m〇[2;37;0m[32m[43m▂[2;37;0m[42m[33m ▌[2;37;0m[2;37;0m他太小了，还看不出将来会长成什么样子。[0;39;49m
2024-07-20 15:48:11 [42m[2;37;0m[42m[36m ▅[46m  [2;37;0m[46m  [2;37;0m[46m  [2;37;0m[42m[36m█[2;37;0m[42m [2;37;0m[2;37;0m他黑色的头发没有被扎起，配上一双大眼睛，显得一副无精打采的样子。[0;39;49m
2024-07-20 15:48:11 [42m[36m █[42m [46m    [2;37;0m[42m [2;37;0m[32m[46m▄[2;37;0m[42m [2;37;0m[2;37;0m他并不是江湖中人。[0;39;49m
2024-07-20 15:48:11 [42m[33m ▌ [46m    [2;37;0m[42m    [2;37;0m[2;37;0m他的武功看上去[34m不堪一击[2;37;0m，出手似乎[35m极轻[2;37;0m。[0;39;49m
2024-07-20 15:48:11 [42m [33m  [2;37;0m[42m[46m  [46m[1;37m  [2;37;0m[42m[46m  [42m   [2;37;0m[2;37;0m他和你此前并未交手过。[0;39;49m
2024-07-20 15:48:11 [42m [37m▄[2;37;0m[46m[37m▄[42m  [46m[37m▄[2;37;0m[42m[37m▄ [2;37;0m[2;37;0m他[1;32m看起来气血充盈，并没有受伤。[2;37;0m[0;39;49m
2024-07-20 15:48:11 他身上带著：[0;39;49m
2024-07-20 15:48:11 [36m  □[2;37;0m身穿一件[1;36m短打劲装[2;37;0m(Cloth[2;37;0m)[0;39;49m
2024-07-20 15:48:11 [36m  □[2;37;0m腰挂一个[1;32m锦囊[2;37;0m(Jin nang[2;37;0m)[0;39;49m
2024-07-20 15:48:11 [36m  □[2;37;0m脚蹬一双皮靴(Pi xue[2;37;0m)[0;39;49m
2024-07-20 15:48:11 > ([22;35;49mlook feitiandaxia[22;39;49m)([22;33;49mEMPTY[22;39;49m)[0;39;49m
2024-07-20 15:48:19 [0;32;49mSEND: [4;32;49mlook[0;39;49m
2024-07-20 15:48:19 尚武堂[2;37;0m - [[36m村镇[2;37;0m][0;39;49m
2024-07-20 15:48:19                             藏书阁              [0;39;49m
2024-07-20 15:48:19                               ｜     [0;39;49m
2024-07-20 15:48:19                             [1;32m尚武堂[2;37;0m              [0;39;49m
2024-07-20 15:48:19                               ｜     [0;39;49m
2024-07-20 15:48:19                           柳秀山庄正厅            [0;39;49m
2024-07-20 15:48:19     你走进了一间开阔的武堂。纵横开阔几十丈，仿佛进入了一个开阔的广场。武馆内的兵器架[33m(shelf)[0;39;49m
2024-07-20 15:48:19 [33m[2;37;0m上的武器应有尽有，木人几十具成矩形排开，梅花桩、八卦阵也有数处。兵器架旁的八仙桌上摆着一盘[0;39;49m
2024-07-20 15:48:19 [2;37;0m野果，一壶茶水，练武渴了可以直接饮用(drink)。几名劲装的武师在里面或练习、或印证功夫，呵呵有[0;39;49m
2024-07-20 15:48:19 [2;37;0m声。“尚武堂”三个遒劲的大字悬于高梁。这里明显比一般的武馆都要宏大，更有气势。[2;37;0m[0;39;49m
2024-07-20 15:48:19     [2;37;0m[1;34m                            ※==※==※==※==※[0;39;49m
2024-07-20 15:48:19     [2;37;0m[1;34m                            ※  尚  武  堂  ※[0;39;49m
2024-07-20 15:48:19     [2;37;0m[1;34m                            ※==※==※==※==※[0;39;49m
2024-07-20 15:48:19     [2;37;0m[1;34m[2;37;0m[0;39;49m
2024-07-20 15:48:19     [2;37;0m[0;39;49m
2024-07-20 15:48:19     你可以看看(look):shelf。[0;39;49m
2024-07-20 15:48:19 [0;39;49m
2024-07-20 15:48:19     [2;37;0m这里明显的出口有 south 和 north。[2;37;0m[0;39;49m
2024-07-20 15:48:19 [0;39;49m
2024-07-20 15:48:19     柳秀山庄「太乙教头」[1;36m武师[2;37;0m(Wu shi[2;37;0m)[2;37;0m[0;39;49m
2024-07-20 15:48:19     普通百姓 飞天大侠(Feitiandaxia[2;37;0m)[2;37;0m[0;39;49m
2024-07-20 15:48:19 > ([22;35;49mlook[22;39;49m)([22;33;49mEMPTY[22;39;49m)[0;39;49m
2024-07-20 15:48:22 GMCP.Status: {GMCP.Status {"qi":100,"food":110,"water":205,"jing":125}}[0;39;49m
2024-07-20 15:48:31 GMCP.Status: {GMCP.Status {"qi":100,"food":108,"water":204,"jing":125}}[0;39;49m
2024-07-20 15:48:43 [0;39;49m
2024-07-20 15:48:43 [1;35m【谣言】某人[1;35m: 一寸灰被朱中凝杀死了。 [0;39;49m
2024-07-20 15:48:44 [2;37;0m[0;39;49m
2024-07-20 15:48:44 GMCP.Status: {GMCP.Status {"qi":100,"food":106,"water":203,"jing":125}}[0;39;49m
2024-07-20 15:48:50 [0;32;49mSEND: [4;32;49mresponse R:sync-1721461730858926[0;39;49m
2024-07-20 15:48:50 系统回馈：R:sync-1721461730858926[0;39;49m
2024-07-20 15:48:50 > ([22;35;49mresponse R:sync-1721461730858926[22;39;49m)([22;33;49mEMPTY[22;39;49m)[0;39;49m
2024-07-20 15:48:52 [0;32;49mSEND: [4;32;49mlook feitiandaxia[0;39;49m
2024-07-20 15:48:52 [0;39;49m
2024-07-20 15:48:52 [42m[30m   ▄▄▄   [2;37;0m[2;37;0m普通百姓 飞天大侠(Feitiandaxia)[0;39;49m
2024-07-20 15:48:52 [42m[34m   [2;37;0m[43m[1;34m ⊙ ⊙[2;37;0m[42m   [2;37;0m[2;37;0m他看起来约十多岁，身长约七尺有余，体型肥胖。[0;39;49m
2024-07-20 15:48:52 [42m[33m   [32m[43m▂[31m〇[2;37;0m[32m[43m▂[2;37;0m[42m[33m ▌[2;37;0m[2;37;0m他太小了，还看不出将来会长成什么样子。[0;39;49m
2024-07-20 15:48:52 [42m[2;37;0m[42m[36m ▅[46m  [2;37;0m[46m  [2;37;0m[46m  [2;37;0m[42m[36m█[2;37;0m[42m [2;37;0m[2;37;0m他黑色的头发没有被扎起，配上一双大眼睛，显得一副无精打采的样子。[0;39;49m
2024-07-20 15:48:52 [42m[36m █[42m [46m    [2;37;0m[42m [2;37;0m[32m[46m▄[2;37;0m[42m [2;37;0m[2;37;0m他并不是江湖中人。[0;39;49m
2024-07-20 15:48:52 [42m[33m ▌ [46m    [2;37;0m[42m    [2;37;0m[2;37;0m他的武功看上去[34m不堪一击[2;37;0m，出手似乎[35m极轻[2;37;0m。[0;39;49m
2024-07-20 15:48:52 [42m [33m  [2;37;0m[42m[46m  [46m[1;37m  [2;37;0m[42m[46m  [42m   [2;37;0m[2;37;0m他和你此前并未交手过。[0;39;49m
2024-07-20 15:48:52 [42m [37m▄[2;37;0m[46m[37m▄[42m  [46m[37m▄[2;37;0m[42m[37m▄ [2;37;0m[2;37;0m他[1;32m看起来气血充盈，并没有受伤。[2;37;0m[0;39;49m
2024-07-20 15:48:52 他身上带著：[0;39;49m
2024-07-20 15:48:52 [36m  □[2;37;0m身穿一件[1;36m短打劲装[2;37;0m(Cloth[2;37;0m)[0;39;49m
2024-07-20 15:48:52 [36m  □[2;37;0m腰挂一个[1;32m锦囊[2;37;0m(Jin nang[2;37;0m)[0;39;49m
2024-07-20 15:48:52 [36m  □[2;37;0m脚蹬一双皮靴(Pi xue[2;37;0m)[0;39;49m
2024-07-20 15:48:52 > ([22;35;49mlook feitiandaxia[22;39;49m)([22;33;49mEMPTY[22;39;49m)[0;39;49m
2024-07-20 15:48:57 GMCP.Status: {GMCP.Status {"qi":100,"food":104,"water":202,"jing":125}}[0;39;49m
2024-07-20 15:49:09 [0;32;49mSEND: [4;32;49mlook[0;39;49m
2024-07-20 15:49:09 尚武堂[2;37;0m - [[36m村镇[2;37;0m][0;39;49m
2024-07-20 15:49:09                             藏书阁              [0;39;49m
2024-07-20 15:49:09                               ｜     [0;39;49m
2024-07-20 15:49:09                             [1;32m尚武堂[2;37;0m              [0;39;49m
2024-07-20 15:49:09                               ｜     [0;39;49m
2024-07-20 15:49:09                           柳秀山庄正厅            [0;39;49m
2024-07-20 15:49:09     你走进了一间开阔的武堂。纵横开阔几十丈，仿佛进入了一个开阔的广场。武馆内的兵器架[33m(shelf)[0;39;49m
2024-07-20 15:49:09 [33m[2;37;0m上的武器应有尽有，木人几十具成矩形排开，梅花桩、八卦阵也有数处。兵器架旁的八仙桌上摆着一盘[0;39;49m
2024-07-20 15:49:09 [2;37;0m野果，一壶茶水，练武渴了可以直接饮用(drink)。几名劲装的武师在里面或练习、或印证功夫，呵呵有[0;39;49m
2024-07-20 15:49:09 [2;37;0m声。“尚武堂”三个遒劲的大字悬于高梁。这里明显比一般的武馆都要宏大，更有气势。[2;37;0m[0;39;49m
2024-07-20 15:49:09     [2;37;0m[1;34m                            ※==※==※==※==※[0;39;49m
2024-07-20 15:49:09     [2;37;0m[1;34m                            ※  尚  武  堂  ※[0;39;49m
2024-07-20 15:49:09     [2;37;0m[1;34m                            ※==※==※==※==※[0;39;49m
2024-07-20 15:49:09     [2;37;0m[1;34m[2;37;0m[0;39;49m
2024-07-20 15:49:09     [2;37;0m[0;39;49m
2024-07-20 15:49:09     你可以看看(look):shelf。[0;39;49m
2024-07-20 15:49:09 [0;39;49m
2024-07-20 15:49:09     [2;37;0m这里明显的出口有 south 和 north。[2;37;0m[0;39;49m
2024-07-20 15:49:09 [0;39;49m
2024-07-20 15:49:09     柳秀山庄「太乙教头」[1;36m武师[2;37;0m(Wu shi[2;37;0m)[2;37;0m[0;39;49m
2024-07-20 15:49:09     普通百姓 飞天大侠(Feitiandaxia[2;37;0m)[2;37;0m[0;39;49m
2024-07-20 15:49:09 > ([22;35;49mlook[22;39;49m)([22;33;49mEMPTY[22;39;49m)[0;39;49m
2024-07-20 15:49:10 GMCP.Status: {GMCP.Status {"qi":100,"food":102,"water":201,"jing":125}}[0;39;49m
2024-07-20 15:49:24 GMCP.Status: {GMCP.Status {"qi":100,"food":100,"water":200,"jing":125}}[0;39;49m
2024-07-20 15:49:35 GMCP.Status: {GMCP.Status {"qi":100,"food":98,"water":199,"jing":125}}[0;39;49m
2024-07-20 15:49:44 [0;39;49m
2024-07-20 15:49:44 [1;36m【闲聊】[1;37m黑匣子[2;37;0m[1;36m色迷迷地盯着大欢喜菩萨[2;37;0m[1;36m，陶醉地低声唱道，「一呀摸，摸到大欢喜菩萨[2;37;0m[1;36m姐姐的头发边……」。[2;37;0m[1;36m[2;37;0m (kidxxb||18mo yaot)[0;39;49m
2024-07-20 15:49:45 [2;37;0m[0;39;49m
2024-07-20 15:49:49 GMCP.Status: {GMCP.Status {"qi":100,"food":96,"water":198,"jing":125}}[0;39;49m
2024-07-20 15:49:50 [0;32;49mSEND: [4;32;49meat gan liang[0;39;49m
2024-07-20 15:49:51 你身上没有gan liang这种食物。[0;39;49m
2024-07-20 15:49:51 > ([22;35;49meat gan liang[22;39;49m)([22;33;49mEMPTY[22;39;49m)[0;39;49m
2024-07-20 15:50:04 GMCP.Status: {GMCP.Status {"qi":100,"food":94,"water":197,"jing":125}}[0;39;49m
2024-07-20 15:50:16 [0;39;49m
2024-07-20 15:50:16 [1;36m【闲聊】[1;37m黑匣子[2;37;0m[2;37;0m[1;32m(Kidxxb)[2;37;0m[1;36m: zeze，老妖不负众望的欢喜了[2;37;0m [0;39;49m
2024-07-20 15:50:17 [2;37;0m[0;39;49m
2024-07-20 15:50:18 GMCP.Status: {GMCP.Status {"qi":100,"food":92,"water":196,"jing":125}}[0;39;49m
2024-07-20 15:50:33 GMCP.Status: {GMCP.Status {"qi":100,"food":90,"water":195,"jing":125}}[0;39;49m
2024-07-20 15:50:40 GMCP.Status: {GMCP.Status {"qi":100,"food":88,"water":194,"jing":125}}[0;39;49m
2024-07-20 15:50:48 GMCP.Status: {GMCP.Status {"qi":100,"food":86,"water":193,"jing":125}}[0;39;49m
2024-07-20 15:50:50 [0;32;49mSEND: [4;32;49meat gan liang[0;39;49m
2024-07-20 15:50:51 你身上没有gan liang这种食物。[0;39;49m
2024-07-20 15:50:51 > ([22;35;49meat gan liang[22;39;49m)([22;33;49mEMPTY[22;39;49m)[0;39;49m
2024-07-20 15:50:54 GMCP.Status: {GMCP.Status {"qi":100,"food":84,"water":192,"jing":125}}[0;39;49m
2024-07-20 15:51:09 GMCP.Status: {GMCP.Status {"qi":100,"food":82,"water":191,"jing":125}}[0;39;49m
2024-07-20 15:51:16 GMCP.Status: {GMCP.Status {"qi":100,"food":80,"water":190,"jing":125}}[0;39;49m
