2024-07-22 15:17:10 [0;32;49mSEND: [4;32;49mchat* back[0;39;49m
2024-07-22 15:17:10 [1;33m流水手捻口诀，念动真言，摇身一变，变得和水老鼠一模一样！[0;39;49m
2024-07-22 15:17:11 [2;37;0m[1;36m【闲聊】沉梦听雨看起来一脸痴呆的样子。[2;37;0m[30m .[2;37;0m[0;39;49m
2024-07-22 15:17:11 [2;37;0m[1;36m【闲聊】云行摆了个不丁不卯步，运足了气一声断喝：你家小爷我又回来了！[2;37;0m[30m .[2;37;0m[0;39;49m
2024-07-22 15:17:11 [2;37;0m> ([22;35;49mchat* back[22;39;49m)([22;33;49mEMPTY[22;39;49m)[0;39;49m
2024-07-22 15:17:11 [0;39;49m
2024-07-22 15:17:11 [1;36m【闲聊】沉梦听雨(Cmty)：悟性不够40，暂不学习[0;39;49m
2024-07-22 15:17:11 [2;37;0m[36m农民工轻轻地拍拍千里眼的头。[0;39;49m
2024-07-22 15:17:11 [2;37;0m[1;33m布雷布手捻口诀，念动真言，摇身一变，变得和古怪刁钻一模一样！[0;39;49m
2024-07-22 15:17:11 [2;37;0m[0;39;49m
2024-07-22 15:17:11 刁钻古怪看了古怪刁钻一眼。[0;39;49m
2024-07-22 15:17:11 刁钻古怪说：古怪刁钻今天糊涂了也，兄弟我一脚就把你踢进洞里。[0;39;49m
2024-07-22 15:17:11 说着刁钻古怪飞起一脚，古怪刁钻顺势往上一跃。[0;39;49m
2024-07-22 15:17:12 [1;33m雨天手捻口诀，念动真言，摇身一变，变得和水老鼠一模一样！[0;39;49m
2024-07-22 15:17:12 [2;37;0m[1;33m飞天手捻口诀，念动真言，摇身一变，变得和水老鼠一模一样！[0;39;49m
2024-07-22 15:17:13 [2;37;0m几个金刚把缺峰灰兔押了下去。[0;39;49m
2024-07-22 15:17:13 [0;39;49m
2024-07-22 15:17:13 [1;33m陆逊手捻口诀，念动真言，摇身一变，变得和古怪刁钻一模一样！[0;39;49m
2024-07-22 15:17:13 [2;37;0m刁钻古怪看了古怪刁钻一眼。[0;39;49m
2024-07-22 15:17:13 刁钻古怪说：古怪刁钻今天糊涂了也，兄弟我一脚就把你踢进洞里。[0;39;49m
2024-07-22 15:17:13 说着刁钻古怪飞起一脚，古怪刁钻顺势往上一跃。[0;39;49m
2024-07-22 15:17:14 [1;33m非天手捻口诀，念动真言，摇身一变，变得和水老鼠一模一样！[0;39;49m
2024-07-22 15:17:14 [2;37;0m大威天龙将橙毛魔龟扶了起来背在背上。[0;39;49m
2024-07-22 15:17:14 几个金刚把橙毛魔龟押了下去。[0;39;49m
2024-07-22 15:17:14 [0;39;49m
2024-07-22 15:17:15 [36m冯宝宝惊奇的哇了一声！[0;39;49m
2024-07-22 15:17:15 [2;37;0m[1;33m芬达手捻口诀，念动真言，摇身一变，变得和水老鼠一模一样！[0;39;49m
2024-07-22 15:17:15 [2;37;0m[1;33m慧青手捻口诀，念动真言，摇身一变，变得和古怪刁钻一模一样！[0;39;49m
2024-07-22 15:17:15 [2;37;0m刁钻古怪看了古怪刁钻一眼。[0;39;49m
2024-07-22 15:17:15 刁钻古怪说：古怪刁钻今天糊涂了也，兄弟我一脚就把你踢进洞里。[0;39;49m
2024-07-22 15:17:15 说着刁钻古怪飞起一脚，古怪刁钻顺势往上一跃。[0;39;49m
2024-07-22 15:17:16 [1;33m推图王手捻口诀，念动真言，摇身一变，变得和鹿怪一模一样！[0;39;49m
2024-07-22 15:17:16 [2;37;0m[1;33m毒眼手捻口诀，念动真言，摇身一变，变得和水老鼠一模一样！[0;39;49m
2024-07-22 15:17:16 [2;37;0m八臂哪吒向店小二买下一只黄粱枕。[0;39;49m
2024-07-22 15:17:18 [1;33m布雷龙手捻口诀，念动真言，摇身一变，变得和鹿怪一模一样！[0;39;49m
2024-07-22 15:17:19 [2;37;0m[1;33m虚真手捻口诀，念动真言，摇身一变，变得和水老鼠一模一样！[0;39;49m
2024-07-22 15:17:19 [2;37;0m[36m小妹儿轻轻地拍拍千里眼的头。[0;39;49m
2024-07-22 15:17:19 [2;37;0m[36m至尊宝轻轻地拍拍千里眼的头。[0;39;49m
2024-07-22 15:17:20 [2;37;0m逍遥大仙将雷云鹰扶了起来背在背上。[0;39;49m
2024-07-22 15:17:20 几个金刚把雷云鹰押了下去。[0;39;49m
2024-07-22 15:17:20 [0;39;49m
2024-07-22 15:17:20 [36m雄霸轻轻地拍拍千里眼的头。[0;39;49m
2024-07-22 15:17:20 [2;37;0m几个金刚把大耳黄鳄押了下去。[0;39;49m
2024-07-22 15:17:20 [0;39;49m
2024-07-22 15:17:21 [1;33m泡泡龙手捻口诀，念动真言，摇身一变，变得和古怪刁钻一模一样！[0;39;49m
2024-07-22 15:17:21 [2;37;0m刁钻古怪看了古怪刁钻一眼。[0;39;49m
2024-07-22 15:17:21 刁钻古怪说：古怪刁钻今天糊涂了也，兄弟我一脚就把你踢进洞里。[0;39;49m
2024-07-22 15:17:21 说着刁钻古怪飞起一脚，古怪刁钻顺势往上一跃。[0;39;49m
2024-07-22 15:17:23 [1;33m红孩儿手捻口诀，念动真言，摇身一变，变得和水老鼠一模一样！[0;39;49m
2024-07-22 15:17:24 [2;37;0m[0;39;49m
2024-07-22 15:17:25 [36m坏男人轻轻地拍拍千里眼的头。[0;39;49m
2024-07-22 15:17:25 [2;37;0m[36m冰雪美人轻轻地拍拍千里眼的头。[0;39;49m
2024-07-22 15:17:25 [2;37;0m[1;33m黄药师手捻口诀，念动真言，摇身一变，变得和古怪刁钻一模一样！[0;39;49m
2024-07-22 15:17:25 [2;37;0m刁钻古怪看了古怪刁钻一眼。[0;39;49m
2024-07-22 15:17:25 刁钻古怪说：古怪刁钻今天糊涂了也，兄弟我一脚就把你踢进洞里。[0;39;49m
2024-07-22 15:17:25 说着刁钻古怪飞起一脚，古怪刁钻顺势往上一跃。[0;39;49m
2024-07-22 15:17:27 [1;33m黄泉手捻口诀，念动真言，摇身一变，变得和水老鼠一模一样！[0;39;49m
2024-07-22 15:17:28 [2;37;0m[0;39;49m
2024-07-22 15:17:28 [1;36m【闲聊】沉梦听雨看起来一脸痴呆的样子。[2;37;0m[30m .[2;37;0m[0;39;49m
2024-07-22 15:17:28 [2;37;0m[1;36m【闲聊】沉梦听雨(Cmty)：悟性不够40，暂不学习[0;39;49m
2024-07-22 15:17:29 [2;37;0m[1;33m白丁手捻口诀，念动真言，摇身一变，变得和水老鼠一模一样！[0;39;49m
2024-07-22 15:17:29 [2;37;0m[0;39;49m
2024-07-22 15:17:29 [0;32;49mSEND: [4;32;49ml[0;39;49m
2024-07-22 15:17:29 李修缘向店小二买下一只黄粱枕。[0;39;49m
2024-07-22 15:17:29 李修缘向店小二买下一只黄粱枕。[0;39;49m
2024-07-22 15:17:29 李修缘向店小二买下一只黄粱枕。[0;39;49m
2024-07-22 15:17:29 南城客栈 - [0;39;49m
2024-07-22 15:17:29      [0;39;49m
2024-07-22 15:17:29 这家客栈紧靠长安城中心，所以生意非常兴隆。兼之价钱低廉，更是[0;39;49m
2024-07-22 15:17:29 成了外地游客落脚的首选。露天摆了七八张桌子，三教九流人等在此[0;39;49m
2024-07-22 15:17:29 进进出出，络绎不绝，几个跑堂的小二来来回回招待着四方来客。二[0;39;49m
2024-07-22 15:17:29 楼上是雅厅，后面是客房。[0;39;49m
2024-07-22 15:17:29     这里明显的出口是 [1meast、west[2;37;0m 和 [1mup[2;37;0m。[0;39;49m
2024-07-22 15:17:29   北冥妖府第二代弟子 星辰(Xxloo)[0;39;49m
2024-07-22 15:17:29   [35m北京站帮 帮众[2;37;0m 古二一(Ggu)[0;39;49m
2024-07-22 15:17:29   [35m北京站帮 帮众[2;37;0m 李修缘(Lxyz)[0;39;49m
2024-07-22 15:17:29   小猴(Whiteice's hou)[0;39;49m
2024-07-22 15:17:29   小雉(Nayoo's zhi)[0;39;49m
2024-07-22 15:17:29   普通百姓 冰雪美人(Whiteice)[0;39;49m
2024-07-22 15:17:29   普通百姓 坏男人(Nayoo)[0;39;49m
2024-07-22 15:17:29   小龙(Meimei's long)[0;39;49m
2024-07-22 15:17:29   将军府第二代弟子 小妹儿(Meimei)[0;39;49m
2024-07-22 15:17:29   陷空山无底洞第二代弟子 铁扇公主(Tie)[0;39;49m
2024-07-22 15:17:29   小狗(Babybei's gou)[0;39;49m
2024-07-22 15:17:29   [1;34m没没落龙族 帮众[2;37;0m 蓓儿(Babybei)[0;39;49m
2024-07-22 15:17:29   方寸山三星洞第四代弟子 北京(Beijing)[0;39;49m
2024-07-22 15:17:29   小狐(Wofa's hu)[0;39;49m
2024-07-22 15:17:29   东海龙宫第二代弟子 明白(Wofa)[0;39;49m
2024-07-22 15:17:29   普通百姓 小河(Xiaob)[0;39;49m
2024-07-22 15:17:29   小龙(Xkgwdd's long)[0;39;49m
2024-07-22 15:17:29   陷空山无底洞第二代弟子「[1;37m无底洞背人大米[2;37;0m」小枯骨(Xkgwdd)[0;39;49m
2024-07-22 15:17:29   小獐(Violet's zhang)[0;39;49m
2024-07-22 15:17:29   普通百姓 紫罗兰(Violet)[0;39;49m
2024-07-22 15:17:29   北冥妖府第四代弟子 宋琴如(Qinru)[0;39;49m
2024-07-22 15:17:29   [31m熔火之心 帮众[2;37;0m「3343yao 3297gao[2;37;0m」青霞(Qingx)[1;35m <发呆中>[2;37;0m[0;39;49m
2024-07-22 15:17:29   [35m北京站帮 帮众[2;37;0m 剑一(Xkxgyx)[0;39;49m
2024-07-22 15:17:29   将军府第四代弟子 大笨木瓜(Jiaming)[0;39;49m
2024-07-22 15:17:29   普通百姓 贾依依(Jiayiyi)[0;39;49m
2024-07-22 15:17:29   普通百姓 孙悟饭(Swf)[0;39;49m
2024-07-22 15:17:29   [1;36m妙不可言 帮众[2;37;0m「[1;33m盗梦空间[2;37;0m」梦中人(Mzr)[0;39;49m
2024-07-22 15:17:29   普通百姓 冯宝宝(Viva)[0;39;49m
2024-07-22 15:17:29   北冥妖府第二代弟子 大管家(Jjfviva)[0;39;49m
2024-07-22 15:17:29   白髯土地(Tu di)[0;39;49m
2024-07-22 15:17:29   小伴娘 花钿(Ban niang)[0;39;49m
2024-07-22 15:17:29   小伴娘 香玉(Ban niang)[0;39;49m
2024-07-22 15:17:29   小伴娘 小真(Ban niang)[0;39;49m
2024-07-22 15:17:29   佛祖多陀阿伽陀 如来佛(Rulai fo)[0;39;49m
2024-07-22 15:17:29   小伴娘 珠怜(Ban niang)[0;39;49m
2024-07-22 15:17:29   [1;33m隐雾山特使[2;37;0m 水老鼠(Shui laoshu)[0;39;49m
2024-07-22 15:17:29   [1;31m新手秘籍[2;37;0m(Newbie book)[0;39;49m
2024-07-22 15:17:29   鹿怪(Yao guai)[0;39;49m
2024-07-22 15:17:29   刁钻古怪(Diaozuan guguai)[0;39;49m
2024-07-22 15:17:29   古怪刁钻(Guguai diaozuan)[0;39;49m
2024-07-22 15:17:29   邮差 千里眼(Qianli yan)[0;39;49m
2024-07-22 15:17:29   店小二(Xiao er)[0;39;49m
2024-07-22 15:17:29 > ([22;35;49ml[22;39;49m)([22;33;49mEMPTY[22;39;49m)[0;39;49m
2024-07-22 15:17:29 [0;39;49m
2024-07-22 15:17:29 [36m星辰轻轻地拍拍千里眼的头。[0;39;49m
2024-07-22 15:17:30 [2;37;0m[0;39;49m
2024-07-22 15:17:30 [1;33m法神手捻口诀，念动真言，摇身一变，变得和水老鼠一模一样！[0;39;49m
2024-07-22 15:17:30 [2;37;0m[1;33m吕布手捻口诀，念动真言，摇身一变，变得和水老鼠一模一样！[0;39;49m
2024-07-22 15:17:31 [2;37;0m[0;39;49m
2024-07-22 15:17:34 [1;33m方寸李修缘手捻口诀，念动真言，摇身一变，变得和鹿怪一模一样！[0;39;49m
2024-07-22 15:17:35 [2;37;0m[36m慧小轻轻地拍拍千里眼的头。[0;39;49m
2024-07-22 15:17:36 [2;37;0m[36m波力轻轻地拍拍千里眼的头。[0;39;49m
2024-07-22 15:17:36 [2;37;0m[1;33m团团转手捻口诀，念动真言，摇身一变，变得和古怪刁钻一模一样！[0;39;49m
2024-07-22 15:17:36 [2;37;0m刁钻古怪看了古怪刁钻一眼。[0;39;49m
2024-07-22 15:17:36 刁钻古怪说：古怪刁钻今天糊涂了也，兄弟我一脚就把你踢进洞里。[0;39;49m
2024-07-22 15:17:36 说着刁钻古怪飞起一脚，古怪刁钻顺势往上一跃。[0;39;49m
2024-07-22 15:17:37 [1;36m【闲聊】雨天高举右拳，咬牙切齿地高呼：“打倒某某某！”[2;37;0m[30m .[2;37;0m[0;39;49m
2024-07-22 15:17:37 [2;37;0m[1;36m【闲聊】雨天(Aaronu)：很显然，fork技能并不在你做法宝兵器unarmed列表中[0;39;49m
2024-07-22 15:17:38 [2;37;0m[0;39;49m
2024-07-22 15:17:39 [0;32;49mSEND: [4;32;49mjq[0;39;49m
2024-07-22 15:17:39 [256D[K什么？[0;39;49m
2024-07-22 15:17:39 > ([22;35;49mjq[22;39;49m)([22;33;49mEMPTY[22;39;49m)[0;39;49m
2024-07-22 15:17:39 [0;39;49m
2024-07-22 15:17:39 [1;33m虚普手捻口诀，念动真言，摇身一变，变得和水老鼠一模一样！[0;39;49m
2024-07-22 15:17:39 [2;37;0m[36m星辰轻轻地拍拍千里眼的头。[0;39;49m
2024-07-22 15:17:40 [2;37;0m[0;39;49m
2024-07-22 15:17:42 [1;33m帝释手捻口诀，念动真言，摇身一变，变得和水老鼠一模一样！[0;39;49m
2024-07-22 15:17:42 [2;37;0m[1;36m【闲聊】泡泡龙高举右拳，咬牙切齿地高呼：“打倒某某某！”[2;37;0m[30m .[2;37;0m[0;39;49m
2024-07-22 15:17:43 [2;37;0m[1;36m【闲聊】泡泡龙(Paopaol)：很显然，blade技能并不在你做法宝兵器sword列表中[0;39;49m
2024-07-22 15:17:43 [2;37;0m[0;39;49m
2024-07-22 15:17:43 [0;32;49mSEND: [4;32;49mhelp[0;39;49m
2024-07-22 15:17:43 [1;33m方寸李修缘手捻口诀，念动真言，摇身一变，变得和古怪刁钻一模一样！[0;39;49m
2024-07-22 15:17:43 [2;37;0m刁钻古怪看了古怪刁钻一眼。[0;39;49m
2024-07-22 15:17:43 刁钻古怪说：古怪刁钻今天糊涂了也，兄弟我一脚就把你踢进洞里。[0;39;49m
2024-07-22 15:17:43 说着刁钻古怪飞起一脚，古怪刁钻顺势往上一跃。[0;39;49m
2024-07-22 15:17:43 网络游戏『西游记』取材于中国古典小说『西游记』，由『西游记』巫[0;39;49m
2024-07-22 15:17:43 师在其上共同开发而成。它现在拥有以长安城为中心的广大地区，上有[0;39;49m
2024-07-22 15:17:43 天宫下有地狱东有仙境西有各国共建有数十个国家区域，为至今最大的[0;39;49m
2024-07-22 15:17:43 中文ＭＵＤ。[0;39;49m
2024-07-22 15:17:43 [0;39;49m
2024-07-22 15:17:43 以下是说明文件几个主要的部份，你可以用[0;39;49m
2024-07-22 15:17:43 [0;39;49m
2024-07-22 15:17:43 help <主题>[0;39;49m
2024-07-22 15:17:43 [0;39;49m
2024-07-22 15:17:43 得到更进一步的说明。[0;39;49m
2024-07-22 15:17:43 [0;39;49m
2024-07-22 15:17:43 〖help about  〗  版权声明      〖help theme  〗  西游故事[0;39;49m
2024-07-22 15:17:43 〖help cmds   〗  常用指令      〖help rules  〗  游戏规则[0;39;49m
2024-07-22 15:17:43 〖help maps   〗  游戏地图      〖help start  〗  游戏帮助[0;39;49m
2024-07-22 15:17:43 〖help menpai 〗  门派介绍      〖help special〗  西游记中特别有用的。[0;39;49m
2024-07-22 15:17:43 [0;39;49m
2024-07-22 15:17:43 〖help wuzhuangyuan〗 武状元        〖help pknk   〗 ＰＫ和ＮＫ[0;39;49m
2024-07-22 15:17:43 〖help pantaohui   〗 蟠桃会        〖help qujing 〗 取经[0;39;49m
2024-07-22 15:17:43 〖help zhangmen    〗 门派掌门      〖help jiemi  〗 解谜[0;39;49m
2024-07-22 15:17:43 〖help shuiludahui 〗 水陆大会      〖help shoucheng  〗 长留守城[0;39;49m
2024-07-22 15:17:43 [0;39;49m
2024-07-22 15:17:43 〖helpthu〗 清华西游记最新更新[0;39;49m
2024-07-22 15:17:43 [0;39;49m
2024-07-22 15:17:43 〖西游记〗 2/98[0;39;49m
2024-07-22 15:17:43 > ([22;35;49mhelp[22;39;49m)([22;33;49mEMPTY[22;39;49m)[0;39;49m
2024-07-22 15:17:44 [0;39;49m
2024-07-22 15:17:44 [36m星辰轻轻地拍拍千里眼的头。[0;39;49m
2024-07-22 15:17:45 [2;37;0m小北冥向店小二买下一只黄粱枕。[0;39;49m
2024-07-22 15:17:46 [1;36m【闲聊】李修缘高举右拳，咬牙切齿地高呼：“打倒某某某！”[2;37;0m[30m .[2;37;0m[0;39;49m
2024-07-22 15:17:46 [2;37;0m[1;36m【闲聊】李修缘(Lxya)：很显然，unarmed技能并不在你做法宝兵器列表中[0;39;49m
2024-07-22 15:17:46 [2;37;0m[1;33m流水龙宫手捻口诀，念动真言，摇身一变，变得和鹿怪一模一样！[0;39;49m
2024-07-22 15:17:47 [2;37;0m[0;39;49m
2024-07-22 15:17:48 昕昕将黑熊童扶了起来背在背上。[0;39;49m
2024-07-22 15:17:48 几个金刚把黑熊童押了下去。[0;39;49m
2024-07-22 15:17:48 [0;39;49m
2024-07-22 15:17:48 [1;33m雨天手捻口诀，念动真言，摇身一变，变得和古怪刁钻一模一样！[0;39;49m
2024-07-22 15:17:48 [2;37;0m刁钻古怪看了古怪刁钻一眼。[0;39;49m
2024-07-22 15:17:48 刁钻古怪说：古怪刁钻今天糊涂了也，兄弟我一脚就把你踢进洞里。[0;39;49m
2024-07-22 15:17:48 说着刁钻古怪飞起一脚，古怪刁钻顺势往上一跃。[0;39;49m
2024-07-22 15:17:49 [1;33m风雨任平生陆手捻口诀，念动真言，摇身一变，变得和水老鼠一模一样！[0;39;49m
2024-07-22 15:17:50 [2;37;0m剑中神经向店小二买下一只黄粱枕。[0;39;49m
2024-07-22 15:17:50 [1;33m柚子十二手捻口诀，念动真言，摇身一变，变得和水老鼠一模一样！[0;39;49m
2024-07-22 15:17:50 [2;37;0m剑中神经向店小二买下一只黄粱枕。[0;39;49m
2024-07-22 15:17:50 剑中神经向店小二买下一只黄粱枕。[0;39;49m
2024-07-22 15:17:50 [1;33m菲菲肥肥手捻口诀，念动真言，摇身一变，变得和鹿怪一模一样！[0;39;49m
2024-07-22 15:17:50 [2;37;0m[1;33m大咪咪手捻口诀，念动真言，摇身一变，变得和水老鼠一模一样！[0;39;49m
2024-07-22 15:17:51 [2;37;0m[0;39;49m
2024-07-22 15:17:51 [1;33m疾风手捻口诀，念动真言，摇身一变，变得和水老鼠一模一样！[0;39;49m
2024-07-22 15:17:52 [2;37;0m[0;39;49m
2024-07-22 15:17:53 布雷龙将火风獒扶了起来背在背上。[0;39;49m
2024-07-22 15:17:53 几个金刚把火风獒押了下去。[0;39;49m
2024-07-22 15:17:53 [0;39;49m
2024-07-22 15:17:53 [1;33m古三手捻口诀，念动真言，摇身一变，变得和鹿怪一模一样！[0;39;49m
2024-07-22 15:17:54 [2;37;0m几个金刚把多足蓝猴押了下去。[0;39;49m
2024-07-22 15:17:54 [0;39;49m
2024-07-22 15:17:55 西楚霸王将棕土二鬼扶了起来背在背上。[0;39;49m
2024-07-22 15:17:55 几个金刚把棕土二鬼押了下去。[0;39;49m
2024-07-22 15:17:55 [0;39;49m
2024-07-22 15:17:56 [36m雄霸轻轻地拍拍千里眼的头。[0;39;49m
2024-07-22 15:17:56 [2;37;0m[1;33m天帝尊手捻口诀，念动真言，摇身一变，变得和水老鼠一模一样！[0;39;49m
2024-07-22 15:17:56 [2;37;0m[1;36m【闲聊】百姓看起来一脸痴呆的样子。[2;37;0m[30m .[2;37;0m[0;39;49m
2024-07-22 15:17:57 [2;37;0m[1;36m【闲聊】百姓(Bai)：悟性不够40，暂不学习[0;39;49m
2024-07-22 15:17:57 [2;37;0m[36m大管家惊奇的哇了一声！[0;39;49m
2024-07-22 15:17:58 [2;37;0m[0;39;49m
2024-07-22 15:17:58 [36m小梅山轻轻地拍拍千里眼的头。[0;39;49m
2024-07-22 15:17:59 [2;37;0m[36m娟娟轻轻地拍拍千里眼的头。[0;39;49m
2024-07-22 15:17:59 [2;37;0m[1;36m【闲聊】花花世界(Bra)：-->这号为北冥号，现在提供唤醒服务，位置+#14 e或fly kaifeng+e，，格式tell bra 唤醒，直接来面前吃就行[0;39;49m
2024-07-22 15:17:59 [2;37;0m[1;36m【闲聊】花花世界(Bra)：当前身上还有三生石11颗，已送出807颗。身上有人参果370个，仓库有39313个，提供人参果、三生石和唤醒。格式tell bra 三生石/人参果，位置 +#14 e或fly kaifeng+e，[0;39;49m
2024-07-22 15:17:59 [2;37;0m[1;33m如月手捻口诀，念动真言，摇身一变，变得和水老鼠一模一样！[0;39;49m
2024-07-22 15:17:59 [2;37;0m[1;33m风雨任凭升手捻口诀，念动真言，摇身一变，变得和古怪刁钻一模一样！[0;39;49m
2024-07-22 15:18:00 [2;37;0m刁钻古怪看了古怪刁钻一眼。[0;39;49m
2024-07-22 15:18:00 刁钻古怪说：古怪刁钻今天糊涂了也，兄弟我一脚就把你踢进洞里。[0;39;49m
2024-07-22 15:18:00 说着刁钻古怪飞起一脚，古怪刁钻顺势往上一跃。[0;39;49m
2024-07-22 15:18:02 [1;33m鱼鱼手捻口诀，念动真言，摇身一变，变得和鹿怪一模一样！[0;39;49m
2024-07-22 15:18:03 [2;37;0m[36m拜金女轻轻地拍拍千里眼的头。[0;39;49m
2024-07-22 15:18:03 [2;37;0m[1;33m五庄观木头手捻口诀，念动真言，摇身一变，变得和水老鼠一模一样！[0;39;49m
2024-07-22 15:18:04 [2;37;0m[36m绿茶妹轻轻地拍拍千里眼的头。[0;39;49m
2024-07-22 15:18:05 [2;37;0m[0;39;49m
2024-07-22 15:18:05 [1;33m瑞士莲手捻口诀，念动真言，摇身一变，变得和水老鼠一模一样！[0;39;49m
2024-07-22 15:18:06 [2;37;0m[0;39;49m
2024-07-22 15:18:07 [36m小妹儿轻轻地拍拍千里眼的头。[0;39;49m
2024-07-22 15:18:07 [2;37;0m墨菲向店小二买下一只黄粱枕。[0;39;49m
2024-07-22 15:18:07 [36m小方寸轻轻地拍拍千里眼的头。[0;39;49m
2024-07-22 15:18:07 [2;37;0m[1;33m龙狼之将军府手捻口诀，念动真言，摇身一变，变得和鹿怪一模一样！[0;39;49m
2024-07-22 15:18:08 [2;37;0m[36m李英琼轻轻地拍拍千里眼的头。[0;39;49m
2024-07-22 15:18:09 [2;37;0m[0;39;49m
2024-07-22 15:18:10 [0;32;49mSEND: [4;32;49mmap[0;39;49m
2024-07-22 15:18:10 [0;39;49m
2024-07-22 15:18:10 [1A[256D[K〖长安城〗[0;39;49m
2024-07-22 15:18:10                 [0;39;49m
2024-07-22 15:18:10 [0;39;49m
2024-07-22 15:18:10                              ≌≌≌≌≌≌[0;39;49m
2024-07-22 15:18:10                              ≌大唐皇宫≌[0;39;49m
2024-07-22 15:18:10                              ≌≌≌≌≌≌[0;39;49m
2024-07-22 15:18:10                                   ｜[0;39;49m
2024-07-22 15:18:10                          天监台－玄武－国子监[0;39;49m
2024-07-22 15:18:10                                   ｜[0;39;49m
2024-07-22 15:18:10          袁氏草堂 喜福会 三联书店 ｜ 长安武馆 清虚观  城隍庙[0;39;49m
2024-07-22 15:18:10             ｜      ｜    ｜      ｜      ｜    ｜      ｜[0;39;49m
2024-07-22 15:18:10      西门－白虎－－白虎－白虎－十字街头－青龙－青龙－－青龙－东门[0;39;49m
2024-07-22 15:18:10             ｜      ｜    ｜      ｜      ｜    ｜      ｜[0;39;49m
2024-07-22 15:18:10              ＼   化生寺 相记钱庄 ｜ 兵器铺子 将军府   ／[0;39;49m
2024-07-22 15:18:10                西                 ｜                 东[0;39;49m
2024-07-22 15:18:10                  ＼    董记当铺－朱雀－[1;31m南城客栈[2;37;0m    ／[0;39;49m
2024-07-22 15:18:10                    城             ｜             城[0;39;49m
2024-07-22 15:18:10                     ｜ 长安乐府－朱雀－回春药铺 ｜[0;39;49m
2024-07-22 15:18:10                     ｜            ｜            ｜[0;39;49m
2024-07-22 15:18:10                     ｜   毛货铺－朱雀－鞋帽店   ｜[0;39;49m
2024-07-22 15:18:10                     ｜            ｜            ｜[0;39;49m
2024-07-22 15:18:10                      －－－－－＊朱雀＊－－－－－[0;39;49m
2024-07-22 15:18:10                                   ｜[0;39;49m
2024-07-22 15:18:10                                 南城口[0;39;49m
2024-07-22 15:18:10 [0;39;49m
2024-07-22 15:18:10 [2;37;0m[37m== 未完继续 [1;33m62%[2;37;0m[37m == (ENTER 继续下一页，q 离开，b 前一页)[2;37;0m[0;39;49m
2024-07-22 15:18:10 [0;32;49mSEND: [4;32;49m[0;39;49m
2024-07-22 15:18:10 [0;32;49mSEND: [4;32;49mlocaltime[0;39;49m
2024-07-22 15:18:10 [0;39;49m
2024-07-22 15:18:10 [1A[256D[K   〖西城区〗                                           〖东城区〗[0;39;49m
2024-07-22 15:18:10                                 [0;39;49m
2024-07-22 15:18:10       ＊白虎＊                                         ＊青龙＊[0;39;49m
2024-07-22 15:18:10          ｜                                               ｜[0;39;49m
2024-07-22 15:18:10 屠宰场-背阴巷－民居                          碑林       望南街－货行[0;39;49m
2024-07-22 15:18:10            ＼                                 ｜        ／[0;39;49m
2024-07-22 15:18:10 密室-三花堂－背阴巷－小酒馆           小雁塔－进士场－望南街[0;39;49m
2024-07-22 15:18:10               ｜      ｜                      ｜      ｜[0;39;49m
2024-07-22 15:18:10 地窖- 民居－背阴巷－背阴巷－粮仓             望南街－望南街   兵马俑坑[0;39;49m
2024-07-22 15:18:10             ｜         ＼         ＊＊       ／          ＼   ／[0;39;49m
2024-07-22 15:18:10            民居 杂货铺－背阴巷－－朱雀－－望南街          曲江池－仙泉[0;39;49m
2024-07-22 15:18:10                          ｜　　   ＊＊       ＼[0;39;49m
2024-07-22 15:18:10                         民居                 官道[0;39;49m
2024-07-22 15:18:10                                               ｜        [0;39;49m
2024-07-22 15:18:10                                             慈恩寺－大雁塔[0;39;49m
2024-07-22 15:18:10 [1m[输入时暂存讯息][0;39;49m
2024-07-22 15:18:10 [2;37;0m[36m七月轻轻地拍拍千里眼的头。[0;39;49m
2024-07-22 15:18:10 [2;37;0m> ([22;35;49mmap[22;39;49m)[0;39;49m
2024-07-22 15:18:10 [0;39;49m
2024-07-22 15:18:10 俺村俺最壮向店小二买下一个桂花酒袋。[0;39;49m
2024-07-22 15:18:10 俺村俺最壮向店小二买下一个桂花酒袋。[0;39;49m
2024-07-22 15:18:10 俺村俺最壮向店小二买下一个桂花酒袋。[0;39;49m
2024-07-22 15:18:10 现在时间 Mon Jul 22 15:18:11 CST 2024[0;39;49m
2024-07-22 15:18:10 > ([22;35;49mlocaltime[22;39;49m)([22;33;49mEMPTY[22;39;49m)[0;39;49m
2024-07-22 15:18:11 [0;39;49m
2024-07-22 15:18:11 俺村俺最壮向店小二买下一个桂花酒袋。[0;39;49m
2024-07-22 15:18:11 俺村俺最壮向店小二买下一个桂花酒袋。[0;39;49m
2024-07-22 15:18:11 俺村俺最壮向店小二买下一个桂花酒袋。[0;39;49m
2024-07-22 15:18:11 [36m梦蝶轻轻地拍拍千里眼的头。[0;39;49m
2024-07-22 15:18:11 [2;37;0m[0;39;49m
2024-07-22 15:18:12 [1;33m焱手捻口诀，念动真言，摇身一变，变得和鹿怪一模一样！[0;39;49m
2024-07-22 15:18:12 [2;37;0m[1;36m【闲聊】大威天龙高举右拳，咬牙切齿地高呼：“打倒某某某！”[2;37;0m[30m .[2;37;0m[0;39;49m
2024-07-22 15:18:12 [2;37;0m[1;36m【闲聊】大威天龙(Dwtl)：很显然，unarmed技能并不在你做法宝兵器stick|hammer列表中[0;39;49m
2024-07-22 15:18:13 [2;37;0m[36m大咪咪轻轻地拍拍千里眼的头。[0;39;49m
2024-07-22 15:18:14 [2;37;0m[0;39;49m
